#
# There is insufficient memory for the Java Runtime Environment to continue.
# Native memory allocation (malloc) failed to allocate 268435456 bytes for committing reserved memory.
# Possible reasons:
#   The system is out of physical RAM or swap space
#   In 32 bit mode, the process size limit was hit
# Possible solutions:
#   Reduce memory load on the system
#   Increase physical memory or swap space
#   Check if swap backing store is full
#   Use 64 bit Java on a 64 bit OS
#   Decrease Java heap size (-Xmx/-Xms)
#   Decrease number of Java threads
#   Decrease Java thread stack sizes (-Xss)
#   Set larger code cache with -XX:ReservedCodeCacheSize=
# This output file may be truncated or incomplete.
#
#  Out of Memory Error (os_linux.cpp:2798), pid=31025, tid=139777756067584
#
# JRE version: OpenJDK Runtime Environment (7.0_71-b14) (build 1.7.0_71-b14)
# Java VM: OpenJDK 64-Bit Server VM (24.65-b04 mixed mode linux-amd64 compressed oops)
# Derivative: IcedTea 2.5.3
# Distribution: Custom build (Wed Oct 15 08:00:29 UTC 2014)
# Failed to write core dump. Core dumps have been disabled. To enable core dumping, try "ulimit -c unlimited" before starting Java again
#

---------------  T H R E A D  ---------------

Current thread (0x00007f2098074800):  VMThread [stack: 0x00007f208b6f7000,0x00007f208b7f8000] [id=31036]

Stack: [0x00007f208b6f7000,0x00007f208b7f8000],  sp=0x00007f208b7f64e0,  free space=1021k
Native frames: (J=compiled Java code, j=interpreted, Vv=VM code, C=native code)
V  [libjvm.so+0x97b746]
V  [libjvm.so+0x48c582]
V  [libjvm.so+0x7ef6bb]
V  [libjvm.so+0x7e9e3e]
V  [libjvm.so+0x85bb9b]
V  [libjvm.so+0x85ca53]
V  [libjvm.so+0x85d16b]
V  [libjvm.so+0x858b79]
V  [libjvm.so+0x859358]
V  [libjvm.so+0x811223]
V  [libjvm.so+0x97d012]
V  [libjvm.so+0x981887]
V  [libjvm.so+0x97fe7b]
V  [libjvm.so+0x980526]
V  [libjvm.so+0x9809f1]
V  [libjvm.so+0x7ec3c2]

VM_Operation (0x00007f2089695da0): ParallelGCFailedAllocation, mode: safepoint, requested by thread 0x00007f2098c34800


---------------  P R O C E S S  ---------------

Java Threads: ( => current thread )
  0x00007f204400a800 JavaThread "nREPL-worker-0" daemon [_thread_blocked, id=31056, stack(0x00007f2088f91000,0x00007f2089092000)]
  0x00007f203c001000 JavaThread "clojure-agent-send-off-pool-6" [_thread_in_native, id=31054, stack(0x00007f2089092000,0x00007f2089193000)]
  0x00007f2044003000 JavaThread "clojure-agent-send-off-pool-5" [_thread_in_native, id=31053, stack(0x00007f2089193000,0x00007f2089294000)]
  0x00007f2044001000 JavaThread "clojure-agent-send-off-pool-4" [_thread_blocked, id=31052, stack(0x00007f2089294000,0x00007f2089395000)]
  0x00007f2098c43000 JavaThread "clojure-agent-send-off-pool-3" [_thread_in_native, id=31050, stack(0x00007f2089395000,0x00007f2089496000)]
  0x00007f2098c40000 JavaThread "clojure-agent-send-off-pool-2" [_thread_blocked, id=31047, stack(0x00007f2089496000,0x00007f2089597000)]
  0x00007f2098c34800 JavaThread "clojure-agent-send-off-pool-1" [_thread_blocked, id=31046, stack(0x00007f2089597000,0x00007f2089698000)]
  0x00007f2098c31000 JavaThread "clojure-agent-send-off-pool-0" [_thread_blocked, id=31045, stack(0x00007f2089698000,0x00007f2089799000)]
  0x00007f20980b1800 JavaThread "Service Thread" daemon [_thread_blocked, id=31043, stack(0x00007f208ae67000,0x00007f208af68000)]
  0x00007f20980af000 JavaThread "C1 CompilerThread2" daemon [_thread_blocked, id=31042, stack(0x00007f208af68000,0x00007f208b069000)]
  0x00007f20980ad000 JavaThread "C2 CompilerThread1" daemon [_thread_blocked, id=31041, stack(0x00007f208b069000,0x00007f208b16a000)]
  0x00007f20980aa000 JavaThread "C2 CompilerThread0" daemon [_thread_blocked, id=31040, stack(0x00007f208b16a000,0x00007f208b26b000)]
  0x00007f20980a8000 JavaThread "Signal Dispatcher" daemon [_thread_blocked, id=31039, stack(0x00007f208b26b000,0x00007f208b36c000)]
  0x00007f209807a800 JavaThread "Finalizer" daemon [_thread_blocked, id=31038, stack(0x00007f208b4f5000,0x00007f208b5f6000)]
  0x00007f2098078800 JavaThread "Reference Handler" daemon [_thread_blocked, id=31037, stack(0x00007f208b5f6000,0x00007f208b6f7000)]
  0x00007f2098009000 JavaThread "main" [_thread_blocked, id=31031, stack(0x00007f209e8aa000,0x00007f209e9ab000)]

Other Threads:
=>0x00007f2098074800 VMThread [stack: 0x00007f208b6f7000,0x00007f208b7f8000] [id=31036]
  0x00007f20980bc800 WatcherThread [stack: 0x00007f208ad66000,0x00007f208ae67000] [id=31044]

VM state:at safepoint (normal execution)

VM Mutex/Monitor currently owned by a thread:  ([mutex/lock_event])
[0x00007f2098006da0] Threads_lock - owner thread: 0x00007f2098074800
[0x00007f20980072a0] Heap_lock - owner thread: 0x00007f2098c34800

Heap
 PSYoungGen      total 269824K, used 7280K [0x00000007d6600000, 0x00000007e7600000, 0x0000000800000000)
  eden space 261632K, 0% used [0x00000007d6600000,0x00000007d6600000,0x00000007e6580000)
  from space 8192K, 88% used [0x00000007e6580000,0x00000007e6c9c010,0x00000007e6d80000)
  to   space 7680K, 0% used [0x00000007e6d80000,0x00000007e6d80000,0x00000007e7500000)
 ParOldGen       total 84992K, used 6468K [0x0000000783200000, 0x0000000788500000, 0x00000007d6600000)
  object space 84992K, 7% used [0x0000000783200000,0x00000007838513b0,0x0000000788500000)
 PSPermGen       total 21504K, used 17397K [0x0000000778c00000, 0x000000077a100000, 0x0000000783200000)
  object space 21504K, 80% used [0x0000000778c00000,0x0000000779cfd770,0x000000077a100000)

Card table byte_map: [0x00007f2091403000,0x00007f209183e000] byte_map_base: 0x00007f208d83d000

Polling page: 0x00007f209e9ea000

Code Cache  [0x00007f20919be000, 0x00007f2091e3e000, 0x00007f20979be000)
 total_blobs=2149 nmethods=1849 adapters=234 free_code_cache=93755Kb largest_free_block=96004608

Compilation events (10 events):
Event: 2.842 Thread 0x00007f20980af000 1849       1       clojure.lang.PersistentArrayMap$Iter::hasNext (20 bytes)
Event: 2.843 Thread 0x00007f20980af000 nmethod 1849 0x00007f2091e2cfd0 code [0x00007f2091e2d120, 0x00007f2091e2d290]
Event: 2.851 Thread 0x00007f20980af000 1850   !   1       java.lang.Class::newInstance (149 bytes)
Event: 2.852 Thread 0x00007f20980af000 nmethod 1850 0x00007f2091e2d310 code [0x00007f2091e2d580, 0x00007f2091e2ddf8]
Event: 2.852 Thread 0x00007f20980af000 1851       1       java.lang.Integer::toString (8 bytes)
Event: 2.852 Thread 0x00007f20980af000 nmethod 1851 0x00007f2091e2e390 code [0x00007f2091e2e4e0, 0x00007f2091e2e648]
Event: 2.852 Thread 0x00007f20980af000 1852       1       java.lang.Integer::toString (48 bytes)
Event: 2.852 Thread 0x00007f20980af000 nmethod 1852 0x00007f2091e2e6d0 code [0x00007f2091e2e860, 0x00007f2091e2eb88]
Event: 2.856 Thread 0x00007f20980af000 1853       1       clojure.core$keyword::invoke (110 bytes)
Event: 2.856 Thread 0x00007f20980af000 nmethod 1853 0x00007f2091e2edd0 code [0x00007f2091e2efa0, 0x00007f2091e2f3d8]

GC Heap History (10 events):
Event: 1.490 GC heap after
Heap after GC invocations=2 (full 0):
 PSYoungGen      total 70656K, used 4723K [0x00000007d6600000, 0x00000007db000000, 0x0000000800000000)
  eden space 65536K, 0% used [0x00000007d6600000,0x00000007d6600000,0x00000007da600000)
  from space 5120K, 92% used [0x00000007dab00000,0x00000007daf9cd60,0x00000007db000000)
  to   space 5120K, 0% used [0x00000007da600000,0x00000007da600000,0x00000007dab00000)
 ParOldGen       total 84992K, used 56K [0x0000000783200000, 0x0000000788500000, 0x00000007d6600000)
  object space 84992K, 0% used [0x0000000783200000,0x000000078320e348,0x0000000788500000)
 PSPermGen       total 21504K, used 12662K [0x0000000778c00000, 0x000000077a100000, 0x0000000783200000)
  object space 21504K, 58% used [0x0000000778c00000,0x000000077985d9b0,0x000000077a100000)
}
Event: 2.105 GC heap before
{Heap before GC invocations=3 (full 0):
 PSYoungGen      total 70656K, used 70259K [0x00000007d6600000, 0x00000007db000000, 0x0000000800000000)
  eden space 65536K, 100% used [0x00000007d6600000,0x00000007da600000,0x00000007da600000)
  from space 5120K, 92% used [0x00000007dab00000,0x00000007daf9cd60,0x00000007db000000)
  to   space 5120K, 0% used [0x00000007da600000,0x00000007da600000,0x00000007dab00000)
 ParOldGen       total 84992K, used 56K [0x0000000783200000, 0x0000000788500000, 0x00000007d6600000)
  object space 84992K, 0% used [0x0000000783200000,0x000000078320e348,0x0000000788500000)
 PSPermGen       total 21504K, used 14609K [0x0000000778c00000, 0x000000077a100000, 0x0000000783200000)
  object space 21504K, 67% used [0x0000000778c00000,0x0000000779a44620,0x000000077a100000)
Event: 2.121 GC heap after
Heap after GC invocations=3 (full 0):
 PSYoungGen      total 70656K, used 5107K [0x00000007d6600000, 0x00000007df000000, 0x0000000800000000)
  eden space 65536K, 0% used [0x00000007d6600000,0x00000007d6600000,0x00000007da600000)
  from space 5120K, 99% used [0x00000007da600000,0x00000007daafce00,0x00000007dab00000)
  to   space 5120K, 0% used [0x00000007deb00000,0x00000007deb00000,0x00000007df000000)
 ParOldGen       total 84992K, used 178K [0x0000000783200000, 0x0000000788500000, 0x00000007d6600000)
  object space 84992K, 0% used [0x0000000783200000,0x000000078322c9e8,0x0000000788500000)
 PSPermGen       total 21504K, used 14609K [0x0000000778c00000, 0x000000077a100000, 0x0000000783200000)
  object space 21504K, 67% used [0x0000000778c00000,0x0000000779a44620,0x000000077a100000)
}
Event: 2.531 GC heap before
{Heap before GC invocations=4 (full 0):
 PSYoungGen      total 70656K, used 70643K [0x00000007d6600000, 0x00000007df000000, 0x0000000800000000)
  eden space 65536K, 100% used [0x00000007d6600000,0x00000007da600000,0x00000007da600000)
  from space 5120K, 99% used [0x00000007da600000,0x00000007daafce00,0x00000007dab00000)
  to   space 5120K, 0% used [0x00000007deb00000,0x00000007deb00000,0x00000007df000000)
 ParOldGen       total 84992K, used 178K [0x0000000783200000, 0x0000000788500000, 0x00000007d6600000)
  object space 84992K, 0% used [0x0000000783200000,0x000000078322c9e8,0x0000000788500000)
 PSPermGen       total 21504K, used 16902K [0x0000000778c00000, 0x000000077a100000, 0x0000000783200000)
  object space 21504K, 78% used [0x0000000778c00000,0x0000000779c81880,0x000000077a100000)
Event: 2.548 GC heap after
Heap after GC invocations=4 (full 0):
 PSYoungGen      total 136192K, used 5107K [0x00000007d6600000, 0x00000007df000000, 0x0000000800000000)
  eden space 131072K, 0% used [0x00000007d6600000,0x00000007d6600000,0x00000007de600000)
  from space 5120K, 99% used [0x00000007deb00000,0x00000007deffce00,0x00000007df000000)
  to   space 5120K, 0% used [0x00000007de600000,0x00000007de600000,0x00000007deb00000)
 ParOldGen       total 84992K, used 1657K [0x0000000783200000, 0x0000000788500000, 0x00000007d6600000)
  object space 84992K, 1% used [0x0000000783200000,0x000000078339e500,0x0000000788500000)
 PSPermGen       total 21504K, used 16902K [0x0000000778c00000, 0x000000077a100000, 0x0000000783200000)
  object space 21504K, 78% used [0x0000000778c00000,0x0000000779c81880,0x000000077a100000)
}
Event: 2.707 GC heap before
{Heap before GC invocations=5 (full 0):
 PSYoungGen      total 136192K, used 136179K [0x00000007d6600000, 0x00000007df000000, 0x0000000800000000)
  eden space 131072K, 100% used [0x00000007d6600000,0x00000007de600000,0x00000007de600000)
  from space 5120K, 99% used [0x00000007deb00000,0x00000007deffce00,0x00000007df000000)
  to   space 5120K, 0% used [0x00000007de600000,0x00000007de600000,0x00000007deb00000)
 ParOldGen       total 84992K, used 1657K [0x0000000783200000, 0x0000000788500000, 0x00000007d6600000)
  object space 84992K, 1% used [0x0000000783200000,0x000000078339e500,0x0000000788500000)
 PSPermGen       total 21504K, used 17256K [0x0000000778c00000, 0x000000077a100000, 0x0000000783200000)
  object space 21504K, 80% used [0x0000000778c00000,0x0000000779cda388,0x000000077a100000)
Event: 2.723 GC heap after
Heap after GC invocations=5 (full 0):
 PSYoungGen      total 136192K, used 5091K [0x00000007d6600000, 0x00000007e7500000, 0x0000000800000000)
  eden space 131072K, 0% used [0x00000007d6600000,0x00000007d6600000,0x00000007de600000)
  from space 5120K, 99% used [0x00000007de600000,0x00000007deaf8df0,0x00000007deb00000)
  to   space 7680K, 0% used [0x00000007e6d80000,0x00000007e6d80000,0x00000007e7500000)
 ParOldGen       total 84992K, used 3826K [0x0000000783200000, 0x0000000788500000, 0x00000007d6600000)
  object space 84992K, 4% used [0x0000000783200000,0x00000007835bc9a0,0x0000000788500000)
 PSPermGen       total 21504K, used 17256K [0x0000000778c00000, 0x000000077a100000, 0x0000000783200000)
  object space 21504K, 80% used [0x0000000778c00000,0x0000000779cda388,0x000000077a100000)
}
Event: 2.825 GC heap before
{Heap before GC invocations=6 (full 0):
 PSYoungGen      total 136192K, used 136163K [0x00000007d6600000, 0x00000007e7500000, 0x0000000800000000)
  eden space 131072K, 100% used [0x00000007d6600000,0x00000007de600000,0x00000007de600000)
  from space 5120K, 99% used [0x00000007de600000,0x00000007deaf8df0,0x00000007deb00000)
  to   space 7680K, 0% used [0x00000007e6d80000,0x00000007e6d80000,0x00000007e7500000)
 ParOldGen       total 84992K, used 3826K [0x0000000783200000, 0x0000000788500000, 0x00000007d6600000)
  object space 84992K, 4% used [0x0000000783200000,0x00000007835bc9a0,0x0000000788500000)
 PSPermGen       total 21504K, used 17374K [0x0000000778c00000, 0x000000077a100000, 0x0000000783200000)
  object space 21504K, 80% used [0x0000000778c00000,0x0000000779cf78f0,0x000000077a100000)
Event: 2.841 GC heap after
Heap after GC invocations=6 (full 0):
 PSYoungGen      total 269312K, used 7065K [0x00000007d6600000, 0x00000007e7600000, 0x0000000800000000)
  eden space 261632K, 0% used [0x00000007d6600000,0x00000007d6600000,0x00000007e6580000)
  from space 7680K, 91% used [0x00000007e6d80000,0x00000007e74664f8,0x00000007e7500000)
  to   space 8192K, 0% used [0x00000007e6580000,0x00000007e6580000,0x00000007e6d80000)
 ParOldGen       total 84992K, used 3826K [0x0000000783200000, 0x0000000788500000, 0x00000007d6600000)
  object space 84992K, 4% used [0x0000000783200000,0x00000007835bc9a0,0x0000000788500000)
 PSPermGen       total 21504K, used 17374K [0x0000000778c00000, 0x000000077a100000, 0x0000000783200000)
  object space 21504K, 80% used [0x0000000778c00000,0x0000000779cf78f0,0x000000077a100000)
}
Event: 3.132 GC heap before
{Heap before GC invocations=7 (full 0):
 PSYoungGen      total 269312K, used 268697K [0x00000007d6600000, 0x00000007e7600000, 0x0000000800000000)
  eden space 261632K, 100% used [0x00000007d6600000,0x00000007e6580000,0x00000007e6580000)
  from space 7680K, 91% used [0x00000007e6d80000,0x00000007e74664f8,0x00000007e7500000)
  to   space 8192K, 0% used [0x00000007e6580000,0x00000007e6580000,0x00000007e6d80000)
 ParOldGen       total 84992K, used 3826K [0x0000000783200000, 0x0000000788500000, 0x00000007d6600000)
  object space 84992K, 4% used [0x0000000783200000,0x00000007835bc9a0,0x0000000788500000)
 PSPermGen       total 21504K, used 17397K [0x0000000778c00000, 0x000000077a100000, 0x0000000783200000)
  object space 21504K, 80% used [0x0000000778c00000,0x0000000779cfd770,0x000000077a100000)

Deoptimization events (0 events):
No events

Internal exceptions (10 events):
Event: 2.792 Thread 0x00007f204400a800 Threw 0x00000007dbe61108 at /build/java7-openjdk/src/icedtea-2.5.3/openjdk/hotspot/src/share/vm/prims/jvm.cpp:1284
Event: 2.792 Thread 0x00007f204400a800 Threw 0x00000007dbe617b0 at /build/java7-openjdk/src/icedtea-2.5.3/openjdk/hotspot/src/share/vm/prims/jvm.cpp:1284
Event: 2.792 Thread 0x00007f204400a800 Threw 0x00000007dbe61d58 at /build/java7-openjdk/src/icedtea-2.5.3/openjdk/hotspot/src/share/vm/prims/jvm.cpp:1284
Event: 2.792 Thread 0x00007f204400a800 Threw 0x00000007dbe62200 at /build/java7-openjdk/src/icedtea-2.5.3/openjdk/hotspot/src/share/vm/prims/jvm.cpp:1284
Event: 2.792 Thread 0x00007f204400a800 Threw 0x00000007dbe626a8 at /build/java7-openjdk/src/icedtea-2.5.3/openjdk/hotspot/src/share/vm/prims/jvm.cpp:1284
Event: 2.792 Thread 0x00007f204400a800 Threw 0x00000007dbe62b50 at /build/java7-openjdk/src/icedtea-2.5.3/openjdk/hotspot/src/share/vm/prims/jvm.cpp:1284
Event: 2.792 Thread 0x00007f204400a800 Threw 0x00000007dbe62ff8 at /build/java7-openjdk/src/icedtea-2.5.3/openjdk/hotspot/src/share/vm/prims/jvm.cpp:1284
Event: 2.792 Thread 0x00007f204400a800 Threw 0x00000007dbe634a0 at /build/java7-openjdk/src/icedtea-2.5.3/openjdk/hotspot/src/share/vm/prims/jvm.cpp:1284
Event: 2.792 Thread 0x00007f204400a800 Threw 0x00000007dbe63948 at /build/java7-openjdk/src/icedtea-2.5.3/openjdk/hotspot/src/share/vm/prims/jvm.cpp:1284
Event: 2.802 Thread 0x00007f204400a800 Threw 0x00000007dcdb4dd0 at /build/java7-openjdk/src/icedtea-2.5.3/openjdk/hotspot/src/share/vm/prims/jvm.cpp:1284

Events (10 events):
Event: 2.724 Executing VM operation: ParallelGCFailedAllocation done
Event: 2.792 loading class 0x00007f209805eac0
Event: 2.792 loading class 0x00007f209805eac0 done
Event: 2.792 loading class 0x00007f209805eac0
Event: 2.792 loading class 0x00007f209805eac0 done
Event: 2.802 loading class 0x00007f2098dcb780
Event: 2.802 loading class 0x00007f2098dcb780 done
Event: 2.820 Executing VM operation: ParallelGCFailedAllocation
Event: 2.841 Executing VM operation: ParallelGCFailedAllocation done
Event: 3.131 Executing VM operation: ParallelGCFailedAllocation


Dynamic libraries:
00400000-00401000 r-xp 00000000 08:01 1065337                            /usr/lib/jvm/java-7-openjdk/jre/bin/java
00600000-00601000 rw-p 00000000 08:01 1065337                            /usr/lib/jvm/java-7-openjdk/jre/bin/java
01ed7000-01ef8000 rw-p 00000000 00:00 0                                  [heap]
778c00000-77a100000 rw-p 00000000 00:00 0 
77a100000-783200000 rw-p 00000000 00:00 0 
783200000-788500000 rw-p 00000000 00:00 0 
788500000-7d6600000 rw-p 00000000 00:00 0 
7d6600000-7e7600000 rw-p 00000000 00:00 0 
7f7600000-800000000 rw-p 00000000 00:00 0 
7f2028000000-7f20280c4000 rw-p 00000000 00:00 0 
7f20280c4000-7f202c000000 ---p 00000000 00:00 0 
7f2030000000-7f2030021000 rw-p 00000000 00:00 0 
7f2030021000-7f2034000000 ---p 00000000 00:00 0 
7f2034000000-7f2034021000 rw-p 00000000 00:00 0 
7f2034021000-7f2038000000 ---p 00000000 00:00 0 
7f2038000000-7f2038021000 rw-p 00000000 00:00 0 
7f2038021000-7f203c000000 ---p 00000000 00:00 0 
7f203c000000-7f203c021000 rw-p 00000000 00:00 0 
7f203c021000-7f2040000000 ---p 00000000 00:00 0 
7f2040000000-7f2040052000 rw-p 00000000 00:00 0 
7f2040052000-7f2044000000 ---p 00000000 00:00 0 
7f2044000000-7f2044021000 rw-p 00000000 00:00 0 
7f2044021000-7f2048000000 ---p 00000000 00:00 0 
7f2048000000-7f2048021000 rw-p 00000000 00:00 0 
7f2048021000-7f204c000000 ---p 00000000 00:00 0 
7f204c000000-7f204c078000 rw-p 00000000 00:00 0 
7f204c078000-7f2050000000 ---p 00000000 00:00 0 
7f2050000000-7f20503ad000 rw-p 00000000 00:00 0 
7f20503ad000-7f2054000000 ---p 00000000 00:00 0 
7f2054000000-7f2054021000 rw-p 00000000 00:00 0 
7f2054021000-7f2058000000 ---p 00000000 00:00 0 
7f2058000000-7f2058021000 rw-p 00000000 00:00 0 
7f2058021000-7f205c000000 ---p 00000000 00:00 0 
7f205c000000-7f205c021000 rw-p 00000000 00:00 0 
7f205c021000-7f2060000000 ---p 00000000 00:00 0 
7f2060000000-7f2060021000 rw-p 00000000 00:00 0 
7f2060021000-7f2064000000 ---p 00000000 00:00 0 
7f2064000000-7f2064021000 rw-p 00000000 00:00 0 
7f2064021000-7f2068000000 ---p 00000000 00:00 0 
7f2068000000-7f2068021000 rw-p 00000000 00:00 0 
7f2068021000-7f206c000000 ---p 00000000 00:00 0 
7f206c000000-7f206c021000 rw-p 00000000 00:00 0 
7f206c021000-7f2070000000 ---p 00000000 00:00 0 
7f2070000000-7f2070021000 rw-p 00000000 00:00 0 
7f2070021000-7f2074000000 ---p 00000000 00:00 0 
7f2074ac6000-7f2078e66000 rw-p 00000000 00:00 0 
7f207c000000-7f207c021000 rw-p 00000000 00:00 0 
7f207c021000-7f2080000000 ---p 00000000 00:00 0 
7f2084000000-7f2084021000 rw-p 00000000 00:00 0 
7f2084021000-7f2088000000 ---p 00000000 00:00 0 
7f2088f91000-7f2088f94000 ---p 00000000 00:00 0 
7f2088f94000-7f2089092000 rw-p 00000000 00:00 0                          [stack:31056]
7f2089092000-7f2089095000 ---p 00000000 00:00 0 
7f2089095000-7f2089193000 rw-p 00000000 00:00 0                          [stack:31054]
7f2089193000-7f2089196000 ---p 00000000 00:00 0 
7f2089196000-7f2089294000 rw-p 00000000 00:00 0                          [stack:31053]
7f2089294000-7f2089297000 ---p 00000000 00:00 0 
7f2089297000-7f2089395000 rw-p 00000000 00:00 0                          [stack:31052]
7f2089395000-7f2089398000 ---p 00000000 00:00 0 
7f2089398000-7f2089496000 rw-p 00000000 00:00 0                          [stack:31050]
7f2089496000-7f2089499000 ---p 00000000 00:00 0 
7f2089499000-7f2089597000 rw-p 00000000 00:00 0                          [stack:31047]
7f2089597000-7f208959a000 ---p 00000000 00:00 0 
7f208959a000-7f2089698000 rw-p 00000000 00:00 0                          [stack:31046]
7f2089698000-7f208969b000 ---p 00000000 00:00 0 
7f208969b000-7f2089799000 rw-p 00000000 00:00 0                          [stack:31045]
7f2089799000-7f20897ad000 r-xp 00000000 08:01 399813                     /usr/lib/libresolv-2.20.so
7f20897ad000-7f20899ac000 ---p 00014000 08:01 399813                     /usr/lib/libresolv-2.20.so
7f20899ac000-7f20899ad000 r--p 00013000 08:01 399813                     /usr/lib/libresolv-2.20.so
7f20899ad000-7f20899ae000 rw-p 00014000 08:01 399813                     /usr/lib/libresolv-2.20.so
7f20899ae000-7f20899b0000 rw-p 00000000 00:00 0 
7f20899b0000-7f2089a1e000 r-xp 00000000 08:01 401455                     /usr/lib/libpcre.so.1.2.4
7f2089a1e000-7f2089c1d000 ---p 0006e000 08:01 401455                     /usr/lib/libpcre.so.1.2.4
7f2089c1d000-7f2089c1e000 r--p 0006d000 08:01 401455                     /usr/lib/libpcre.so.1.2.4
7f2089c1e000-7f2089c1f000 rw-p 0006e000 08:01 401455                     /usr/lib/libpcre.so.1.2.4
7f2089c1f000-7f2089c22000 r-xp 00000000 08:01 405880                     /usr/lib/libgmodule-2.0.so.0.4200.1
7f2089c22000-7f2089e21000 ---p 00003000 08:01 405880                     /usr/lib/libgmodule-2.0.so.0.4200.1
7f2089e21000-7f2089e22000 r--p 00002000 08:01 405880                     /usr/lib/libgmodule-2.0.so.0.4200.1
7f2089e22000-7f2089e23000 rw-p 00003000 08:01 405880                     /usr/lib/libgmodule-2.0.so.0.4200.1
7f2089e23000-7f2089e2a000 r-xp 00000000 08:01 436697                     /usr/lib/libffi.so.6.0.2
7f2089e2a000-7f208a02a000 ---p 00007000 08:01 436697                     /usr/lib/libffi.so.6.0.2
7f208a02a000-7f208a02b000 r--p 00007000 08:01 436697                     /usr/lib/libffi.so.6.0.2
7f208a02b000-7f208a02c000 rw-p 00008000 08:01 436697                     /usr/lib/libffi.so.6.0.2
7f208a02c000-7f208a138000 r-xp 00000000 08:01 405335                     /usr/lib/libglib-2.0.so.0.4200.1
7f208a138000-7f208a337000 ---p 0010c000 08:01 405335                     /usr/lib/libglib-2.0.so.0.4200.1
7f208a337000-7f208a338000 r--p 0010b000 08:01 405335                     /usr/lib/libglib-2.0.so.0.4200.1
7f208a338000-7f208a339000 rw-p 0010c000 08:01 405335                     /usr/lib/libglib-2.0.so.0.4200.1
7f208a339000-7f208a33a000 rw-p 00000000 00:00 0 
7f208a33a000-7f208a38a000 r-xp 00000000 08:01 405883                     /usr/lib/libgobject-2.0.so.0.4200.1
7f208a38a000-7f208a589000 ---p 00050000 08:01 405883                     /usr/lib/libgobject-2.0.so.0.4200.1
7f208a589000-7f208a58a000 r--p 0004f000 08:01 405883                     /usr/lib/libgobject-2.0.so.0.4200.1
7f208a58a000-7f208a58b000 rw-p 00050000 08:01 405883                     /usr/lib/libgobject-2.0.so.0.4200.1
7f208a58b000-7f208a6fa000 r-xp 00000000 08:01 405884                     /usr/lib/libgio-2.0.so.0.4200.1
7f208a6fa000-7f208a8fa000 ---p 0016f000 08:01 405884                     /usr/lib/libgio-2.0.so.0.4200.1
7f208a8fa000-7f208a8fe000 r--p 0016f000 08:01 405884                     /usr/lib/libgio-2.0.so.0.4200.1
7f208a8fe000-7f208a900000 rw-p 00173000 08:01 405884                     /usr/lib/libgio-2.0.so.0.4200.1
7f208a900000-7f208a902000 rw-p 00000000 00:00 0 
7f208a937000-7f208a93c000 r--s 0004c000 08:01 1051569                    /usr/lib/jvm/java-7-openjdk/jre/lib/jsse.jar
7f208a93c000-7f208a93e000 r--s 0000a000 08:01 3693650                    /home/syc/.m2/repository/org/ow2/asm/asm/4.0/asm-4.0.jar
7f208a93e000-7f208a955000 r-xp 00000000 08:01 1191671                    /usr/lib/jvm/java-7-openjdk/jre/lib/amd64/libnet.so
7f208a955000-7f208ab54000 ---p 00017000 08:01 1191671                    /usr/lib/jvm/java-7-openjdk/jre/lib/amd64/libnet.so
7f208ab54000-7f208ab55000 rw-p 00016000 08:01 1191671                    /usr/lib/jvm/java-7-openjdk/jre/lib/amd64/libnet.so
7f208ab55000-7f208ab65000 r-xp 00000000 08:01 1191672                    /usr/lib/jvm/java-7-openjdk/jre/lib/amd64/libnio.so
7f208ab65000-7f208ad65000 ---p 00010000 08:01 1191672                    /usr/lib/jvm/java-7-openjdk/jre/lib/amd64/libnio.so
7f208ad65000-7f208ad66000 rw-p 00010000 08:01 1191672                    /usr/lib/jvm/java-7-openjdk/jre/lib/amd64/libnio.so
7f208ad66000-7f208ad67000 ---p 00000000 00:00 0 
7f208ad67000-7f208ae67000 rw-p 00000000 00:00 0                          [stack:31044]
7f208ae67000-7f208ae6a000 ---p 00000000 00:00 0 
7f208ae6a000-7f208af68000 rw-p 00000000 00:00 0                          [stack:31043]
7f208af68000-7f208af6b000 ---p 00000000 00:00 0 
7f208af6b000-7f208b069000 rw-p 00000000 00:00 0                          [stack:31042]
7f208b069000-7f208b06c000 ---p 00000000 00:00 0 
7f208b06c000-7f208b16a000 rw-p 00000000 00:00 0                          [stack:31041]
7f208b16a000-7f208b16d000 ---p 00000000 00:00 0 
7f208b16d000-7f208b26b000 rw-p 00000000 00:00 0                          [stack:31040]
7f208b26b000-7f208b26e000 ---p 00000000 00:00 0 
7f208b26e000-7f208b36c000 rw-p 00000000 00:00 0                          [stack:31039]
7f208b36c000-7f208b4f5000 r--p 00000000 08:01 431262                     /usr/lib/locale/locale-archive
7f208b4f5000-7f208b4f8000 ---p 00000000 00:00 0 
7f208b4f8000-7f208b5f6000 rw-p 00000000 00:00 0                          [stack:31038]
7f208b5f6000-7f208b5f9000 ---p 00000000 00:00 0 
7f208b5f9000-7f208b6f7000 rw-p 00000000 00:00 0                          [stack:31037]
7f208b6f7000-7f208b6f8000 ---p 00000000 00:00 0 
7f208b6f8000-7f208c000000 rw-p 00000000 00:00 0                          [stack:31036]
7f208c000000-7f208c021000 rw-p 00000000 00:00 0 
7f208c021000-7f2090000000 ---p 00000000 00:00 0 
7f2090000000-7f2090001000 rw-p 00000000 00:00 0 
7f2090001000-7f2090003000 r--s 00010000 08:01 3693648                    /home/syc/.m2/repository/org/parboiled/parboiled-java/1.1.3/parboiled-java-1.1.3.jar
7f2090003000-7f2090006000 r--s 0000c000 08:01 3693651                    /home/syc/.m2/repository/org/pegdown/pegdown/1.2.0/pegdown-1.2.0.jar
7f2090006000-7f2090042000 r--s 00308000 08:01 3693647                    /home/syc/.m2/repository/org/clojure/clojure/1.4.0/clojure-1.4.0.jar
7f2090042000-7f2090044000 r--s 00008000 08:01 3691966                    /home/syc/.m2/repository/org/clojure/tools.nrepl/0.2.6/tools.nrepl-0.2.6.jar
7f2090044000-7f2090052000 r--s 00193000 08:01 1094364                    /usr/lib/jvm/java-7-openjdk/jre/lib/ext/j3dutils.jar
7f2090052000-7f2090805000 rw-p 00000000 00:00 0 
7f2090805000-7f20909b6000 r--s 01d25000 08:01 1050032                    /usr/lib/jvm/java-7-openjdk/jre/lib/rt.jar
7f20909b6000-7f2090e66000 rw-p 00000000 00:00 0 
7f2090e66000-7f2090e67000 ---p 00000000 00:00 0 
7f2090e67000-7f2090f67000 rw-p 00000000 00:00 0                          [stack:31035]
7f2090f67000-7f2090f68000 ---p 00000000 00:00 0 
7f2090f68000-7f2091068000 rw-p 00000000 00:00 0                          [stack:31034]
7f2091068000-7f2091069000 ---p 00000000 00:00 0 
7f2091069000-7f2091193000 rw-p 00000000 00:00 0                          [stack:31033]
7f2091193000-7f2091403000 rw-p 00000000 00:00 0 
7f2091403000-7f209140e000 rw-p 00000000 00:00 0 
7f209140e000-7f2091456000 rw-p 00000000 00:00 0 
7f2091456000-7f2091480000 rw-p 00000000 00:00 0 
7f2091480000-7f20916f0000 rw-p 00000000 00:00 0 
7f20916f0000-7f2091778000 rw-p 00000000 00:00 0 
7f2091778000-7f209183d000 rw-p 00000000 00:00 0 
7f209183d000-7f2091850000 rw-p 00000000 00:00 0 
7f2091850000-7f20919be000 rw-p 00000000 00:00 0 
7f20919be000-7f2091e3e000 rwxp 00000000 00:00 0 
7f2091e3e000-7f20979be000 rw-p 00000000 00:00 0 
7f20979be000-7f20979c6000 r-xp 00000000 08:01 1191670                    /usr/lib/jvm/java-7-openjdk/jre/lib/amd64/libzip.so
7f20979c6000-7f2097bc5000 ---p 00008000 08:01 1191670                    /usr/lib/jvm/java-7-openjdk/jre/lib/amd64/libzip.so
7f2097bc5000-7f2097bc6000 rw-p 00007000 08:01 1191670                    /usr/lib/jvm/java-7-openjdk/jre/lib/amd64/libzip.so
7f2097bc6000-7f2097bd1000 r-xp 00000000 08:01 399821                     /usr/lib/libnss_files-2.20.so
7f2097bd1000-7f2097dd1000 ---p 0000b000 08:01 399821                     /usr/lib/libnss_files-2.20.so
7f2097dd1000-7f2097dd2000 r--p 0000b000 08:01 399821                     /usr/lib/libnss_files-2.20.so
7f2097dd2000-7f2097dd3000 rw-p 0000c000 08:01 399821                     /usr/lib/libnss_files-2.20.so
7f2097dd3000-7f2097dff000 r-xp 00000000 08:01 1189523                    /usr/lib/jvm/java-7-openjdk/jre/lib/amd64/libjava.so
7f2097dff000-7f2097ffe000 ---p 0002c000 08:01 1189523                    /usr/lib/jvm/java-7-openjdk/jre/lib/amd64/libjava.so
7f2097ffe000-7f2098000000 rw-p 0002b000 08:01 1189523                    /usr/lib/jvm/java-7-openjdk/jre/lib/amd64/libjava.so
7f2098000000-7f2098ee4000 rw-p 00000000 00:00 0 
7f2098ee4000-7f209c000000 ---p 00000000 00:00 0 
7f209c000000-7f209c002000 r--s 00008000 08:01 3693696                    /home/syc/.m2/repository/org/ow2/asm/asm-util/4.0/asm-util-4.0.jar
7f209c002000-7f209c008000 r--s 00028000 08:01 3693649                    /home/syc/.m2/repository/org/parboiled/parboiled-core/1.1.3/parboiled-core-1.1.3.jar
7f209c008000-7f209c014000 r--s 002c7000 08:01 1094365                    /usr/lib/jvm/java-7-openjdk/jre/lib/ext/j3dcore.jar
7f209c014000-7f209c06f000 rw-p 00000000 00:00 0 
7f209c06f000-7f209c070000 ---p 00000000 00:00 0 
7f209c070000-7f209c170000 rw-p 00000000 00:00 0                          [stack:31032]
7f209c170000-7f209c17d000 r-xp 00000000 08:01 1189468                    /usr/lib/jvm/java-7-openjdk/jre/lib/amd64/libverify.so
7f209c17d000-7f209c37c000 ---p 0000d000 08:01 1189468                    /usr/lib/jvm/java-7-openjdk/jre/lib/amd64/libverify.so
7f209c37c000-7f209c37e000 rw-p 0000c000 08:01 1189468                    /usr/lib/jvm/java-7-openjdk/jre/lib/amd64/libverify.so
7f209c37e000-7f209c385000 r-xp 00000000 08:01 410655                     /usr/lib/librt-2.20.so
7f209c385000-7f209c584000 ---p 00007000 08:01 410655                     /usr/lib/librt-2.20.so
7f209c584000-7f209c585000 r--p 00006000 08:01 410655                     /usr/lib/librt-2.20.so
7f209c585000-7f209c586000 rw-p 00007000 08:01 410655                     /usr/lib/librt-2.20.so
7f209c586000-7f209c59c000 r-xp 00000000 08:01 393669                     /usr/lib/libgcc_s.so.1
7f209c59c000-7f209c79b000 ---p 00016000 08:01 393669                     /usr/lib/libgcc_s.so.1
7f209c79b000-7f209c79c000 rw-p 00015000 08:01 393669                     /usr/lib/libgcc_s.so.1
7f209c79c000-7f209c89f000 r-xp 00000000 08:01 409431                     /usr/lib/libm-2.20.so
7f209c89f000-7f209ca9f000 ---p 00103000 08:01 409431                     /usr/lib/libm-2.20.so
7f209ca9f000-7f209caa0000 r--p 00103000 08:01 409431                     /usr/lib/libm-2.20.so
7f209caa0000-7f209caa1000 rw-p 00104000 08:01 409431                     /usr/lib/libm-2.20.so
7f209caa1000-7f209cb91000 r-xp 00000000 08:01 431265                     /usr/lib/libstdc++.so.6.0.20
7f209cb91000-7f209cd91000 ---p 000f0000 08:01 431265                     /usr/lib/libstdc++.so.6.0.20
7f209cd91000-7f209cd99000 r--p 000f0000 08:01 431265                     /usr/lib/libstdc++.so.6.0.20
7f209cd99000-7f209cd9b000 rw-p 000f8000 08:01 431265                     /usr/lib/libstdc++.so.6.0.20
7f209cd9b000-7f209cdb0000 rw-p 00000000 00:00 0 
7f209cdb0000-7f209d8f8000 r-xp 00000000 08:01 1195097                    /usr/lib/jvm/java-7-openjdk/jre/lib/amd64/server/libjvm.so
7f209d8f8000-7f209daf7000 ---p 00b48000 08:01 1195097                    /usr/lib/jvm/java-7-openjdk/jre/lib/amd64/server/libjvm.so
7f209daf7000-7f209dbb9000 rw-p 00b47000 08:01 1195097                    /usr/lib/jvm/java-7-openjdk/jre/lib/amd64/server/libjvm.so
7f209dbb9000-7f209dbe5000 rw-p 00000000 00:00 0 
7f209dbe5000-7f209dbfa000 r-xp 00000000 08:01 399561                     /usr/lib/libz.so.1.2.8
7f209dbfa000-7f209ddf9000 ---p 00015000 08:01 399561                     /usr/lib/libz.so.1.2.8
7f209ddf9000-7f209ddfa000 r--p 00014000 08:01 399561                     /usr/lib/libz.so.1.2.8
7f209ddfa000-7f209ddfb000 rw-p 00015000 08:01 399561                     /usr/lib/libz.so.1.2.8
7f209ddfb000-7f209df95000 r-xp 00000000 08:01 409977                     /usr/lib/libc-2.20.so
7f209df95000-7f209e194000 ---p 0019a000 08:01 409977                     /usr/lib/libc-2.20.so
7f209e194000-7f209e198000 r--p 00199000 08:01 409977                     /usr/lib/libc-2.20.so
7f209e198000-7f209e19a000 rw-p 0019d000 08:01 409977                     /usr/lib/libc-2.20.so
7f209e19a000-7f209e19e000 rw-p 00000000 00:00 0 
7f209e19e000-7f209e1a1000 r-xp 00000000 08:01 399425                     /usr/lib/libdl-2.20.so
7f209e1a1000-7f209e3a0000 ---p 00003000 08:01 399425                     /usr/lib/libdl-2.20.so
7f209e3a0000-7f209e3a1000 r--p 00002000 08:01 399425                     /usr/lib/libdl-2.20.so
7f209e3a1000-7f209e3a2000 rw-p 00003000 08:01 399425                     /usr/lib/libdl-2.20.so
7f209e3a2000-7f209e3af000 r-xp 00000000 08:01 1195093                    /usr/lib/jvm/java-7-openjdk/jre/lib/amd64/jli/libjli.so
7f209e3af000-7f209e5ae000 ---p 0000d000 08:01 1195093                    /usr/lib/jvm/java-7-openjdk/jre/lib/amd64/jli/libjli.so
7f209e5ae000-7f209e5af000 rw-p 0000c000 08:01 1195093                    /usr/lib/jvm/java-7-openjdk/jre/lib/amd64/jli/libjli.so
7f209e5af000-7f209e5c6000 r-xp 00000000 08:01 401122                     /usr/lib/libpthread-2.20.so
7f209e5c6000-7f209e7c5000 ---p 00017000 08:01 401122                     /usr/lib/libpthread-2.20.so
7f209e7c5000-7f209e7c6000 r--p 00016000 08:01 401122                     /usr/lib/libpthread-2.20.so
7f209e7c6000-7f209e7c7000 rw-p 00017000 08:01 401122                     /usr/lib/libpthread-2.20.so
7f209e7c7000-7f209e7cb000 rw-p 00000000 00:00 0 
7f209e7cb000-7f209e7ed000 r-xp 00000000 08:01 400959                     /usr/lib/ld-2.20.so
7f209e7ed000-7f209e862000 rw-p 00000000 00:00 0 
7f209e862000-7f209e8aa000 rw-p 00000000 00:00 0 
7f209e8aa000-7f209e8ad000 ---p 00000000 00:00 0 
7f209e8ad000-7f209e9af000 rw-p 00000000 00:00 0                          [stack:31031]
7f209e9af000-7f209e9b0000 r--s 00004000 08:01 3693691                    /home/syc/.m2/repository/org/ow2/asm/asm-analysis/4.0/asm-analysis-4.0.jar
7f209e9b0000-7f209e9b2000 r--s 00004000 08:01 3693655                    /home/syc/.m2/repository/org/ow2/asm/asm-tree/4.0/asm-tree-4.0.jar
7f209e9b2000-7f209e9b3000 r--s 00000000 08:01 3690567                    /home/syc/.m2/repository/clojure-complete/clojure-complete/0.2.3/clojure-complete-0.2.3.jar
7f209e9b3000-7f209e9b4000 r--s 00002000 08:01 3693701                    /home/syc/.m2/repository/hiccup/hiccup/1.0.2/hiccup-1.0.2.jar
7f209e9b4000-7f209e9b6000 r--s 0004c000 08:01 1094363                    /usr/lib/jvm/java-7-openjdk/jre/lib/ext/vecmath.jar
7f209e9b6000-7f209e9e1000 rw-p 00000000 00:00 0 
7f209e9e1000-7f209e9e9000 rw-s 00000000 00:1d 2669168                    /tmp/hsperfdata_syc/31025
7f209e9e9000-7f209e9ea000 rw-p 00000000 00:00 0 
7f209e9ea000-7f209e9eb000 ---p 00000000 00:00 0 
7f209e9eb000-7f209e9ec000 rw-p 00000000 00:00 0 
7f209e9ec000-7f209e9ed000 r--p 00021000 08:01 400959                     /usr/lib/ld-2.20.so
7f209e9ed000-7f209e9ee000 rw-p 00022000 08:01 400959                     /usr/lib/ld-2.20.so
7f209e9ee000-7f209e9ef000 rw-p 00000000 00:00 0 
7fff02971000-7fff02992000 rw-p 00000000 00:00 0                          [stack]
7fff029fc000-7fff029fe000 r--p 00000000 00:00 0                          [vvar]
7fff029fe000-7fff02a00000 r-xp 00000000 00:00 0                          [vdso]
ffffffffff600000-ffffffffff601000 r-xp 00000000 00:00 0                  [vsyscall]

VM Arguments:
jvm_args: -Dfile.encoding=UTF-8 -XX:+TieredCompilation -XX:TieredStopAtLevel=1 -XX:-OmitStackTraceInFastThrow -Dclojure.compile.path=/home/syc/code/blockstorm.github.com/generator/target/classes -Dgenerator.version=0.1.0-SNAPSHOT -Dclojure.debug=false 
java_command: clojure.main -i /tmp/form-init4148247558896763846.clj
Launcher Type: SUN_STANDARD

Environment Variables:
CLASSPATH=/home/syc/.lein/self-installs/leiningen-2.5.0-standalone.jar
PATH=/usr/local/sbin:/usr/local/bin:/usr/bin:/opt/android-sdk/platform-tools:/opt/android-sdk/tools:/usr/share/java/gradle/bin:/usr/lib/jvm/default/bin:/usr/bin/site_perl:/usr/bin/vendor_perl:/usr/bin/core_perl
SHELL=/bin/bash
DISPLAY=:0.0

Signal Handlers:
SIGSEGV: [libjvm.so+0x97c230], sa_mask[0]=0x7ffbfeff, sa_flags=0x10000004
SIGBUS: [libjvm.so+0x97c230], sa_mask[0]=0x7ffbfeff, sa_flags=0x10000004
SIGFPE: [libjvm.so+0x7eac70], sa_mask[0]=0x7ffbfeff, sa_flags=0x10000004
SIGPIPE: [libjvm.so+0x7eac70], sa_mask[0]=0x7ffbfeff, sa_flags=0x10000004
SIGXFSZ: [libjvm.so+0x7eac70], sa_mask[0]=0x7ffbfeff, sa_flags=0x10000004
SIGILL: [libjvm.so+0x7eac70], sa_mask[0]=0x7ffbfeff, sa_flags=0x10000004
SIGUSR1: SIG_DFL, sa_mask[0]=0x00000000, sa_flags=0x00000000
SIGUSR2: [libjvm.so+0x7eaaf0], sa_mask[0]=0x00000004, sa_flags=0x10000004
SIGHUP: [libjvm.so+0x7eacf0], sa_mask[0]=0x7ffbfeff, sa_flags=0x10000004
SIGINT: [libjvm.so+0x7eacf0], sa_mask[0]=0x7ffbfeff, sa_flags=0x10000004
SIGTERM: [libjvm.so+0x7eacf0], sa_mask[0]=0x7ffbfeff, sa_flags=0x10000004
SIGQUIT: [libjvm.so+0x7eacf0], sa_mask[0]=0x7ffbfeff, sa_flags=0x10000004
SIGTRAP: SIG_DFL, sa_mask[0]=0x00000000, sa_flags=0x00000000


---------------  S Y S T E M  ---------------

OS:Linux
uname:Linux 3.17.3-1-ARCH #1 SMP PREEMPT Fri Nov 14 23:13:48 CET 2014 x86_64
libc:glibc 2.20 NPTL 2.20 
rlimit: STACK 8192k, CORE 0k, NPROC 31668, NOFILE 4096, AS infinity
load average:0.64 0.53 0.66

/proc/meminfo:
MemTotal:        8178892 kB
MemFree:          159176 kB
MemAvailable:     109436 kB
Buffers:             216 kB
Cached:           109348 kB
SwapCached:            0 kB
Active:          7549004 kB
Inactive:          84056 kB
Active(anon):    7540404 kB
Inactive(anon):    75300 kB
Active(file):       8600 kB
Inactive(file):     8756 kB
Unevictable:       15316 kB
Mlocked:           15316 kB
SwapTotal:             0 kB
SwapFree:              0 kB
Dirty:              7916 kB
Writeback:             0 kB
AnonPages:       7539828 kB
Mapped:           163444 kB
Shmem:             85412 kB
Slab:              94320 kB
SReclaimable:      52092 kB
SUnreclaim:        42228 kB
KernelStack:       13520 kB
PageTables:        67728 kB
NFS_Unstable:          0 kB
Bounce:                0 kB
WritebackTmp:          0 kB
CommitLimit:     4089444 kB
Committed_AS:   14512184 kB
VmallocTotal:   34359738367 kB
VmallocUsed:      358852 kB
VmallocChunk:   34359375868 kB
HardwareCorrupted:     0 kB
AnonHugePages:   2402304 kB
HugePages_Total:       0
HugePages_Free:        0
HugePages_Rsvd:        0
HugePages_Surp:        0
Hugepagesize:       2048 kB
DirectMap4k:     2164672 kB
DirectMap2M:     6221824 kB
DirectMap1G:           0 kB


CPU:total 4 (4 cores per cpu, 1 threads per core) family 16 model 4 stepping 3, cmov, cx8, fxsr, mmx, sse, sse2, sse3, popcnt, mmxext, 3dnowpref, lzcnt, sse4a, tsc, tscinvbit, tscinv

/proc/cpuinfo:
processor	: 0
vendor_id	: AuthenticAMD
cpu family	: 16
model		: 4
model name	: AMD Phenom(tm) II X4 955 Processor
stepping	: 3
microcode	: 0x10000c8
cpu MHz		: 2100.000
cache size	: 512 KB
physical id	: 0
siblings	: 4
core id		: 0
cpu cores	: 4
apicid		: 0
initial apicid	: 0
fpu		: yes
fpu_exception	: yes
cpuid level	: 5
wp		: yes
flags		: fpu vme de pse tsc msr pae mce cx8 apic sep mtrr pge mca cmov pat pse36 clflush mmx fxsr sse sse2 ht syscall nx mmxext fxsr_opt pdpe1gb rdtscp lm 3dnowext 3dnow constant_tsc rep_good nopl nonstop_tsc extd_apicid pni monitor cx16 popcnt lahf_lm cmp_legacy svm extapic cr8_legacy abm sse4a misalignsse 3dnowprefetch osvw ibs skinit wdt hw_pstate npt lbrv svm_lock nrip_save
bugs		: tlb_mmatch apic_c1e fxsave_leak
bogomips	: 6431.61
TLB size	: 1024 4K pages
clflush size	: 64
cache_alignment	: 64
address sizes	: 48 bits physical, 48 bits virtual
power management: ts ttp tm stc 100mhzsteps hwpstate

processor	: 1
vendor_id	: AuthenticAMD
cpu family	: 16
model		: 4
model name	: AMD Phenom(tm) II X4 955 Processor
stepping	: 3
microcode	: 0x10000c8
cpu MHz		: 2100.000
cache size	: 512 KB
physical id	: 0
siblings	: 4
core id		: 1
cpu cores	: 4
apicid		: 1
initial apicid	: 1
fpu		: yes
fpu_exception	: yes
cpuid level	: 5
wp		: yes
flags		: fpu vme de pse tsc msr pae mce cx8 apic sep mtrr pge mca cmov pat pse36 clflush mmx fxsr sse sse2 ht syscall nx mmxext fxsr_opt pdpe1gb rdtscp lm 3dnowext 3dnow constant_tsc rep_good nopl nonstop_tsc extd_apicid pni monitor cx16 popcnt lahf_lm cmp_legacy svm extapic cr8_legacy abm sse4a misalignsse 3dnowprefetch osvw ibs skinit wdt hw_pstate npt lbrv svm_lock nrip_save
bugs		: tlb_mmatch apic_c1e fxsave_leak
bogomips	: 6431.61
TLB size	: 1024 4K pages
clflush size	: 64
cache_alignment	: 64
address sizes	: 48 bits physical, 48 bits virtual
power management: ts ttp tm stc 100mhzsteps hwpstate

processor	: 2
vendor_id	: AuthenticAMD
cpu family	: 16
model		: 4
model name	: AMD Phenom(tm) II X4 955 Processor
stepping	: 3
microcode	: 0x10000c8
cpu MHz		: 800.000
cache size	: 512 KB
physical id	: 0
siblings	: 4
core id		: 3
cpu cores	: 4
apicid		: 2
initial apicid	: 3
fpu		: yes
fpu_exception	: yes
cpuid level	: 5
wp		: yes
flags		: fpu vme de pse tsc msr pae mce cx8 apic sep mtrr pge mca cmov pat pse36 clflush mmx fxsr sse sse2 ht syscall nx mmxext fxsr_opt pdpe1gb rdtscp lm 3dnowext 3dnow constant_tsc rep_good nopl nonstop_tsc extd_apicid pni monitor cx16 popcnt lahf_lm cmp_legacy svm extapic cr8_legacy abm sse4a misalignsse 3dnowprefetch osvw ibs skinit wdt hw_pstate npt lbrv svm_lock nrip_save
bugs		: tlb_mmatch apic_c1e fxsave_leak
bogomips	: 6431.61
TLB size	: 1024 4K pages
clflush size	: 64
cache_alignment	: 64
address sizes	: 48 bits physical, 48 bits virtual
power management: ts ttp tm stc 100mhzsteps hwpstate

processor	: 3
vendor_id	: AuthenticAMD
cpu family	: 16
model		: 4
model name	: AMD Phenom(tm) II X4 955 Processor
stepping	: 3
microcode	: 0x10000c8
cpu MHz		: 3200.000
cache size	: 512 KB
physical id	: 0
siblings	: 4
core id		: 2
cpu cores	: 4
apicid		: 3
initial apicid	: 2
fpu		: yes
fpu_exception	: yes
cpuid level	: 5
wp		: yes
flags		: fpu vme de pse tsc msr pae mce cx8 apic sep mtrr pge mca cmov pat pse36 clflush mmx fxsr sse sse2 ht syscall nx mmxext fxsr_opt pdpe1gb rdtscp lm 3dnowext 3dnow constant_tsc rep_good nopl nonstop_tsc extd_apicid pni monitor cx16 popcnt lahf_lm cmp_legacy svm extapic cr8_legacy abm sse4a misalignsse 3dnowprefetch osvw ibs skinit wdt hw_pstate npt lbrv svm_lock nrip_save
bugs		: tlb_mmatch apic_c1e fxsave_leak
bogomips	: 6431.61
TLB size	: 1024 4K pages
clflush size	: 64
cache_alignment	: 64
address sizes	: 48 bits physical, 48 bits virtual
power management: ts ttp tm stc 100mhzsteps hwpstate



Memory: 4k page, physical 8178892k(159348k free), swap 0k(0k free)

vm_info: OpenJDK 64-Bit Server VM (24.65-b04) for linux-amd64 JRE (1.7.0_71-b14), built on Oct 15 2014 08:04:21 by "nobody" with gcc 4.9.1 20140903 (prerelease)

time: Tue Dec  9 17:07:37 2014
elapsed time: 3 seconds

