#
# There is insufficient memory for the Java Runtime Environment to continue.
# Native memory allocation (malloc) failed to allocate 267386880 bytes for committing reserved memory.
# Possible reasons:
#   The system is out of physical RAM or swap space
#   In 32 bit mode, the process size limit was hit
# Possible solutions:
#   Reduce memory load on the system
#   Increase physical memory or swap space
#   Check if swap backing store is full
#   Use 64 bit Java on a 64 bit OS
#   Decrease Java heap size (-Xmx/-Xms)
#   Decrease number of Java threads
#   Decrease Java thread stack sizes (-Xss)
#   Set larger code cache with -XX:ReservedCodeCacheSize=
# This output file may be truncated or incomplete.
#
#  Out of Memory Error (os_linux.cpp:2769), pid=1094, tid=140060320044800
#
# JRE version: OpenJDK Runtime Environment (7.0_51-b31) (build 1.7.0_51-b31)
# Java VM: OpenJDK 64-Bit Server VM (24.51-b03 mixed mode linux-amd64 compressed oops)
# Failed to write core dump. Core dumps have been disabled. To enable core dumping, try "ulimit -c unlimited" before starting Java again
#

---------------  T H R E A D  ---------------

Current thread (0x00007f625c074800):  VMThread [stack: 0x00007f62558f9000,0x00007f62559fa000] [id=1105]

Stack: [0x00007f62558f9000,0x00007f62559fa000],  sp=0x00007f62559f84c0,  free space=1021k
Native frames: (J=compiled Java code, j=interpreted, Vv=VM code, C=native code)
V  [libjvm.so+0x917f29]  JVM_handle_linux_signal+0x177939
V  [libjvm.so+0x467d44]  dlerror+0x467d44
V  [libjvm.so+0x79a9db]  JVM_FindSignal+0x18cf6b
V  [libjvm.so+0x79534f]  JVM_FindSignal+0x1878df
V  [libjvm.so+0x8056ab]  JVM_handle_linux_signal+0x650bb
V  [libjvm.so+0x806500]  JVM_handle_linux_signal+0x65f10
V  [libjvm.so+0x806bfb]  JVM_handle_linux_signal+0x6660b
V  [libjvm.so+0x802edf]  JVM_handle_linux_signal+0x628ef
V  [libjvm.so+0x8036a8]  JVM_handle_linux_signal+0x630b8
V  [libjvm.so+0x7b9d93]  JVM_handle_linux_signal+0x197a3
V  [libjvm.so+0x919944]  JVM_handle_linux_signal+0x179354
V  [libjvm.so+0x91df97]  JVM_handle_linux_signal+0x17d9a7
V  [libjvm.so+0x91c968]  JVM_handle_linux_signal+0x17c378
V  [libjvm.so+0x91cdc9]  JVM_handle_linux_signal+0x17c7d9
V  [libjvm.so+0x91d212]  JVM_handle_linux_signal+0x17cc22
V  [libjvm.so+0x7976b2]  JVM_FindSignal+0x189c42

VM_Operation (0x00007f624f87a770): ParallelGCFailedAllocation, mode: safepoint, requested by thread 0x00007f625cbb8800


---------------  P R O C E S S  ---------------

Java Threads: ( => current thread )
  0x00007f620400b000 JavaThread "nREPL-worker-0" daemon [_thread_blocked, id=1123, stack(0x00007f624f176000,0x00007f624f277000)]
  0x00007f61fc001000 JavaThread "clojure-agent-send-off-pool-6" [_thread_in_native, id=1121, stack(0x00007f624f277000,0x00007f624f378000)]
  0x00007f6204003000 JavaThread "clojure-agent-send-off-pool-5" [_thread_in_native, id=1120, stack(0x00007f624f378000,0x00007f624f479000)]
  0x00007f6204001000 JavaThread "clojure-agent-send-off-pool-4" [_thread_blocked, id=1119, stack(0x00007f624f479000,0x00007f624f57a000)]
  0x00007f625cbc8800 JavaThread "clojure-agent-send-off-pool-3" [_thread_in_native, id=1117, stack(0x00007f624f57a000,0x00007f624f67b000)]
  0x00007f625cbbd800 JavaThread "clojure-agent-send-off-pool-2" [_thread_blocked, id=1116, stack(0x00007f624f67b000,0x00007f624f77c000)]
  0x00007f625cbb8800 JavaThread "clojure-agent-send-off-pool-1" [_thread_blocked, id=1115, stack(0x00007f624f77c000,0x00007f624f87d000)]
  0x00007f625ce42800 JavaThread "clojure-agent-send-off-pool-0" [_thread_blocked, id=1114, stack(0x00007f624f87d000,0x00007f624f97e000)]
  0x00007f625c0a7800 JavaThread "Service Thread" daemon [_thread_blocked, id=1112, stack(0x00007f6255069000,0x00007f625516a000)]
  0x00007f625c0a5000 JavaThread "C1 CompilerThread2" daemon [_thread_blocked, id=1111, stack(0x00007f625516a000,0x00007f625526b000)]
  0x00007f625c0a3000 JavaThread "C2 CompilerThread1" daemon [_thread_blocked, id=1110, stack(0x00007f625526b000,0x00007f625536c000)]
  0x00007f625c0a0000 JavaThread "C2 CompilerThread0" daemon [_thread_blocked, id=1109, stack(0x00007f625536c000,0x00007f625546d000)]
  0x00007f625c09e000 JavaThread "Signal Dispatcher" daemon [_thread_blocked, id=1108, stack(0x00007f625546d000,0x00007f625556e000)]
  0x00007f625c07b000 JavaThread "Finalizer" daemon [_thread_blocked, id=1107, stack(0x00007f62556f7000,0x00007f62557f8000)]
  0x00007f625c079000 JavaThread "Reference Handler" daemon [_thread_blocked, id=1106, stack(0x00007f62557f8000,0x00007f62558f9000)]
  0x00007f625c009800 JavaThread "main" [_thread_blocked, id=1096, stack(0x00007f6264a15000,0x00007f6264b16000)]

Other Threads:
=>0x00007f625c074800 VMThread [stack: 0x00007f62558f9000,0x00007f62559fa000] [id=1105]
  0x00007f625c0b2000 WatcherThread [stack: 0x00007f6254f68000,0x00007f6255069000] [id=1113]

VM state:at safepoint (normal execution)

VM Mutex/Monitor currently owned by a thread:  ([mutex/lock_event])
[0x00007f625c0072c0] Threads_lock - owner thread: 0x00007f625c074800
[0x00007f625c0077c0] Heap_lock - owner thread: 0x00007f625cbb8800

Heap
 PSYoungGen      total 269312K, used 8009K [0x00000007d6600000, 0x00000007e7600000, 0x0000000800000000)
  eden space 261120K, 0% used [0x00000007d6600000,0x00000007d6600000,0x00000007e6500000)
  from space 8192K, 97% used [0x00000007e6500000,0x00000007e6cd26a0,0x00000007e6d00000)
  to   space 7168K, 0% used [0x00000007e6d00000,0x00000007e6d00000,0x00000007e7400000)
 ParOldGen       total 84992K, used 6057K [0x0000000783200000, 0x0000000788500000, 0x00000007d6600000)
  object space 84992K, 7% used [0x0000000783200000,0x00000007837ea4a0,0x0000000788500000)
 PSPermGen       total 21504K, used 17183K [0x0000000778c00000, 0x000000077a100000, 0x0000000783200000)
  object space 21504K, 79% used [0x0000000778c00000,0x0000000779cc7e00,0x000000077a100000)

Card table byte_map: [0x00007f626174e000,0x00007f6261b89000] byte_map_base: 0x00007f625db88000

Polling page: 0x00007f6264b4a000

Code Cache  [0x00007f6256000000, 0x00007f6256470000, 0x00007f625c000000)
 total_blobs=2130 nmethods=1832 adapters=233 free_code_cache=93820Kb largest_free_block=96070656

Compilation events (10 events):
Event: 3.070 Thread 0x00007f625c0a5000 1833       1       clojure.core$interleave::invoke (24 bytes)
Event: 3.070 Thread 0x00007f625c0a5000 nmethod 1833 0x00007f6256460210 code [0x00007f6256460360, 0x00007f6256460590]
Event: 3.070 Thread 0x00007f625c0a5000 1834       1       clojure.core$interleave$fn__4405::<init> (15 bytes)
Event: 3.070 Thread 0x00007f625c0a5000 nmethod 1834 0x00007f6256460650 code [0x00007f62564607a0, 0x00007f6256460910]
Event: 3.075 Thread 0x00007f625c0a5000 1835       1       clojure.lang.Cons::withMeta (6 bytes)
Event: 3.076 Thread 0x00007f625c0a5000 nmethod 1835 0x00007f6256460950 code [0x00007f6256460aa0, 0x00007f6256460c90]
Event: 3.076 Thread 0x00007f625c0a5000 1836       1       clojure.lang.Cons::withMeta (17 bytes)
Event: 3.076 Thread 0x00007f625c0a5000 nmethod 1836 0x00007f6256460d10 code [0x00007f6256460e60, 0x00007f6256461050]
Event: 3.076 Thread 0x00007f625c0a5000 1837       1       clojure.lang.Cons::<init> (16 bytes)
Event: 3.076 Thread 0x00007f625c0a5000 nmethod 1837 0x00007f62564610d0 code [0x00007f6256461220, 0x00007f62564613b0]

GC Heap History (10 events):
Event: 1.686 GC heap after
Heap after GC invocations=2 (full 0):
 PSYoungGen      total 70656K, used 4858K [0x00000007d6600000, 0x00000007db000000, 0x0000000800000000)
  eden space 65536K, 0% used [0x00000007d6600000,0x00000007d6600000,0x00000007da600000)
  from space 5120K, 94% used [0x00000007dab00000,0x00000007dafbe888,0x00000007db000000)
  to   space 5120K, 0% used [0x00000007da600000,0x00000007da600000,0x00000007dab00000)
 ParOldGen       total 84992K, used 238K [0x0000000783200000, 0x0000000788500000, 0x00000007d6600000)
  object space 84992K, 0% used [0x0000000783200000,0x000000078323b980,0x0000000788500000)
 PSPermGen       total 21504K, used 12577K [0x0000000778c00000, 0x000000077a100000, 0x0000000783200000)
  object space 21504K, 58% used [0x0000000778c00000,0x0000000779848400,0x000000077a100000)
}
Event: 2.352 GC heap before
{Heap before GC invocations=3 (full 0):
 PSYoungGen      total 70656K, used 70394K [0x00000007d6600000, 0x00000007db000000, 0x0000000800000000)
  eden space 65536K, 100% used [0x00000007d6600000,0x00000007da600000,0x00000007da600000)
  from space 5120K, 94% used [0x00000007dab00000,0x00000007dafbe888,0x00000007db000000)
  to   space 5120K, 0% used [0x00000007da600000,0x00000007da600000,0x00000007dab00000)
 ParOldGen       total 84992K, used 238K [0x0000000783200000, 0x0000000788500000, 0x00000007d6600000)
  object space 84992K, 0% used [0x0000000783200000,0x000000078323b980,0x0000000788500000)
 PSPermGen       total 21504K, used 14574K [0x0000000778c00000, 0x000000077a100000, 0x0000000783200000)
  object space 21504K, 67% used [0x0000000778c00000,0x0000000779a3b960,0x000000077a100000)
Event: 2.366 GC heap after
Heap after GC invocations=3 (full 0):
 PSYoungGen      total 70656K, used 5091K [0x00000007d6600000, 0x00000007df000000, 0x0000000800000000)
  eden space 65536K, 0% used [0x00000007d6600000,0x00000007d6600000,0x00000007da600000)
  from space 5120K, 99% used [0x00000007da600000,0x00000007daaf8df0,0x00000007dab00000)
  to   space 5120K, 0% used [0x00000007deb00000,0x00000007deb00000,0x00000007df000000)
 ParOldGen       total 84992K, used 404K [0x0000000783200000, 0x0000000788500000, 0x00000007d6600000)
  object space 84992K, 0% used [0x0000000783200000,0x0000000783265260,0x0000000788500000)
 PSPermGen       total 21504K, used 14574K [0x0000000778c00000, 0x000000077a100000, 0x0000000783200000)
  object space 21504K, 67% used [0x0000000778c00000,0x0000000779a3b960,0x000000077a100000)
}
Event: 2.591 GC heap before
{Heap before GC invocations=4 (full 0):
 PSYoungGen      total 70656K, used 70627K [0x00000007d6600000, 0x00000007df000000, 0x0000000800000000)
  eden space 65536K, 100% used [0x00000007d6600000,0x00000007da600000,0x00000007da600000)
  from space 5120K, 99% used [0x00000007da600000,0x00000007daaf8df0,0x00000007dab00000)
  to   space 5120K, 0% used [0x00000007deb00000,0x00000007deb00000,0x00000007df000000)
 ParOldGen       total 84992K, used 404K [0x0000000783200000, 0x0000000788500000, 0x00000007d6600000)
  object space 84992K, 0% used [0x0000000783200000,0x0000000783265260,0x0000000788500000)
 PSPermGen       total 21504K, used 15447K [0x0000000778c00000, 0x000000077a100000, 0x0000000783200000)
  object space 21504K, 71% used [0x0000000778c00000,0x0000000779b15d70,0x000000077a100000)
Event: 2.609 GC heap after
Heap after GC invocations=4 (full 0):
 PSYoungGen      total 136192K, used 5107K [0x00000007d6600000, 0x00000007df000000, 0x0000000800000000)
  eden space 131072K, 0% used [0x00000007d6600000,0x00000007d6600000,0x00000007de600000)
  from space 5120K, 99% used [0x00000007deb00000,0x00000007deffce00,0x00000007df000000)
  to   space 5120K, 0% used [0x00000007de600000,0x00000007de600000,0x00000007deb00000)
 ParOldGen       total 84992K, used 696K [0x0000000783200000, 0x0000000788500000, 0x00000007d6600000)
  object space 84992K, 0% used [0x0000000783200000,0x00000007832ae398,0x0000000788500000)
 PSPermGen       total 21504K, used 15447K [0x0000000778c00000, 0x000000077a100000, 0x0000000783200000)
  object space 21504K, 71% used [0x0000000778c00000,0x0000000779b15d70,0x000000077a100000)
}
Event: 2.719 GC heap before
{Heap before GC invocations=5 (full 0):
 PSYoungGen      total 136192K, used 136179K [0x00000007d6600000, 0x00000007df000000, 0x0000000800000000)
  eden space 131072K, 100% used [0x00000007d6600000,0x00000007de600000,0x00000007de600000)
  from space 5120K, 99% used [0x00000007deb00000,0x00000007deffce00,0x00000007df000000)
  to   space 5120K, 0% used [0x00000007de600000,0x00000007de600000,0x00000007deb00000)
 ParOldGen       total 84992K, used 696K [0x0000000783200000, 0x0000000788500000, 0x00000007d6600000)
  object space 84992K, 0% used [0x0000000783200000,0x00000007832ae398,0x0000000788500000)
 PSPermGen       total 21504K, used 15785K [0x0000000778c00000, 0x000000077a100000, 0x0000000783200000)
  object space 21504K, 73% used [0x0000000778c00000,0x0000000779b6a688,0x000000077a100000)
Event: 2.733 GC heap after
Heap after GC invocations=5 (full 0):
 PSYoungGen      total 136192K, used 5113K [0x00000007d6600000, 0x00000007e7400000, 0x0000000800000000)
  eden space 131072K, 0% used [0x00000007d6600000,0x00000007d6600000,0x00000007de600000)
  from space 5120K, 99% used [0x00000007de600000,0x00000007deafe570,0x00000007deb00000)
  to   space 7168K, 0% used [0x00000007e6d00000,0x00000007e6d00000,0x00000007e7400000)
 ParOldGen       total 84992K, used 2950K [0x0000000783200000, 0x0000000788500000, 0x00000007d6600000)
  object space 84992K, 3% used [0x0000000783200000,0x00000007834e1b10,0x0000000788500000)
 PSPermGen       total 21504K, used 15785K [0x0000000778c00000, 0x000000077a100000, 0x0000000783200000)
  object space 21504K, 73% used [0x0000000778c00000,0x0000000779b6a688,0x000000077a100000)
}
Event: 2.835 GC heap before
{Heap before GC invocations=6 (full 0):
 PSYoungGen      total 136192K, used 136185K [0x00000007d6600000, 0x00000007e7400000, 0x0000000800000000)
  eden space 131072K, 100% used [0x00000007d6600000,0x00000007de600000,0x00000007de600000)
  from space 5120K, 99% used [0x00000007de600000,0x00000007deafe570,0x00000007deb00000)
  to   space 7168K, 0% used [0x00000007e6d00000,0x00000007e6d00000,0x00000007e7400000)
 ParOldGen       total 84992K, used 2950K [0x0000000783200000, 0x0000000788500000, 0x00000007d6600000)
  object space 84992K, 3% used [0x0000000783200000,0x00000007834e1b10,0x0000000788500000)
 PSPermGen       total 21504K, used 16549K [0x0000000778c00000, 0x000000077a100000, 0x0000000783200000)
  object space 21504K, 76% used [0x0000000778c00000,0x0000000779c29510,0x000000077a100000)
Event: 2.851 GC heap after
Heap after GC invocations=6 (full 0):
 PSYoungGen      total 268288K, used 7145K [0x00000007d6600000, 0x00000007e7600000, 0x0000000800000000)
  eden space 261120K, 0% used [0x00000007d6600000,0x00000007d6600000,0x00000007e6500000)
  from space 7168K, 99% used [0x00000007e6d00000,0x00000007e73fa540,0x00000007e7400000)
  to   space 8192K, 0% used [0x00000007e6500000,0x00000007e6500000,0x00000007e6d00000)
 ParOldGen       total 84992K, used 3336K [0x0000000783200000, 0x0000000788500000, 0x00000007d6600000)
  object space 84992K, 3% used [0x0000000783200000,0x0000000783542308,0x0000000788500000)
 PSPermGen       total 21504K, used 16549K [0x0000000778c00000, 0x000000077a100000, 0x0000000783200000)
  object space 21504K, 76% used [0x0000000778c00000,0x0000000779c29510,0x000000077a100000)
}
Event: 3.077 GC heap before
{Heap before GC invocations=7 (full 0):
 PSYoungGen      total 268288K, used 268265K [0x00000007d6600000, 0x00000007e7600000, 0x0000000800000000)
  eden space 261120K, 100% used [0x00000007d6600000,0x00000007e6500000,0x00000007e6500000)
  from space 7168K, 99% used [0x00000007e6d00000,0x00000007e73fa540,0x00000007e7400000)
  to   space 8192K, 0% used [0x00000007e6500000,0x00000007e6500000,0x00000007e6d00000)
 ParOldGen       total 84992K, used 3336K [0x0000000783200000, 0x0000000788500000, 0x00000007d6600000)
  object space 84992K, 3% used [0x0000000783200000,0x0000000783542308,0x0000000788500000)
 PSPermGen       total 21504K, used 17183K [0x0000000778c00000, 0x000000077a100000, 0x0000000783200000)
  object space 21504K, 79% used [0x0000000778c00000,0x0000000779cc7e00,0x000000077a100000)

Deoptimization events (0 events):
No events

Internal exceptions (10 events):
Event: 3.074 Thread 0x00007f620400b000 Threw 0x00000007e64c0f78 at /build/java7-openjdk/src/icedtea-2.4.5/openjdk/hotspot/src/share/vm/prims/jvm.cpp:1244
Event: 3.075 Thread 0x00007f620400b000 Threw 0x00000007e64c18a0 at /build/java7-openjdk/src/icedtea-2.4.5/openjdk/hotspot/src/share/vm/prims/jvm.cpp:1244
Event: 3.075 Thread 0x00007f620400b000 Threw 0x00000007e64c4430 at /build/java7-openjdk/src/icedtea-2.4.5/openjdk/hotspot/src/share/vm/prims/jvm.cpp:1244
Event: 3.075 Thread 0x00007f620400b000 Threw 0x00000007e64c4ad8 at /build/java7-openjdk/src/icedtea-2.4.5/openjdk/hotspot/src/share/vm/prims/jvm.cpp:1244
Event: 3.075 Thread 0x00007f620400b000 Threw 0x00000007e64c5080 at /build/java7-openjdk/src/icedtea-2.4.5/openjdk/hotspot/src/share/vm/prims/jvm.cpp:1244
Event: 3.075 Thread 0x00007f620400b000 Threw 0x00000007e64c5528 at /build/java7-openjdk/src/icedtea-2.4.5/openjdk/hotspot/src/share/vm/prims/jvm.cpp:1244
Event: 3.075 Thread 0x00007f620400b000 Threw 0x00000007e64c59d0 at /build/java7-openjdk/src/icedtea-2.4.5/openjdk/hotspot/src/share/vm/prims/jvm.cpp:1244
Event: 3.075 Thread 0x00007f620400b000 Threw 0x00000007e64c5e78 at /build/java7-openjdk/src/icedtea-2.4.5/openjdk/hotspot/src/share/vm/prims/jvm.cpp:1244
Event: 3.075 Thread 0x00007f620400b000 Threw 0x00000007e64c6320 at /build/java7-openjdk/src/icedtea-2.4.5/openjdk/hotspot/src/share/vm/prims/jvm.cpp:1244
Event: 3.075 Thread 0x00007f620400b000 Threw 0x00000007e64c67c8 at /build/java7-openjdk/src/icedtea-2.4.5/openjdk/hotspot/src/share/vm/prims/jvm.cpp:1244

Events (10 events):
Event: 3.056 loading class 0x00007f625cb2a0a0 done
Event: 3.057 loading class 0x00007f61f801e910
Event: 3.057 loading class 0x00007f61f801e910 done
Event: 3.057 loading class 0x00007f625ca59770
Event: 3.057 loading class 0x00007f625ca59770 done
Event: 3.074 loading class 0x00007f6260c6dba0
Event: 3.074 loading class 0x00007f6260c6dba0 done
Event: 3.075 loading class 0x00007f6260c6dba0
Event: 3.075 loading class 0x00007f6260c6dba0 done
Event: 3.076 Executing VM operation: ParallelGCFailedAllocation


Dynamic libraries:
00400000-00401000 r-xp 00000000 08:01 1066915                            /usr/lib/jvm/java-7-openjdk/jre/bin/java
00600000-00601000 rw-p 00000000 08:01 1066915                            /usr/lib/jvm/java-7-openjdk/jre/bin/java
009b1000-009d2000 rw-p 00000000 00:00 0                                  [heap]
778c00000-77a100000 rw-p 00000000 00:00 0 
77a100000-783200000 rw-p 00000000 00:00 0 
783200000-788500000 rw-p 00000000 00:00 0 
788500000-7d6600000 rw-p 00000000 00:00 0 
7d6600000-7d9000000 rw-p 00000000 00:00 0 
7d9000000-7db000000 rw-p 00000000 00:00 0 
7db000000-7df000000 rw-p 00000000 00:00 0 
7df000000-7e7400000 rw-p 00000000 00:00 0 
7e7400000-7e7600000 rw-p 00000000 00:00 0 
7f7500000-800000000 rw-p 00000000 00:00 0 
7f61f4000000-7f61f4021000 rw-p 00000000 00:00 0 
7f61f4021000-7f61f8000000 ---p 00000000 00:00 0 
7f61f8000000-7f61f81ff000 rw-p 00000000 00:00 0 
7f61f81ff000-7f61fc000000 ---p 00000000 00:00 0 
7f61fc000000-7f61fc021000 rw-p 00000000 00:00 0 
7f61fc021000-7f6200000000 ---p 00000000 00:00 0 
7f6200000000-7f6200021000 rw-p 00000000 00:00 0 
7f6200021000-7f6204000000 ---p 00000000 00:00 0 
7f6204000000-7f6204021000 rw-p 00000000 00:00 0 
7f6204021000-7f6208000000 ---p 00000000 00:00 0 
7f6208000000-7f6208021000 rw-p 00000000 00:00 0 
7f6208021000-7f620c000000 ---p 00000000 00:00 0 
7f620c000000-7f620c0d0000 rw-p 00000000 00:00 0 
7f620c0d0000-7f6210000000 ---p 00000000 00:00 0 
7f6210000000-7f6210041000 rw-p 00000000 00:00 0 
7f6210041000-7f6214000000 ---p 00000000 00:00 0 
7f6214000000-7f6214021000 rw-p 00000000 00:00 0 
7f6214021000-7f6218000000 ---p 00000000 00:00 0 
7f6218000000-7f6218021000 rw-p 00000000 00:00 0 
7f6218021000-7f621c000000 ---p 00000000 00:00 0 
7f621c000000-7f621c021000 rw-p 00000000 00:00 0 
7f621c021000-7f6220000000 ---p 00000000 00:00 0 
7f6220000000-7f62203c6000 rw-p 00000000 00:00 0 
7f62203c6000-7f6224000000 ---p 00000000 00:00 0 
7f6224000000-7f6224021000 rw-p 00000000 00:00 0 
7f6224021000-7f6228000000 ---p 00000000 00:00 0 
7f6228000000-7f6228021000 rw-p 00000000 00:00 0 
7f6228021000-7f622c000000 ---p 00000000 00:00 0 
7f622c000000-7f622c021000 rw-p 00000000 00:00 0 
7f622c021000-7f6230000000 ---p 00000000 00:00 0 
7f6230000000-7f6230021000 rw-p 00000000 00:00 0 
7f6230021000-7f6234000000 ---p 00000000 00:00 0 
7f6234000000-7f6234021000 rw-p 00000000 00:00 0 
7f6234021000-7f6238000000 ---p 00000000 00:00 0 
7f623bc60000-7f6240000000 rw-p 00000000 00:00 0 
7f6240000000-7f6240021000 rw-p 00000000 00:00 0 
7f6240021000-7f6244000000 ---p 00000000 00:00 0 
7f6244000000-7f6244021000 rw-p 00000000 00:00 0 
7f6244021000-7f6248000000 ---p 00000000 00:00 0 
7f6248000000-7f6248021000 rw-p 00000000 00:00 0 
7f6248021000-7f624c000000 ---p 00000000 00:00 0 
7f624f176000-7f624f179000 ---p 00000000 00:00 0 
7f624f179000-7f624f277000 rw-p 00000000 00:00 0                          [stack:1123]
7f624f277000-7f624f27a000 ---p 00000000 00:00 0 
7f624f27a000-7f624f378000 rw-p 00000000 00:00 0                          [stack:1121]
7f624f378000-7f624f37b000 ---p 00000000 00:00 0 
7f624f37b000-7f624f479000 rw-p 00000000 00:00 0                          [stack:1120]
7f624f479000-7f624f47c000 ---p 00000000 00:00 0 
7f624f47c000-7f624f57a000 rw-p 00000000 00:00 0                          [stack:1119]
7f624f57a000-7f624f57d000 ---p 00000000 00:00 0 
7f624f57d000-7f624f67b000 rw-p 00000000 00:00 0                          [stack:1117]
7f624f67b000-7f624f67e000 ---p 00000000 00:00 0 
7f624f67e000-7f624f77c000 rw-p 00000000 00:00 0                          [stack:1116]
7f624f77c000-7f624f77f000 ---p 00000000 00:00 0 
7f624f77f000-7f624f87d000 rw-p 00000000 00:00 0                          [stack:1115]
7f624f87d000-7f624f880000 ---p 00000000 00:00 0 
7f624f880000-7f624f97e000 rw-p 00000000 00:00 0                          [stack:1114]
7f624f97e000-7f624f992000 r-xp 00000000 08:01 415986                     /usr/lib/libresolv-2.18.so
7f624f992000-7f624fb91000 ---p 00014000 08:01 415986                     /usr/lib/libresolv-2.18.so
7f624fb91000-7f624fb92000 r--p 00013000 08:01 415986                     /usr/lib/libresolv-2.18.so
7f624fb92000-7f624fb93000 rw-p 00014000 08:01 415986                     /usr/lib/libresolv-2.18.so
7f624fb93000-7f624fb95000 rw-p 00000000 00:00 0 
7f624fb95000-7f624fbfb000 r-xp 00000000 08:01 401632                     /usr/lib/libpcre.so.1.2.2
7f624fbfb000-7f624fdfa000 ---p 00066000 08:01 401632                     /usr/lib/libpcre.so.1.2.2
7f624fdfa000-7f624fdfb000 r--p 00065000 08:01 401632                     /usr/lib/libpcre.so.1.2.2
7f624fdfb000-7f624fdfc000 rw-p 00066000 08:01 401632                     /usr/lib/libpcre.so.1.2.2
7f624fdfc000-7f624fdff000 r-xp 00000000 08:01 401751                     /usr/lib/libgmodule-2.0.so.0.3800.2
7f624fdff000-7f624fffe000 ---p 00003000 08:01 401751                     /usr/lib/libgmodule-2.0.so.0.3800.2
7f624fffe000-7f624ffff000 r--p 00002000 08:01 401751                     /usr/lib/libgmodule-2.0.so.0.3800.2
7f624ffff000-7f6250000000 rw-p 00003000 08:01 401751                     /usr/lib/libgmodule-2.0.so.0.3800.2
7f6250000000-7f6250021000 rw-p 00000000 00:00 0 
7f6250021000-7f6254000000 ---p 00000000 00:00 0 
7f6254049000-7f6254050000 r-xp 00000000 08:01 426254                     /usr/lib/libffi.so.6.0.1
7f6254050000-7f625424f000 ---p 00007000 08:01 426254                     /usr/lib/libffi.so.6.0.1
7f625424f000-7f6254250000 r--p 00006000 08:01 426254                     /usr/lib/libffi.so.6.0.1
7f6254250000-7f6254251000 rw-p 00007000 08:01 426254                     /usr/lib/libffi.so.6.0.1
7f6254251000-7f625434f000 r-xp 00000000 08:01 401750                     /usr/lib/libglib-2.0.so.0.3800.2
7f625434f000-7f625454e000 ---p 000fe000 08:01 401750                     /usr/lib/libglib-2.0.so.0.3800.2
7f625454e000-7f625454f000 r--p 000fd000 08:01 401750                     /usr/lib/libglib-2.0.so.0.3800.2
7f625454f000-7f6254550000 rw-p 000fe000 08:01 401750                     /usr/lib/libglib-2.0.so.0.3800.2
7f6254550000-7f6254551000 rw-p 00000000 00:00 0 
7f6254551000-7f62545a0000 r-xp 00000000 08:01 401753                     /usr/lib/libgobject-2.0.so.0.3800.2
7f62545a0000-7f62547a0000 ---p 0004f000 08:01 401753                     /usr/lib/libgobject-2.0.so.0.3800.2
7f62547a0000-7f62547a1000 r--p 0004f000 08:01 401753                     /usr/lib/libgobject-2.0.so.0.3800.2
7f62547a1000-7f62547a2000 rw-p 00050000 08:01 401753                     /usr/lib/libgobject-2.0.so.0.3800.2
7f62547a2000-7f62548fc000 r-xp 00000000 08:01 401754                     /usr/lib/libgio-2.0.so.0.3800.2
7f62548fc000-7f6254afc000 ---p 0015a000 08:01 401754                     /usr/lib/libgio-2.0.so.0.3800.2
7f6254afc000-7f6254b00000 r--p 0015a000 08:01 401754                     /usr/lib/libgio-2.0.so.0.3800.2
7f6254b00000-7f6254b02000 rw-p 0015e000 08:01 401754                     /usr/lib/libgio-2.0.so.0.3800.2
7f6254b02000-7f6254b04000 rw-p 00000000 00:00 0 
7f6254b04000-7f6254b1a000 r-xp 00000000 08:01 1189445                    /usr/lib/jvm/java-7-openjdk/jre/lib/amd64/libnet.so
7f6254b1a000-7f6254d1a000 ---p 00016000 08:01 1189445                    /usr/lib/jvm/java-7-openjdk/jre/lib/amd64/libnet.so
7f6254d1a000-7f6254d1b000 rw-p 00016000 08:01 1189445                    /usr/lib/jvm/java-7-openjdk/jre/lib/amd64/libnet.so
7f6254d1b000-7f6254d2b000 r-xp 00000000 08:01 1189461                    /usr/lib/jvm/java-7-openjdk/jre/lib/amd64/libnio.so
7f6254d2b000-7f6254f2b000 ---p 00010000 08:01 1189461                    /usr/lib/jvm/java-7-openjdk/jre/lib/amd64/libnio.so
7f6254f2b000-7f6254f2c000 rw-p 00010000 08:01 1189461                    /usr/lib/jvm/java-7-openjdk/jre/lib/amd64/libnio.so
7f6254f2c000-7f6254f68000 r--s 00308000 08:01 3802825                    /home/arne/.m2/repository/org/clojure/clojure/1.4.0/clojure-1.4.0.jar
7f6254f68000-7f6254f69000 ---p 00000000 00:00 0 
7f6254f69000-7f6255069000 rw-p 00000000 00:00 0                          [stack:1113]
7f6255069000-7f625506c000 ---p 00000000 00:00 0 
7f625506c000-7f625516a000 rw-p 00000000 00:00 0                          [stack:1112]
7f625516a000-7f625516d000 ---p 00000000 00:00 0 
7f625516d000-7f625526b000 rw-p 00000000 00:00 0                          [stack:1111]
7f625526b000-7f625526e000 ---p 00000000 00:00 0 
7f625526e000-7f625536c000 rw-p 00000000 00:00 0                          [stack:1110]
7f625536c000-7f625536f000 ---p 00000000 00:00 0 
7f625536f000-7f625546d000 rw-p 00000000 00:00 0                          [stack:1109]
7f625546d000-7f6255470000 ---p 00000000 00:00 0 
7f6255470000-7f625556e000 rw-p 00000000 00:00 0                          [stack:1108]
7f625556e000-7f62556f7000 r--p 00000000 08:01 430481                     /usr/lib/locale/locale-archive
7f62556f7000-7f62556fa000 ---p 00000000 00:00 0 
7f62556fa000-7f62557f8000 rw-p 00000000 00:00 0                          [stack:1107]
7f62557f8000-7f62557fb000 ---p 00000000 00:00 0 
7f62557fb000-7f62558f9000 rw-p 00000000 00:00 0                          [stack:1106]
7f62558f9000-7f62558fa000 ---p 00000000 00:00 0 
7f62558fa000-7f62559fa000 rw-p 00000000 00:00 0                          [stack:1105]
7f62559fa000-7f6255afb000 rw-p 00000000 00:00 0 
7f6255afb000-7f6255bfc000 rw-p 00000000 00:00 0 
7f6255bfc000-7f6255cfd000 rw-p 00000000 00:00 0 
7f6255cfd000-7f6255dfe000 rw-p 00000000 00:00 0 
7f6255dfe000-7f6255eff000 rw-p 00000000 00:00 0 
7f6255eff000-7f6256000000 rw-p 00000000 00:00 0 
7f6256000000-7f6256270000 rwxp 00000000 00:00 0 
7f6256270000-7f6256280000 rwxp 00000000 00:00 0 
7f6256280000-7f6256290000 rwxp 00000000 00:00 0 
7f6256290000-7f62562a0000 rwxp 00000000 00:00 0 
7f62562a0000-7f62562b0000 rwxp 00000000 00:00 0 
7f62562b0000-7f62562c0000 rwxp 00000000 00:00 0 
7f62562c0000-7f62562d0000 rwxp 00000000 00:00 0 
7f62562d0000-7f62562e0000 rwxp 00000000 00:00 0 
7f62562e0000-7f62562f0000 rwxp 00000000 00:00 0 
7f62562f0000-7f6256300000 rwxp 00000000 00:00 0 
7f6256300000-7f6256310000 rwxp 00000000 00:00 0 
7f6256310000-7f6256320000 rwxp 00000000 00:00 0 
7f6256320000-7f6256330000 rwxp 00000000 00:00 0 
7f6256330000-7f6256340000 rwxp 00000000 00:00 0 
7f6256340000-7f6256350000 rwxp 00000000 00:00 0 
7f6256350000-7f6256360000 rwxp 00000000 00:00 0 
7f6256360000-7f6256370000 rwxp 00000000 00:00 0 
7f6256370000-7f6256380000 rwxp 00000000 00:00 0 
7f6256380000-7f6256390000 rwxp 00000000 00:00 0 
7f6256390000-7f62563a0000 rwxp 00000000 00:00 0 
7f62563a0000-7f62563b0000 rwxp 00000000 00:00 0 
7f62563b0000-7f62563c0000 rwxp 00000000 00:00 0 
7f62563c0000-7f62563d0000 rwxp 00000000 00:00 0 
7f62563d0000-7f62563e0000 rwxp 00000000 00:00 0 
7f62563e0000-7f62563f0000 rwxp 00000000 00:00 0 
7f62563f0000-7f6256400000 rwxp 00000000 00:00 0 
7f6256400000-7f6256410000 rwxp 00000000 00:00 0 
7f6256410000-7f6256420000 rwxp 00000000 00:00 0 
7f6256420000-7f6256430000 rwxp 00000000 00:00 0 
7f6256430000-7f6256440000 rwxp 00000000 00:00 0 
7f6256440000-7f6256450000 rwxp 00000000 00:00 0 
7f6256450000-7f6256460000 rwxp 00000000 00:00 0 
7f6256460000-7f6256470000 rwxp 00000000 00:00 0 
7f6256470000-7f625c000000 rw-p 00000000 00:00 0 
7f625c000000-7f625ce79000 rw-p 00000000 00:00 0 
7f625ce79000-7f6260000000 ---p 00000000 00:00 0 
7f626002b000-7f626002c000 rw-p 00000000 00:00 0 
7f626002c000-7f6260031000 r--s 0004c000 08:01 1050008                    /usr/lib/jvm/java-7-openjdk/jre/lib/jsse.jar
7f6260031000-7f6260033000 r--s 0000a000 08:01 3933958                    /home/arne/.m2/repository/org/ow2/asm/asm/4.0/asm-4.0.jar
7f6260033000-7f6260035000 r--s 00008000 08:01 3933963                    /home/arne/.m2/repository/org/ow2/asm/asm-util/4.0/asm-util-4.0.jar
7f6260035000-7f6260037000 r--s 00004000 08:01 3933957                    /home/arne/.m2/repository/org/ow2/asm/asm-tree/4.0/asm-tree-4.0.jar
7f6260037000-7f6260038000 r--s 00000000 08:01 4075728                    /home/arne/.m2/repository/clojure-complete/clojure-complete/0.2.3/clojure-complete-0.2.3.jar
7f6260038000-7f626003b000 r--s 0000c000 08:01 3933964                    /home/arne/.m2/repository/org/pegdown/pegdown/1.2.0/pegdown-1.2.0.jar
7f626003b000-7f626003d000 r--s 00008000 08:01 4075706                    /home/arne/.m2/repository/org/clojure/tools.nrepl/0.2.3/tools.nrepl-0.2.3.jar
7f626003d000-7f6260043000 r--s 00028000 08:01 3933965                    /home/arne/.m2/repository/org/parboiled/parboiled-core/1.1.3/parboiled-core-1.1.3.jar
7f6260043000-7f6260064000 rw-p 00000000 00:00 0 
7f6260064000-7f6260085000 rw-p 00000000 00:00 0 
7f6260085000-7f6260186000 rw-p 00000000 00:00 0 
7f6260186000-7f62601a7000 rw-p 00000000 00:00 0 
7f62601a7000-7f62602a8000 rw-p 00000000 00:00 0 
7f62602a8000-7f62603a9000 rw-p 00000000 00:00 0 
7f62603a9000-7f62604aa000 rw-p 00000000 00:00 0 
7f62604aa000-7f62605ab000 rw-p 00000000 00:00 0 
7f62605ab000-7f62606ac000 rw-p 00000000 00:00 0 
7f62606ac000-7f62607ad000 rw-p 00000000 00:00 0 
7f62607ad000-7f62608ae000 rw-p 00000000 00:00 0 
7f62608ae000-7f62609af000 rw-p 00000000 00:00 0 
7f62609af000-7f62609f7000 rw-p 00000000 00:00 0 
7f62609f7000-7f6260ba5000 r--s 01cf4000 08:01 1049644                    /usr/lib/jvm/java-7-openjdk/jre/lib/rt.jar
7f6260ba5000-7f6260c1b000 rw-p 00000000 00:00 0 
7f6260c1b000-7f6260c76000 rw-p 00000000 00:00 0 
7f6260c76000-7f62610b0000 rw-p 00000000 00:00 0 
7f62610b0000-7f62610b1000 ---p 00000000 00:00 0 
7f62610b1000-7f62611b1000 rw-p 00000000 00:00 0                          [stack:1102]
7f62611b1000-7f62611b2000 ---p 00000000 00:00 0 
7f62611b2000-7f62612b2000 rw-p 00000000 00:00 0                          [stack:1101]
7f62612b2000-7f62612b3000 ---p 00000000 00:00 0 
7f62612b3000-7f62613b3000 rw-p 00000000 00:00 0                          [stack:1100]
7f62613b3000-7f62613b4000 ---p 00000000 00:00 0 
7f62613b4000-7f62614b4000 rw-p 00000000 00:00 0                          [stack:1099]
7f62614b4000-7f62614de000 rw-p 00000000 00:00 0 
7f62614de000-7f626174e000 rw-p 00000000 00:00 0 
7f626174e000-7f6261759000 rw-p 00000000 00:00 0 
7f6261759000-7f62617a1000 rw-p 00000000 00:00 0 
7f62617a1000-7f62617cb000 rw-p 00000000 00:00 0 
7f62617cb000-7f6261a3b000 rw-p 00000000 00:00 0 
7f6261a3b000-7f6261a50000 rw-p 00000000 00:00 0 
7f6261a50000-7f6261a60000 rw-p 00000000 00:00 0 
7f6261a60000-7f6261a80000 rw-p 00000000 00:00 0 
7f6261a80000-7f6261ac2000 rw-p 00000000 00:00 0 
7f6261ac2000-7f6261ac3000 rw-p 00000000 00:00 0 
7f6261ac3000-7f6261b88000 rw-p 00000000 00:00 0 
7f6261b88000-7f6261b89000 rw-p 00000000 00:00 0 
7f6261b89000-7f6261b93000 rw-p 00000000 00:00 0 
7f6261b93000-7f6261b94000 rw-p 00000000 00:00 0 
7f6261b94000-7f6261b95000 rw-p 00000000 00:00 0 
7f6261b95000-7f6261b96000 rw-p 00000000 00:00 0 
7f6261b96000-7f6261b97000 rw-p 00000000 00:00 0 
7f6261b97000-7f6261b98000 rw-p 00000000 00:00 0 
7f6261b98000-7f6261b99000 rw-p 00000000 00:00 0 
7f6261b99000-7f6261b9a000 rw-p 00000000 00:00 0 
7f6261b9a000-7f6261b9b000 rw-p 00000000 00:00 0 
7f6261b9b000-7f6261d09000 rw-p 00000000 00:00 0 
7f6261d09000-7f6261d11000 r-xp 00000000 08:01 1189440                    /usr/lib/jvm/java-7-openjdk/jre/lib/amd64/libzip.so
7f6261d11000-7f6261f10000 ---p 00008000 08:01 1189440                    /usr/lib/jvm/java-7-openjdk/jre/lib/amd64/libzip.so
7f6261f10000-7f6261f11000 rw-p 00007000 08:01 1189440                    /usr/lib/jvm/java-7-openjdk/jre/lib/amd64/libzip.so
7f6261f11000-7f6261f1c000 r-xp 00000000 08:01 395376                     /usr/lib/libnss_files-2.18.so
7f6261f1c000-7f626211c000 ---p 0000b000 08:01 395376                     /usr/lib/libnss_files-2.18.so
7f626211c000-7f626211d000 r--p 0000b000 08:01 395376                     /usr/lib/libnss_files-2.18.so
7f626211d000-7f626211e000 rw-p 0000c000 08:01 395376                     /usr/lib/libnss_files-2.18.so
7f626211e000-7f6262149000 r-xp 00000000 08:01 1189439                    /usr/lib/jvm/java-7-openjdk/jre/lib/amd64/libjava.so
7f6262149000-7f6262348000 ---p 0002b000 08:01 1189439                    /usr/lib/jvm/java-7-openjdk/jre/lib/amd64/libjava.so
7f6262348000-7f626234a000 rw-p 0002a000 08:01 1189439                    /usr/lib/jvm/java-7-openjdk/jre/lib/amd64/libjava.so
7f626234a000-7f6262357000 r-xp 00000000 08:01 1189438                    /usr/lib/jvm/java-7-openjdk/jre/lib/amd64/libverify.so
7f6262357000-7f6262556000 ---p 0000d000 08:01 1189438                    /usr/lib/jvm/java-7-openjdk/jre/lib/amd64/libverify.so
7f6262556000-7f6262558000 rw-p 0000c000 08:01 1189438                    /usr/lib/jvm/java-7-openjdk/jre/lib/amd64/libverify.so
7f6262558000-7f626255f000 r-xp 00000000 08:01 424647                     /usr/lib/librt-2.18.so
7f626255f000-7f626275e000 ---p 00007000 08:01 424647                     /usr/lib/librt-2.18.so
7f626275e000-7f626275f000 r--p 00006000 08:01 424647                     /usr/lib/librt-2.18.so
7f626275f000-7f6262760000 rw-p 00007000 08:01 424647                     /usr/lib/librt-2.18.so
7f6262760000-7f6262775000 r-xp 00000000 08:01 418069                     /usr/lib/libgcc_s.so.1
7f6262775000-7f6262975000 ---p 00015000 08:01 418069                     /usr/lib/libgcc_s.so.1
7f6262975000-7f6262976000 rw-p 00015000 08:01 418069                     /usr/lib/libgcc_s.so.1
7f6262976000-7f6262a77000 r-xp 00000000 08:01 410823                     /usr/lib/libm-2.18.so
7f6262a77000-7f6262c77000 ---p 00101000 08:01 410823                     /usr/lib/libm-2.18.so
7f6262c77000-7f6262c78000 r--p 00101000 08:01 410823                     /usr/lib/libm-2.18.so
7f6262c78000-7f6262c79000 rw-p 00102000 08:01 410823                     /usr/lib/libm-2.18.so
7f6262c79000-7f6262d5f000 r-xp 00000000 08:01 430533                     /usr/lib/libstdc++.so.6.0.19
7f6262d5f000-7f6262f5e000 ---p 000e6000 08:01 430533                     /usr/lib/libstdc++.so.6.0.19
7f6262f5e000-7f6262f66000 r--p 000e5000 08:01 430533                     /usr/lib/libstdc++.so.6.0.19
7f6262f66000-7f6262f68000 rw-p 000ed000 08:01 430533                     /usr/lib/libstdc++.so.6.0.19
7f6262f68000-7f6262f7d000 rw-p 00000000 00:00 0 
7f6262f7d000-7f6263a5e000 r-xp 00000000 08:01 1205318                    /usr/lib/jvm/java-7-openjdk/jre/lib/amd64/server/libjvm.so
7f6263a5e000-7f6263c5d000 ---p 00ae1000 08:01 1205318                    /usr/lib/jvm/java-7-openjdk/jre/lib/amd64/server/libjvm.so
7f6263c5d000-7f6263d11000 rw-p 00ae0000 08:01 1205318                    /usr/lib/jvm/java-7-openjdk/jre/lib/amd64/server/libjvm.so
7f6263d11000-7f6263d3f000 rw-p 00000000 00:00 0 
7f6263d3f000-7f6263d54000 r-xp 00000000 08:01 399561                     /usr/lib/libz.so.1.2.8
7f6263d54000-7f6263f53000 ---p 00015000 08:01 399561                     /usr/lib/libz.so.1.2.8
7f6263f53000-7f6263f54000 r--p 00014000 08:01 399561                     /usr/lib/libz.so.1.2.8
7f6263f54000-7f6263f55000 rw-p 00015000 08:01 399561                     /usr/lib/libz.so.1.2.8
7f6263f55000-7f62640f5000 r-xp 00000000 08:01 410978                     /usr/lib/libc-2.18.so
7f62640f5000-7f62642f5000 ---p 001a0000 08:01 410978                     /usr/lib/libc-2.18.so
7f62642f5000-7f62642f9000 r--p 001a0000 08:01 410978                     /usr/lib/libc-2.18.so
7f62642f9000-7f62642fb000 rw-p 001a4000 08:01 410978                     /usr/lib/libc-2.18.so
7f62642fb000-7f62642ff000 rw-p 00000000 00:00 0 
7f62642ff000-7f6264302000 r-xp 00000000 08:01 424650                     /usr/lib/libdl-2.18.so
7f6264302000-7f6264501000 ---p 00003000 08:01 424650                     /usr/lib/libdl-2.18.so
7f6264501000-7f6264502000 r--p 00002000 08:01 424650                     /usr/lib/libdl-2.18.so
7f6264502000-7f6264503000 rw-p 00003000 08:01 424650                     /usr/lib/libdl-2.18.so
7f6264503000-7f6264510000 r-xp 00000000 08:01 1200649                    /usr/lib/jvm/java-7-openjdk/jre/lib/amd64/jli/libjli.so
7f6264510000-7f626470f000 ---p 0000d000 08:01 1200649                    /usr/lib/jvm/java-7-openjdk/jre/lib/amd64/jli/libjli.so
7f626470f000-7f6264710000 rw-p 0000c000 08:01 1200649                    /usr/lib/jvm/java-7-openjdk/jre/lib/amd64/jli/libjli.so
7f6264710000-7f6264728000 r-xp 00000000 08:01 399754                     /usr/lib/libpthread-2.18.so
7f6264728000-7f6264927000 ---p 00018000 08:01 399754                     /usr/lib/libpthread-2.18.so
7f6264927000-7f6264928000 r--p 00017000 08:01 399754                     /usr/lib/libpthread-2.18.so
7f6264928000-7f6264929000 rw-p 00018000 08:01 399754                     /usr/lib/libpthread-2.18.so
7f6264929000-7f626492d000 rw-p 00000000 00:00 0 
7f626492d000-7f626494d000 r-xp 00000000 08:01 401387                     /usr/lib/ld-2.18.so
7f626494d000-7f626494e000 r--s 00002000 08:01 3933971                    /home/arne/.m2/repository/hiccup/hiccup/1.0.2/hiccup-1.0.2.jar
7f626494e000-7f626496f000 rw-p 00000000 00:00 0 
7f626496f000-7f6264997000 rw-p 00000000 00:00 0 
7f6264997000-7f62649c2000 rw-p 00000000 00:00 0 
7f62649c2000-7f62649cd000 rw-p 00000000 00:00 0 
7f62649cd000-7f6264a15000 rw-p 00000000 00:00 0 
7f6264a15000-7f6264a18000 ---p 00000000 00:00 0 
7f6264a18000-7f6264b16000 rw-p 00000000 00:00 0                          [stack:1096]
7f6264b16000-7f6264b17000 rw-p 00000000 00:00 0 
7f6264b17000-7f6264b18000 rw-p 00000000 00:00 0 
7f6264b18000-7f6264b19000 rw-p 00000000 00:00 0 
7f6264b19000-7f6264b1a000 rw-p 00000000 00:00 0 
7f6264b1a000-7f6264b1b000 r--s 00004000 08:01 3933962                    /home/arne/.m2/repository/org/ow2/asm/asm-analysis/4.0/asm-analysis-4.0.jar
7f6264b1b000-7f6264b1d000 r--s 00010000 08:01 3933959                    /home/arne/.m2/repository/org/parboiled/parboiled-java/1.1.3/parboiled-java-1.1.3.jar
7f6264b1d000-7f6264b20000 r--s 0000f000 08:01 1051604                    /usr/lib/jvm/java-7-openjdk/jre/lib/ext/pulse-java.jar
7f6264b20000-7f6264b41000 rw-p 00000000 00:00 0 
7f6264b41000-7f6264b49000 rw-s 00000000 00:1e 16812322                   /tmp/hsperfdata_arne/1094
7f6264b49000-7f6264b4a000 rw-p 00000000 00:00 0 
7f6264b4a000-7f6264b4b000 ---p 00000000 00:00 0 
7f6264b4b000-7f6264b4c000 rw-p 00000000 00:00 0 
7f6264b4c000-7f6264b4d000 r--p 0001f000 08:01 401387                     /usr/lib/ld-2.18.so
7f6264b4d000-7f6264b4e000 rw-p 00020000 08:01 401387                     /usr/lib/ld-2.18.so
7f6264b4e000-7f6264b4f000 rw-p 00000000 00:00 0 
7ffff0743000-7ffff0764000 rw-p 00000000 00:00 0                          [stack]
7ffff07f4000-7ffff07f6000 r-xp 00000000 00:00 0                          [vdso]
ffffffffff600000-ffffffffff601000 r-xp 00000000 00:00 0                  [vsyscall]

VM Arguments:
jvm_args: -XX:+TieredCompilation -XX:TieredStopAtLevel=1 -Dclojure.compile.path=/home/arne/code/blockstorm.github.com/generator/target/classes -Dgenerator.version=0.1.0-SNAPSHOT -Dfile.encoding=UTF-8 -Dclojure.debug=false -Dawt.useSystemAAFontSettings=on -Dswing.aatext=true -Dswing.defaultlaf=com.sun.java.swing.plaf.gtk.GTKLookAndFeel -Dswing.crossplatformlaf=com.sun.java.swing.plaf.gtk.GTKLookAndFeel 
java_command: clojure.main -i /tmp/form-init2603653270469759187.clj
Launcher Type: SUN_STANDARD

Environment Variables:
JAVA_HOME=/usr/lib/jvm/java-7-openjdk
_JAVA_OPTIONS=-Dawt.useSystemAAFontSettings=on -Dswing.aatext=true -Dswing.defaultlaf=com.sun.java.swing.plaf.gtk.GTKLookAndFeel -Dswing.crossplatformlaf=com.sun.java.swing.plaf.gtk.GTKLookAndFeel
CLASSPATH=:/home/arne/.lein/self-installs/leiningen-2.3.4-standalone.jar
PATH=/usr/local/sbin:/usr/local/bin:/usr/bin:/opt/android-sdk/platform-tools:/opt/android-sdk/tools:/usr/bin/vendor_perl:/usr/bin/core_perl
SHELL=/bin/bash
DISPLAY=:0.0

Signal Handlers:
SIGSEGV: [libjvm.so+0x918a20], sa_mask[0]=0x7ffbfeff, sa_flags=0x10000004
SIGBUS: [libjvm.so+0x918a20], sa_mask[0]=0x7ffbfeff, sa_flags=0x10000004
SIGFPE: [libjvm.so+0x796090], sa_mask[0]=0x7ffbfeff, sa_flags=0x10000004
SIGPIPE: [libjvm.so+0x796090], sa_mask[0]=0x7ffbfeff, sa_flags=0x10000004
SIGXFSZ: [libjvm.so+0x796090], sa_mask[0]=0x7ffbfeff, sa_flags=0x10000004
SIGILL: [libjvm.so+0x796090], sa_mask[0]=0x7ffbfeff, sa_flags=0x10000004
SIGUSR1: SIG_DFL, sa_mask[0]=0x00000000, sa_flags=0x00000000
SIGUSR2: [libjvm.so+0x795f30], sa_mask[0]=0x00000004, sa_flags=0x10000004
SIGHUP: [libjvm.so+0x796110], sa_mask[0]=0x7ffbfeff, sa_flags=0x10000004
SIGINT: [libjvm.so+0x796110], sa_mask[0]=0x7ffbfeff, sa_flags=0x10000004
SIGTERM: [libjvm.so+0x796110], sa_mask[0]=0x7ffbfeff, sa_flags=0x10000004
SIGQUIT: [libjvm.so+0x796110], sa_mask[0]=0x7ffbfeff, sa_flags=0x10000004


---------------  S Y S T E M  ---------------

OS:Linux
uname:Linux 3.12.7-2-ARCH #1 SMP PREEMPT Sun Jan 12 13:09:09 CET 2014 x86_64
libc:glibc 2.18 NPTL 2.18 
rlimit: STACK 8192k, CORE 0k, NPROC 63340, NOFILE 4096, AS infinity
load average:7.75 4.14 2.88

/proc/meminfo:
MemTotal:        8179220 kB
MemFree:          171032 kB
Buffers:            2480 kB
Cached:          1378580 kB
SwapCached:            0 kB
Active:          6209884 kB
Inactive:        1288184 kB
Active(anon):    6122796 kB
Inactive(anon):  1202552 kB
Active(file):      87088 kB
Inactive(file):    85632 kB
Unevictable:          20 kB
Mlocked:              20 kB
SwapTotal:             0 kB
SwapFree:              0 kB
Dirty:                72 kB
Writeback:             0 kB
AnonPages:       6117144 kB
Mapped:           257832 kB
Shmem:           1208340 kB
Slab:              92420 kB
SReclaimable:      34760 kB
SUnreclaim:        57660 kB
KernelStack:        4744 kB
PageTables:        70784 kB
NFS_Unstable:          0 kB
Bounce:                0 kB
WritebackTmp:          0 kB
CommitLimit:     4089608 kB
Committed_AS:   11282208 kB
VmallocTotal:   34359738367 kB
VmallocUsed:      359064 kB
VmallocChunk:   34359364084 kB
HardwareCorrupted:     0 kB
AnonHugePages:   1126400 kB
HugePages_Total:       0
HugePages_Free:        0
HugePages_Rsvd:        0
HugePages_Surp:        0
Hugepagesize:       2048 kB
DirectMap4k:     7327680 kB
DirectMap2M:     1058816 kB
DirectMap1G:           0 kB


CPU:total 4 (4 cores per cpu, 1 threads per core) family 16 model 4 stepping 3, cmov, cx8, fxsr, mmx, sse, sse2, sse3, popcnt, mmxext, 3dnowpref, lzcnt, sse4a, tsc, tscinvbit, tscinv

/proc/cpuinfo:
processor	: 0
vendor_id	: AuthenticAMD
cpu family	: 16
model		: 4
model name	: AMD Phenom(tm) II X4 955 Processor
stepping	: 3
microcode	: 0x10000c8
cpu MHz		: 3200.000
cache size	: 512 KB
physical id	: 0
siblings	: 4
core id		: 0
cpu cores	: 4
apicid		: 0
initial apicid	: 0
fpu		: yes
fpu_exception	: yes
cpuid level	: 5
wp		: yes
flags		: fpu vme de pse tsc msr pae mce cx8 apic sep mtrr pge mca cmov pat pse36 clflush mmx fxsr sse sse2 ht syscall nx mmxext fxsr_opt pdpe1gb rdtscp lm 3dnowext 3dnow constant_tsc rep_good nopl nonstop_tsc extd_apicid pni monitor cx16 popcnt lahf_lm cmp_legacy svm extapic cr8_legacy abm sse4a misalignsse 3dnowprefetch osvw ibs skinit wdt hw_pstate npt lbrv svm_lock nrip_save
bogomips	: 6431.12
TLB size	: 1024 4K pages
clflush size	: 64
cache_alignment	: 64
address sizes	: 48 bits physical, 48 bits virtual
power management: ts ttp tm stc 100mhzsteps hwpstate

processor	: 1
vendor_id	: AuthenticAMD
cpu family	: 16
model		: 4
model name	: AMD Phenom(tm) II X4 955 Processor
stepping	: 3
microcode	: 0x10000c8
cpu MHz		: 3200.000
cache size	: 512 KB
physical id	: 0
siblings	: 4
core id		: 1
cpu cores	: 4
apicid		: 1
initial apicid	: 1
fpu		: yes
fpu_exception	: yes
cpuid level	: 5
wp		: yes
flags		: fpu vme de pse tsc msr pae mce cx8 apic sep mtrr pge mca cmov pat pse36 clflush mmx fxsr sse sse2 ht syscall nx mmxext fxsr_opt pdpe1gb rdtscp lm 3dnowext 3dnow constant_tsc rep_good nopl nonstop_tsc extd_apicid pni monitor cx16 popcnt lahf_lm cmp_legacy svm extapic cr8_legacy abm sse4a misalignsse 3dnowprefetch osvw ibs skinit wdt hw_pstate npt lbrv svm_lock nrip_save
bogomips	: 6431.12
TLB size	: 1024 4K pages
clflush size	: 64
cache_alignment	: 64
address sizes	: 48 bits physical, 48 bits virtual
power management: ts ttp tm stc 100mhzsteps hwpstate

processor	: 2
vendor_id	: AuthenticAMD
cpu family	: 16
model		: 4
model name	: AMD Phenom(tm) II X4 955 Processor
stepping	: 3
microcode	: 0x10000c8
cpu MHz		: 3200.000
cache size	: 512 KB
physical id	: 0
siblings	: 4
core id		: 3
cpu cores	: 4
apicid		: 2
initial apicid	: 3
fpu		: yes
fpu_exception	: yes
cpuid level	: 5
wp		: yes
flags		: fpu vme de pse tsc msr pae mce cx8 apic sep mtrr pge mca cmov pat pse36 clflush mmx fxsr sse sse2 ht syscall nx mmxext fxsr_opt pdpe1gb rdtscp lm 3dnowext 3dnow constant_tsc rep_good nopl nonstop_tsc extd_apicid pni monitor cx16 popcnt lahf_lm cmp_legacy svm extapic cr8_legacy abm sse4a misalignsse 3dnowprefetch osvw ibs skinit wdt hw_pstate npt lbrv svm_lock nrip_save
bogomips	: 6431.12
TLB size	: 1024 4K pages
clflush size	: 64
cache_alignment	: 64
address sizes	: 48 bits physical, 48 bits virtual
power management: ts ttp tm stc 100mhzsteps hwpstate

processor	: 3
vendor_id	: AuthenticAMD
cpu family	: 16
model		: 4
model name	: AMD Phenom(tm) II X4 955 Processor
stepping	: 3
microcode	: 0x10000c8
cpu MHz		: 3200.000
cache size	: 512 KB
physical id	: 0
siblings	: 4
core id		: 2
cpu cores	: 4
apicid		: 3
initial apicid	: 2
fpu		: yes
fpu_exception	: yes
cpuid level	: 5
wp		: yes
flags		: fpu vme de pse tsc msr pae mce cx8 apic sep mtrr pge mca cmov pat pse36 clflush mmx fxsr sse sse2 ht syscall nx mmxext fxsr_opt pdpe1gb rdtscp lm 3dnowext 3dnow constant_tsc rep_good nopl nonstop_tsc extd_apicid pni monitor cx16 popcnt lahf_lm cmp_legacy svm extapic cr8_legacy abm sse4a misalignsse 3dnowprefetch osvw ibs skinit wdt hw_pstate npt lbrv svm_lock nrip_save
bogomips	: 6431.12
TLB size	: 1024 4K pages
clflush size	: 64
cache_alignment	: 64
address sizes	: 48 bits physical, 48 bits virtual
power management: ts ttp tm stc 100mhzsteps hwpstate



Memory: 4k page, physical 8179220k(171032k free), swap 0k(0k free)

vm_info: OpenJDK 64-Bit Server VM (24.51-b03) for linux-amd64 JRE (1.7.0_51-b31), built on Jan 29 2014 14:05:34 by "nobody" with gcc 4.8.2 20131219 (prerelease)

time: Mon Feb 10 16:09:31 2014
elapsed time: 3 seconds

