#
# There is insufficient memory for the Java Runtime Environment to continue.
# Native memory allocation (malloc) failed to allocate 268435456 bytes for committing reserved memory.
# Possible reasons:
#   The system is out of physical RAM or swap space
#   In 32 bit mode, the process size limit was hit
# Possible solutions:
#   Reduce memory load on the system
#   Increase physical memory or swap space
#   Check if swap backing store is full
#   Use 64 bit Java on a 64 bit OS
#   Decrease Java heap size (-Xmx/-Xms)
#   Decrease number of Java threads
#   Decrease Java thread stack sizes (-Xss)
#   Set larger code cache with -XX:ReservedCodeCacheSize=
# This output file may be truncated or incomplete.
#
#  Out of Memory Error (os_linux.cpp:2769), pid=15683, tid=140533268711168
#
# JRE version: OpenJDK Runtime Environment (7.0_51-b31) (build 1.7.0_51-b31)
# Java VM: OpenJDK 64-Bit Server VM (24.51-b03 mixed mode linux-amd64 compressed oops)
# Failed to write core dump. Core dumps have been disabled. To enable core dumping, try "ulimit -c unlimited" before starting Java again
#

---------------  T H R E A D  ---------------

Current thread (0x00007fd08007e000):  VMThread [stack: 0x00007fd0737f8000,0x00007fd0738f9000] [id=15689]

Stack: [0x00007fd0737f8000,0x00007fd0738f9000],  sp=0x00007fd0738f74c0,  free space=1021k
Native frames: (J=compiled Java code, j=interpreted, Vv=VM code, C=native code)
V  [libjvm.so+0x917f29]  JVM_handle_linux_signal+0x177939
V  [libjvm.so+0x467d44]  dlerror+0x467d44
V  [libjvm.so+0x79a9db]  JVM_FindSignal+0x18cf6b
V  [libjvm.so+0x79534f]  JVM_FindSignal+0x1878df
V  [libjvm.so+0x8056ab]  JVM_handle_linux_signal+0x650bb
V  [libjvm.so+0x806500]  JVM_handle_linux_signal+0x65f10
V  [libjvm.so+0x806bfb]  JVM_handle_linux_signal+0x6660b
V  [libjvm.so+0x802edf]  JVM_handle_linux_signal+0x628ef
V  [libjvm.so+0x8036a8]  JVM_handle_linux_signal+0x630b8
V  [libjvm.so+0x7b9d93]  JVM_handle_linux_signal+0x197a3
V  [libjvm.so+0x919944]  JVM_handle_linux_signal+0x179354
V  [libjvm.so+0x91df97]  JVM_handle_linux_signal+0x17d9a7
V  [libjvm.so+0x91c968]  JVM_handle_linux_signal+0x17c378
V  [libjvm.so+0x91cdc9]  JVM_handle_linux_signal+0x17c7d9
V  [libjvm.so+0x91d212]  JVM_handle_linux_signal+0x17cc22
V  [libjvm.so+0x7976b2]  JVM_FindSignal+0x189c42

VM_Operation (0x00007fd070356d90): ParallelGCFailedAllocation, mode: safepoint, requested by thread 0x00007fd0804af800


---------------  P R O C E S S  ---------------

Java Threads: ( => current thread )
  0x00007fd020021800 JavaThread "ClosingPipeCloser 1198425098" daemon [_thread_blocked, id=15716, stack(0x00007fd06b9fa000,0x00007fd06bafb000)]
  0x00007fd02001f800 JavaThread "PipeThread 1198425098" daemon [_thread_blocked, id=15715, stack(0x00007fd06bafb000,0x00007fd06bbfc000)]
  0x00007fd02001e000 JavaThread "PipeThread 686493021" daemon [_thread_in_native, id=15712, stack(0x00007fd06bbfc000,0x00007fd06bcfd000)]
  0x00007fd02001c000 JavaThread "PipeThread 498058613" daemon [_thread_in_native, id=15710, stack(0x00007fd06bcfd000,0x00007fd06bdfe000)]
  0x00007fd02001a800 JavaThread "process reaper" daemon [_thread_in_native, id=15705, stack(0x00007fd07001d000,0x00007fd070056000)]
  0x00007fd0804ff000 JavaThread "clojure-agent-send-off-pool-3" [_thread_blocked, id=15702, stack(0x00007fd06bdfe000,0x00007fd06beff000)]
  0x00007fd0804fd000 JavaThread "Thread-4" [_thread_blocked, id=15701, stack(0x00007fd06beff000,0x00007fd06c000000)]
  0x00007fd0804fb800 JavaThread "clojure-agent-send-off-pool-2" [_thread_in_native, id=15700, stack(0x00007fd070056000,0x00007fd070157000)]
  0x00007fd0804ef800 JavaThread "clojure-agent-send-off-pool-1" [_thread_blocked, id=15699, stack(0x00007fd070157000,0x00007fd070258000)]
  0x00007fd0804af800 JavaThread "clojure-agent-send-off-pool-0" [_thread_blocked, id=15698, stack(0x00007fd070258000,0x00007fd070359000)]
  0x00007fd0800b0800 JavaThread "Service Thread" daemon [_thread_blocked, id=15696, stack(0x00007fd072f68000,0x00007fd073069000)]
  0x00007fd0800ae800 JavaThread "C1 CompilerThread2" daemon [_thread_blocked, id=15695, stack(0x00007fd073069000,0x00007fd07316a000)]
  0x00007fd0800ac800 JavaThread "C2 CompilerThread1" daemon [_thread_blocked, id=15694, stack(0x00007fd07316a000,0x00007fd07326b000)]
  0x00007fd0800a9800 JavaThread "C2 CompilerThread0" daemon [_thread_blocked, id=15693, stack(0x00007fd07326b000,0x00007fd07336c000)]
  0x00007fd0800a7800 JavaThread "Signal Dispatcher" daemon [_thread_blocked, id=15692, stack(0x00007fd07336c000,0x00007fd07346d000)]
  0x00007fd080084000 JavaThread "Finalizer" daemon [_thread_blocked, id=15691, stack(0x00007fd0735f6000,0x00007fd0736f7000)]
  0x00007fd080082000 JavaThread "Reference Handler" daemon [_thread_blocked, id=15690, stack(0x00007fd0736f7000,0x00007fd0737f8000)]
  0x00007fd080009000 JavaThread "main" [_thread_blocked, id=15684, stack(0x00007fd086a29000,0x00007fd086b2a000)]

Other Threads:
=>0x00007fd08007e000 VMThread [stack: 0x00007fd0737f8000,0x00007fd0738f9000] [id=15689]
  0x00007fd0800bb800 WatcherThread [stack: 0x00007fd072e67000,0x00007fd072f68000] [id=15697]

VM state:at safepoint (normal execution)

VM Mutex/Monitor currently owned by a thread:  ([mutex/lock_event])
[0x00007fd080006db0] Threads_lock - owner thread: 0x00007fd08007e000
[0x00007fd0800072b0] Heap_lock - owner thread: 0x00007fd0804af800

Heap
 PSYoungGen      total 270336K, used 6048K [0x00000007d6600000, 0x00000007e7600000, 0x0000000800000000)
  eden space 262144K, 0% used [0x00000007d6600000,0x00000007d6600000,0x00000007e6600000)
  from space 8192K, 73% used [0x00000007e6600000,0x00000007e6be8020,0x00000007e6e00000)
  to   space 7680K, 0% used [0x00000007e6e80000,0x00000007e6e80000,0x00000007e7600000)
 ParOldGen       total 84992K, used 10953K [0x0000000783200000, 0x0000000788500000, 0x00000007d6600000)
  object space 84992K, 12% used [0x0000000783200000,0x0000000783cb26a0,0x0000000788500000)
 PSPermGen       total 25600K, used 25445K [0x0000000778c00000, 0x000000077a500000, 0x0000000783200000)
  object space 25600K, 99% used [0x0000000778c00000,0x000000077a4d97e8,0x000000077a500000)

Card table byte_map: [0x00007fd079630000,0x00007fd079a6b000] byte_map_base: 0x00007fd075a6a000

Polling page: 0x00007fd086b5e000

Code Cache  [0x00007fd079beb000, 0x00007fd07a0db000, 0x00007fd07fbeb000)
 total_blobs=2487 nmethods=2166 adapters=256 free_code_cache=93271Kb largest_free_block=95509504

Compilation events (10 events):
Event: 3.184 Thread 0x00007fd0800ae800 2163       1       clojure.lang.MultiFn::getFn (40 bytes)
Event: 3.185 Thread 0x00007fd0800ae800 nmethod 2163 0x00007fd07a0d26d0 code [0x00007fd07a0d28a0, 0x00007fd07a0d2f48]
Event: 3.185 Thread 0x00007fd0800ae800 2167       1       java.util.regex.Pattern::atom (378 bytes)
Event: 3.187 Thread 0x00007fd0800ae800 nmethod 2167 0x00007fd07a0d3410 code [0x00007fd07a0d3600, 0x00007fd07a0d3dd8]
Event: 3.190 Thread 0x00007fd0800ae800 2168       1       java.lang.ProcessEnvironment$ExternalData::getBytes (5 bytes)
Event: 3.190 Thread 0x00007fd0800ae800 nmethod 2168 0x00007fd07a0d4490 code [0x00007fd07a0d45e0, 0x00007fd07a0d4730]
Event: 3.227 Thread 0x00007fd0800ae800 2169       1       clojure.core$super_chain::invoke (55 bytes)
Event: 3.227 Thread 0x00007fd0800ae800 nmethod 2169 0x00007fd07a0d49d0 code [0x00007fd07a0d4b60, 0x00007fd07a0d4e68]
Event: 3.248 Thread 0x00007fd0800ae800 2170       1       java.nio.Buffer::limit (62 bytes)
Event: 3.248 Thread 0x00007fd0800ae800 nmethod 2170 0x00007fd07a0d5010 code [0x00007fd07a0d5180, 0x00007fd07a0d5388]

GC Heap History (10 events):
Event: 1.401 GC heap after
Heap after GC invocations=2 (full 0):
 PSYoungGen      total 70656K, used 5104K [0x00000007d6600000, 0x00000007db000000, 0x0000000800000000)
  eden space 65536K, 0% used [0x00000007d6600000,0x00000007d6600000,0x00000007da600000)
  from space 5120K, 99% used [0x00000007dab00000,0x00000007daffc010,0x00000007db000000)
  to   space 5120K, 0% used [0x00000007da600000,0x00000007da600000,0x00000007dab00000)
 ParOldGen       total 84992K, used 664K [0x0000000783200000, 0x0000000788500000, 0x00000007d6600000)
  object space 84992K, 0% used [0x0000000783200000,0x00000007832a6218,0x0000000788500000)
 PSPermGen       total 21504K, used 17101K [0x0000000778c00000, 0x000000077a100000, 0x0000000783200000)
  object space 21504K, 79% used [0x0000000778c00000,0x0000000779cb36b8,0x000000077a100000)
}
Event: 2.115 GC heap before
{Heap before GC invocations=3 (full 0):
 PSYoungGen      total 70656K, used 70640K [0x00000007d6600000, 0x00000007db000000, 0x0000000800000000)
  eden space 65536K, 100% used [0x00000007d6600000,0x00000007da600000,0x00000007da600000)
  from space 5120K, 99% used [0x00000007dab00000,0x00000007daffc010,0x00000007db000000)
  to   space 5120K, 0% used [0x00000007da600000,0x00000007da600000,0x00000007dab00000)
 ParOldGen       total 84992K, used 664K [0x0000000783200000, 0x0000000788500000, 0x00000007d6600000)
  object space 84992K, 0% used [0x0000000783200000,0x00000007832a6218,0x0000000788500000)
 PSPermGen       total 23552K, used 23078K [0x0000000778c00000, 0x000000077a300000, 0x0000000783200000)
  object space 23552K, 97% used [0x0000000778c00000,0x000000077a289bc0,0x000000077a300000)
Event: 2.137 GC heap after
Heap after GC invocations=3 (full 0):
 PSYoungGen      total 70656K, used 5120K [0x00000007d6600000, 0x00000007df000000, 0x0000000800000000)
  eden space 65536K, 0% used [0x00000007d6600000,0x00000007d6600000,0x00000007da600000)
  from space 5120K, 100% used [0x00000007da600000,0x00000007dab00000,0x00000007dab00000)
  to   space 5120K, 0% used [0x00000007deb00000,0x00000007deb00000,0x00000007df000000)
 ParOldGen       total 84992K, used 3709K [0x0000000783200000, 0x0000000788500000, 0x00000007d6600000)
  object space 84992K, 4% used [0x0000000783200000,0x000000078359f6c0,0x0000000788500000)
 PSPermGen       total 23552K, used 23078K [0x0000000778c00000, 0x000000077a300000, 0x0000000783200000)
  object space 23552K, 97% used [0x0000000778c00000,0x000000077a289bc0,0x000000077a300000)
}
Event: 2.291 GC heap before
{Heap before GC invocations=4 (full 0):
 PSYoungGen      total 70656K, used 70656K [0x00000007d6600000, 0x00000007df000000, 0x0000000800000000)
  eden space 65536K, 100% used [0x00000007d6600000,0x00000007da600000,0x00000007da600000)
  from space 5120K, 100% used [0x00000007da600000,0x00000007dab00000,0x00000007dab00000)
  to   space 5120K, 0% used [0x00000007deb00000,0x00000007deb00000,0x00000007df000000)
 ParOldGen       total 84992K, used 3709K [0x0000000783200000, 0x0000000788500000, 0x00000007d6600000)
  object space 84992K, 4% used [0x0000000783200000,0x000000078359f6c0,0x0000000788500000)
 PSPermGen       total 23552K, used 23078K [0x0000000778c00000, 0x000000077a300000, 0x0000000783200000)
  object space 23552K, 97% used [0x0000000778c00000,0x000000077a289bc0,0x000000077a300000)
Event: 2.309 GC heap after
Heap after GC invocations=4 (full 0):
 PSYoungGen      total 136192K, used 5120K [0x00000007d6600000, 0x00000007df000000, 0x0000000800000000)
  eden space 131072K, 0% used [0x00000007d6600000,0x00000007d6600000,0x00000007de600000)
  from space 5120K, 100% used [0x00000007deb00000,0x00000007df000000,0x00000007df000000)
  to   space 5120K, 0% used [0x00000007de600000,0x00000007de600000,0x00000007deb00000)
 ParOldGen       total 84992K, used 4741K [0x0000000783200000, 0x0000000788500000, 0x00000007d6600000)
  object space 84992K, 5% used [0x0000000783200000,0x00000007836a16c0,0x0000000788500000)
 PSPermGen       total 23552K, used 23078K [0x0000000778c00000, 0x000000077a300000, 0x0000000783200000)
  object space 23552K, 97% used [0x0000000778c00000,0x000000077a289bc0,0x000000077a300000)
}
Event: 2.652 GC heap before
{Heap before GC invocations=5 (full 0):
 PSYoungGen      total 136192K, used 136192K [0x00000007d6600000, 0x00000007df000000, 0x0000000800000000)
  eden space 131072K, 100% used [0x00000007d6600000,0x00000007de600000,0x00000007de600000)
  from space 5120K, 100% used [0x00000007deb00000,0x00000007df000000,0x00000007df000000)
  to   space 5120K, 0% used [0x00000007de600000,0x00000007de600000,0x00000007deb00000)
 ParOldGen       total 84992K, used 4741K [0x0000000783200000, 0x0000000788500000, 0x00000007d6600000)
  object space 84992K, 5% used [0x0000000783200000,0x00000007836a16c0,0x0000000788500000)
 PSPermGen       total 23552K, used 23078K [0x0000000778c00000, 0x000000077a300000, 0x0000000783200000)
  object space 23552K, 97% used [0x0000000778c00000,0x000000077a289bc0,0x000000077a300000)
Event: 2.686 GC heap after
Heap after GC invocations=5 (full 0):
 PSYoungGen      total 136192K, used 5120K [0x00000007d6600000, 0x00000007e7700000, 0x0000000800000000)
  eden space 131072K, 0% used [0x00000007d6600000,0x00000007d6600000,0x00000007de600000)
  from space 5120K, 100% used [0x00000007de600000,0x00000007deb00000,0x00000007deb00000)
  to   space 8704K, 0% used [0x00000007e6e80000,0x00000007e6e80000,0x00000007e7700000)
 ParOldGen       total 84992K, used 6741K [0x0000000783200000, 0x0000000788500000, 0x00000007d6600000)
  object space 84992K, 7% used [0x0000000783200000,0x00000007838956c0,0x0000000788500000)
 PSPermGen       total 23552K, used 23078K [0x0000000778c00000, 0x000000077a300000, 0x0000000783200000)
  object space 23552K, 97% used [0x0000000778c00000,0x000000077a289bc0,0x000000077a300000)
}
Event: 2.999 GC heap before
{Heap before GC invocations=6 (full 0):
 PSYoungGen      total 136192K, used 136192K [0x00000007d6600000, 0x00000007e7700000, 0x0000000800000000)
  eden space 131072K, 100% used [0x00000007d6600000,0x00000007de600000,0x00000007de600000)
  from space 5120K, 100% used [0x00000007de600000,0x00000007deb00000,0x00000007deb00000)
  to   space 8704K, 0% used [0x00000007e6e80000,0x00000007e6e80000,0x00000007e7700000)
 ParOldGen       total 84992K, used 6741K [0x0000000783200000, 0x0000000788500000, 0x00000007d6600000)
  object space 84992K, 7% used [0x0000000783200000,0x00000007838956c0,0x0000000788500000)
 PSPermGen       total 25088K, used 24767K [0x0000000778c00000, 0x000000077a480000, 0x0000000783200000)
  object space 25088K, 98% used [0x0000000778c00000,0x000000077a42fc68,0x000000077a480000)
Event: 3.016 GC heap after
Heap after GC invocations=6 (full 0):
 PSYoungGen      total 269824K, used 6800K [0x00000007d6600000, 0x00000007e7600000, 0x0000000800000000)
  eden space 262144K, 0% used [0x00000007d6600000,0x00000007d6600000,0x00000007e6600000)
  from space 7680K, 88% used [0x00000007e6e80000,0x00000007e7524030,0x00000007e7600000)
  to   space 8192K, 0% used [0x00000007e6600000,0x00000007e6600000,0x00000007e6e00000)
 ParOldGen       total 84992K, used 6749K [0x0000000783200000, 0x0000000788500000, 0x00000007d6600000)
  object space 84992K, 7% used [0x0000000783200000,0x00000007838976c0,0x0000000788500000)
 PSPermGen       total 25088K, used 24767K [0x0000000778c00000, 0x000000077a480000, 0x0000000783200000)
  object space 25088K, 98% used [0x0000000778c00000,0x000000077a42fc68,0x000000077a480000)
}
Event: 3.331 GC heap before
{Heap before GC invocations=7 (full 0):
 PSYoungGen      total 269824K, used 268944K [0x00000007d6600000, 0x00000007e7600000, 0x0000000800000000)
  eden space 262144K, 100% used [0x00000007d6600000,0x00000007e6600000,0x00000007e6600000)
  from space 7680K, 88% used [0x00000007e6e80000,0x00000007e7524030,0x00000007e7600000)
  to   space 8192K, 0% used [0x00000007e6600000,0x00000007e6600000,0x00000007e6e00000)
 ParOldGen       total 84992K, used 6749K [0x0000000783200000, 0x0000000788500000, 0x00000007d6600000)
  object space 84992K, 7% used [0x0000000783200000,0x00000007838976c0,0x0000000788500000)
 PSPermGen       total 25600K, used 25445K [0x0000000778c00000, 0x000000077a500000, 0x0000000783200000)
  object space 25600K, 99% used [0x0000000778c00000,0x000000077a4d97e8,0x000000077a500000)

Deoptimization events (0 events):
No events

Internal exceptions (10 events):
Event: 2.878 Thread 0x00007fd080009000 Threw 0x00000007da5c27c0 at /build/java7-openjdk/src/icedtea-2.4.5/openjdk/hotspot/src/share/vm/prims/jvm.cpp:1244
Event: 2.878 Thread 0x00007fd080009000 Threw 0x00000007da5c4d18 at /build/java7-openjdk/src/icedtea-2.4.5/openjdk/hotspot/src/share/vm/prims/jvm.cpp:1244
Event: 3.033 Thread 0x00007fd080009000 Threw 0x00000007d6f27510 at /build/java7-openjdk/src/icedtea-2.4.5/openjdk/hotspot/src/share/vm/prims/jvm.cpp:1244
Event: 3.033 Thread 0x00007fd080009000 Threw 0x00000007d6f28b10 at /build/java7-openjdk/src/icedtea-2.4.5/openjdk/hotspot/src/share/vm/prims/jvm.cpp:1244
Event: 3.119 Thread 0x00007fd0804fd000 Threw 0x00000007ddabacb0 at /build/java7-openjdk/src/icedtea-2.4.5/openjdk/hotspot/src/share/vm/prims/jvm.cpp:1244
Event: 3.119 Thread 0x00007fd0804fd000 Threw 0x00000007ddabcbe0 at /build/java7-openjdk/src/icedtea-2.4.5/openjdk/hotspot/src/share/vm/prims/jvm.cpp:1244
Event: 3.119 Thread 0x00007fd0804fd000 Threw 0x00000007ddabcf88 at /build/java7-openjdk/src/icedtea-2.4.5/openjdk/hotspot/src/share/vm/classfile/systemDictionary.cpp:185
Event: 3.119 Thread 0x00007fd0804fd000 Threw 0x00000007ddabdcb0 at /build/java7-openjdk/src/icedtea-2.4.5/openjdk/hotspot/src/share/vm/prims/jvm.cpp:1244
Event: 3.119 Thread 0x00007fd0804fd000 Threw 0x00000007ddabfc38 at /build/java7-openjdk/src/icedtea-2.4.5/openjdk/hotspot/src/share/vm/prims/jvm.cpp:1244
Event: 3.119 Thread 0x00007fd0804fd000 Threw 0x00000007ddabfee8 at /build/java7-openjdk/src/icedtea-2.4.5/openjdk/hotspot/src/share/vm/classfile/systemDictionary.cpp:185

Events (10 events):
Event: 3.225 loading class 0x00007fd03828d0a0 done
Event: 3.240 Thread 0x00007fd02001c000 Thread added: 0x00007fd02001c000
Event: 3.257 Thread 0x00007fd02001e000 Thread added: 0x00007fd02001e000
Event: 3.257 loading class 0x00007fd03828d050
Event: 3.257 loading class 0x00007fd03828d050 done
Event: 3.267 Thread 0x00007fd02001f800 Thread added: 0x00007fd02001f800
Event: 3.267 loading class 0x00007fd03828d230
Event: 3.267 loading class 0x00007fd03828d230 done
Event: 3.280 Thread 0x00007fd020021800 Thread added: 0x00007fd020021800
Event: 3.331 Executing VM operation: ParallelGCFailedAllocation


Dynamic libraries:
00400000-00401000 r-xp 00000000 08:01 1066915                            /usr/lib/jvm/java-7-openjdk/jre/bin/java
00600000-00601000 rw-p 00000000 08:01 1066915                            /usr/lib/jvm/java-7-openjdk/jre/bin/java
02573000-02594000 rw-p 00000000 00:00 0                                  [heap]
778c00000-77a100000 rw-p 00000000 00:00 0 
77a100000-77a180000 rw-p 00000000 00:00 0 
77a180000-77a200000 rw-p 00000000 00:00 0 
77a200000-77a280000 rw-p 00000000 00:00 0 
77a280000-77a300000 rw-p 00000000 00:00 0 
77a300000-77a380000 rw-p 00000000 00:00 0 
77a380000-77a400000 rw-p 00000000 00:00 0 
77a400000-77a480000 rw-p 00000000 00:00 0 
77a480000-77a500000 rw-p 00000000 00:00 0 
77a500000-783200000 rw-p 00000000 00:00 0 
783200000-788500000 rw-p 00000000 00:00 0 
788500000-7d6600000 rw-p 00000000 00:00 0 
7d6600000-7d9000000 rw-p 00000000 00:00 0 
7d9000000-7db000000 rw-p 00000000 00:00 0 
7db000000-7df000000 rw-p 00000000 00:00 0 
7df000000-7e7600000 rw-p 00000000 00:00 0 
7f7600000-800000000 rw-p 00000000 00:00 0 
7fd008000000-7fd008021000 rw-p 00000000 00:00 0 
7fd008021000-7fd00c000000 ---p 00000000 00:00 0 
7fd010000000-7fd010021000 rw-p 00000000 00:00 0 
7fd010021000-7fd014000000 ---p 00000000 00:00 0 
7fd014000000-7fd014021000 rw-p 00000000 00:00 0 
7fd014021000-7fd018000000 ---p 00000000 00:00 0 
7fd018000000-7fd018021000 rw-p 00000000 00:00 0 
7fd018021000-7fd01c000000 ---p 00000000 00:00 0 
7fd01c000000-7fd01c021000 rw-p 00000000 00:00 0 
7fd01c021000-7fd020000000 ---p 00000000 00:00 0 
7fd020000000-7fd02002b000 rw-p 00000000 00:00 0 
7fd02002b000-7fd024000000 ---p 00000000 00:00 0 
7fd024000000-7fd024021000 rw-p 00000000 00:00 0 
7fd024021000-7fd028000000 ---p 00000000 00:00 0 
7fd028000000-7fd028021000 rw-p 00000000 00:00 0 
7fd028021000-7fd02c000000 ---p 00000000 00:00 0 
7fd02c000000-7fd02c021000 rw-p 00000000 00:00 0 
7fd02c021000-7fd030000000 ---p 00000000 00:00 0 
7fd030000000-7fd030021000 rw-p 00000000 00:00 0 
7fd030021000-7fd034000000 ---p 00000000 00:00 0 
7fd034000000-7fd03402b000 rw-p 00000000 00:00 0 
7fd03402b000-7fd038000000 ---p 00000000 00:00 0 
7fd038000000-7fd03837b000 rw-p 00000000 00:00 0 
7fd03837b000-7fd03c000000 ---p 00000000 00:00 0 
7fd03c000000-7fd03c021000 rw-p 00000000 00:00 0 
7fd03c021000-7fd040000000 ---p 00000000 00:00 0 
7fd040000000-7fd040021000 rw-p 00000000 00:00 0 
7fd040021000-7fd044000000 ---p 00000000 00:00 0 
7fd044000000-7fd044021000 rw-p 00000000 00:00 0 
7fd044021000-7fd048000000 ---p 00000000 00:00 0 
7fd048000000-7fd048021000 rw-p 00000000 00:00 0 
7fd048021000-7fd04c000000 ---p 00000000 00:00 0 
7fd04c000000-7fd04c021000 rw-p 00000000 00:00 0 
7fd04c021000-7fd050000000 ---p 00000000 00:00 0 
7fd050000000-7fd050021000 rw-p 00000000 00:00 0 
7fd050021000-7fd054000000 ---p 00000000 00:00 0 
7fd057c60000-7fd05c000000 rw-p 00000000 00:00 0 
7fd05c000000-7fd05c021000 rw-p 00000000 00:00 0 
7fd05c021000-7fd060000000 ---p 00000000 00:00 0 
7fd060000000-7fd060021000 rw-p 00000000 00:00 0 
7fd060021000-7fd064000000 ---p 00000000 00:00 0 
7fd064000000-7fd064021000 rw-p 00000000 00:00 0 
7fd064021000-7fd068000000 ---p 00000000 00:00 0 
7fd06b9fa000-7fd06b9fd000 ---p 00000000 00:00 0 
7fd06b9fd000-7fd06bafb000 rw-p 00000000 00:00 0                          [stack:15716]
7fd06bafb000-7fd06bafe000 ---p 00000000 00:00 0 
7fd06bafe000-7fd06bbfc000 rw-p 00000000 00:00 0                          [stack:15715]
7fd06bbfc000-7fd06bbff000 ---p 00000000 00:00 0 
7fd06bbff000-7fd06bcfd000 rw-p 00000000 00:00 0                          [stack:15712]
7fd06bcfd000-7fd06bd00000 ---p 00000000 00:00 0 
7fd06bd00000-7fd06bdfe000 rw-p 00000000 00:00 0                          [stack:15710]
7fd06bdfe000-7fd06be01000 ---p 00000000 00:00 0 
7fd06be01000-7fd06beff000 rw-p 00000000 00:00 0                          [stack:15702]
7fd06beff000-7fd06bf02000 ---p 00000000 00:00 0 
7fd06bf02000-7fd06c000000 rw-p 00000000 00:00 0                          [stack:15701]
7fd06c000000-7fd06c021000 rw-p 00000000 00:00 0 
7fd06c021000-7fd070000000 ---p 00000000 00:00 0 
7fd07001d000-7fd070020000 ---p 00000000 00:00 0 
7fd070020000-7fd070056000 rw-p 00000000 00:00 0                          [stack:15705]
7fd070056000-7fd070059000 ---p 00000000 00:00 0 
7fd070059000-7fd070157000 rw-p 00000000 00:00 0                          [stack:15700]
7fd070157000-7fd07015a000 ---p 00000000 00:00 0 
7fd07015a000-7fd070258000 rw-p 00000000 00:00 0                          [stack:15699]
7fd070258000-7fd07025b000 ---p 00000000 00:00 0 
7fd07025b000-7fd070359000 rw-p 00000000 00:00 0                          [stack:15698]
7fd070359000-7fd070395000 r--s 00308000 08:01 3802825                    /home/arne/.m2/repository/org/clojure/clojure/1.4.0/clojure-1.4.0.jar
7fd070395000-7fd07040c000 r-xp 00000000 08:01 424736                     /usr/lib/libfreebl3.so
7fd07040c000-7fd07060c000 ---p 00077000 08:01 424736                     /usr/lib/libfreebl3.so
7fd07060c000-7fd07060d000 r--p 00077000 08:01 424736                     /usr/lib/libfreebl3.so
7fd07060d000-7fd07060e000 rw-p 00078000 08:01 424736                     /usr/lib/libfreebl3.so
7fd07060e000-7fd070612000 rw-p 00000000 00:00 0 
7fd070612000-7fd0706c8000 r-xp 00000000 08:01 416965                     /usr/lib/libsqlite3.so.0.8.6
7fd0706c8000-7fd0708c8000 ---p 000b6000 08:01 416965                     /usr/lib/libsqlite3.so.0.8.6
7fd0708c8000-7fd0708ca000 r--p 000b6000 08:01 416965                     /usr/lib/libsqlite3.so.0.8.6
7fd0708ca000-7fd0708cd000 rw-p 000b8000 08:01 416965                     /usr/lib/libsqlite3.so.0.8.6
7fd0708cd000-7fd07090e000 r-xp 00000000 08:01 425673                     /usr/lib/libsoftokn3.so
7fd07090e000-7fd070b0e000 ---p 00041000 08:01 425673                     /usr/lib/libsoftokn3.so
7fd070b0e000-7fd070b0f000 r--p 00041000 08:01 425673                     /usr/lib/libsoftokn3.so
7fd070b0f000-7fd070b10000 rw-p 00042000 08:01 425673                     /usr/lib/libsoftokn3.so
7fd070b10000-7fd070b49000 r-xp 00000000 08:01 430695                     /usr/lib/libnspr4.so
7fd070b49000-7fd070d49000 ---p 00039000 08:01 430695                     /usr/lib/libnspr4.so
7fd070d49000-7fd070d4a000 r--p 00039000 08:01 430695                     /usr/lib/libnspr4.so
7fd070d4a000-7fd070d4c000 rw-p 0003a000 08:01 430695                     /usr/lib/libnspr4.so
7fd070d4c000-7fd070d4e000 rw-p 00000000 00:00 0 
7fd070d4e000-7fd070d51000 r-xp 00000000 08:01 430696                     /usr/lib/libplds4.so
7fd070d51000-7fd070f50000 ---p 00003000 08:01 430696                     /usr/lib/libplds4.so
7fd070f50000-7fd070f51000 r--p 00002000 08:01 430696                     /usr/lib/libplds4.so
7fd070f51000-7fd070f52000 rw-p 00003000 08:01 430696                     /usr/lib/libplds4.so
7fd070f52000-7fd070f56000 r-xp 00000000 08:01 430697                     /usr/lib/libplc4.so
7fd070f56000-7fd071155000 ---p 00004000 08:01 430697                     /usr/lib/libplc4.so
7fd071155000-7fd071156000 r--p 00003000 08:01 430697                     /usr/lib/libplc4.so
7fd071156000-7fd071157000 rw-p 00004000 08:01 430697                     /usr/lib/libplc4.so
7fd071157000-7fd07117c000 r-xp 00000000 08:01 425029                     /usr/lib/libnssutil3.so
7fd07117c000-7fd07137c000 ---p 00025000 08:01 425029                     /usr/lib/libnssutil3.so
7fd07137c000-7fd071382000 r--p 00025000 08:01 425029                     /usr/lib/libnssutil3.so
7fd071382000-7fd071383000 rw-p 0002b000 08:01 425029                     /usr/lib/libnssutil3.so
7fd071383000-7fd0714b9000 r-xp 00000000 08:01 424738                     /usr/lib/libnss3.so
7fd0714b9000-7fd0716b9000 ---p 00136000 08:01 424738                     /usr/lib/libnss3.so
7fd0716b9000-7fd0716bd000 r--p 00136000 08:01 424738                     /usr/lib/libnss3.so
7fd0716bd000-7fd0716c0000 rw-p 0013a000 08:01 424738                     /usr/lib/libnss3.so
7fd0716c0000-7fd0716c1000 rw-p 00000000 00:00 0 
7fd0716c1000-7fd0716d1000 r-xp 00000000 08:01 1189542                    /usr/lib/jvm/java-7-openjdk/jre/lib/amd64/libj2pkcs11.so
7fd0716d1000-7fd0718d0000 ---p 00010000 08:01 1189542                    /usr/lib/jvm/java-7-openjdk/jre/lib/amd64/libj2pkcs11.so
7fd0718d0000-7fd0718d1000 rw-p 0000f000 08:01 1189542                    /usr/lib/jvm/java-7-openjdk/jre/lib/amd64/libj2pkcs11.so
7fd0718d1000-7fd071902000 rw-p 00000000 00:00 0 
7fd071902000-7fd071916000 r-xp 00000000 08:01 415986                     /usr/lib/libresolv-2.18.so
7fd071916000-7fd071b15000 ---p 00014000 08:01 415986                     /usr/lib/libresolv-2.18.so
7fd071b15000-7fd071b16000 r--p 00013000 08:01 415986                     /usr/lib/libresolv-2.18.so
7fd071b16000-7fd071b17000 rw-p 00014000 08:01 415986                     /usr/lib/libresolv-2.18.so
7fd071b17000-7fd071b19000 rw-p 00000000 00:00 0 
7fd071b19000-7fd071b7f000 r-xp 00000000 08:01 401632                     /usr/lib/libpcre.so.1.2.2
7fd071b7f000-7fd071d7e000 ---p 00066000 08:01 401632                     /usr/lib/libpcre.so.1.2.2
7fd071d7e000-7fd071d7f000 r--p 00065000 08:01 401632                     /usr/lib/libpcre.so.1.2.2
7fd071d7f000-7fd071d80000 rw-p 00066000 08:01 401632                     /usr/lib/libpcre.so.1.2.2
7fd071d80000-7fd071d83000 r-xp 00000000 08:01 401751                     /usr/lib/libgmodule-2.0.so.0.3800.2
7fd071d83000-7fd071f82000 ---p 00003000 08:01 401751                     /usr/lib/libgmodule-2.0.so.0.3800.2
7fd071f82000-7fd071f83000 r--p 00002000 08:01 401751                     /usr/lib/libgmodule-2.0.so.0.3800.2
7fd071f83000-7fd071f84000 rw-p 00003000 08:01 401751                     /usr/lib/libgmodule-2.0.so.0.3800.2
7fd071f84000-7fd071f8b000 r-xp 00000000 08:01 426254                     /usr/lib/libffi.so.6.0.1
7fd071f8b000-7fd07218a000 ---p 00007000 08:01 426254                     /usr/lib/libffi.so.6.0.1
7fd07218a000-7fd07218b000 r--p 00006000 08:01 426254                     /usr/lib/libffi.so.6.0.1
7fd07218b000-7fd07218c000 rw-p 00007000 08:01 426254                     /usr/lib/libffi.so.6.0.1
7fd07218c000-7fd07228a000 r-xp 00000000 08:01 401750                     /usr/lib/libglib-2.0.so.0.3800.2
7fd07228a000-7fd072489000 ---p 000fe000 08:01 401750                     /usr/lib/libglib-2.0.so.0.3800.2
7fd072489000-7fd07248a000 r--p 000fd000 08:01 401750                     /usr/lib/libglib-2.0.so.0.3800.2
7fd07248a000-7fd07248b000 rw-p 000fe000 08:01 401750                     /usr/lib/libglib-2.0.so.0.3800.2
7fd07248b000-7fd07248c000 rw-p 00000000 00:00 0 
7fd07248c000-7fd0724db000 r-xp 00000000 08:01 401753                     /usr/lib/libgobject-2.0.so.0.3800.2
7fd0724db000-7fd0726db000 ---p 0004f000 08:01 401753                     /usr/lib/libgobject-2.0.so.0.3800.2
7fd0726db000-7fd0726dc000 r--p 0004f000 08:01 401753                     /usr/lib/libgobject-2.0.so.0.3800.2
7fd0726dc000-7fd0726dd000 rw-p 00050000 08:01 401753                     /usr/lib/libgobject-2.0.so.0.3800.2
7fd0726dd000-7fd072837000 r-xp 00000000 08:01 401754                     /usr/lib/libgio-2.0.so.0.3800.2
7fd072837000-7fd072a37000 ---p 0015a000 08:01 401754                     /usr/lib/libgio-2.0.so.0.3800.2
7fd072a37000-7fd072a3b000 r--p 0015a000 08:01 401754                     /usr/lib/libgio-2.0.so.0.3800.2
7fd072a3b000-7fd072a3d000 rw-p 0015e000 08:01 401754                     /usr/lib/libgio-2.0.so.0.3800.2
7fd072a3d000-7fd072a3f000 rw-p 00000000 00:00 0 
7fd072a3f000-7fd072a55000 r-xp 00000000 08:01 1189445                    /usr/lib/jvm/java-7-openjdk/jre/lib/amd64/libnet.so
7fd072a55000-7fd072c55000 ---p 00016000 08:01 1189445                    /usr/lib/jvm/java-7-openjdk/jre/lib/amd64/libnet.so
7fd072c55000-7fd072c56000 rw-p 00016000 08:01 1189445                    /usr/lib/jvm/java-7-openjdk/jre/lib/amd64/libnet.so
7fd072c56000-7fd072c66000 r-xp 00000000 08:01 1189461                    /usr/lib/jvm/java-7-openjdk/jre/lib/amd64/libnio.so
7fd072c66000-7fd072e66000 ---p 00010000 08:01 1189461                    /usr/lib/jvm/java-7-openjdk/jre/lib/amd64/libnio.so
7fd072e66000-7fd072e67000 rw-p 00010000 08:01 1189461                    /usr/lib/jvm/java-7-openjdk/jre/lib/amd64/libnio.so
7fd072e67000-7fd072e68000 ---p 00000000 00:00 0 
7fd072e68000-7fd072f68000 rw-p 00000000 00:00 0                          [stack:15697]
7fd072f68000-7fd072f6b000 ---p 00000000 00:00 0 
7fd072f6b000-7fd073069000 rw-p 00000000 00:00 0                          [stack:15696]
7fd073069000-7fd07306c000 ---p 00000000 00:00 0 
7fd07306c000-7fd07316a000 rw-p 00000000 00:00 0                          [stack:15695]
7fd07316a000-7fd07316d000 ---p 00000000 00:00 0 
7fd07316d000-7fd07326b000 rw-p 00000000 00:00 0                          [stack:15694]
7fd07326b000-7fd07326e000 ---p 00000000 00:00 0 
7fd07326e000-7fd07336c000 rw-p 00000000 00:00 0                          [stack:15693]
7fd07336c000-7fd07336f000 ---p 00000000 00:00 0 
7fd07336f000-7fd07346d000 rw-p 00000000 00:00 0                          [stack:15692]
7fd07346d000-7fd0735f6000 r--p 00000000 08:01 430481                     /usr/lib/locale/locale-archive
7fd0735f6000-7fd0735f9000 ---p 00000000 00:00 0 
7fd0735f9000-7fd0736f7000 rw-p 00000000 00:00 0                          [stack:15691]
7fd0736f7000-7fd0736fa000 ---p 00000000 00:00 0 
7fd0736fa000-7fd0737f8000 rw-p 00000000 00:00 0                          [stack:15690]
7fd0737f8000-7fd0737f9000 ---p 00000000 00:00 0 
7fd0737f9000-7fd0738f9000 rw-p 00000000 00:00 0                          [stack:15689]
7fd0738f9000-7fd0739fa000 rw-p 00000000 00:00 0 
7fd0739fa000-7fd073afb000 rw-p 00000000 00:00 0 
7fd073afb000-7fd073bfc000 rw-p 00000000 00:00 0 
7fd073bfc000-7fd073cfd000 rw-p 00000000 00:00 0 
7fd073cfd000-7fd073dfe000 rw-p 00000000 00:00 0 
7fd073dfe000-7fd073eff000 rw-p 00000000 00:00 0 
7fd073eff000-7fd074000000 rw-p 00000000 00:00 0 
7fd074000000-7fd074021000 rw-p 00000000 00:00 0 
7fd074021000-7fd078000000 ---p 00000000 00:00 0 
7fd078033000-7fd078034000 rw-p 00000000 00:00 0 
7fd078034000-7fd078035000 r--s 00001000 08:01 3516203                    /home/arne/.m2/repository/jonase/eastwood/0.0.2/eastwood-0.0.2.jar
7fd078035000-7fd078037000 r--s 00002000 08:01 3516205                    /home/arne/.m2/repository/analyze/analyze/0.1.6/analyze-0.1.6.jar
7fd078037000-7fd07803a000 r--s 00032000 08:01 1051601                    /usr/lib/jvm/java-7-openjdk/jre/lib/ext/sunjce_provider.jar
7fd07803a000-7fd07803e000 r--s 0003b000 08:01 1051598                    /usr/lib/jvm/java-7-openjdk/jre/lib/ext/sunpkcs11.jar
7fd07803e000-7fd07805f000 rw-p 00000000 00:00 0 
7fd07805f000-7fd078080000 rw-p 00000000 00:00 0 
7fd078080000-7fd0780a1000 rw-p 00000000 00:00 0 
7fd0780a1000-7fd0781a2000 rw-p 00000000 00:00 0 
7fd0781a2000-7fd0782a3000 rw-p 00000000 00:00 0 
7fd0782a3000-7fd0783a4000 rw-p 00000000 00:00 0 
7fd0783a4000-7fd0784a5000 rw-p 00000000 00:00 0 
7fd0784a5000-7fd0785a6000 rw-p 00000000 00:00 0 
7fd0785a6000-7fd0786a7000 rw-p 00000000 00:00 0 
7fd0786a7000-7fd0787a8000 rw-p 00000000 00:00 0 
7fd0787a8000-7fd0788a9000 rw-p 00000000 00:00 0 
7fd0788a9000-7fd078992000 r--s 00c25000 08:01 3801701                    /home/arne/.lein/self-installs/leiningen-2.3.4-standalone.jar
7fd078992000-7fd0789da000 rw-p 00000000 00:00 0 
7fd0789da000-7fd078b88000 r--s 01cf4000 08:01 1049644                    /usr/lib/jvm/java-7-openjdk/jre/lib/rt.jar
7fd078b88000-7fd078bfe000 rw-p 00000000 00:00 0 
7fd078bfe000-7fd078c59000 rw-p 00000000 00:00 0 
7fd078c59000-7fd079093000 rw-p 00000000 00:00 0 
7fd079093000-7fd079094000 ---p 00000000 00:00 0 
7fd079094000-7fd079194000 rw-p 00000000 00:00 0                          [stack:15688]
7fd079194000-7fd079195000 ---p 00000000 00:00 0 
7fd079195000-7fd079295000 rw-p 00000000 00:00 0                          [stack:15687]
7fd079295000-7fd079296000 ---p 00000000 00:00 0 
7fd079296000-7fd079396000 rw-p 00000000 00:00 0                          [stack:15686]
7fd079396000-7fd0793c0000 rw-p 00000000 00:00 0 
7fd0793c0000-7fd079630000 rw-p 00000000 00:00 0 
7fd079630000-7fd07963b000 rw-p 00000000 00:00 0 
7fd07963b000-7fd07963c000 rw-p 00000000 00:00 0 
7fd07963c000-7fd07963d000 rw-p 00000000 00:00 0 
7fd07963d000-7fd079683000 rw-p 00000000 00:00 0 
7fd079683000-7fd0796ad000 rw-p 00000000 00:00 0 
7fd0796ad000-7fd07991d000 rw-p 00000000 00:00 0 
7fd07991d000-7fd079932000 rw-p 00000000 00:00 0 
7fd079932000-7fd079942000 rw-p 00000000 00:00 0 
7fd079942000-7fd079962000 rw-p 00000000 00:00 0 
7fd079962000-7fd0799a5000 rw-p 00000000 00:00 0 
7fd0799a5000-7fd0799a6000 ---p 00000000 00:00 0 
7fd0799a6000-7fd079a6a000 rw-p 00000000 00:00 0 
7fd079a6a000-7fd079a6b000 rw-p 00000000 00:00 0 
7fd079a6b000-7fd079a75000 rw-p 00000000 00:00 0 
7fd079a75000-7fd079a76000 rw-p 00000000 00:00 0 
7fd079a76000-7fd079a77000 rw-p 00000000 00:00 0 
7fd079a77000-7fd079a78000 rw-p 00000000 00:00 0 
7fd079a78000-7fd079a79000 rw-p 00000000 00:00 0 
7fd079a79000-7fd079a7a000 rw-p 00000000 00:00 0 
7fd079a7a000-7fd079a7b000 rw-p 00000000 00:00 0 
7fd079a7b000-7fd079a7c000 rw-p 00000000 00:00 0 
7fd079a7c000-7fd079a7d000 rw-p 00000000 00:00 0 
7fd079a7d000-7fd079a7e000 rw-p 00000000 00:00 0 
7fd079a7e000-7fd079a7f000 rw-p 00000000 00:00 0 
7fd079a7f000-7fd079beb000 rw-p 00000000 00:00 0 
7fd079beb000-7fd079e5b000 rwxp 00000000 00:00 0 
7fd079e5b000-7fd079e6b000 rwxp 00000000 00:00 0 
7fd079e6b000-7fd079e7b000 rwxp 00000000 00:00 0 
7fd079e7b000-7fd079e8b000 rwxp 00000000 00:00 0 
7fd079e8b000-7fd079e9b000 rwxp 00000000 00:00 0 
7fd079e9b000-7fd079eab000 rwxp 00000000 00:00 0 
7fd079eab000-7fd079ebb000 rwxp 00000000 00:00 0 
7fd079ebb000-7fd079ecb000 rwxp 00000000 00:00 0 
7fd079ecb000-7fd079edb000 rwxp 00000000 00:00 0 
7fd079edb000-7fd079eeb000 rwxp 00000000 00:00 0 
7fd079eeb000-7fd079efb000 rwxp 00000000 00:00 0 
7fd079efb000-7fd079f0b000 rwxp 00000000 00:00 0 
7fd079f0b000-7fd079f1b000 rwxp 00000000 00:00 0 
7fd079f1b000-7fd079f2b000 rwxp 00000000 00:00 0 
7fd079f2b000-7fd079f3b000 rwxp 00000000 00:00 0 
7fd079f3b000-7fd079f4b000 rwxp 00000000 00:00 0 
7fd079f4b000-7fd079f5b000 rwxp 00000000 00:00 0 
7fd079f5b000-7fd079f6b000 rwxp 00000000 00:00 0 
7fd079f6b000-7fd079f7b000 rwxp 00000000 00:00 0 
7fd079f7b000-7fd079f8b000 rwxp 00000000 00:00 0 
7fd079f8b000-7fd079f9b000 rwxp 00000000 00:00 0 
7fd079f9b000-7fd079fab000 rwxp 00000000 00:00 0 
7fd079fab000-7fd079fbb000 rwxp 00000000 00:00 0 
7fd079fbb000-7fd079fcb000 rwxp 00000000 00:00 0 
7fd079fcb000-7fd079fdb000 rwxp 00000000 00:00 0 
7fd079fdb000-7fd079feb000 rwxp 00000000 00:00 0 
7fd079feb000-7fd079ffb000 rwxp 00000000 00:00 0 
7fd079ffb000-7fd07a00b000 rwxp 00000000 00:00 0 
7fd07a00b000-7fd07a01b000 rwxp 00000000 00:00 0 
7fd07a01b000-7fd07a02b000 rwxp 00000000 00:00 0 
7fd07a02b000-7fd07a03b000 rwxp 00000000 00:00 0 
7fd07a03b000-7fd07a04b000 rwxp 00000000 00:00 0 
7fd07a04b000-7fd07a05b000 rwxp 00000000 00:00 0 
7fd07a05b000-7fd07a06b000 rwxp 00000000 00:00 0 
7fd07a06b000-7fd07a07b000 rwxp 00000000 00:00 0 
7fd07a07b000-7fd07a08b000 rwxp 00000000 00:00 0 
7fd07a08b000-7fd07a09b000 rwxp 00000000 00:00 0 
7fd07a09b000-7fd07a0ab000 rwxp 00000000 00:00 0 
7fd07a0ab000-7fd07a0bb000 rwxp 00000000 00:00 0 
7fd07a0bb000-7fd07a0cb000 rwxp 00000000 00:00 0 
7fd07a0cb000-7fd07a0db000 rwxp 00000000 00:00 0 
7fd07a0db000-7fd07fbeb000 rw-p 00000000 00:00 0 
7fd07fbeb000-7fd07fbf3000 r-xp 00000000 08:01 1189440                    /usr/lib/jvm/java-7-openjdk/jre/lib/amd64/libzip.so
7fd07fbf3000-7fd07fdf2000 ---p 00008000 08:01 1189440                    /usr/lib/jvm/java-7-openjdk/jre/lib/amd64/libzip.so
7fd07fdf2000-7fd07fdf3000 rw-p 00007000 08:01 1189440                    /usr/lib/jvm/java-7-openjdk/jre/lib/amd64/libzip.so
7fd07fdf3000-7fd07fdfe000 r-xp 00000000 08:01 395376                     /usr/lib/libnss_files-2.18.so
7fd07fdfe000-7fd07fffe000 ---p 0000b000 08:01 395376                     /usr/lib/libnss_files-2.18.so
7fd07fffe000-7fd07ffff000 r--p 0000b000 08:01 395376                     /usr/lib/libnss_files-2.18.so
7fd07ffff000-7fd080000000 rw-p 0000c000 08:01 395376                     /usr/lib/libnss_files-2.18.so
7fd080000000-7fd08051b000 rw-p 00000000 00:00 0 
7fd08051b000-7fd084000000 ---p 00000000 00:00 0 
7fd084000000-7fd084001000 r--s 00000000 08:01 3802573                    /home/arne/.m2/repository/org/clojure/tools.namespace/0.1.2/tools.namespace-0.1.2.jar
7fd084001000-7fd084002000 r--s 00000000 08:01 5243724                    /home/arne/.m2/repository/org/clojure/java.classpath/0.1.1/java.classpath-0.1.1.jar
7fd084002000-7fd084007000 r--s 0004c000 08:01 1050008                    /usr/lib/jvm/java-7-openjdk/jre/lib/jsse.jar
7fd084007000-7fd084031000 rw-p 00000000 00:00 0 
7fd084031000-7fd084032000 ---p 00000000 00:00 0 
7fd084032000-7fd084132000 rw-p 00000000 00:00 0                          [stack:15685]
7fd084132000-7fd08415d000 r-xp 00000000 08:01 1189439                    /usr/lib/jvm/java-7-openjdk/jre/lib/amd64/libjava.so
7fd08415d000-7fd08435c000 ---p 0002b000 08:01 1189439                    /usr/lib/jvm/java-7-openjdk/jre/lib/amd64/libjava.so
7fd08435c000-7fd08435e000 rw-p 0002a000 08:01 1189439                    /usr/lib/jvm/java-7-openjdk/jre/lib/amd64/libjava.so
7fd08435e000-7fd08436b000 r-xp 00000000 08:01 1189438                    /usr/lib/jvm/java-7-openjdk/jre/lib/amd64/libverify.so
7fd08436b000-7fd08456a000 ---p 0000d000 08:01 1189438                    /usr/lib/jvm/java-7-openjdk/jre/lib/amd64/libverify.so
7fd08456a000-7fd08456c000 rw-p 0000c000 08:01 1189438                    /usr/lib/jvm/java-7-openjdk/jre/lib/amd64/libverify.so
7fd08456c000-7fd084573000 r-xp 00000000 08:01 424647                     /usr/lib/librt-2.18.so
7fd084573000-7fd084772000 ---p 00007000 08:01 424647                     /usr/lib/librt-2.18.so
7fd084772000-7fd084773000 r--p 00006000 08:01 424647                     /usr/lib/librt-2.18.so
7fd084773000-7fd084774000 rw-p 00007000 08:01 424647                     /usr/lib/librt-2.18.so
7fd084774000-7fd084789000 r-xp 00000000 08:01 418069                     /usr/lib/libgcc_s.so.1
7fd084789000-7fd084989000 ---p 00015000 08:01 418069                     /usr/lib/libgcc_s.so.1
7fd084989000-7fd08498a000 rw-p 00015000 08:01 418069                     /usr/lib/libgcc_s.so.1
7fd08498a000-7fd084a8b000 r-xp 00000000 08:01 410823                     /usr/lib/libm-2.18.so
7fd084a8b000-7fd084c8b000 ---p 00101000 08:01 410823                     /usr/lib/libm-2.18.so
7fd084c8b000-7fd084c8c000 r--p 00101000 08:01 410823                     /usr/lib/libm-2.18.so
7fd084c8c000-7fd084c8d000 rw-p 00102000 08:01 410823                     /usr/lib/libm-2.18.so
7fd084c8d000-7fd084d73000 r-xp 00000000 08:01 430533                     /usr/lib/libstdc++.so.6.0.19
7fd084d73000-7fd084f72000 ---p 000e6000 08:01 430533                     /usr/lib/libstdc++.so.6.0.19
7fd084f72000-7fd084f7a000 r--p 000e5000 08:01 430533                     /usr/lib/libstdc++.so.6.0.19
7fd084f7a000-7fd084f7c000 rw-p 000ed000 08:01 430533                     /usr/lib/libstdc++.so.6.0.19
7fd084f7c000-7fd084f91000 rw-p 00000000 00:00 0 
7fd084f91000-7fd085a72000 r-xp 00000000 08:01 1205318                    /usr/lib/jvm/java-7-openjdk/jre/lib/amd64/server/libjvm.so
7fd085a72000-7fd085c71000 ---p 00ae1000 08:01 1205318                    /usr/lib/jvm/java-7-openjdk/jre/lib/amd64/server/libjvm.so
7fd085c71000-7fd085d25000 rw-p 00ae0000 08:01 1205318                    /usr/lib/jvm/java-7-openjdk/jre/lib/amd64/server/libjvm.so
7fd085d25000-7fd085d53000 rw-p 00000000 00:00 0 
7fd085d53000-7fd085d68000 r-xp 00000000 08:01 399561                     /usr/lib/libz.so.1.2.8
7fd085d68000-7fd085f67000 ---p 00015000 08:01 399561                     /usr/lib/libz.so.1.2.8
7fd085f67000-7fd085f68000 r--p 00014000 08:01 399561                     /usr/lib/libz.so.1.2.8
7fd085f68000-7fd085f69000 rw-p 00015000 08:01 399561                     /usr/lib/libz.so.1.2.8
7fd085f69000-7fd086109000 r-xp 00000000 08:01 410978                     /usr/lib/libc-2.18.so
7fd086109000-7fd086309000 ---p 001a0000 08:01 410978                     /usr/lib/libc-2.18.so
7fd086309000-7fd08630d000 r--p 001a0000 08:01 410978                     /usr/lib/libc-2.18.so
7fd08630d000-7fd08630f000 rw-p 001a4000 08:01 410978                     /usr/lib/libc-2.18.so
7fd08630f000-7fd086313000 rw-p 00000000 00:00 0 
7fd086313000-7fd086316000 r-xp 00000000 08:01 424650                     /usr/lib/libdl-2.18.so
7fd086316000-7fd086515000 ---p 00003000 08:01 424650                     /usr/lib/libdl-2.18.so
7fd086515000-7fd086516000 r--p 00002000 08:01 424650                     /usr/lib/libdl-2.18.so
7fd086516000-7fd086517000 rw-p 00003000 08:01 424650                     /usr/lib/libdl-2.18.so
7fd086517000-7fd086524000 r-xp 00000000 08:01 1200649                    /usr/lib/jvm/java-7-openjdk/jre/lib/amd64/jli/libjli.so
7fd086524000-7fd086723000 ---p 0000d000 08:01 1200649                    /usr/lib/jvm/java-7-openjdk/jre/lib/amd64/jli/libjli.so
7fd086723000-7fd086724000 rw-p 0000c000 08:01 1200649                    /usr/lib/jvm/java-7-openjdk/jre/lib/amd64/jli/libjli.so
7fd086724000-7fd08673c000 r-xp 00000000 08:01 399754                     /usr/lib/libpthread-2.18.so
7fd08673c000-7fd08693b000 ---p 00018000 08:01 399754                     /usr/lib/libpthread-2.18.so
7fd08693b000-7fd08693c000 r--p 00017000 08:01 399754                     /usr/lib/libpthread-2.18.so
7fd08693c000-7fd08693d000 rw-p 00018000 08:01 399754                     /usr/lib/libpthread-2.18.so
7fd08693d000-7fd086941000 rw-p 00000000 00:00 0 
7fd086941000-7fd086961000 r-xp 00000000 08:01 401387                     /usr/lib/ld-2.18.so
7fd086961000-7fd086962000 r--s 00008000 08:01 4482706                    /home/arne/.m2/repository/org/clojars/brenton/google-diff-match-patch/0.1/google-diff-match-patch-0.1.jar
7fd086962000-7fd086983000 rw-p 00000000 00:00 0 
7fd086983000-7fd0869ab000 rw-p 00000000 00:00 0 
7fd0869ab000-7fd0869d6000 rw-p 00000000 00:00 0 
7fd0869d6000-7fd0869e1000 rw-p 00000000 00:00 0 
7fd0869e1000-7fd0869e2000 rw-p 00000000 00:00 0 
7fd0869e2000-7fd0869e3000 rw-p 00000000 00:00 0 
7fd0869e3000-7fd086a29000 rw-p 00000000 00:00 0 
7fd086a29000-7fd086a2c000 ---p 00000000 00:00 0 
7fd086a2c000-7fd086b2a000 rw-p 00000000 00:00 0                          [stack:15684]
7fd086b2a000-7fd086b2b000 rw-p 00000000 00:00 0 
7fd086b2b000-7fd086b2c000 rw-p 00000000 00:00 0 
7fd086b2c000-7fd086b2d000 rw-p 00000000 00:00 0 
7fd086b2d000-7fd086b2e000 rw-p 00000000 00:00 0 
7fd086b2e000-7fd086b31000 r--s 00017000 08:01 1049631                    /usr/lib/jvm/java-7-openjdk/jre/lib/jce.jar
7fd086b31000-7fd086b34000 r--s 0000f000 08:01 1051604                    /usr/lib/jvm/java-7-openjdk/jre/lib/ext/pulse-java.jar
7fd086b34000-7fd086b55000 rw-p 00000000 00:00 0 
7fd086b55000-7fd086b5d000 rw-s 00000000 00:1e 13682069                   /tmp/hsperfdata_arne/15683
7fd086b5d000-7fd086b5e000 rw-p 00000000 00:00 0 
7fd086b5e000-7fd086b5f000 ---p 00000000 00:00 0 
7fd086b5f000-7fd086b60000 rw-p 00000000 00:00 0 
7fd086b60000-7fd086b61000 r--p 0001f000 08:01 401387                     /usr/lib/ld-2.18.so
7fd086b61000-7fd086b62000 rw-p 00020000 08:01 401387                     /usr/lib/ld-2.18.so
7fd086b62000-7fd086b63000 rw-p 00000000 00:00 0 
7fff76085000-7fff760a6000 rw-p 00000000 00:00 0                          [stack]
7fff761fe000-7fff76200000 r-xp 00000000 00:00 0                          [vdso]
ffffffffff600000-ffffffffff601000 r-xp 00000000 00:00 0                  [vsyscall]

VM Arguments:
jvm_args: -Xbootclasspath/a:/home/arne/.lein/self-installs/leiningen-2.3.4-standalone.jar -XX:+TieredCompilation -XX:TieredStopAtLevel=1 -Dfile.encoding=UTF-8 -Dmaven.wagon.http.ssl.easy=false -Dleiningen.original.pwd=/home/arne/code/blockstorm.github.com/generator -Dleiningen.script=/usr/bin/lein -Dawt.useSystemAAFontSettings=on -Dswing.aatext=true -Dswing.defaultlaf=com.sun.java.swing.plaf.gtk.GTKLookAndFeel -Dswing.crossplatformlaf=com.sun.java.swing.plaf.gtk.GTKLookAndFeel 
java_command: clojure.main -m leiningen.core.main repl
Launcher Type: SUN_STANDARD

Environment Variables:
JAVA_HOME=/usr/lib/jvm/java-7-openjdk
_JAVA_OPTIONS=-Dawt.useSystemAAFontSettings=on -Dswing.aatext=true -Dswing.defaultlaf=com.sun.java.swing.plaf.gtk.GTKLookAndFeel -Dswing.crossplatformlaf=com.sun.java.swing.plaf.gtk.GTKLookAndFeel
CLASSPATH=:/home/arne/.lein/self-installs/leiningen-2.3.4-standalone.jar
PATH=/usr/local/sbin:/usr/local/bin:/usr/bin:/opt/android-sdk/platform-tools:/opt/android-sdk/tools:/usr/bin/vendor_perl:/usr/bin/core_perl
SHELL=/bin/bash
DISPLAY=:0.0

Signal Handlers:
SIGSEGV: [libjvm.so+0x918a20], sa_mask[0]=0x7ffbfeff, sa_flags=0x10000004
SIGBUS: [libjvm.so+0x918a20], sa_mask[0]=0x7ffbfeff, sa_flags=0x10000004
SIGFPE: [libjvm.so+0x796090], sa_mask[0]=0x7ffbfeff, sa_flags=0x10000004
SIGPIPE: SIG_IGN, sa_mask[0]=0x00000000, sa_flags=0x00000000
SIGXFSZ: [libjvm.so+0x796090], sa_mask[0]=0x7ffbfeff, sa_flags=0x10000004
SIGILL: [libjvm.so+0x796090], sa_mask[0]=0x7ffbfeff, sa_flags=0x10000004
SIGUSR1: SIG_DFL, sa_mask[0]=0x00000000, sa_flags=0x00000000
SIGUSR2: [libjvm.so+0x795f30], sa_mask[0]=0x00000000, sa_flags=0x10000004
SIGHUP: [libjvm.so+0x796110], sa_mask[0]=0x7ffbfeff, sa_flags=0x10000004
SIGINT: [libjvm.so+0x796110], sa_mask[0]=0x7ffbfeff, sa_flags=0x10000004
SIGTERM: [libjvm.so+0x796110], sa_mask[0]=0x7ffbfeff, sa_flags=0x10000004
SIGQUIT: [libjvm.so+0x796110], sa_mask[0]=0x7ffbfeff, sa_flags=0x10000004


---------------  S Y S T E M  ---------------

OS:Linux
uname:Linux 3.12.7-2-ARCH #1 SMP PREEMPT Sun Jan 12 13:09:09 CET 2014 x86_64
libc:glibc 2.18 NPTL 2.18 
rlimit: STACK 8192k, CORE 0k, NPROC 63340, NOFILE 4096, AS infinity
load average:1.64 1.87 2.39

/proc/meminfo:
MemTotal:        8179220 kB
MemFree:          141368 kB
Buffers:            7188 kB
Cached:          1413160 kB
SwapCached:            0 kB
Active:          6297676 kB
Inactive:        1325084 kB
Active(anon):    6208680 kB
Inactive(anon):  1244048 kB
Active(file):      88996 kB
Inactive(file):    81036 kB
Unevictable:          20 kB
Mlocked:              20 kB
SwapTotal:             0 kB
SwapFree:              0 kB
Dirty:                92 kB
Writeback:             0 kB
AnonPages:       6202720 kB
Mapped:           261304 kB
Shmem:           1250116 kB
Slab:              96272 kB
SReclaimable:      38440 kB
SUnreclaim:        57832 kB
KernelStack:        4096 kB
PageTables:        67192 kB
NFS_Unstable:          0 kB
Bounce:                0 kB
WritebackTmp:          0 kB
CommitLimit:     4089608 kB
Committed_AS:   10290704 kB
VmallocTotal:   34359738367 kB
VmallocUsed:      358912 kB
VmallocChunk:   34359364084 kB
HardwareCorrupted:     0 kB
AnonHugePages:   1232896 kB
HugePages_Total:       0
HugePages_Free:        0
HugePages_Rsvd:        0
HugePages_Surp:        0
Hugepagesize:       2048 kB
DirectMap4k:     7286720 kB
DirectMap2M:     1099776 kB
DirectMap1G:           0 kB


CPU:total 4 (4 cores per cpu, 1 threads per core) family 16 model 4 stepping 3, cmov, cx8, fxsr, mmx, sse, sse2, sse3, popcnt, mmxext, 3dnowpref, lzcnt, sse4a, tsc, tscinvbit, tscinv

/proc/cpuinfo:
processor	: 0
vendor_id	: AuthenticAMD
cpu family	: 16
model		: 4
model name	: AMD Phenom(tm) II X4 955 Processor
stepping	: 3
microcode	: 0x10000c8
cpu MHz		: 3200.000
cache size	: 512 KB
physical id	: 0
siblings	: 4
core id		: 0
cpu cores	: 4
apicid		: 0
initial apicid	: 0
fpu		: yes
fpu_exception	: yes
cpuid level	: 5
wp		: yes
flags		: fpu vme de pse tsc msr pae mce cx8 apic sep mtrr pge mca cmov pat pse36 clflush mmx fxsr sse sse2 ht syscall nx mmxext fxsr_opt pdpe1gb rdtscp lm 3dnowext 3dnow constant_tsc rep_good nopl nonstop_tsc extd_apicid pni monitor cx16 popcnt lahf_lm cmp_legacy svm extapic cr8_legacy abm sse4a misalignsse 3dnowprefetch osvw ibs skinit wdt hw_pstate npt lbrv svm_lock nrip_save
bogomips	: 6431.12
TLB size	: 1024 4K pages
clflush size	: 64
cache_alignment	: 64
address sizes	: 48 bits physical, 48 bits virtual
power management: ts ttp tm stc 100mhzsteps hwpstate

processor	: 1
vendor_id	: AuthenticAMD
cpu family	: 16
model		: 4
model name	: AMD Phenom(tm) II X4 955 Processor
stepping	: 3
microcode	: 0x10000c8
cpu MHz		: 3200.000
cache size	: 512 KB
physical id	: 0
siblings	: 4
core id		: 1
cpu cores	: 4
apicid		: 1
initial apicid	: 1
fpu		: yes
fpu_exception	: yes
cpuid level	: 5
wp		: yes
flags		: fpu vme de pse tsc msr pae mce cx8 apic sep mtrr pge mca cmov pat pse36 clflush mmx fxsr sse sse2 ht syscall nx mmxext fxsr_opt pdpe1gb rdtscp lm 3dnowext 3dnow constant_tsc rep_good nopl nonstop_tsc extd_apicid pni monitor cx16 popcnt lahf_lm cmp_legacy svm extapic cr8_legacy abm sse4a misalignsse 3dnowprefetch osvw ibs skinit wdt hw_pstate npt lbrv svm_lock nrip_save
bogomips	: 6431.12
TLB size	: 1024 4K pages
clflush size	: 64
cache_alignment	: 64
address sizes	: 48 bits physical, 48 bits virtual
power management: ts ttp tm stc 100mhzsteps hwpstate

processor	: 2
vendor_id	: AuthenticAMD
cpu family	: 16
model		: 4
model name	: AMD Phenom(tm) II X4 955 Processor
stepping	: 3
microcode	: 0x10000c8
cpu MHz		: 3200.000
cache size	: 512 KB
physical id	: 0
siblings	: 4
core id		: 2
cpu cores	: 4
apicid		: 2
initial apicid	: 2
fpu		: yes
fpu_exception	: yes
cpuid level	: 5
wp		: yes
flags		: fpu vme de pse tsc msr pae mce cx8 apic sep mtrr pge mca cmov pat pse36 clflush mmx fxsr sse sse2 ht syscall nx mmxext fxsr_opt pdpe1gb rdtscp lm 3dnowext 3dnow constant_tsc rep_good nopl nonstop_tsc extd_apicid pni monitor cx16 popcnt lahf_lm cmp_legacy svm extapic cr8_legacy abm sse4a misalignsse 3dnowprefetch osvw ibs skinit wdt hw_pstate npt lbrv svm_lock nrip_save
bogomips	: 6431.12
TLB size	: 1024 4K pages
clflush size	: 64
cache_alignment	: 64
address sizes	: 48 bits physical, 48 bits virtual
power management: ts ttp tm stc 100mhzsteps hwpstate

processor	: 3
vendor_id	: AuthenticAMD
cpu family	: 16
model		: 4
model name	: AMD Phenom(tm) II X4 955 Processor
stepping	: 3
microcode	: 0x10000c8
cpu MHz		: 3200.000
cache size	: 512 KB
physical id	: 0
siblings	: 4
core id		: 3
cpu cores	: 4
apicid		: 3
initial apicid	: 3
fpu		: yes
fpu_exception	: yes
cpuid level	: 5
wp		: yes
flags		: fpu vme de pse tsc msr pae mce cx8 apic sep mtrr pge mca cmov pat pse36 clflush mmx fxsr sse sse2 ht syscall nx mmxext fxsr_opt pdpe1gb rdtscp lm 3dnowext 3dnow constant_tsc rep_good nopl nonstop_tsc extd_apicid pni monitor cx16 popcnt lahf_lm cmp_legacy svm extapic cr8_legacy abm sse4a misalignsse 3dnowprefetch osvw ibs skinit wdt hw_pstate npt lbrv svm_lock nrip_save
bogomips	: 6431.12
TLB size	: 1024 4K pages
clflush size	: 64
cache_alignment	: 64
address sizes	: 48 bits physical, 48 bits virtual
power management: ts ttp tm stc 100mhzsteps hwpstate



Memory: 4k page, physical 8179220k(141368k free), swap 0k(0k free)

vm_info: OpenJDK 64-Bit Server VM (24.51-b03) for linux-amd64 JRE (1.7.0_51-b31), built on Jan 29 2014 14:05:34 by "nobody" with gcc 4.8.2 20131219 (prerelease)

time: Sat Feb  8 16:12:56 2014
elapsed time: 3 seconds

