#
# There is insufficient memory for the Java Runtime Environment to continue.
# Native memory allocation (malloc) failed to allocate 268435456 bytes for committing reserved memory.
# Possible reasons:
#   The system is out of physical RAM or swap space
#   In 32 bit mode, the process size limit was hit
# Possible solutions:
#   Reduce memory load on the system
#   Increase physical memory or swap space
#   Check if swap backing store is full
#   Use 64 bit Java on a 64 bit OS
#   Decrease Java heap size (-Xmx/-Xms)
#   Decrease number of Java threads
#   Decrease Java thread stack sizes (-Xss)
#   Set larger code cache with -XX:ReservedCodeCacheSize=
# This output file may be truncated or incomplete.
#
#  Out of Memory Error (os_linux.cpp:2769), pid=15787, tid=139734744549120
#
# JRE version: OpenJDK Runtime Environment (7.0_51-b31) (build 1.7.0_51-b31)
# Java VM: OpenJDK 64-Bit Server VM (24.51-b03 mixed mode linux-amd64 compressed oops)
# Failed to write core dump. Core dumps have been disabled. To enable core dumping, try "ulimit -c unlimited" before starting Java again
#

---------------  T H R E A D  ---------------

Current thread (0x00007f169c074800):  VMThread [stack: 0x00007f1687bfc000,0x00007f1687cfd000] [id=15798]

Stack: [0x00007f1687bfc000,0x00007f1687cfd000],  sp=0x00007f1687cfb4c0,  free space=1021k
Native frames: (J=compiled Java code, j=interpreted, Vv=VM code, C=native code)
V  [libjvm.so+0x917f29]  JVM_handle_linux_signal+0x177939
V  [libjvm.so+0x467d44]  dlerror+0x467d44
V  [libjvm.so+0x79a9db]  JVM_FindSignal+0x18cf6b
V  [libjvm.so+0x79534f]  JVM_FindSignal+0x1878df
V  [libjvm.so+0x8056ab]  JVM_handle_linux_signal+0x650bb
V  [libjvm.so+0x806500]  JVM_handle_linux_signal+0x65f10
V  [libjvm.so+0x806bfb]  JVM_handle_linux_signal+0x6660b
V  [libjvm.so+0x802edf]  JVM_handle_linux_signal+0x628ef
V  [libjvm.so+0x8036a8]  JVM_handle_linux_signal+0x630b8
V  [libjvm.so+0x7b9d93]  JVM_handle_linux_signal+0x197a3
V  [libjvm.so+0x919944]  JVM_handle_linux_signal+0x179354
V  [libjvm.so+0x91df97]  JVM_handle_linux_signal+0x17d9a7
V  [libjvm.so+0x91c968]  JVM_handle_linux_signal+0x17c378
V  [libjvm.so+0x91cdc9]  JVM_handle_linux_signal+0x17c7d9
V  [libjvm.so+0x91d212]  JVM_handle_linux_signal+0x17cc22
V  [libjvm.so+0x7976b2]  JVM_FindSignal+0x189c42

VM_Operation (0x00007f1685b95770): ParallelGCFailedAllocation, mode: safepoint, requested by thread 0x00007f169c31e000


---------------  P R O C E S S  ---------------

Java Threads: ( => current thread )
  0x00007f169c009800 JavaThread "DestroyJavaVM" [_thread_blocked, id=15788, stack(0x00007f16a2ce3000,0x00007f16a2de4000)]
  0x00007f169c329000 JavaThread "clojure-agent-send-off-pool-2" [_thread_in_native, id=15812, stack(0x00007f1685996000,0x00007f1685a97000)]
  0x00007f169c31e000 JavaThread "clojure-agent-send-off-pool-1" [_thread_blocked, id=15811, stack(0x00007f1685a97000,0x00007f1685b98000)]
  0x00007f169c31d800 JavaThread "clojure-agent-send-off-pool-0" [_thread_blocked, id=15810, stack(0x00007f1685b98000,0x00007f1685c99000)]
  0x00007f169c0a7800 JavaThread "Service Thread" daemon [_thread_blocked, id=15805, stack(0x00007f168736c000,0x00007f168746d000)]
  0x00007f169c0a5000 JavaThread "C1 CompilerThread2" daemon [_thread_blocked, id=15804, stack(0x00007f168746d000,0x00007f168756e000)]
  0x00007f169c0a3000 JavaThread "C2 CompilerThread1" daemon [_thread_blocked, id=15803, stack(0x00007f168756e000,0x00007f168766f000)]
  0x00007f169c0a0000 JavaThread "C2 CompilerThread0" daemon [_thread_blocked, id=15802, stack(0x00007f168766f000,0x00007f1687770000)]
  0x00007f169c09e000 JavaThread "Signal Dispatcher" daemon [_thread_blocked, id=15801, stack(0x00007f1687770000,0x00007f1687871000)]
  0x00007f169c07b000 JavaThread "Finalizer" daemon [_thread_blocked, id=15800, stack(0x00007f16879fa000,0x00007f1687afb000)]
  0x00007f169c079000 JavaThread "Reference Handler" daemon [_thread_blocked, id=15799, stack(0x00007f1687afb000,0x00007f1687bfc000)]

Other Threads:
=>0x00007f169c074800 VMThread [stack: 0x00007f1687bfc000,0x00007f1687cfd000] [id=15798]
  0x00007f169c0b2000 WatcherThread [stack: 0x00007f168726b000,0x00007f168736c000] [id=15806]

VM state:at safepoint (normal execution)

VM Mutex/Monitor currently owned by a thread:  ([mutex/lock_event])
[0x00007f169c0072c0] Threads_lock - owner thread: 0x00007f169c074800
[0x00007f169c0077c0] Heap_lock - owner thread: 0x00007f169c31e000

Heap
 PSYoungGen      total 269312K, used 7168K [0x00000007d6600000, 0x00000007e7500000, 0x0000000800000000)
  eden space 261632K, 0% used [0x00000007d6600000,0x00000007d6600000,0x00000007e6580000)
  from space 7680K, 93% used [0x00000007e6580000,0x00000007e6c80000,0x00000007e6d00000)
  to   space 7168K, 0% used [0x00000007e6d00000,0x00000007e6d00000,0x00000007e7400000)
 ParOldGen       total 84992K, used 5090K [0x0000000783200000, 0x0000000788500000, 0x00000007d6600000)
  object space 84992K, 5% used [0x0000000783200000,0x00000007836f8a88,0x0000000788500000)
 PSPermGen       total 21504K, used 15413K [0x0000000778c00000, 0x000000077a100000, 0x0000000783200000)
  object space 21504K, 71% used [0x0000000778c00000,0x0000000779b0d680,0x000000077a100000)

Card table byte_map: [0x00007f16959bd000,0x00007f1695df8000] byte_map_base: 0x00007f1691df7000

Polling page: 0x00007f16a2e18000

Code Cache  [0x00007f1695df8000, 0x00007f1696258000, 0x00007f169bdf8000)
 total_blobs=2068 nmethods=1770 adapters=233 free_code_cache=93880Kb largest_free_block=96133952

Compilation events (10 events):
Event: 2.350 Thread 0x00007f169c0a5000 1770       1       java.lang.StringCoding::access$100 (8 bytes)
Event: 2.351 Thread 0x00007f169c0a5000 nmethod 1770 0x00007f1696246ed0 code [0x00007f1696247040, 0x00007f16962472c8]
Event: 2.351 Thread 0x00007f169c0a5000 1771       1       java.lang.String::<init> (43 bytes)
Event: 2.351 Thread 0x00007f169c0a5000 nmethod 1771 0x00007f16962473d0 code [0x00007f1696247540, 0x00007f16962477a8]
Event: 2.360 Thread 0x00007f169c0a5000 1774       1       complete.core$fn__971$iter__972__976$fn__977::invoke (391 bytes)
Event: 2.361 Thread 0x00007f169c0a5000 nmethod 1774 0x00007f1696247890 code [0x00007f1696247c00, 0x00007f1696248a58]
Event: 2.361 Thread 0x00007f169c0a5000 1772       1       complete.core$fn__971$iter__972__976::invoke (22 bytes)
Event: 2.361 Thread 0x00007f169c0a5000 nmethod 1772 0x00007f1696249590 code [0x00007f16962496e0, 0x00007f1696249910]
Event: 2.361 Thread 0x00007f169c0a5000 1773       1       complete.core$fn__971$iter__972__976$fn__977::<init> (15 bytes)
Event: 2.361 Thread 0x00007f169c0a5000 nmethod 1773 0x00007f16962499d0 code [0x00007f1696249b20, 0x00007f1696249c90]

GC Heap History (10 events):
Event: 1.452 GC heap after
Heap after GC invocations=2 (full 0):
 PSYoungGen      total 70656K, used 4822K [0x00000007d6600000, 0x00000007db000000, 0x0000000800000000)
  eden space 65536K, 0% used [0x00000007d6600000,0x00000007d6600000,0x00000007da600000)
  from space 5120K, 94% used [0x00000007dab00000,0x00000007dafb58c8,0x00000007db000000)
  to   space 5120K, 0% used [0x00000007da600000,0x00000007da600000,0x00000007dab00000)
 ParOldGen       total 84992K, used 206K [0x0000000783200000, 0x0000000788500000, 0x00000007d6600000)
  object space 84992K, 0% used [0x0000000783200000,0x00000007832339e0,0x0000000788500000)
 PSPermGen       total 21504K, used 12602K [0x0000000778c00000, 0x000000077a100000, 0x0000000783200000)
  object space 21504K, 58% used [0x0000000778c00000,0x000000077984e9e8,0x000000077a100000)
}
Event: 2.073 GC heap before
{Heap before GC invocations=3 (full 0):
 PSYoungGen      total 70656K, used 70358K [0x00000007d6600000, 0x00000007db000000, 0x0000000800000000)
  eden space 65536K, 100% used [0x00000007d6600000,0x00000007da600000,0x00000007da600000)
  from space 5120K, 94% used [0x00000007dab00000,0x00000007dafb58c8,0x00000007db000000)
  to   space 5120K, 0% used [0x00000007da600000,0x00000007da600000,0x00000007dab00000)
 ParOldGen       total 84992K, used 206K [0x0000000783200000, 0x0000000788500000, 0x00000007d6600000)
  object space 84992K, 0% used [0x0000000783200000,0x00000007832339e0,0x0000000788500000)
 PSPermGen       total 21504K, used 14562K [0x0000000778c00000, 0x000000077a100000, 0x0000000783200000)
  object space 21504K, 67% used [0x0000000778c00000,0x0000000779a38a70,0x000000077a100000)
Event: 2.090 GC heap after
Heap after GC invocations=3 (full 0):
 PSYoungGen      total 70656K, used 5106K [0x00000007d6600000, 0x00000007df000000, 0x0000000800000000)
  eden space 65536K, 0% used [0x00000007d6600000,0x00000007d6600000,0x00000007da600000)
  from space 5120K, 99% used [0x00000007da600000,0x00000007daafc8f0,0x00000007dab00000)
  to   space 5120K, 0% used [0x00000007deb00000,0x00000007deb00000,0x00000007df000000)
 ParOldGen       total 84992K, used 372K [0x0000000783200000, 0x0000000788500000, 0x00000007d6600000)
  object space 84992K, 0% used [0x0000000783200000,0x000000078325d360,0x0000000788500000)
 PSPermGen       total 21504K, used 14562K [0x0000000778c00000, 0x000000077a100000, 0x0000000783200000)
  object space 21504K, 67% used [0x0000000778c00000,0x0000000779a38a70,0x000000077a100000)
}
Event: 2.313 GC heap before
{Heap before GC invocations=4 (full 0):
 PSYoungGen      total 70656K, used 70642K [0x00000007d6600000, 0x00000007df000000, 0x0000000800000000)
  eden space 65536K, 100% used [0x00000007d6600000,0x00000007da600000,0x00000007da600000)
  from space 5120K, 99% used [0x00000007da600000,0x00000007daafc8f0,0x00000007dab00000)
  to   space 5120K, 0% used [0x00000007deb00000,0x00000007deb00000,0x00000007df000000)
 ParOldGen       total 84992K, used 372K [0x0000000783200000, 0x0000000788500000, 0x00000007d6600000)
  object space 84992K, 0% used [0x0000000783200000,0x000000078325d360,0x0000000788500000)
 PSPermGen       total 21504K, used 15411K [0x0000000778c00000, 0x000000077a100000, 0x0000000783200000)
  object space 21504K, 71% used [0x0000000778c00000,0x0000000779b0ccb8,0x000000077a100000)
Event: 2.342 GC heap after
Heap after GC invocations=4 (full 0):
 PSYoungGen      total 136192K, used 5091K [0x00000007d6600000, 0x00000007df000000, 0x0000000800000000)
  eden space 131072K, 0% used [0x00000007d6600000,0x00000007d6600000,0x00000007de600000)
  from space 5120K, 99% used [0x00000007deb00000,0x00000007deff8df0,0x00000007df000000)
  to   space 5120K, 0% used [0x00000007de600000,0x00000007de600000,0x00000007deb00000)
 ParOldGen       total 84992K, used 571K [0x0000000783200000, 0x0000000788500000, 0x00000007d6600000)
  object space 84992K, 0% used [0x0000000783200000,0x000000078328ef88,0x0000000788500000)
 PSPermGen       total 21504K, used 15411K [0x0000000778c00000, 0x000000077a100000, 0x0000000783200000)
  object space 21504K, 71% used [0x0000000778c00000,0x0000000779b0ccb8,0x000000077a100000)
}
Event: 2.486 GC heap before
{Heap before GC invocations=5 (full 0):
 PSYoungGen      total 136192K, used 136163K [0x00000007d6600000, 0x00000007df000000, 0x0000000800000000)
  eden space 131072K, 100% used [0x00000007d6600000,0x00000007de600000,0x00000007de600000)
  from space 5120K, 99% used [0x00000007deb00000,0x00000007deff8df0,0x00000007df000000)
  to   space 5120K, 0% used [0x00000007de600000,0x00000007de600000,0x00000007deb00000)
 ParOldGen       total 84992K, used 571K [0x0000000783200000, 0x0000000788500000, 0x00000007d6600000)
  object space 84992K, 0% used [0x0000000783200000,0x000000078328ef88,0x0000000788500000)
 PSPermGen       total 21504K, used 15411K [0x0000000778c00000, 0x000000077a100000, 0x0000000783200000)
  object space 21504K, 71% used [0x0000000778c00000,0x0000000779b0ccb8,0x000000077a100000)
Event: 2.505 GC heap after
Heap after GC invocations=5 (full 0):
 PSYoungGen      total 136192K, used 5107K [0x00000007d6600000, 0x00000007e7400000, 0x0000000800000000)
  eden space 131072K, 0% used [0x00000007d6600000,0x00000007d6600000,0x00000007de600000)
  from space 5120K, 99% used [0x00000007de600000,0x00000007deafce00,0x00000007deb00000)
  to   space 7168K, 0% used [0x00000007e6d00000,0x00000007e6d00000,0x00000007e7400000)
 ParOldGen       total 84992K, used 2386K [0x0000000783200000, 0x0000000788500000, 0x00000007d6600000)
  object space 84992K, 2% used [0x0000000783200000,0x0000000783454a68,0x0000000788500000)
 PSPermGen       total 21504K, used 15411K [0x0000000778c00000, 0x000000077a100000, 0x0000000783200000)
  object space 21504K, 71% used [0x0000000778c00000,0x0000000779b0ccb8,0x000000077a100000)
}
Event: 2.600 GC heap before
{Heap before GC invocations=6 (full 0):
 PSYoungGen      total 136192K, used 136179K [0x00000007d6600000, 0x00000007e7400000, 0x0000000800000000)
  eden space 131072K, 100% used [0x00000007d6600000,0x00000007de600000,0x00000007de600000)
  from space 5120K, 99% used [0x00000007de600000,0x00000007deafce00,0x00000007deb00000)
  to   space 7168K, 0% used [0x00000007e6d00000,0x00000007e6d00000,0x00000007e7400000)
 ParOldGen       total 84992K, used 2386K [0x0000000783200000, 0x0000000788500000, 0x00000007d6600000)
  object space 84992K, 2% used [0x0000000783200000,0x0000000783454a68,0x0000000788500000)
 PSPermGen       total 21504K, used 15411K [0x0000000778c00000, 0x000000077a100000, 0x0000000783200000)
  object space 21504K, 71% used [0x0000000778c00000,0x0000000779b0ccb8,0x000000077a100000)
Event: 2.614 GC heap after
Heap after GC invocations=6 (full 0):
 PSYoungGen      total 268800K, used 6819K [0x00000007d6600000, 0x00000007e7500000, 0x0000000800000000)
  eden space 261632K, 0% used [0x00000007d6600000,0x00000007d6600000,0x00000007e6580000)
  from space 7168K, 95% used [0x00000007e6d00000,0x00000007e73a8dd0,0x00000007e7400000)
  to   space 7680K, 0% used [0x00000007e6580000,0x00000007e6580000,0x00000007e6d00000)
 ParOldGen       total 84992K, used 2386K [0x0000000783200000, 0x0000000788500000, 0x00000007d6600000)
  object space 84992K, 2% used [0x0000000783200000,0x0000000783454a68,0x0000000788500000)
 PSPermGen       total 21504K, used 15411K [0x0000000778c00000, 0x000000077a100000, 0x0000000783200000)
  object space 21504K, 71% used [0x0000000778c00000,0x0000000779b0ccb8,0x000000077a100000)
}
Event: 2.831 GC heap before
{Heap before GC invocations=7 (full 0):
 PSYoungGen      total 268800K, used 268451K [0x00000007d6600000, 0x00000007e7500000, 0x0000000800000000)
  eden space 261632K, 100% used [0x00000007d6600000,0x00000007e6580000,0x00000007e6580000)
  from space 7168K, 95% used [0x00000007e6d00000,0x00000007e73a8dd0,0x00000007e7400000)
  to   space 7680K, 0% used [0x00000007e6580000,0x00000007e6580000,0x00000007e6d00000)
 ParOldGen       total 84992K, used 2386K [0x0000000783200000, 0x0000000788500000, 0x00000007d6600000)
  object space 84992K, 2% used [0x0000000783200000,0x0000000783454a68,0x0000000788500000)
 PSPermGen       total 21504K, used 15413K [0x0000000778c00000, 0x000000077a100000, 0x0000000783200000)
  object space 21504K, 71% used [0x0000000778c00000,0x0000000779b0d680,0x000000077a100000)

Deoptimization events (0 events):
No events

Internal exceptions (10 events):
Event: 2.312 Thread 0x00007f169c009800 Threw 0x00000007d84cc228 at /build/java7-openjdk/src/icedtea-2.4.5/openjdk/hotspot/src/share/vm/prims/jni.cpp:717
Event: 2.312 Thread 0x00007f169c009800 Threw 0x00000007d84cc3a8 at /build/java7-openjdk/src/icedtea-2.4.5/openjdk/hotspot/src/share/vm/prims/jni.cpp:717
Event: 2.312 Thread 0x00007f169c009800 Threw 0x00000007d84cc8d0 at /build/java7-openjdk/src/icedtea-2.4.5/openjdk/hotspot/src/share/vm/prims/jni.cpp:717
Event: 2.312 Thread 0x00007f169c009800 Threw 0x00000007d84cca80 at /build/java7-openjdk/src/icedtea-2.4.5/openjdk/hotspot/src/share/vm/prims/jni.cpp:717
Event: 2.312 Thread 0x00007f169c009800 Threw 0x00000007d84ccc00 at /build/java7-openjdk/src/icedtea-2.4.5/openjdk/hotspot/src/share/vm/prims/jni.cpp:717
Event: 2.312 Thread 0x00007f169c009800 Threw 0x00000007d84cd058 at /build/java7-openjdk/src/icedtea-2.4.5/openjdk/hotspot/src/share/vm/prims/jni.cpp:717
Event: 2.312 Thread 0x00007f169c009800 Threw 0x00000007d84cd208 at /build/java7-openjdk/src/icedtea-2.4.5/openjdk/hotspot/src/share/vm/prims/jni.cpp:717
Event: 2.312 Thread 0x00007f169c009800 Threw 0x00000007d84cd388 at /build/java7-openjdk/src/icedtea-2.4.5/openjdk/hotspot/src/share/vm/prims/jni.cpp:717
Event: 2.811 Thread 0x00007f169c31e000 Threw 0x00000007e53253a8 at /build/java7-openjdk/src/icedtea-2.4.5/openjdk/hotspot/src/share/vm/prims/jni.cpp:717
Event: 2.811 Thread 0x00007f169c31e000 Threw 0x00000007e53259d8 at /build/java7-openjdk/src/icedtea-2.4.5/openjdk/hotspot/src/share/vm/runtime/reflection.cpp:1030

Events (10 events):
Event: 2.312 Thread 0x00007f169c009800 Thread added: 0x00007f169c009800
Event: 2.312 Executing VM operation: ParallelGCFailedAllocation
Event: 2.343 Executing VM operation: ParallelGCFailedAllocation done
Event: 2.486 Executing VM operation: ParallelGCFailedAllocation
Event: 2.505 Executing VM operation: ParallelGCFailedAllocation done
Event: 2.599 Executing VM operation: ParallelGCFailedAllocation
Event: 2.614 Executing VM operation: ParallelGCFailedAllocation done
Event: 2.811 loading class 0x00007f16a0005250
Event: 2.811 loading class 0x00007f16a0005250 done
Event: 2.830 Executing VM operation: ParallelGCFailedAllocation


Dynamic libraries:
00400000-00401000 r-xp 00000000 08:01 1066915                            /usr/lib/jvm/java-7-openjdk/jre/bin/java
00600000-00601000 rw-p 00000000 08:01 1066915                            /usr/lib/jvm/java-7-openjdk/jre/bin/java
0130e000-0132f000 rw-p 00000000 00:00 0                                  [heap]
778c00000-77a100000 rw-p 00000000 00:00 0 
77a100000-783200000 rw-p 00000000 00:00 0 
783200000-788500000 rw-p 00000000 00:00 0 
788500000-7d6600000 rw-p 00000000 00:00 0 
7d6600000-7d9000000 rw-p 00000000 00:00 0 
7d9000000-7db000000 rw-p 00000000 00:00 0 
7db000000-7df000000 rw-p 00000000 00:00 0 
7df000000-7e7400000 rw-p 00000000 00:00 0 
7e7400000-7e7500000 rw-p 00000000 00:00 0 
7f7500000-800000000 rw-p 00000000 00:00 0 
7f1644000000-7f1644021000 rw-p 00000000 00:00 0 
7f1644021000-7f1648000000 ---p 00000000 00:00 0 
7f164c000000-7f164c07e000 rw-p 00000000 00:00 0 
7f164c07e000-7f1650000000 ---p 00000000 00:00 0 
7f1650000000-7f1650039000 rw-p 00000000 00:00 0 
7f1650039000-7f1654000000 ---p 00000000 00:00 0 
7f1654000000-7f1654021000 rw-p 00000000 00:00 0 
7f1654021000-7f1658000000 ---p 00000000 00:00 0 
7f1658000000-7f1658021000 rw-p 00000000 00:00 0 
7f1658021000-7f165c000000 ---p 00000000 00:00 0 
7f165c000000-7f165c021000 rw-p 00000000 00:00 0 
7f165c021000-7f1660000000 ---p 00000000 00:00 0 
7f1660000000-7f166039e000 rw-p 00000000 00:00 0 
7f166039e000-7f1664000000 ---p 00000000 00:00 0 
7f1664000000-7f1664021000 rw-p 00000000 00:00 0 
7f1664021000-7f1668000000 ---p 00000000 00:00 0 
7f1668000000-7f1668021000 rw-p 00000000 00:00 0 
7f1668021000-7f166c000000 ---p 00000000 00:00 0 
7f166c000000-7f166c021000 rw-p 00000000 00:00 0 
7f166c021000-7f1670000000 ---p 00000000 00:00 0 
7f1670000000-7f1670021000 rw-p 00000000 00:00 0 
7f1670021000-7f1674000000 ---p 00000000 00:00 0 
7f1674000000-7f1674021000 rw-p 00000000 00:00 0 
7f1674021000-7f1678000000 ---p 00000000 00:00 0 
7f167bc60000-7f1680000000 rw-p 00000000 00:00 0 
7f1680000000-7f1680021000 rw-p 00000000 00:00 0 
7f1680021000-7f1684000000 ---p 00000000 00:00 0 
7f1685996000-7f1685999000 ---p 00000000 00:00 0 
7f1685999000-7f1685a97000 rw-p 00000000 00:00 0                          [stack:15812]
7f1685a97000-7f1685a9a000 ---p 00000000 00:00 0 
7f1685a9a000-7f1685b98000 rw-p 00000000 00:00 0                          [stack:15811]
7f1685b98000-7f1685b9b000 ---p 00000000 00:00 0 
7f1685b9b000-7f1685c99000 rw-p 00000000 00:00 0                          [stack:15810]
7f1685c99000-7f1685cad000 r-xp 00000000 08:01 415986                     /usr/lib/libresolv-2.18.so
7f1685cad000-7f1685eac000 ---p 00014000 08:01 415986                     /usr/lib/libresolv-2.18.so
7f1685eac000-7f1685ead000 r--p 00013000 08:01 415986                     /usr/lib/libresolv-2.18.so
7f1685ead000-7f1685eae000 rw-p 00014000 08:01 415986                     /usr/lib/libresolv-2.18.so
7f1685eae000-7f1685eb0000 rw-p 00000000 00:00 0 
7f1685eb0000-7f1685f16000 r-xp 00000000 08:01 401632                     /usr/lib/libpcre.so.1.2.2
7f1685f16000-7f1686115000 ---p 00066000 08:01 401632                     /usr/lib/libpcre.so.1.2.2
7f1686115000-7f1686116000 r--p 00065000 08:01 401632                     /usr/lib/libpcre.so.1.2.2
7f1686116000-7f1686117000 rw-p 00066000 08:01 401632                     /usr/lib/libpcre.so.1.2.2
7f1686117000-7f168611a000 r-xp 00000000 08:01 401751                     /usr/lib/libgmodule-2.0.so.0.3800.2
7f168611a000-7f1686319000 ---p 00003000 08:01 401751                     /usr/lib/libgmodule-2.0.so.0.3800.2
7f1686319000-7f168631a000 r--p 00002000 08:01 401751                     /usr/lib/libgmodule-2.0.so.0.3800.2
7f168631a000-7f168631b000 rw-p 00003000 08:01 401751                     /usr/lib/libgmodule-2.0.so.0.3800.2
7f168631b000-7f1686322000 r-xp 00000000 08:01 426254                     /usr/lib/libffi.so.6.0.1
7f1686322000-7f1686521000 ---p 00007000 08:01 426254                     /usr/lib/libffi.so.6.0.1
7f1686521000-7f1686522000 r--p 00006000 08:01 426254                     /usr/lib/libffi.so.6.0.1
7f1686522000-7f1686523000 rw-p 00007000 08:01 426254                     /usr/lib/libffi.so.6.0.1
7f1686523000-7f1686621000 r-xp 00000000 08:01 401750                     /usr/lib/libglib-2.0.so.0.3800.2
7f1686621000-7f1686820000 ---p 000fe000 08:01 401750                     /usr/lib/libglib-2.0.so.0.3800.2
7f1686820000-7f1686821000 r--p 000fd000 08:01 401750                     /usr/lib/libglib-2.0.so.0.3800.2
7f1686821000-7f1686822000 rw-p 000fe000 08:01 401750                     /usr/lib/libglib-2.0.so.0.3800.2
7f1686822000-7f1686823000 rw-p 00000000 00:00 0 
7f1686823000-7f1686872000 r-xp 00000000 08:01 401753                     /usr/lib/libgobject-2.0.so.0.3800.2
7f1686872000-7f1686a72000 ---p 0004f000 08:01 401753                     /usr/lib/libgobject-2.0.so.0.3800.2
7f1686a72000-7f1686a73000 r--p 0004f000 08:01 401753                     /usr/lib/libgobject-2.0.so.0.3800.2
7f1686a73000-7f1686a74000 rw-p 00050000 08:01 401753                     /usr/lib/libgobject-2.0.so.0.3800.2
7f1686a74000-7f1686bce000 r-xp 00000000 08:01 401754                     /usr/lib/libgio-2.0.so.0.3800.2
7f1686bce000-7f1686dce000 ---p 0015a000 08:01 401754                     /usr/lib/libgio-2.0.so.0.3800.2
7f1686dce000-7f1686dd2000 r--p 0015a000 08:01 401754                     /usr/lib/libgio-2.0.so.0.3800.2
7f1686dd2000-7f1686dd4000 rw-p 0015e000 08:01 401754                     /usr/lib/libgio-2.0.so.0.3800.2
7f1686dd4000-7f1686dd6000 rw-p 00000000 00:00 0 
7f1686dee000-7f1686df9000 r--s 00203000 08:01 1049643                    /usr/lib/jvm/java-7-openjdk/jre/lib/charsets.jar
7f1686df9000-7f1686dfc000 r--s 00017000 08:01 1049631                    /usr/lib/jvm/java-7-openjdk/jre/lib/jce.jar
7f1686dfc000-7f1686e01000 r--s 0004c000 08:01 1050008                    /usr/lib/jvm/java-7-openjdk/jre/lib/jsse.jar
7f1686e01000-7f1686e03000 r--s 0000a000 08:01 3933958                    /home/arne/.m2/repository/org/ow2/asm/asm/4.0/asm-4.0.jar
7f1686e03000-7f1686e05000 r--s 00008000 08:01 3933963                    /home/arne/.m2/repository/org/ow2/asm/asm-util/4.0/asm-util-4.0.jar
7f1686e05000-7f1686e07000 r--s 00004000 08:01 3933957                    /home/arne/.m2/repository/org/ow2/asm/asm-tree/4.0/asm-tree-4.0.jar
7f1686e07000-7f1686e1d000 r-xp 00000000 08:01 1189445                    /usr/lib/jvm/java-7-openjdk/jre/lib/amd64/libnet.so
7f1686e1d000-7f168701d000 ---p 00016000 08:01 1189445                    /usr/lib/jvm/java-7-openjdk/jre/lib/amd64/libnet.so
7f168701d000-7f168701e000 rw-p 00016000 08:01 1189445                    /usr/lib/jvm/java-7-openjdk/jre/lib/amd64/libnet.so
7f168701e000-7f168702e000 r-xp 00000000 08:01 1189461                    /usr/lib/jvm/java-7-openjdk/jre/lib/amd64/libnio.so
7f168702e000-7f168722e000 ---p 00010000 08:01 1189461                    /usr/lib/jvm/java-7-openjdk/jre/lib/amd64/libnio.so
7f168722e000-7f168722f000 rw-p 00010000 08:01 1189461                    /usr/lib/jvm/java-7-openjdk/jre/lib/amd64/libnio.so
7f168722f000-7f168726b000 r--s 00308000 08:01 3802825                    /home/arne/.m2/repository/org/clojure/clojure/1.4.0/clojure-1.4.0.jar
7f168726b000-7f168726c000 ---p 00000000 00:00 0 
7f168726c000-7f168736c000 rw-p 00000000 00:00 0                          [stack:15806]
7f168736c000-7f168736f000 ---p 00000000 00:00 0 
7f168736f000-7f168746d000 rw-p 00000000 00:00 0                          [stack:15805]
7f168746d000-7f1687470000 ---p 00000000 00:00 0 
7f1687470000-7f168756e000 rw-p 00000000 00:00 0                          [stack:15804]
7f168756e000-7f1687571000 ---p 00000000 00:00 0 
7f1687571000-7f168766f000 rw-p 00000000 00:00 0                          [stack:15803]
7f168766f000-7f1687672000 ---p 00000000 00:00 0 
7f1687672000-7f1687770000 rw-p 00000000 00:00 0                          [stack:15802]
7f1687770000-7f1687773000 ---p 00000000 00:00 0 
7f1687773000-7f1687871000 rw-p 00000000 00:00 0                          [stack:15801]
7f1687871000-7f16879fa000 r--p 00000000 08:01 430481                     /usr/lib/locale/locale-archive
7f16879fa000-7f16879fd000 ---p 00000000 00:00 0 
7f16879fd000-7f1687afb000 rw-p 00000000 00:00 0                          [stack:15800]
7f1687afb000-7f1687afe000 ---p 00000000 00:00 0 
7f1687afe000-7f1687bfc000 rw-p 00000000 00:00 0                          [stack:15799]
7f1687bfc000-7f1687bfd000 ---p 00000000 00:00 0 
7f1687bfd000-7f1687cfd000 rw-p 00000000 00:00 0                          [stack:15798]
7f1687cfd000-7f1687dfe000 rw-p 00000000 00:00 0 
7f1687dfe000-7f1687eff000 rw-p 00000000 00:00 0 
7f1687eff000-7f1688000000 rw-p 00000000 00:00 0 
7f1688000000-7f1688021000 rw-p 00000000 00:00 0 
7f1688021000-7f168c000000 ---p 00000000 00:00 0 
7f168c000000-7f168c021000 rw-p 00000000 00:00 0 
7f168c021000-7f1690000000 ---p 00000000 00:00 0 
7f1690000000-7f1690021000 rw-p 00000000 00:00 0 
7f1690021000-7f1694000000 ---p 00000000 00:00 0 
7f1694001000-7f1694004000 r--s 0000c000 08:01 3933964                    /home/arne/.m2/repository/org/pegdown/pegdown/1.2.0/pegdown-1.2.0.jar
7f1694004000-7f169400a000 r--s 00028000 08:01 3933965                    /home/arne/.m2/repository/org/parboiled/parboiled-core/1.1.3/parboiled-core-1.1.3.jar
7f169400a000-7f169410b000 rw-p 00000000 00:00 0 
7f169410b000-7f169420c000 rw-p 00000000 00:00 0 
7f169420c000-7f169422d000 rw-p 00000000 00:00 0 
7f169422d000-7f169432e000 rw-p 00000000 00:00 0 
7f169432e000-7f169434f000 rw-p 00000000 00:00 0 
7f169434f000-7f1694450000 rw-p 00000000 00:00 0 
7f1694450000-7f1694471000 rw-p 00000000 00:00 0 
7f1694471000-7f1694572000 rw-p 00000000 00:00 0 
7f1694572000-7f1694673000 rw-p 00000000 00:00 0 
7f1694673000-7f1694774000 rw-p 00000000 00:00 0 
7f1694774000-7f1694875000 rw-p 00000000 00:00 0 
7f1694875000-7f1694976000 rw-p 00000000 00:00 0 
7f1694976000-7f1694a77000 rw-p 00000000 00:00 0 
7f1694a77000-7f1694b78000 rw-p 00000000 00:00 0 
7f1694b78000-7f1694c79000 rw-p 00000000 00:00 0 
7f1694c79000-7f1694cc1000 rw-p 00000000 00:00 0 
7f1694cc1000-7f1694e6f000 r--s 01cf4000 08:01 1049644                    /usr/lib/jvm/java-7-openjdk/jre/lib/rt.jar
7f1694e6f000-7f1694ee5000 rw-p 00000000 00:00 0 
7f1694ee5000-7f169531f000 rw-p 00000000 00:00 0 
7f169531f000-7f1695320000 ---p 00000000 00:00 0 
7f1695320000-7f1695420000 rw-p 00000000 00:00 0                          [stack:15792]
7f1695420000-7f1695421000 ---p 00000000 00:00 0 
7f1695421000-7f1695521000 rw-p 00000000 00:00 0                          [stack:15791]
7f1695521000-7f1695522000 ---p 00000000 00:00 0 
7f1695522000-7f1695622000 rw-p 00000000 00:00 0                          [stack:15790]
7f1695622000-7f1695623000 ---p 00000000 00:00 0 
7f1695623000-7f1695723000 rw-p 00000000 00:00 0                          [stack:15789]
7f1695723000-7f169574d000 rw-p 00000000 00:00 0 
7f169574d000-7f16959bd000 rw-p 00000000 00:00 0 
7f16959bd000-7f16959c8000 rw-p 00000000 00:00 0 
7f16959c8000-7f1695a10000 rw-p 00000000 00:00 0 
7f1695a10000-7f1695a3a000 rw-p 00000000 00:00 0 
7f1695a3a000-7f1695caa000 rw-p 00000000 00:00 0 
7f1695caa000-7f1695cbf000 rw-p 00000000 00:00 0 
7f1695cbf000-7f1695ccf000 rw-p 00000000 00:00 0 
7f1695ccf000-7f1695cef000 rw-p 00000000 00:00 0 
7f1695cef000-7f1695d31000 rw-p 00000000 00:00 0 
7f1695d31000-7f1695d32000 rw-p 00000000 00:00 0 
7f1695d32000-7f1695df7000 rw-p 00000000 00:00 0 
7f1695df7000-7f1695df8000 rw-p 00000000 00:00 0 
7f1695df8000-7f1696068000 rwxp 00000000 00:00 0 
7f1696068000-7f1696078000 rwxp 00000000 00:00 0 
7f1696078000-7f1696088000 rwxp 00000000 00:00 0 
7f1696088000-7f1696098000 rwxp 00000000 00:00 0 
7f1696098000-7f16960a8000 rwxp 00000000 00:00 0 
7f16960a8000-7f16960b8000 rwxp 00000000 00:00 0 
7f16960b8000-7f16960c8000 rwxp 00000000 00:00 0 
7f16960c8000-7f16960d8000 rwxp 00000000 00:00 0 
7f16960d8000-7f16960e8000 rwxp 00000000 00:00 0 
7f16960e8000-7f16960f8000 rwxp 00000000 00:00 0 
7f16960f8000-7f1696108000 rwxp 00000000 00:00 0 
7f1696108000-7f1696118000 rwxp 00000000 00:00 0 
7f1696118000-7f1696128000 rwxp 00000000 00:00 0 
7f1696128000-7f1696138000 rwxp 00000000 00:00 0 
7f1696138000-7f1696148000 rwxp 00000000 00:00 0 
7f1696148000-7f1696158000 rwxp 00000000 00:00 0 
7f1696158000-7f1696168000 rwxp 00000000 00:00 0 
7f1696168000-7f1696178000 rwxp 00000000 00:00 0 
7f1696178000-7f1696188000 rwxp 00000000 00:00 0 
7f1696188000-7f1696198000 rwxp 00000000 00:00 0 
7f1696198000-7f16961a8000 rwxp 00000000 00:00 0 
7f16961a8000-7f16961b8000 rwxp 00000000 00:00 0 
7f16961b8000-7f16961c8000 rwxp 00000000 00:00 0 
7f16961c8000-7f16961d8000 rwxp 00000000 00:00 0 
7f16961d8000-7f16961e8000 rwxp 00000000 00:00 0 
7f16961e8000-7f16961f8000 rwxp 00000000 00:00 0 
7f16961f8000-7f1696208000 rwxp 00000000 00:00 0 
7f1696208000-7f1696218000 rwxp 00000000 00:00 0 
7f1696218000-7f1696228000 rwxp 00000000 00:00 0 
7f1696228000-7f1696238000 rwxp 00000000 00:00 0 
7f1696238000-7f1696248000 rwxp 00000000 00:00 0 
7f1696248000-7f1696258000 rwxp 00000000 00:00 0 
7f1696258000-7f169bdf8000 rw-p 00000000 00:00 0 
7f169bdf8000-7f169be00000 r-xp 00000000 08:01 1189440                    /usr/lib/jvm/java-7-openjdk/jre/lib/amd64/libzip.so
7f169be00000-7f169bfff000 ---p 00008000 08:01 1189440                    /usr/lib/jvm/java-7-openjdk/jre/lib/amd64/libzip.so
7f169bfff000-7f169c000000 rw-p 00007000 08:01 1189440                    /usr/lib/jvm/java-7-openjdk/jre/lib/amd64/libzip.so
7f169c000000-7f169caf4000 rw-p 00000000 00:00 0 
7f169caf4000-7f16a0000000 ---p 00000000 00:00 0 
7f16a0000000-7f16a0001000 rw-p 00000000 00:00 0 
7f16a0001000-7f16a0002000 r--s 00000000 08:01 4075728                    /home/arne/.m2/repository/clojure-complete/clojure-complete/0.2.3/clojure-complete-0.2.3.jar
7f16a0002000-7f16a0004000 r--s 00008000 08:01 4075706                    /home/arne/.m2/repository/org/clojure/tools.nrepl/0.2.3/tools.nrepl-0.2.3.jar
7f16a0004000-7f16a005f000 rw-p 00000000 00:00 0 
7f16a005f000-7f16a0069000 rw-p 00000000 00:00 0 
7f16a0069000-7f16a006a000 rw-p 00000000 00:00 0 
7f16a006a000-7f16a006b000 rw-p 00000000 00:00 0 
7f16a006b000-7f16a006c000 rw-p 00000000 00:00 0 
7f16a006c000-7f16a006d000 rw-p 00000000 00:00 0 
7f16a006d000-7f16a006e000 rw-p 00000000 00:00 0 
7f16a006e000-7f16a006f000 rw-p 00000000 00:00 0 
7f16a006f000-7f16a0070000 rw-p 00000000 00:00 0 
7f16a0070000-7f16a0071000 rw-p 00000000 00:00 0 
7f16a0071000-7f16a01df000 rw-p 00000000 00:00 0 
7f16a01df000-7f16a01ea000 r-xp 00000000 08:01 395376                     /usr/lib/libnss_files-2.18.so
7f16a01ea000-7f16a03ea000 ---p 0000b000 08:01 395376                     /usr/lib/libnss_files-2.18.so
7f16a03ea000-7f16a03eb000 r--p 0000b000 08:01 395376                     /usr/lib/libnss_files-2.18.so
7f16a03eb000-7f16a03ec000 rw-p 0000c000 08:01 395376                     /usr/lib/libnss_files-2.18.so
7f16a03ec000-7f16a0417000 r-xp 00000000 08:01 1189439                    /usr/lib/jvm/java-7-openjdk/jre/lib/amd64/libjava.so
7f16a0417000-7f16a0616000 ---p 0002b000 08:01 1189439                    /usr/lib/jvm/java-7-openjdk/jre/lib/amd64/libjava.so
7f16a0616000-7f16a0618000 rw-p 0002a000 08:01 1189439                    /usr/lib/jvm/java-7-openjdk/jre/lib/amd64/libjava.so
7f16a0618000-7f16a0625000 r-xp 00000000 08:01 1189438                    /usr/lib/jvm/java-7-openjdk/jre/lib/amd64/libverify.so
7f16a0625000-7f16a0824000 ---p 0000d000 08:01 1189438                    /usr/lib/jvm/java-7-openjdk/jre/lib/amd64/libverify.so
7f16a0824000-7f16a0826000 rw-p 0000c000 08:01 1189438                    /usr/lib/jvm/java-7-openjdk/jre/lib/amd64/libverify.so
7f16a0826000-7f16a082d000 r-xp 00000000 08:01 424647                     /usr/lib/librt-2.18.so
7f16a082d000-7f16a0a2c000 ---p 00007000 08:01 424647                     /usr/lib/librt-2.18.so
7f16a0a2c000-7f16a0a2d000 r--p 00006000 08:01 424647                     /usr/lib/librt-2.18.so
7f16a0a2d000-7f16a0a2e000 rw-p 00007000 08:01 424647                     /usr/lib/librt-2.18.so
7f16a0a2e000-7f16a0a43000 r-xp 00000000 08:01 418069                     /usr/lib/libgcc_s.so.1
7f16a0a43000-7f16a0c43000 ---p 00015000 08:01 418069                     /usr/lib/libgcc_s.so.1
7f16a0c43000-7f16a0c44000 rw-p 00015000 08:01 418069                     /usr/lib/libgcc_s.so.1
7f16a0c44000-7f16a0d45000 r-xp 00000000 08:01 410823                     /usr/lib/libm-2.18.so
7f16a0d45000-7f16a0f45000 ---p 00101000 08:01 410823                     /usr/lib/libm-2.18.so
7f16a0f45000-7f16a0f46000 r--p 00101000 08:01 410823                     /usr/lib/libm-2.18.so
7f16a0f46000-7f16a0f47000 rw-p 00102000 08:01 410823                     /usr/lib/libm-2.18.so
7f16a0f47000-7f16a102d000 r-xp 00000000 08:01 430533                     /usr/lib/libstdc++.so.6.0.19
7f16a102d000-7f16a122c000 ---p 000e6000 08:01 430533                     /usr/lib/libstdc++.so.6.0.19
7f16a122c000-7f16a1234000 r--p 000e5000 08:01 430533                     /usr/lib/libstdc++.so.6.0.19
7f16a1234000-7f16a1236000 rw-p 000ed000 08:01 430533                     /usr/lib/libstdc++.so.6.0.19
7f16a1236000-7f16a124b000 rw-p 00000000 00:00 0 
7f16a124b000-7f16a1d2c000 r-xp 00000000 08:01 1205318                    /usr/lib/jvm/java-7-openjdk/jre/lib/amd64/server/libjvm.so
7f16a1d2c000-7f16a1f2b000 ---p 00ae1000 08:01 1205318                    /usr/lib/jvm/java-7-openjdk/jre/lib/amd64/server/libjvm.so
7f16a1f2b000-7f16a1fdf000 rw-p 00ae0000 08:01 1205318                    /usr/lib/jvm/java-7-openjdk/jre/lib/amd64/server/libjvm.so
7f16a1fdf000-7f16a200d000 rw-p 00000000 00:00 0 
7f16a200d000-7f16a2022000 r-xp 00000000 08:01 399561                     /usr/lib/libz.so.1.2.8
7f16a2022000-7f16a2221000 ---p 00015000 08:01 399561                     /usr/lib/libz.so.1.2.8
7f16a2221000-7f16a2222000 r--p 00014000 08:01 399561                     /usr/lib/libz.so.1.2.8
7f16a2222000-7f16a2223000 rw-p 00015000 08:01 399561                     /usr/lib/libz.so.1.2.8
7f16a2223000-7f16a23c3000 r-xp 00000000 08:01 410978                     /usr/lib/libc-2.18.so
7f16a23c3000-7f16a25c3000 ---p 001a0000 08:01 410978                     /usr/lib/libc-2.18.so
7f16a25c3000-7f16a25c7000 r--p 001a0000 08:01 410978                     /usr/lib/libc-2.18.so
7f16a25c7000-7f16a25c9000 rw-p 001a4000 08:01 410978                     /usr/lib/libc-2.18.so
7f16a25c9000-7f16a25cd000 rw-p 00000000 00:00 0 
7f16a25cd000-7f16a25d0000 r-xp 00000000 08:01 424650                     /usr/lib/libdl-2.18.so
7f16a25d0000-7f16a27cf000 ---p 00003000 08:01 424650                     /usr/lib/libdl-2.18.so
7f16a27cf000-7f16a27d0000 r--p 00002000 08:01 424650                     /usr/lib/libdl-2.18.so
7f16a27d0000-7f16a27d1000 rw-p 00003000 08:01 424650                     /usr/lib/libdl-2.18.so
7f16a27d1000-7f16a27de000 r-xp 00000000 08:01 1200649                    /usr/lib/jvm/java-7-openjdk/jre/lib/amd64/jli/libjli.so
7f16a27de000-7f16a29dd000 ---p 0000d000 08:01 1200649                    /usr/lib/jvm/java-7-openjdk/jre/lib/amd64/jli/libjli.so
7f16a29dd000-7f16a29de000 rw-p 0000c000 08:01 1200649                    /usr/lib/jvm/java-7-openjdk/jre/lib/amd64/jli/libjli.so
7f16a29de000-7f16a29f6000 r-xp 00000000 08:01 399754                     /usr/lib/libpthread-2.18.so
7f16a29f6000-7f16a2bf5000 ---p 00018000 08:01 399754                     /usr/lib/libpthread-2.18.so
7f16a2bf5000-7f16a2bf6000 r--p 00017000 08:01 399754                     /usr/lib/libpthread-2.18.so
7f16a2bf6000-7f16a2bf7000 rw-p 00018000 08:01 399754                     /usr/lib/libpthread-2.18.so
7f16a2bf7000-7f16a2bfb000 rw-p 00000000 00:00 0 
7f16a2bfb000-7f16a2c1b000 r-xp 00000000 08:01 401387                     /usr/lib/ld-2.18.so
7f16a2c1b000-7f16a2c1c000 r--s 00002000 08:01 3933971                    /home/arne/.m2/repository/hiccup/hiccup/1.0.2/hiccup-1.0.2.jar
7f16a2c1c000-7f16a2c3d000 rw-p 00000000 00:00 0 
7f16a2c3d000-7f16a2c65000 rw-p 00000000 00:00 0 
7f16a2c65000-7f16a2c90000 rw-p 00000000 00:00 0 
7f16a2c90000-7f16a2c9b000 rw-p 00000000 00:00 0 
7f16a2c9b000-7f16a2ce3000 rw-p 00000000 00:00 0 
7f16a2ce3000-7f16a2ce6000 ---p 00000000 00:00 0 
7f16a2ce6000-7f16a2de4000 rw-p 00000000 00:00 0                          [stack:15788]
7f16a2de4000-7f16a2de5000 rw-p 00000000 00:00 0 
7f16a2de5000-7f16a2de6000 rw-p 00000000 00:00 0 
7f16a2de6000-7f16a2de7000 rw-p 00000000 00:00 0 
7f16a2de7000-7f16a2de8000 rw-p 00000000 00:00 0 
7f16a2de8000-7f16a2de9000 r--s 00004000 08:01 3933962                    /home/arne/.m2/repository/org/ow2/asm/asm-analysis/4.0/asm-analysis-4.0.jar
7f16a2de9000-7f16a2deb000 r--s 00010000 08:01 3933959                    /home/arne/.m2/repository/org/parboiled/parboiled-java/1.1.3/parboiled-java-1.1.3.jar
7f16a2deb000-7f16a2dee000 r--s 0000f000 08:01 1051604                    /usr/lib/jvm/java-7-openjdk/jre/lib/ext/pulse-java.jar
7f16a2dee000-7f16a2e0f000 rw-p 00000000 00:00 0 
7f16a2e0f000-7f16a2e17000 rw-s 00000000 00:1e 13681071                   /tmp/hsperfdata_arne/15787
7f16a2e17000-7f16a2e18000 rw-p 00000000 00:00 0 
7f16a2e18000-7f16a2e19000 ---p 00000000 00:00 0 
7f16a2e19000-7f16a2e1a000 rw-p 00000000 00:00 0 
7f16a2e1a000-7f16a2e1b000 r--p 0001f000 08:01 401387                     /usr/lib/ld-2.18.so
7f16a2e1b000-7f16a2e1c000 rw-p 00020000 08:01 401387                     /usr/lib/ld-2.18.so
7f16a2e1c000-7f16a2e1d000 rw-p 00000000 00:00 0 
7fff65b76000-7fff65b97000 rw-p 00000000 00:00 0                          [stack]
7fff65bfe000-7fff65c00000 r-xp 00000000 00:00 0                          [vdso]
ffffffffff600000-ffffffffff601000 r-xp 00000000 00:00 0                  [vsyscall]

VM Arguments:
jvm_args: -XX:+TieredCompilation -XX:TieredStopAtLevel=1 -Dclojure.compile.path=/home/arne/code/blockstorm.github.com/generator/target/classes -Dgenerator.version=0.1.0-SNAPSHOT -Dfile.encoding=UTF-8 -Dclojure.debug=false -Dawt.useSystemAAFontSettings=on -Dswing.aatext=true -Dswing.defaultlaf=com.sun.java.swing.plaf.gtk.GTKLookAndFeel -Dswing.crossplatformlaf=com.sun.java.swing.plaf.gtk.GTKLookAndFeel 
java_command: clojure.main -i /tmp/form-init6732866969087679769.clj
Launcher Type: SUN_STANDARD

Environment Variables:
JAVA_HOME=/usr/lib/jvm/java-7-openjdk
_JAVA_OPTIONS=-Dawt.useSystemAAFontSettings=on -Dswing.aatext=true -Dswing.defaultlaf=com.sun.java.swing.plaf.gtk.GTKLookAndFeel -Dswing.crossplatformlaf=com.sun.java.swing.plaf.gtk.GTKLookAndFeel
CLASSPATH=:/home/arne/.lein/self-installs/leiningen-2.3.4-standalone.jar
PATH=/usr/local/sbin:/usr/local/bin:/usr/bin:/opt/android-sdk/platform-tools:/opt/android-sdk/tools:/usr/bin/vendor_perl:/usr/bin/core_perl
SHELL=/bin/bash
DISPLAY=:0.0

Signal Handlers:
SIGSEGV: [libjvm.so+0x918a20], sa_mask[0]=0x7ffbfeff, sa_flags=0x10000004
SIGBUS: [libjvm.so+0x918a20], sa_mask[0]=0x7ffbfeff, sa_flags=0x10000004
SIGFPE: [libjvm.so+0x796090], sa_mask[0]=0x7ffbfeff, sa_flags=0x10000004
SIGPIPE: [libjvm.so+0x796090], sa_mask[0]=0x7ffbfeff, sa_flags=0x10000004
SIGXFSZ: [libjvm.so+0x796090], sa_mask[0]=0x7ffbfeff, sa_flags=0x10000004
SIGILL: [libjvm.so+0x796090], sa_mask[0]=0x7ffbfeff, sa_flags=0x10000004
SIGUSR1: SIG_DFL, sa_mask[0]=0x00000000, sa_flags=0x00000000
SIGUSR2: [libjvm.so+0x795f30], sa_mask[0]=0x00000004, sa_flags=0x10000004
SIGHUP: [libjvm.so+0x796110], sa_mask[0]=0x7ffbfeff, sa_flags=0x10000004
SIGINT: [libjvm.so+0x796110], sa_mask[0]=0x7ffbfeff, sa_flags=0x10000004
SIGTERM: [libjvm.so+0x796110], sa_mask[0]=0x7ffbfeff, sa_flags=0x10000004
SIGQUIT: [libjvm.so+0x796110], sa_mask[0]=0x7ffbfeff, sa_flags=0x10000004


---------------  S Y S T E M  ---------------

OS:Linux
uname:Linux 3.12.7-2-ARCH #1 SMP PREEMPT Sun Jan 12 13:09:09 CET 2014 x86_64
libc:glibc 2.18 NPTL 2.18 
rlimit: STACK 8192k, CORE 0k, NPROC 63340, NOFILE 4096, AS infinity
load average:1.75 1.88 2.38

/proc/meminfo:
MemTotal:        8179220 kB
MemFree:          151624 kB
Buffers:            7892 kB
Cached:          1420040 kB
SwapCached:            0 kB
Active:          6290040 kB
Inactive:        1323928 kB
Active(anon):    6192120 kB
Inactive(anon):  1244064 kB
Active(file):      97920 kB
Inactive(file):    79864 kB
Unevictable:          20 kB
Mlocked:              20 kB
SwapTotal:             0 kB
SwapFree:              0 kB
Dirty:               260 kB
Writeback:             0 kB
AnonPages:       6186032 kB
Mapped:           260448 kB
Shmem:           1250148 kB
Slab:              95764 kB
SReclaimable:      37956 kB
SUnreclaim:        57808 kB
KernelStack:        4112 kB
PageTables:        66888 kB
NFS_Unstable:          0 kB
Bounce:                0 kB
WritebackTmp:          0 kB
CommitLimit:     4089608 kB
Committed_AS:   10028880 kB
VmallocTotal:   34359738367 kB
VmallocUsed:      358912 kB
VmallocChunk:   34359364084 kB
HardwareCorrupted:     0 kB
AnonHugePages:   1232896 kB
HugePages_Total:       0
HugePages_Free:        0
HugePages_Rsvd:        0
HugePages_Surp:        0
Hugepagesize:       2048 kB
DirectMap4k:     7286720 kB
DirectMap2M:     1099776 kB
DirectMap1G:           0 kB


CPU:total 4 (4 cores per cpu, 1 threads per core) family 16 model 4 stepping 3, cmov, cx8, fxsr, mmx, sse, sse2, sse3, popcnt, mmxext, 3dnowpref, lzcnt, sse4a, tsc, tscinvbit, tscinv

/proc/cpuinfo:
processor	: 0
vendor_id	: AuthenticAMD
cpu family	: 16
model		: 4
model name	: AMD Phenom(tm) II X4 955 Processor
stepping	: 3
microcode	: 0x10000c8
cpu MHz		: 3200.000
cache size	: 512 KB
physical id	: 0
siblings	: 4
core id		: 0
cpu cores	: 4
apicid		: 0
initial apicid	: 0
fpu		: yes
fpu_exception	: yes
cpuid level	: 5
wp		: yes
flags		: fpu vme de pse tsc msr pae mce cx8 apic sep mtrr pge mca cmov pat pse36 clflush mmx fxsr sse sse2 ht syscall nx mmxext fxsr_opt pdpe1gb rdtscp lm 3dnowext 3dnow constant_tsc rep_good nopl nonstop_tsc extd_apicid pni monitor cx16 popcnt lahf_lm cmp_legacy svm extapic cr8_legacy abm sse4a misalignsse 3dnowprefetch osvw ibs skinit wdt hw_pstate npt lbrv svm_lock nrip_save
bogomips	: 6431.12
TLB size	: 1024 4K pages
clflush size	: 64
cache_alignment	: 64
address sizes	: 48 bits physical, 48 bits virtual
power management: ts ttp tm stc 100mhzsteps hwpstate

processor	: 1
vendor_id	: AuthenticAMD
cpu family	: 16
model		: 4
model name	: AMD Phenom(tm) II X4 955 Processor
stepping	: 3
microcode	: 0x10000c8
cpu MHz		: 3200.000
cache size	: 512 KB
physical id	: 0
siblings	: 4
core id		: 1
cpu cores	: 4
apicid		: 1
initial apicid	: 1
fpu		: yes
fpu_exception	: yes
cpuid level	: 5
wp		: yes
flags		: fpu vme de pse tsc msr pae mce cx8 apic sep mtrr pge mca cmov pat pse36 clflush mmx fxsr sse sse2 ht syscall nx mmxext fxsr_opt pdpe1gb rdtscp lm 3dnowext 3dnow constant_tsc rep_good nopl nonstop_tsc extd_apicid pni monitor cx16 popcnt lahf_lm cmp_legacy svm extapic cr8_legacy abm sse4a misalignsse 3dnowprefetch osvw ibs skinit wdt hw_pstate npt lbrv svm_lock nrip_save
bogomips	: 6431.12
TLB size	: 1024 4K pages
clflush size	: 64
cache_alignment	: 64
address sizes	: 48 bits physical, 48 bits virtual
power management: ts ttp tm stc 100mhzsteps hwpstate

processor	: 2
vendor_id	: AuthenticAMD
cpu family	: 16
model		: 4
model name	: AMD Phenom(tm) II X4 955 Processor
stepping	: 3
microcode	: 0x10000c8
cpu MHz		: 3200.000
cache size	: 512 KB
physical id	: 0
siblings	: 4
core id		: 2
cpu cores	: 4
apicid		: 2
initial apicid	: 2
fpu		: yes
fpu_exception	: yes
cpuid level	: 5
wp		: yes
flags		: fpu vme de pse tsc msr pae mce cx8 apic sep mtrr pge mca cmov pat pse36 clflush mmx fxsr sse sse2 ht syscall nx mmxext fxsr_opt pdpe1gb rdtscp lm 3dnowext 3dnow constant_tsc rep_good nopl nonstop_tsc extd_apicid pni monitor cx16 popcnt lahf_lm cmp_legacy svm extapic cr8_legacy abm sse4a misalignsse 3dnowprefetch osvw ibs skinit wdt hw_pstate npt lbrv svm_lock nrip_save
bogomips	: 6431.12
TLB size	: 1024 4K pages
clflush size	: 64
cache_alignment	: 64
address sizes	: 48 bits physical, 48 bits virtual
power management: ts ttp tm stc 100mhzsteps hwpstate

processor	: 3
vendor_id	: AuthenticAMD
cpu family	: 16
model		: 4
model name	: AMD Phenom(tm) II X4 955 Processor
stepping	: 3
microcode	: 0x10000c8
cpu MHz		: 3200.000
cache size	: 512 KB
physical id	: 0
siblings	: 4
core id		: 3
cpu cores	: 4
apicid		: 3
initial apicid	: 3
fpu		: yes
fpu_exception	: yes
cpuid level	: 5
wp		: yes
flags		: fpu vme de pse tsc msr pae mce cx8 apic sep mtrr pge mca cmov pat pse36 clflush mmx fxsr sse sse2 ht syscall nx mmxext fxsr_opt pdpe1gb rdtscp lm 3dnowext 3dnow constant_tsc rep_good nopl nonstop_tsc extd_apicid pni monitor cx16 popcnt lahf_lm cmp_legacy svm extapic cr8_legacy abm sse4a misalignsse 3dnowprefetch osvw ibs skinit wdt hw_pstate npt lbrv svm_lock nrip_save
bogomips	: 6431.12
TLB size	: 1024 4K pages
clflush size	: 64
cache_alignment	: 64
address sizes	: 48 bits physical, 48 bits virtual
power management: ts ttp tm stc 100mhzsteps hwpstate



Memory: 4k page, physical 8179220k(151624k free), swap 0k(0k free)

vm_info: OpenJDK 64-Bit Server VM (24.51-b03) for linux-amd64 JRE (1.7.0_51-b31), built on Jan 29 2014 14:05:34 by "nobody" with gcc 4.8.2 20131219 (prerelease)

time: Sat Feb  8 16:13:14 2014
elapsed time: 2 seconds

