#
# There is insufficient memory for the Java Runtime Environment to continue.
# Native memory allocation (malloc) failed to allocate 268435456 bytes for committing reserved memory.
# Possible reasons:
#   The system is out of physical RAM or swap space
#   In 32 bit mode, the process size limit was hit
# Possible solutions:
#   Reduce memory load on the system
#   Increase physical memory or swap space
#   Check if swap backing store is full
#   Use 64 bit Java on a 64 bit OS
#   Decrease Java heap size (-Xmx/-Xms)
#   Decrease number of Java threads
#   Decrease Java thread stack sizes (-Xss)
#   Set larger code cache with -XX:ReservedCodeCacheSize=
# This output file may be truncated or incomplete.
#
#  Out of Memory Error (os_linux.cpp:2769), pid=15767, tid=140208498521856
#
# JRE version: OpenJDK Runtime Environment (7.0_51-b31) (build 1.7.0_51-b31)
# Java VM: OpenJDK 64-Bit Server VM (24.51-b03 mixed mode linux-amd64 compressed oops)
# Failed to write core dump. Core dumps have been disabled. To enable core dumping, try "ulimit -c unlimited" before starting Java again
#

---------------  T H R E A D  ---------------

Current thread (0x00007f84dc07e000):  VMThread [stack: 0x00007f84d5afb000,0x00007f84d5bfc000] [id=15773]

Stack: [0x00007f84d5afb000,0x00007f84d5bfc000],  sp=0x00007f84d5bfa4c0,  free space=1021k
Native frames: (J=compiled Java code, j=interpreted, Vv=VM code, C=native code)
V  [libjvm.so+0x917f29]  JVM_handle_linux_signal+0x177939
V  [libjvm.so+0x467d44]  dlerror+0x467d44
V  [libjvm.so+0x79a9db]  JVM_FindSignal+0x18cf6b
V  [libjvm.so+0x79534f]  JVM_FindSignal+0x1878df
V  [libjvm.so+0x8056ab]  JVM_handle_linux_signal+0x650bb
V  [libjvm.so+0x806500]  JVM_handle_linux_signal+0x65f10
V  [libjvm.so+0x806bfb]  JVM_handle_linux_signal+0x6660b
V  [libjvm.so+0x802edf]  JVM_handle_linux_signal+0x628ef
V  [libjvm.so+0x8036a8]  JVM_handle_linux_signal+0x630b8
V  [libjvm.so+0x7b9d93]  JVM_handle_linux_signal+0x197a3
V  [libjvm.so+0x919944]  JVM_handle_linux_signal+0x179354
V  [libjvm.so+0x91df97]  JVM_handle_linux_signal+0x17d9a7
V  [libjvm.so+0x91c968]  JVM_handle_linux_signal+0x17c378
V  [libjvm.so+0x91cdc9]  JVM_handle_linux_signal+0x17c7d9
V  [libjvm.so+0x91d212]  JVM_handle_linux_signal+0x17cc22
V  [libjvm.so+0x7976b2]  JVM_FindSignal+0x189c42

VM_Operation (0x00007f84c6542770): ParallelGCFailedAllocation, mode: safepoint, requested by thread 0x00007f84dc547800


---------------  P R O C E S S  ---------------

Java Threads: ( => current thread )
  0x00007f8488021800 JavaThread "ClosingPipeCloser 686493021" daemon [_thread_blocked, id=15797, stack(0x00007f84c5d3d000,0x00007f84c5e3e000)]
  0x00007f8488020000 JavaThread "PipeThread 686493021" daemon [_thread_blocked, id=15796, stack(0x00007f84c5e3e000,0x00007f84c5f3f000)]
  0x00007f848801e000 JavaThread "PipeThread 498058613" daemon [_thread_in_native, id=15795, stack(0x00007f84c5f3f000,0x00007f84c6040000)]
  0x00007f848801c000 JavaThread "PipeThread 1994872971" daemon [_thread_in_native, id=15794, stack(0x00007f84c6040000,0x00007f84c6141000)]
  0x00007f848801a800 JavaThread "process reaper" daemon [_thread_in_native, id=15793, stack(0x00007f84d400e000,0x00007f84d4047000)]
  0x00007f84dc557000 JavaThread "clojure-agent-send-off-pool-3" [_thread_blocked, id=15786, stack(0x00007f84c6141000,0x00007f84c6242000)]
  0x00007f84dc555000 JavaThread "Thread-4" [_thread_blocked, id=15785, stack(0x00007f84c6242000,0x00007f84c6343000)]
  0x00007f84dc553800 JavaThread "clojure-agent-send-off-pool-2" [_thread_in_native, id=15784, stack(0x00007f84c6343000,0x00007f84c6444000)]
  0x00007f84dc547800 JavaThread "clojure-agent-send-off-pool-1" [_thread_blocked, id=15783, stack(0x00007f84c6444000,0x00007f84c6545000)]
  0x00007f84dc507800 JavaThread "clojure-agent-send-off-pool-0" [_thread_blocked, id=15782, stack(0x00007f84c6545000,0x00007f84c6646000)]
  0x00007f84dc0b1000 JavaThread "Service Thread" daemon [_thread_blocked, id=15780, stack(0x00007f84d526b000,0x00007f84d536c000)]
  0x00007f84dc0ae800 JavaThread "C1 CompilerThread2" daemon [_thread_blocked, id=15779, stack(0x00007f84d536c000,0x00007f84d546d000)]
  0x00007f84dc0ac800 JavaThread "C2 CompilerThread1" daemon [_thread_blocked, id=15778, stack(0x00007f84d546d000,0x00007f84d556e000)]
  0x00007f84dc0a9800 JavaThread "C2 CompilerThread0" daemon [_thread_blocked, id=15777, stack(0x00007f84d556e000,0x00007f84d566f000)]
  0x00007f84dc0a7800 JavaThread "Signal Dispatcher" daemon [_thread_blocked, id=15776, stack(0x00007f84d566f000,0x00007f84d5770000)]
  0x00007f84dc084000 JavaThread "Finalizer" daemon [_thread_blocked, id=15775, stack(0x00007f84d58f9000,0x00007f84d59fa000)]
  0x00007f84dc082000 JavaThread "Reference Handler" daemon [_thread_blocked, id=15774, stack(0x00007f84d59fa000,0x00007f84d5afb000)]
  0x00007f84dc009000 JavaThread "main" [_thread_blocked, id=15768, stack(0x00007f84e4d4a000,0x00007f84e4e4b000)]

Other Threads:
=>0x00007f84dc07e000 VMThread [stack: 0x00007f84d5afb000,0x00007f84d5bfc000] [id=15773]
  0x00007f84dc0c3800 WatcherThread [stack: 0x00007f84d516a000,0x00007f84d526b000] [id=15781]

VM state:at safepoint (normal execution)

VM Mutex/Monitor currently owned by a thread:  ([mutex/lock_event])
[0x00007f84dc006db0] Threads_lock - owner thread: 0x00007f84dc07e000
[0x00007f84dc0072b0] Heap_lock - owner thread: 0x00007f84dc547800

Heap
 PSYoungGen      total 270336K, used 6464K [0x00000007d6600000, 0x00000007e7600000, 0x0000000800000000)
  eden space 262144K, 0% used [0x00000007d6600000,0x00000007d6600000,0x00000007e6600000)
  from space 8192K, 78% used [0x00000007e6600000,0x00000007e6c50020,0x00000007e6e00000)
  to   space 7680K, 0% used [0x00000007e6e80000,0x00000007e6e80000,0x00000007e7600000)
 ParOldGen       total 84992K, used 10436K [0x0000000783200000, 0x0000000788500000, 0x00000007d6600000)
  object space 84992K, 12% used [0x0000000783200000,0x0000000783c31228,0x0000000788500000)
 PSPermGen       total 25600K, used 25434K [0x0000000778c00000, 0x000000077a500000, 0x0000000783200000)
  object space 25600K, 99% used [0x0000000778c00000,0x000000077a4d6828,0x000000077a500000)

Card table byte_map: [0x00007f84e1a83000,0x00007f84e1ebe000] byte_map_base: 0x00007f84ddebd000

Polling page: 0x00007f84e4e7f000

Code Cache  [0x00007f84d6000000, 0x00007f84d6500000, 0x00007f84dc000000)
 total_blobs=2526 nmethods=2204 adapters=256 free_code_cache=93239Kb largest_free_block=95476288

Compilation events (10 events):
Event: 3.053 Thread 0x00007f84dc0ae800 2205       1       sun.reflect.AccessorGenerator::sub (5 bytes)
Event: 3.054 Thread 0x00007f84dc0ae800 nmethod 2205 0x00007f84d64f0310 code [0x00007f84d64f0460, 0x00007f84d64f0590]
Event: 3.054 Thread 0x00007f84dc0ae800 2206       1       java.util.regex.Pattern::atom (378 bytes)
Event: 3.056 Thread 0x00007f84dc0ae800 nmethod 2206 0x00007f84d64f05d0 code [0x00007f84d64f07c0, 0x00007f84d64f0f98]
Event: 3.057 Thread 0x00007f84dc0ae800 2207       1       java.lang.ProcessEnvironment$ExternalData::getBytes (5 bytes)
Event: 3.057 Thread 0x00007f84dc0ae800 nmethod 2207 0x00007f84d64f1650 code [0x00007f84d64f17a0, 0x00007f84d64f18f0]
Event: 3.066 Thread 0x00007f84dc0ae800 2208       1       clojure.core$super_chain::invoke (55 bytes)
Event: 3.066 Thread 0x00007f84dc0ae800 nmethod 2208 0x00007f84d64f1b90 code [0x00007f84d64f1d20, 0x00007f84d64f2028]
Event: 3.068 Thread 0x00007f84dc0ae800 2209       1       java.nio.Buffer::limit (62 bytes)
Event: 3.069 Thread 0x00007f84dc0ae800 nmethod 2209 0x00007f84d64f21d0 code [0x00007f84d64f2340, 0x00007f84d64f2548]

GC Heap History (10 events):
Event: 1.303 GC heap after
Heap after GC invocations=2 (full 0):
 PSYoungGen      total 70656K, used 5088K [0x00000007d6600000, 0x00000007db000000, 0x0000000800000000)
  eden space 65536K, 0% used [0x00000007d6600000,0x00000007d6600000,0x00000007da600000)
  from space 5120K, 99% used [0x00000007dab00000,0x00000007daff8020,0x00000007db000000)
  to   space 5120K, 0% used [0x00000007da600000,0x00000007da600000,0x00000007dab00000)
 ParOldGen       total 84992K, used 672K [0x0000000783200000, 0x0000000788500000, 0x00000007d6600000)
  object space 84992K, 0% used [0x0000000783200000,0x00000007832a8238,0x0000000788500000)
 PSPermGen       total 21504K, used 17096K [0x0000000778c00000, 0x000000077a100000, 0x0000000783200000)
  object space 21504K, 79% used [0x0000000778c00000,0x0000000779cb2058,0x000000077a100000)
}
Event: 1.988 GC heap before
{Heap before GC invocations=3 (full 0):
 PSYoungGen      total 70656K, used 70624K [0x00000007d6600000, 0x00000007db000000, 0x0000000800000000)
  eden space 65536K, 100% used [0x00000007d6600000,0x00000007da600000,0x00000007da600000)
  from space 5120K, 99% used [0x00000007dab00000,0x00000007daff8020,0x00000007db000000)
  to   space 5120K, 0% used [0x00000007da600000,0x00000007da600000,0x00000007dab00000)
 ParOldGen       total 84992K, used 672K [0x0000000783200000, 0x0000000788500000, 0x00000007d6600000)
  object space 84992K, 0% used [0x0000000783200000,0x00000007832a8238,0x0000000788500000)
 PSPermGen       total 23552K, used 23063K [0x0000000778c00000, 0x000000077a300000, 0x0000000783200000)
  object space 23552K, 97% used [0x0000000778c00000,0x000000077a285fe8,0x000000077a300000)
Event: 2.019 GC heap after
Heap after GC invocations=3 (full 0):
 PSYoungGen      total 70656K, used 5120K [0x00000007d6600000, 0x00000007df000000, 0x0000000800000000)
  eden space 65536K, 0% used [0x00000007d6600000,0x00000007d6600000,0x00000007da600000)
  from space 5120K, 100% used [0x00000007da600000,0x00000007dab00000,0x00000007dab00000)
  to   space 5120K, 0% used [0x00000007deb00000,0x00000007deb00000,0x00000007df000000)
 ParOldGen       total 84992K, used 3698K [0x0000000783200000, 0x0000000788500000, 0x00000007d6600000)
  object space 84992K, 4% used [0x0000000783200000,0x000000078359cb70,0x0000000788500000)
 PSPermGen       total 23552K, used 23063K [0x0000000778c00000, 0x000000077a300000, 0x0000000783200000)
  object space 23552K, 97% used [0x0000000778c00000,0x000000077a285fe8,0x000000077a300000)
}
Event: 2.194 GC heap before
{Heap before GC invocations=4 (full 0):
 PSYoungGen      total 70656K, used 70656K [0x00000007d6600000, 0x00000007df000000, 0x0000000800000000)
  eden space 65536K, 100% used [0x00000007d6600000,0x00000007da600000,0x00000007da600000)
  from space 5120K, 100% used [0x00000007da600000,0x00000007dab00000,0x00000007dab00000)
  to   space 5120K, 0% used [0x00000007deb00000,0x00000007deb00000,0x00000007df000000)
 ParOldGen       total 84992K, used 3698K [0x0000000783200000, 0x0000000788500000, 0x00000007d6600000)
  object space 84992K, 4% used [0x0000000783200000,0x000000078359cb70,0x0000000788500000)
 PSPermGen       total 23552K, used 23063K [0x0000000778c00000, 0x000000077a300000, 0x0000000783200000)
  object space 23552K, 97% used [0x0000000778c00000,0x000000077a285fe8,0x000000077a300000)
Event: 2.211 GC heap after
Heap after GC invocations=4 (full 0):
 PSYoungGen      total 136192K, used 5120K [0x00000007d6600000, 0x00000007df000000, 0x0000000800000000)
  eden space 131072K, 0% used [0x00000007d6600000,0x00000007d6600000,0x00000007de600000)
  from space 5120K, 100% used [0x00000007deb00000,0x00000007df000000,0x00000007df000000)
  to   space 5120K, 0% used [0x00000007de600000,0x00000007de600000,0x00000007deb00000)
 ParOldGen       total 84992K, used 4746K [0x0000000783200000, 0x0000000788500000, 0x00000007d6600000)
  object space 84992K, 5% used [0x0000000783200000,0x00000007836a2b70,0x0000000788500000)
 PSPermGen       total 23552K, used 23063K [0x0000000778c00000, 0x000000077a300000, 0x0000000783200000)
  object space 23552K, 97% used [0x0000000778c00000,0x000000077a285fe8,0x000000077a300000)
}
Event: 2.545 GC heap before
{Heap before GC invocations=5 (full 0):
 PSYoungGen      total 136192K, used 136192K [0x00000007d6600000, 0x00000007df000000, 0x0000000800000000)
  eden space 131072K, 100% used [0x00000007d6600000,0x00000007de600000,0x00000007de600000)
  from space 5120K, 100% used [0x00000007deb00000,0x00000007df000000,0x00000007df000000)
  to   space 5120K, 0% used [0x00000007de600000,0x00000007de600000,0x00000007deb00000)
 ParOldGen       total 84992K, used 4746K [0x0000000783200000, 0x0000000788500000, 0x00000007d6600000)
  object space 84992K, 5% used [0x0000000783200000,0x00000007836a2b70,0x0000000788500000)
 PSPermGen       total 23552K, used 23063K [0x0000000778c00000, 0x000000077a300000, 0x0000000783200000)
  object space 23552K, 97% used [0x0000000778c00000,0x000000077a285fe8,0x000000077a300000)
Event: 2.567 GC heap after
Heap after GC invocations=5 (full 0):
 PSYoungGen      total 136192K, used 5104K [0x00000007d6600000, 0x00000007e7700000, 0x0000000800000000)
  eden space 131072K, 0% used [0x00000007d6600000,0x00000007d6600000,0x00000007de600000)
  from space 5120K, 99% used [0x00000007de600000,0x00000007deafc010,0x00000007deb00000)
  to   space 8704K, 0% used [0x00000007e6e80000,0x00000007e6e80000,0x00000007e7700000)
 ParOldGen       total 84992K, used 6746K [0x0000000783200000, 0x0000000788500000, 0x00000007d6600000)
  object space 84992K, 7% used [0x0000000783200000,0x0000000783896b70,0x0000000788500000)
 PSPermGen       total 23552K, used 23063K [0x0000000778c00000, 0x000000077a300000, 0x0000000783200000)
  object space 23552K, 97% used [0x0000000778c00000,0x000000077a285fe8,0x000000077a300000)
}
Event: 2.875 GC heap before
{Heap before GC invocations=6 (full 0):
 PSYoungGen      total 136192K, used 136176K [0x00000007d6600000, 0x00000007e7700000, 0x0000000800000000)
  eden space 131072K, 100% used [0x00000007d6600000,0x00000007de600000,0x00000007de600000)
  from space 5120K, 99% used [0x00000007de600000,0x00000007deafc010,0x00000007deb00000)
  to   space 8704K, 0% used [0x00000007e6e80000,0x00000007e6e80000,0x00000007e7700000)
 ParOldGen       total 84992K, used 6746K [0x0000000783200000, 0x0000000788500000, 0x00000007d6600000)
  object space 84992K, 7% used [0x0000000783200000,0x0000000783896b70,0x0000000788500000)
 PSPermGen       total 25088K, used 25050K [0x0000000778c00000, 0x000000077a480000, 0x0000000783200000)
  object space 25088K, 99% used [0x0000000778c00000,0x000000077a476918,0x000000077a480000)
Event: 2.893 GC heap after
Heap after GC invocations=6 (full 0):
 PSYoungGen      total 269824K, used 6784K [0x00000007d6600000, 0x00000007e7600000, 0x0000000800000000)
  eden space 262144K, 0% used [0x00000007d6600000,0x00000007d6600000,0x00000007e6600000)
  from space 7680K, 88% used [0x00000007e6e80000,0x00000007e7520000,0x00000007e7600000)
  to   space 8192K, 0% used [0x00000007e6600000,0x00000007e6600000,0x00000007e6e00000)
 ParOldGen       total 84992K, used 6754K [0x0000000783200000, 0x0000000788500000, 0x00000007d6600000)
  object space 84992K, 7% used [0x0000000783200000,0x0000000783898b70,0x0000000788500000)
 PSPermGen       total 25088K, used 25050K [0x0000000778c00000, 0x000000077a480000, 0x0000000783200000)
  object space 25088K, 99% used [0x0000000778c00000,0x000000077a476918,0x000000077a480000)
}
Event: 3.185 GC heap before
{Heap before GC invocations=7 (full 0):
 PSYoungGen      total 269824K, used 268928K [0x00000007d6600000, 0x00000007e7600000, 0x0000000800000000)
  eden space 262144K, 100% used [0x00000007d6600000,0x00000007e6600000,0x00000007e6600000)
  from space 7680K, 88% used [0x00000007e6e80000,0x00000007e7520000,0x00000007e7600000)
  to   space 8192K, 0% used [0x00000007e6600000,0x00000007e6600000,0x00000007e6e00000)
 ParOldGen       total 84992K, used 6754K [0x0000000783200000, 0x0000000788500000, 0x00000007d6600000)
  object space 84992K, 7% used [0x0000000783200000,0x0000000783898b70,0x0000000788500000)
 PSPermGen       total 25600K, used 25434K [0x0000000778c00000, 0x000000077a500000, 0x0000000783200000)
  object space 25600K, 99% used [0x0000000778c00000,0x000000077a4d6828,0x000000077a500000)

Deoptimization events (0 events):
No events

Internal exceptions (10 events):
Event: 2.764 Thread 0x00007f84dc009000 Threw 0x00000007da6b0bb0 at /build/java7-openjdk/src/icedtea-2.4.5/openjdk/hotspot/src/share/vm/prims/jvm.cpp:1244
Event: 2.764 Thread 0x00007f84dc009000 Threw 0x00000007da6b3108 at /build/java7-openjdk/src/icedtea-2.4.5/openjdk/hotspot/src/share/vm/prims/jvm.cpp:1244
Event: 2.848 Thread 0x00007f84dc009000 Threw 0x00000007dc63a120 at /build/java7-openjdk/src/icedtea-2.4.5/openjdk/hotspot/src/share/vm/prims/jvm.cpp:1244
Event: 2.848 Thread 0x00007f84dc009000 Threw 0x00000007dc63b720 at /build/java7-openjdk/src/icedtea-2.4.5/openjdk/hotspot/src/share/vm/prims/jvm.cpp:1244
Event: 2.993 Thread 0x00007f84dc555000 Threw 0x00000007da2aa880 at /build/java7-openjdk/src/icedtea-2.4.5/openjdk/hotspot/src/share/vm/prims/jvm.cpp:1244
Event: 2.993 Thread 0x00007f84dc555000 Threw 0x00000007da2ac7b0 at /build/java7-openjdk/src/icedtea-2.4.5/openjdk/hotspot/src/share/vm/prims/jvm.cpp:1244
Event: 2.993 Thread 0x00007f84dc555000 Threw 0x00000007da2acb58 at /build/java7-openjdk/src/icedtea-2.4.5/openjdk/hotspot/src/share/vm/classfile/systemDictionary.cpp:185
Event: 2.994 Thread 0x00007f84dc555000 Threw 0x00000007da2ad880 at /build/java7-openjdk/src/icedtea-2.4.5/openjdk/hotspot/src/share/vm/prims/jvm.cpp:1244
Event: 2.994 Thread 0x00007f84dc555000 Threw 0x00000007da2af808 at /build/java7-openjdk/src/icedtea-2.4.5/openjdk/hotspot/src/share/vm/prims/jvm.cpp:1244
Event: 2.994 Thread 0x00007f84dc555000 Threw 0x00000007da2afab8 at /build/java7-openjdk/src/icedtea-2.4.5/openjdk/hotspot/src/share/vm/classfile/systemDictionary.cpp:185

Events (10 events):
Event: 3.066 loading class 0x00007f84dc0ce770 done
Event: 3.066 Thread 0x00007f848801c000 Thread added: 0x00007f848801c000
Event: 3.068 Thread 0x00007f848801e000 Thread added: 0x00007f848801e000
Event: 3.068 loading class 0x00007f84dc0ce720
Event: 3.068 loading class 0x00007f84dc0ce720 done
Event: 3.074 Thread 0x00007f8488020000 Thread added: 0x00007f8488020000
Event: 3.074 loading class 0x00007f84dc0ce900
Event: 3.074 loading class 0x00007f84dc0ce900 done
Event: 3.080 Thread 0x00007f8488021800 Thread added: 0x00007f8488021800
Event: 3.184 Executing VM operation: ParallelGCFailedAllocation


Dynamic libraries:
00400000-00401000 r-xp 00000000 08:01 1066915                            /usr/lib/jvm/java-7-openjdk/jre/bin/java
00600000-00601000 rw-p 00000000 08:01 1066915                            /usr/lib/jvm/java-7-openjdk/jre/bin/java
00fed000-0100e000 rw-p 00000000 00:00 0                                  [heap]
778c00000-77a100000 rw-p 00000000 00:00 0 
77a100000-77a180000 rw-p 00000000 00:00 0 
77a180000-77a200000 rw-p 00000000 00:00 0 
77a200000-77a280000 rw-p 00000000 00:00 0 
77a280000-77a300000 rw-p 00000000 00:00 0 
77a300000-77a380000 rw-p 00000000 00:00 0 
77a380000-77a400000 rw-p 00000000 00:00 0 
77a400000-77a480000 rw-p 00000000 00:00 0 
77a480000-77a500000 rw-p 00000000 00:00 0 
77a500000-783200000 rw-p 00000000 00:00 0 
783200000-788500000 rw-p 00000000 00:00 0 
788500000-7d6600000 rw-p 00000000 00:00 0 
7d6600000-7d9000000 rw-p 00000000 00:00 0 
7d9000000-7db000000 rw-p 00000000 00:00 0 
7db000000-7df000000 rw-p 00000000 00:00 0 
7df000000-7e7600000 rw-p 00000000 00:00 0 
7f7600000-800000000 rw-p 00000000 00:00 0 
7f846c000000-7f846c021000 rw-p 00000000 00:00 0 
7f846c021000-7f8470000000 ---p 00000000 00:00 0 
7f8470000000-7f8470021000 rw-p 00000000 00:00 0 
7f8470021000-7f8474000000 ---p 00000000 00:00 0 
7f8474000000-7f8474021000 rw-p 00000000 00:00 0 
7f8474021000-7f8478000000 ---p 00000000 00:00 0 
7f8478000000-7f8478021000 rw-p 00000000 00:00 0 
7f8478021000-7f847c000000 ---p 00000000 00:00 0 
7f847c000000-7f847c021000 rw-p 00000000 00:00 0 
7f847c021000-7f8480000000 ---p 00000000 00:00 0 
7f8480000000-7f8480021000 rw-p 00000000 00:00 0 
7f8480021000-7f8484000000 ---p 00000000 00:00 0 
7f8484000000-7f8484021000 rw-p 00000000 00:00 0 
7f8484021000-7f8488000000 ---p 00000000 00:00 0 
7f8488000000-7f848802c000 rw-p 00000000 00:00 0 
7f848802c000-7f848c000000 ---p 00000000 00:00 0 
7f848c000000-7f848c051000 rw-p 00000000 00:00 0 
7f848c051000-7f8490000000 ---p 00000000 00:00 0 
7f8490000000-7f8490021000 rw-p 00000000 00:00 0 
7f8490021000-7f8494000000 ---p 00000000 00:00 0 
7f8494000000-7f8494021000 rw-p 00000000 00:00 0 
7f8494021000-7f8498000000 ---p 00000000 00:00 0 
7f8498000000-7f8498021000 rw-p 00000000 00:00 0 
7f8498021000-7f849c000000 ---p 00000000 00:00 0 
7f849c000000-7f849c021000 rw-p 00000000 00:00 0 
7f849c021000-7f84a0000000 ---p 00000000 00:00 0 
7f84a0000000-7f84a0314000 rw-p 00000000 00:00 0 
7f84a0314000-7f84a4000000 ---p 00000000 00:00 0 
7f84a4000000-7f84a4021000 rw-p 00000000 00:00 0 
7f84a4021000-7f84a8000000 ---p 00000000 00:00 0 
7f84a8000000-7f84a8021000 rw-p 00000000 00:00 0 
7f84a8021000-7f84ac000000 ---p 00000000 00:00 0 
7f84ac000000-7f84ac021000 rw-p 00000000 00:00 0 
7f84ac021000-7f84b0000000 ---p 00000000 00:00 0 
7f84b0000000-7f84b0021000 rw-p 00000000 00:00 0 
7f84b0021000-7f84b4000000 ---p 00000000 00:00 0 
7f84b4000000-7f84b4021000 rw-p 00000000 00:00 0 
7f84b4021000-7f84b8000000 ---p 00000000 00:00 0 
7f84bbc60000-7f84c0000000 rw-p 00000000 00:00 0 
7f84c0000000-7f84c0021000 rw-p 00000000 00:00 0 
7f84c0021000-7f84c4000000 ---p 00000000 00:00 0 
7f84c5d3d000-7f84c5d40000 ---p 00000000 00:00 0 
7f84c5d40000-7f84c5e3e000 rw-p 00000000 00:00 0                          [stack:15797]
7f84c5e3e000-7f84c5e41000 ---p 00000000 00:00 0 
7f84c5e41000-7f84c5f3f000 rw-p 00000000 00:00 0                          [stack:15796]
7f84c5f3f000-7f84c5f42000 ---p 00000000 00:00 0 
7f84c5f42000-7f84c6040000 rw-p 00000000 00:00 0                          [stack:15795]
7f84c6040000-7f84c6043000 ---p 00000000 00:00 0 
7f84c6043000-7f84c6141000 rw-p 00000000 00:00 0                          [stack:15794]
7f84c6141000-7f84c6144000 ---p 00000000 00:00 0 
7f84c6144000-7f84c6242000 rw-p 00000000 00:00 0                          [stack:15786]
7f84c6242000-7f84c6245000 ---p 00000000 00:00 0 
7f84c6245000-7f84c6343000 rw-p 00000000 00:00 0                          [stack:15785]
7f84c6343000-7f84c6346000 ---p 00000000 00:00 0 
7f84c6346000-7f84c6444000 rw-p 00000000 00:00 0                          [stack:15784]
7f84c6444000-7f84c6447000 ---p 00000000 00:00 0 
7f84c6447000-7f84c6545000 rw-p 00000000 00:00 0                          [stack:15783]
7f84c6545000-7f84c6548000 ---p 00000000 00:00 0 
7f84c6548000-7f84c6646000 rw-p 00000000 00:00 0                          [stack:15782]
7f84c6646000-7f84c66bd000 r-xp 00000000 08:01 424736                     /usr/lib/libfreebl3.so
7f84c66bd000-7f84c68bd000 ---p 00077000 08:01 424736                     /usr/lib/libfreebl3.so
7f84c68bd000-7f84c68be000 r--p 00077000 08:01 424736                     /usr/lib/libfreebl3.so
7f84c68be000-7f84c68bf000 rw-p 00078000 08:01 424736                     /usr/lib/libfreebl3.so
7f84c68bf000-7f84c68c3000 rw-p 00000000 00:00 0 
7f84c68c3000-7f84c6979000 r-xp 00000000 08:01 416965                     /usr/lib/libsqlite3.so.0.8.6
7f84c6979000-7f84c6b79000 ---p 000b6000 08:01 416965                     /usr/lib/libsqlite3.so.0.8.6
7f84c6b79000-7f84c6b7b000 r--p 000b6000 08:01 416965                     /usr/lib/libsqlite3.so.0.8.6
7f84c6b7b000-7f84c6b7e000 rw-p 000b8000 08:01 416965                     /usr/lib/libsqlite3.so.0.8.6
7f84c6b7e000-7f84c6bbf000 r-xp 00000000 08:01 425673                     /usr/lib/libsoftokn3.so
7f84c6bbf000-7f84c6dbf000 ---p 00041000 08:01 425673                     /usr/lib/libsoftokn3.so
7f84c6dbf000-7f84c6dc0000 r--p 00041000 08:01 425673                     /usr/lib/libsoftokn3.so
7f84c6dc0000-7f84c6dc1000 rw-p 00042000 08:01 425673                     /usr/lib/libsoftokn3.so
7f84c6dc1000-7f84c6dfa000 r-xp 00000000 08:01 430695                     /usr/lib/libnspr4.so
7f84c6dfa000-7f84c6ffa000 ---p 00039000 08:01 430695                     /usr/lib/libnspr4.so
7f84c6ffa000-7f84c6ffb000 r--p 00039000 08:01 430695                     /usr/lib/libnspr4.so
7f84c6ffb000-7f84c6ffd000 rw-p 0003a000 08:01 430695                     /usr/lib/libnspr4.so
7f84c6ffd000-7f84c6fff000 rw-p 00000000 00:00 0 
7f84c6fff000-7f84c7002000 r-xp 00000000 08:01 430696                     /usr/lib/libplds4.so
7f84c7002000-7f84c7201000 ---p 00003000 08:01 430696                     /usr/lib/libplds4.so
7f84c7201000-7f84c7202000 r--p 00002000 08:01 430696                     /usr/lib/libplds4.so
7f84c7202000-7f84c7203000 rw-p 00003000 08:01 430696                     /usr/lib/libplds4.so
7f84c7203000-7f84c7207000 r-xp 00000000 08:01 430697                     /usr/lib/libplc4.so
7f84c7207000-7f84c7406000 ---p 00004000 08:01 430697                     /usr/lib/libplc4.so
7f84c7406000-7f84c7407000 r--p 00003000 08:01 430697                     /usr/lib/libplc4.so
7f84c7407000-7f84c7408000 rw-p 00004000 08:01 430697                     /usr/lib/libplc4.so
7f84c7408000-7f84c742d000 r-xp 00000000 08:01 425029                     /usr/lib/libnssutil3.so
7f84c742d000-7f84c762d000 ---p 00025000 08:01 425029                     /usr/lib/libnssutil3.so
7f84c762d000-7f84c7633000 r--p 00025000 08:01 425029                     /usr/lib/libnssutil3.so
7f84c7633000-7f84c7634000 rw-p 0002b000 08:01 425029                     /usr/lib/libnssutil3.so
7f84c7634000-7f84c776a000 r-xp 00000000 08:01 424738                     /usr/lib/libnss3.so
7f84c776a000-7f84c796a000 ---p 00136000 08:01 424738                     /usr/lib/libnss3.so
7f84c796a000-7f84c796e000 r--p 00136000 08:01 424738                     /usr/lib/libnss3.so
7f84c796e000-7f84c7971000 rw-p 0013a000 08:01 424738                     /usr/lib/libnss3.so
7f84c7971000-7f84c7972000 rw-p 00000000 00:00 0 
7f84c7972000-7f84c7982000 r-xp 00000000 08:01 1189542                    /usr/lib/jvm/java-7-openjdk/jre/lib/amd64/libj2pkcs11.so
7f84c7982000-7f84c7b81000 ---p 00010000 08:01 1189542                    /usr/lib/jvm/java-7-openjdk/jre/lib/amd64/libj2pkcs11.so
7f84c7b81000-7f84c7b82000 rw-p 0000f000 08:01 1189542                    /usr/lib/jvm/java-7-openjdk/jre/lib/amd64/libj2pkcs11.so
7f84c7b82000-7f84c7b96000 r-xp 00000000 08:01 415986                     /usr/lib/libresolv-2.18.so
7f84c7b96000-7f84c7d95000 ---p 00014000 08:01 415986                     /usr/lib/libresolv-2.18.so
7f84c7d95000-7f84c7d96000 r--p 00013000 08:01 415986                     /usr/lib/libresolv-2.18.so
7f84c7d96000-7f84c7d97000 rw-p 00014000 08:01 415986                     /usr/lib/libresolv-2.18.so
7f84c7d97000-7f84c7d99000 rw-p 00000000 00:00 0 
7f84c7d99000-7f84c7dff000 r-xp 00000000 08:01 401632                     /usr/lib/libpcre.so.1.2.2
7f84c7dff000-7f84c7ffe000 ---p 00066000 08:01 401632                     /usr/lib/libpcre.so.1.2.2
7f84c7ffe000-7f84c7fff000 r--p 00065000 08:01 401632                     /usr/lib/libpcre.so.1.2.2
7f84c7fff000-7f84c8000000 rw-p 00066000 08:01 401632                     /usr/lib/libpcre.so.1.2.2
7f84c8000000-7f84c8021000 rw-p 00000000 00:00 0 
7f84c8021000-7f84cc000000 ---p 00000000 00:00 0 
7f84cc000000-7f84cc021000 rw-p 00000000 00:00 0 
7f84cc021000-7f84d0000000 ---p 00000000 00:00 0 
7f84d0000000-7f84d0021000 rw-p 00000000 00:00 0 
7f84d0021000-7f84d4000000 ---p 00000000 00:00 0 
7f84d400e000-7f84d4011000 ---p 00000000 00:00 0 
7f84d4011000-7f84d4047000 rw-p 00000000 00:00 0                          [stack:15793]
7f84d4047000-7f84d4083000 r--s 00308000 08:01 3802825                    /home/arne/.m2/repository/org/clojure/clojure/1.4.0/clojure-1.4.0.jar
7f84d4083000-7f84d4086000 r-xp 00000000 08:01 401751                     /usr/lib/libgmodule-2.0.so.0.3800.2
7f84d4086000-7f84d4285000 ---p 00003000 08:01 401751                     /usr/lib/libgmodule-2.0.so.0.3800.2
7f84d4285000-7f84d4286000 r--p 00002000 08:01 401751                     /usr/lib/libgmodule-2.0.so.0.3800.2
7f84d4286000-7f84d4287000 rw-p 00003000 08:01 401751                     /usr/lib/libgmodule-2.0.so.0.3800.2
7f84d4287000-7f84d428e000 r-xp 00000000 08:01 426254                     /usr/lib/libffi.so.6.0.1
7f84d428e000-7f84d448d000 ---p 00007000 08:01 426254                     /usr/lib/libffi.so.6.0.1
7f84d448d000-7f84d448e000 r--p 00006000 08:01 426254                     /usr/lib/libffi.so.6.0.1
7f84d448e000-7f84d448f000 rw-p 00007000 08:01 426254                     /usr/lib/libffi.so.6.0.1
7f84d448f000-7f84d458d000 r-xp 00000000 08:01 401750                     /usr/lib/libglib-2.0.so.0.3800.2
7f84d458d000-7f84d478c000 ---p 000fe000 08:01 401750                     /usr/lib/libglib-2.0.so.0.3800.2
7f84d478c000-7f84d478d000 r--p 000fd000 08:01 401750                     /usr/lib/libglib-2.0.so.0.3800.2
7f84d478d000-7f84d478e000 rw-p 000fe000 08:01 401750                     /usr/lib/libglib-2.0.so.0.3800.2
7f84d478e000-7f84d478f000 rw-p 00000000 00:00 0 
7f84d478f000-7f84d47de000 r-xp 00000000 08:01 401753                     /usr/lib/libgobject-2.0.so.0.3800.2
7f84d47de000-7f84d49de000 ---p 0004f000 08:01 401753                     /usr/lib/libgobject-2.0.so.0.3800.2
7f84d49de000-7f84d49df000 r--p 0004f000 08:01 401753                     /usr/lib/libgobject-2.0.so.0.3800.2
7f84d49df000-7f84d49e0000 rw-p 00050000 08:01 401753                     /usr/lib/libgobject-2.0.so.0.3800.2
7f84d49e0000-7f84d4b3a000 r-xp 00000000 08:01 401754                     /usr/lib/libgio-2.0.so.0.3800.2
7f84d4b3a000-7f84d4d3a000 ---p 0015a000 08:01 401754                     /usr/lib/libgio-2.0.so.0.3800.2
7f84d4d3a000-7f84d4d3e000 r--p 0015a000 08:01 401754                     /usr/lib/libgio-2.0.so.0.3800.2
7f84d4d3e000-7f84d4d40000 rw-p 0015e000 08:01 401754                     /usr/lib/libgio-2.0.so.0.3800.2
7f84d4d40000-7f84d4d42000 rw-p 00000000 00:00 0 
7f84d4d42000-7f84d4d58000 r-xp 00000000 08:01 1189445                    /usr/lib/jvm/java-7-openjdk/jre/lib/amd64/libnet.so
7f84d4d58000-7f84d4f58000 ---p 00016000 08:01 1189445                    /usr/lib/jvm/java-7-openjdk/jre/lib/amd64/libnet.so
7f84d4f58000-7f84d4f59000 rw-p 00016000 08:01 1189445                    /usr/lib/jvm/java-7-openjdk/jre/lib/amd64/libnet.so
7f84d4f59000-7f84d4f69000 r-xp 00000000 08:01 1189461                    /usr/lib/jvm/java-7-openjdk/jre/lib/amd64/libnio.so
7f84d4f69000-7f84d5169000 ---p 00010000 08:01 1189461                    /usr/lib/jvm/java-7-openjdk/jre/lib/amd64/libnio.so
7f84d5169000-7f84d516a000 rw-p 00010000 08:01 1189461                    /usr/lib/jvm/java-7-openjdk/jre/lib/amd64/libnio.so
7f84d516a000-7f84d516b000 ---p 00000000 00:00 0 
7f84d516b000-7f84d526b000 rw-p 00000000 00:00 0                          [stack:15781]
7f84d526b000-7f84d526e000 ---p 00000000 00:00 0 
7f84d526e000-7f84d536c000 rw-p 00000000 00:00 0                          [stack:15780]
7f84d536c000-7f84d536f000 ---p 00000000 00:00 0 
7f84d536f000-7f84d546d000 rw-p 00000000 00:00 0                          [stack:15779]
7f84d546d000-7f84d5470000 ---p 00000000 00:00 0 
7f84d5470000-7f84d556e000 rw-p 00000000 00:00 0                          [stack:15778]
7f84d556e000-7f84d5571000 ---p 00000000 00:00 0 
7f84d5571000-7f84d566f000 rw-p 00000000 00:00 0                          [stack:15777]
7f84d566f000-7f84d5672000 ---p 00000000 00:00 0 
7f84d5672000-7f84d5770000 rw-p 00000000 00:00 0                          [stack:15776]
7f84d5770000-7f84d58f9000 r--p 00000000 08:01 430481                     /usr/lib/locale/locale-archive
7f84d58f9000-7f84d58fc000 ---p 00000000 00:00 0 
7f84d58fc000-7f84d59fa000 rw-p 00000000 00:00 0                          [stack:15775]
7f84d59fa000-7f84d59fd000 ---p 00000000 00:00 0 
7f84d59fd000-7f84d5afb000 rw-p 00000000 00:00 0                          [stack:15774]
7f84d5afb000-7f84d5afc000 ---p 00000000 00:00 0 
7f84d5afc000-7f84d5bfc000 rw-p 00000000 00:00 0                          [stack:15773]
7f84d5bfc000-7f84d5cfd000 rw-p 00000000 00:00 0 
7f84d5cfd000-7f84d5dfe000 rw-p 00000000 00:00 0 
7f84d5dfe000-7f84d5eff000 rw-p 00000000 00:00 0 
7f84d5eff000-7f84d6000000 rw-p 00000000 00:00 0 
7f84d6000000-7f84d6270000 rwxp 00000000 00:00 0 
7f84d6270000-7f84d6280000 rwxp 00000000 00:00 0 
7f84d6280000-7f84d6290000 rwxp 00000000 00:00 0 
7f84d6290000-7f84d62a0000 rwxp 00000000 00:00 0 
7f84d62a0000-7f84d62b0000 rwxp 00000000 00:00 0 
7f84d62b0000-7f84d62c0000 rwxp 00000000 00:00 0 
7f84d62c0000-7f84d62d0000 rwxp 00000000 00:00 0 
7f84d62d0000-7f84d62e0000 rwxp 00000000 00:00 0 
7f84d62e0000-7f84d62f0000 rwxp 00000000 00:00 0 
7f84d62f0000-7f84d6300000 rwxp 00000000 00:00 0 
7f84d6300000-7f84d6310000 rwxp 00000000 00:00 0 
7f84d6310000-7f84d6320000 rwxp 00000000 00:00 0 
7f84d6320000-7f84d6330000 rwxp 00000000 00:00 0 
7f84d6330000-7f84d6340000 rwxp 00000000 00:00 0 
7f84d6340000-7f84d6350000 rwxp 00000000 00:00 0 
7f84d6350000-7f84d6360000 rwxp 00000000 00:00 0 
7f84d6360000-7f84d6370000 rwxp 00000000 00:00 0 
7f84d6370000-7f84d6380000 rwxp 00000000 00:00 0 
7f84d6380000-7f84d6390000 rwxp 00000000 00:00 0 
7f84d6390000-7f84d63a0000 rwxp 00000000 00:00 0 
7f84d63a0000-7f84d63b0000 rwxp 00000000 00:00 0 
7f84d63b0000-7f84d63c0000 rwxp 00000000 00:00 0 
7f84d63c0000-7f84d63d0000 rwxp 00000000 00:00 0 
7f84d63d0000-7f84d63e0000 rwxp 00000000 00:00 0 
7f84d63e0000-7f84d63f0000 rwxp 00000000 00:00 0 
7f84d63f0000-7f84d6400000 rwxp 00000000 00:00 0 
7f84d6400000-7f84d6410000 rwxp 00000000 00:00 0 
7f84d6410000-7f84d6420000 rwxp 00000000 00:00 0 
7f84d6420000-7f84d6430000 rwxp 00000000 00:00 0 
7f84d6430000-7f84d6440000 rwxp 00000000 00:00 0 
7f84d6440000-7f84d6450000 rwxp 00000000 00:00 0 
7f84d6450000-7f84d6460000 rwxp 00000000 00:00 0 
7f84d6460000-7f84d6470000 rwxp 00000000 00:00 0 
7f84d6470000-7f84d6480000 rwxp 00000000 00:00 0 
7f84d6480000-7f84d6490000 rwxp 00000000 00:00 0 
7f84d6490000-7f84d64a0000 rwxp 00000000 00:00 0 
7f84d64a0000-7f84d64b0000 rwxp 00000000 00:00 0 
7f84d64b0000-7f84d64c0000 rwxp 00000000 00:00 0 
7f84d64c0000-7f84d64d0000 rwxp 00000000 00:00 0 
7f84d64d0000-7f84d64e0000 rwxp 00000000 00:00 0 
7f84d64e0000-7f84d64f0000 rwxp 00000000 00:00 0 
7f84d64f0000-7f84d6500000 rwxp 00000000 00:00 0 
7f84d6500000-7f84dc000000 rw-p 00000000 00:00 0 
7f84dc000000-7f84dc573000 rw-p 00000000 00:00 0 
7f84dc573000-7f84e0000000 ---p 00000000 00:00 0 
7f84e0001000-7f84e0032000 rw-p 00000000 00:00 0 
7f84e0051000-7f84e0052000 rw-p 00000000 00:00 0 
7f84e0052000-7f84e0053000 r--s 00001000 08:01 3516203                    /home/arne/.m2/repository/jonase/eastwood/0.0.2/eastwood-0.0.2.jar
7f84e0053000-7f84e0055000 r--s 00002000 08:01 3516205                    /home/arne/.m2/repository/analyze/analyze/0.1.6/analyze-0.1.6.jar
7f84e0055000-7f84e0056000 r--s 00000000 08:01 3802573                    /home/arne/.m2/repository/org/clojure/tools.namespace/0.1.2/tools.namespace-0.1.2.jar
7f84e0056000-7f84e0057000 r--s 00000000 08:01 5243724                    /home/arne/.m2/repository/org/clojure/java.classpath/0.1.1/java.classpath-0.1.1.jar
7f84e0057000-7f84e005a000 r--s 00032000 08:01 1051601                    /usr/lib/jvm/java-7-openjdk/jre/lib/ext/sunjce_provider.jar
7f84e005a000-7f84e005e000 r--s 0003b000 08:01 1051598                    /usr/lib/jvm/java-7-openjdk/jre/lib/ext/sunpkcs11.jar
7f84e005e000-7f84e0063000 r--s 0004c000 08:01 1050008                    /usr/lib/jvm/java-7-openjdk/jre/lib/jsse.jar
7f84e0063000-7f84e0164000 rw-p 00000000 00:00 0 
7f84e0164000-7f84e0185000 rw-p 00000000 00:00 0 
7f84e0185000-7f84e0286000 rw-p 00000000 00:00 0 
7f84e0286000-7f84e02a7000 rw-p 00000000 00:00 0 
7f84e02a7000-7f84e03a8000 rw-p 00000000 00:00 0 
7f84e03a8000-7f84e03c9000 rw-p 00000000 00:00 0 
7f84e03c9000-7f84e04ca000 rw-p 00000000 00:00 0 
7f84e04ca000-7f84e05cb000 rw-p 00000000 00:00 0 
7f84e05cb000-7f84e06cc000 rw-p 00000000 00:00 0 
7f84e06cc000-7f84e07cd000 rw-p 00000000 00:00 0 
7f84e07cd000-7f84e08ce000 rw-p 00000000 00:00 0 
7f84e08ce000-7f84e09cf000 rw-p 00000000 00:00 0 
7f84e09cf000-7f84e0ad0000 rw-p 00000000 00:00 0 
7f84e0ad0000-7f84e0bd1000 rw-p 00000000 00:00 0 
7f84e0bd1000-7f84e0bfb000 rw-p 00000000 00:00 0 
7f84e0bfb000-7f84e0ce4000 r--s 00c25000 08:01 3801701                    /home/arne/.lein/self-installs/leiningen-2.3.4-standalone.jar
7f84e0ce4000-7f84e0d2c000 rw-p 00000000 00:00 0 
7f84e0d2c000-7f84e0eda000 r--s 01cf4000 08:01 1049644                    /usr/lib/jvm/java-7-openjdk/jre/lib/rt.jar
7f84e0eda000-7f84e0f50000 rw-p 00000000 00:00 0 
7f84e0f50000-7f84e0fab000 rw-p 00000000 00:00 0 
7f84e0fab000-7f84e13e5000 rw-p 00000000 00:00 0 
7f84e13e5000-7f84e13e6000 ---p 00000000 00:00 0 
7f84e13e6000-7f84e14e6000 rw-p 00000000 00:00 0                          [stack:15772]
7f84e14e6000-7f84e14e7000 ---p 00000000 00:00 0 
7f84e14e7000-7f84e15e7000 rw-p 00000000 00:00 0                          [stack:15771]
7f84e15e7000-7f84e15e8000 ---p 00000000 00:00 0 
7f84e15e8000-7f84e16e8000 rw-p 00000000 00:00 0                          [stack:15770]
7f84e16e8000-7f84e16e9000 ---p 00000000 00:00 0 
7f84e16e9000-7f84e17e9000 rw-p 00000000 00:00 0                          [stack:15769]
7f84e17e9000-7f84e1813000 rw-p 00000000 00:00 0 
7f84e1813000-7f84e1a83000 rw-p 00000000 00:00 0 
7f84e1a83000-7f84e1a8e000 rw-p 00000000 00:00 0 
7f84e1a8e000-7f84e1a8f000 rw-p 00000000 00:00 0 
7f84e1a8f000-7f84e1a90000 rw-p 00000000 00:00 0 
7f84e1a90000-7f84e1ad6000 rw-p 00000000 00:00 0 
7f84e1ad6000-7f84e1b00000 rw-p 00000000 00:00 0 
7f84e1b00000-7f84e1d70000 rw-p 00000000 00:00 0 
7f84e1d70000-7f84e1d85000 rw-p 00000000 00:00 0 
7f84e1d85000-7f84e1d95000 rw-p 00000000 00:00 0 
7f84e1d95000-7f84e1db5000 rw-p 00000000 00:00 0 
7f84e1db5000-7f84e1df8000 rw-p 00000000 00:00 0 
7f84e1df8000-7f84e1df9000 ---p 00000000 00:00 0 
7f84e1df9000-7f84e1ebd000 rw-p 00000000 00:00 0 
7f84e1ebd000-7f84e1ebe000 rw-p 00000000 00:00 0 
7f84e1ebe000-7f84e1ec8000 rw-p 00000000 00:00 0 
7f84e1ec8000-7f84e1ec9000 rw-p 00000000 00:00 0 
7f84e1ec9000-7f84e1eca000 rw-p 00000000 00:00 0 
7f84e1eca000-7f84e1ecb000 rw-p 00000000 00:00 0 
7f84e1ecb000-7f84e1ecc000 rw-p 00000000 00:00 0 
7f84e1ecc000-7f84e1ecd000 rw-p 00000000 00:00 0 
7f84e1ecd000-7f84e1ece000 rw-p 00000000 00:00 0 
7f84e1ece000-7f84e1ecf000 rw-p 00000000 00:00 0 
7f84e1ecf000-7f84e1ed0000 rw-p 00000000 00:00 0 
7f84e1ed0000-7f84e1ed1000 rw-p 00000000 00:00 0 
7f84e1ed1000-7f84e1ed2000 rw-p 00000000 00:00 0 
7f84e1ed2000-7f84e203e000 rw-p 00000000 00:00 0 
7f84e203e000-7f84e2046000 r-xp 00000000 08:01 1189440                    /usr/lib/jvm/java-7-openjdk/jre/lib/amd64/libzip.so
7f84e2046000-7f84e2245000 ---p 00008000 08:01 1189440                    /usr/lib/jvm/java-7-openjdk/jre/lib/amd64/libzip.so
7f84e2245000-7f84e2246000 rw-p 00007000 08:01 1189440                    /usr/lib/jvm/java-7-openjdk/jre/lib/amd64/libzip.so
7f84e2246000-7f84e2251000 r-xp 00000000 08:01 395376                     /usr/lib/libnss_files-2.18.so
7f84e2251000-7f84e2451000 ---p 0000b000 08:01 395376                     /usr/lib/libnss_files-2.18.so
7f84e2451000-7f84e2452000 r--p 0000b000 08:01 395376                     /usr/lib/libnss_files-2.18.so
7f84e2452000-7f84e2453000 rw-p 0000c000 08:01 395376                     /usr/lib/libnss_files-2.18.so
7f84e2453000-7f84e247e000 r-xp 00000000 08:01 1189439                    /usr/lib/jvm/java-7-openjdk/jre/lib/amd64/libjava.so
7f84e247e000-7f84e267d000 ---p 0002b000 08:01 1189439                    /usr/lib/jvm/java-7-openjdk/jre/lib/amd64/libjava.so
7f84e267d000-7f84e267f000 rw-p 0002a000 08:01 1189439                    /usr/lib/jvm/java-7-openjdk/jre/lib/amd64/libjava.so
7f84e267f000-7f84e268c000 r-xp 00000000 08:01 1189438                    /usr/lib/jvm/java-7-openjdk/jre/lib/amd64/libverify.so
7f84e268c000-7f84e288b000 ---p 0000d000 08:01 1189438                    /usr/lib/jvm/java-7-openjdk/jre/lib/amd64/libverify.so
7f84e288b000-7f84e288d000 rw-p 0000c000 08:01 1189438                    /usr/lib/jvm/java-7-openjdk/jre/lib/amd64/libverify.so
7f84e288d000-7f84e2894000 r-xp 00000000 08:01 424647                     /usr/lib/librt-2.18.so
7f84e2894000-7f84e2a93000 ---p 00007000 08:01 424647                     /usr/lib/librt-2.18.so
7f84e2a93000-7f84e2a94000 r--p 00006000 08:01 424647                     /usr/lib/librt-2.18.so
7f84e2a94000-7f84e2a95000 rw-p 00007000 08:01 424647                     /usr/lib/librt-2.18.so
7f84e2a95000-7f84e2aaa000 r-xp 00000000 08:01 418069                     /usr/lib/libgcc_s.so.1
7f84e2aaa000-7f84e2caa000 ---p 00015000 08:01 418069                     /usr/lib/libgcc_s.so.1
7f84e2caa000-7f84e2cab000 rw-p 00015000 08:01 418069                     /usr/lib/libgcc_s.so.1
7f84e2cab000-7f84e2dac000 r-xp 00000000 08:01 410823                     /usr/lib/libm-2.18.so
7f84e2dac000-7f84e2fac000 ---p 00101000 08:01 410823                     /usr/lib/libm-2.18.so
7f84e2fac000-7f84e2fad000 r--p 00101000 08:01 410823                     /usr/lib/libm-2.18.so
7f84e2fad000-7f84e2fae000 rw-p 00102000 08:01 410823                     /usr/lib/libm-2.18.so
7f84e2fae000-7f84e3094000 r-xp 00000000 08:01 430533                     /usr/lib/libstdc++.so.6.0.19
7f84e3094000-7f84e3293000 ---p 000e6000 08:01 430533                     /usr/lib/libstdc++.so.6.0.19
7f84e3293000-7f84e329b000 r--p 000e5000 08:01 430533                     /usr/lib/libstdc++.so.6.0.19
7f84e329b000-7f84e329d000 rw-p 000ed000 08:01 430533                     /usr/lib/libstdc++.so.6.0.19
7f84e329d000-7f84e32b2000 rw-p 00000000 00:00 0 
7f84e32b2000-7f84e3d93000 r-xp 00000000 08:01 1205318                    /usr/lib/jvm/java-7-openjdk/jre/lib/amd64/server/libjvm.so
7f84e3d93000-7f84e3f92000 ---p 00ae1000 08:01 1205318                    /usr/lib/jvm/java-7-openjdk/jre/lib/amd64/server/libjvm.so
7f84e3f92000-7f84e4046000 rw-p 00ae0000 08:01 1205318                    /usr/lib/jvm/java-7-openjdk/jre/lib/amd64/server/libjvm.so
7f84e4046000-7f84e4074000 rw-p 00000000 00:00 0 
7f84e4074000-7f84e4089000 r-xp 00000000 08:01 399561                     /usr/lib/libz.so.1.2.8
7f84e4089000-7f84e4288000 ---p 00015000 08:01 399561                     /usr/lib/libz.so.1.2.8
7f84e4288000-7f84e4289000 r--p 00014000 08:01 399561                     /usr/lib/libz.so.1.2.8
7f84e4289000-7f84e428a000 rw-p 00015000 08:01 399561                     /usr/lib/libz.so.1.2.8
7f84e428a000-7f84e442a000 r-xp 00000000 08:01 410978                     /usr/lib/libc-2.18.so
7f84e442a000-7f84e462a000 ---p 001a0000 08:01 410978                     /usr/lib/libc-2.18.so
7f84e462a000-7f84e462e000 r--p 001a0000 08:01 410978                     /usr/lib/libc-2.18.so
7f84e462e000-7f84e4630000 rw-p 001a4000 08:01 410978                     /usr/lib/libc-2.18.so
7f84e4630000-7f84e4634000 rw-p 00000000 00:00 0 
7f84e4634000-7f84e4637000 r-xp 00000000 08:01 424650                     /usr/lib/libdl-2.18.so
7f84e4637000-7f84e4836000 ---p 00003000 08:01 424650                     /usr/lib/libdl-2.18.so
7f84e4836000-7f84e4837000 r--p 00002000 08:01 424650                     /usr/lib/libdl-2.18.so
7f84e4837000-7f84e4838000 rw-p 00003000 08:01 424650                     /usr/lib/libdl-2.18.so
7f84e4838000-7f84e4845000 r-xp 00000000 08:01 1200649                    /usr/lib/jvm/java-7-openjdk/jre/lib/amd64/jli/libjli.so
7f84e4845000-7f84e4a44000 ---p 0000d000 08:01 1200649                    /usr/lib/jvm/java-7-openjdk/jre/lib/amd64/jli/libjli.so
7f84e4a44000-7f84e4a45000 rw-p 0000c000 08:01 1200649                    /usr/lib/jvm/java-7-openjdk/jre/lib/amd64/jli/libjli.so
7f84e4a45000-7f84e4a5d000 r-xp 00000000 08:01 399754                     /usr/lib/libpthread-2.18.so
7f84e4a5d000-7f84e4c5c000 ---p 00018000 08:01 399754                     /usr/lib/libpthread-2.18.so
7f84e4c5c000-7f84e4c5d000 r--p 00017000 08:01 399754                     /usr/lib/libpthread-2.18.so
7f84e4c5d000-7f84e4c5e000 rw-p 00018000 08:01 399754                     /usr/lib/libpthread-2.18.so
7f84e4c5e000-7f84e4c62000 rw-p 00000000 00:00 0 
7f84e4c62000-7f84e4c82000 r-xp 00000000 08:01 401387                     /usr/lib/ld-2.18.so
7f84e4c82000-7f84e4c83000 r--s 00008000 08:01 4482706                    /home/arne/.m2/repository/org/clojars/brenton/google-diff-match-patch/0.1/google-diff-match-patch-0.1.jar
7f84e4c83000-7f84e4ca4000 rw-p 00000000 00:00 0 
7f84e4ca4000-7f84e4ccc000 rw-p 00000000 00:00 0 
7f84e4ccc000-7f84e4cf7000 rw-p 00000000 00:00 0 
7f84e4cf7000-7f84e4d02000 rw-p 00000000 00:00 0 
7f84e4d02000-7f84e4d03000 rw-p 00000000 00:00 0 
7f84e4d03000-7f84e4d04000 rw-p 00000000 00:00 0 
7f84e4d04000-7f84e4d4a000 rw-p 00000000 00:00 0 
7f84e4d4a000-7f84e4d4d000 ---p 00000000 00:00 0 
7f84e4d4d000-7f84e4e4b000 rw-p 00000000 00:00 0                          [stack:15768]
7f84e4e4b000-7f84e4e4c000 rw-p 00000000 00:00 0 
7f84e4e4c000-7f84e4e4d000 rw-p 00000000 00:00 0 
7f84e4e4d000-7f84e4e4e000 rw-p 00000000 00:00 0 
7f84e4e4e000-7f84e4e4f000 rw-p 00000000 00:00 0 
7f84e4e4f000-7f84e4e52000 r--s 00017000 08:01 1049631                    /usr/lib/jvm/java-7-openjdk/jre/lib/jce.jar
7f84e4e52000-7f84e4e55000 r--s 0000f000 08:01 1051604                    /usr/lib/jvm/java-7-openjdk/jre/lib/ext/pulse-java.jar
7f84e4e55000-7f84e4e76000 rw-p 00000000 00:00 0 
7f84e4e76000-7f84e4e7e000 rw-s 00000000 00:1e 13680330                   /tmp/hsperfdata_arne/15767
7f84e4e7e000-7f84e4e7f000 rw-p 00000000 00:00 0 
7f84e4e7f000-7f84e4e80000 ---p 00000000 00:00 0 
7f84e4e80000-7f84e4e81000 rw-p 00000000 00:00 0 
7f84e4e81000-7f84e4e82000 r--p 0001f000 08:01 401387                     /usr/lib/ld-2.18.so
7f84e4e82000-7f84e4e83000 rw-p 00020000 08:01 401387                     /usr/lib/ld-2.18.so
7f84e4e83000-7f84e4e84000 rw-p 00000000 00:00 0 
7fff763e0000-7fff76401000 rw-p 00000000 00:00 0                          [stack]
7fff764b1000-7fff764b3000 r-xp 00000000 00:00 0                          [vdso]
ffffffffff600000-ffffffffff601000 r-xp 00000000 00:00 0                  [vsyscall]

VM Arguments:
jvm_args: -Xbootclasspath/a:/home/arne/.lein/self-installs/leiningen-2.3.4-standalone.jar -XX:+TieredCompilation -XX:TieredStopAtLevel=1 -Dfile.encoding=UTF-8 -Dmaven.wagon.http.ssl.easy=false -Dleiningen.original.pwd=/home/arne/code/blockstorm.github.com/generator -Dleiningen.script=/usr/bin/lein -Dawt.useSystemAAFontSettings=on -Dswing.aatext=true -Dswing.defaultlaf=com.sun.java.swing.plaf.gtk.GTKLookAndFeel -Dswing.crossplatformlaf=com.sun.java.swing.plaf.gtk.GTKLookAndFeel 
java_command: clojure.main -m leiningen.core.main repl
Launcher Type: SUN_STANDARD

Environment Variables:
JAVA_HOME=/usr/lib/jvm/java-7-openjdk
_JAVA_OPTIONS=-Dawt.useSystemAAFontSettings=on -Dswing.aatext=true -Dswing.defaultlaf=com.sun.java.swing.plaf.gtk.GTKLookAndFeel -Dswing.crossplatformlaf=com.sun.java.swing.plaf.gtk.GTKLookAndFeel
CLASSPATH=:/home/arne/.lein/self-installs/leiningen-2.3.4-standalone.jar
PATH=/usr/local/sbin:/usr/local/bin:/usr/bin:/opt/android-sdk/platform-tools:/opt/android-sdk/tools:/usr/bin/vendor_perl:/usr/bin/core_perl
SHELL=/bin/bash
DISPLAY=:0.0

Signal Handlers:
SIGSEGV: [libjvm.so+0x918a20], sa_mask[0]=0x7ffbfeff, sa_flags=0x10000004
SIGBUS: [libjvm.so+0x918a20], sa_mask[0]=0x7ffbfeff, sa_flags=0x10000004
SIGFPE: [libjvm.so+0x796090], sa_mask[0]=0x7ffbfeff, sa_flags=0x10000004
SIGPIPE: SIG_IGN, sa_mask[0]=0x00000000, sa_flags=0x00000000
SIGXFSZ: [libjvm.so+0x796090], sa_mask[0]=0x7ffbfeff, sa_flags=0x10000004
SIGILL: [libjvm.so+0x796090], sa_mask[0]=0x7ffbfeff, sa_flags=0x10000004
SIGUSR1: SIG_DFL, sa_mask[0]=0x00000000, sa_flags=0x00000000
SIGUSR2: [libjvm.so+0x795f30], sa_mask[0]=0x00000000, sa_flags=0x10000004
SIGHUP: [libjvm.so+0x796110], sa_mask[0]=0x7ffbfeff, sa_flags=0x10000004
SIGINT: [libjvm.so+0x796110], sa_mask[0]=0x7ffbfeff, sa_flags=0x10000004
SIGTERM: [libjvm.so+0x796110], sa_mask[0]=0x7ffbfeff, sa_flags=0x10000004
SIGQUIT: [libjvm.so+0x796110], sa_mask[0]=0x7ffbfeff, sa_flags=0x10000004


---------------  S Y S T E M  ---------------

OS:Linux
uname:Linux 3.12.7-2-ARCH #1 SMP PREEMPT Sun Jan 12 13:09:09 CET 2014 x86_64
libc:glibc 2.18 NPTL 2.18 
rlimit: STACK 8192k, CORE 0k, NPROC 63340, NOFILE 4096, AS infinity
load average:1.73 1.87 2.38

/proc/meminfo:
MemTotal:        8179220 kB
MemFree:          139536 kB
Buffers:            7888 kB
Cached:          1417812 kB
SwapCached:            0 kB
Active:          6302960 kB
Inactive:        1322892 kB
Active(anon):    6206304 kB
Inactive(anon):  1244056 kB
Active(file):      96656 kB
Inactive(file):    78836 kB
Unevictable:          20 kB
Mlocked:              20 kB
SwapTotal:             0 kB
SwapFree:              0 kB
Dirty:               196 kB
Writeback:             0 kB
AnonPages:       6200344 kB
Mapped:           261352 kB
Shmem:           1250136 kB
Slab:              95764 kB
SReclaimable:      37956 kB
SUnreclaim:        57808 kB
KernelStack:        4096 kB
PageTables:        67632 kB
NFS_Unstable:          0 kB
Bounce:                0 kB
WritebackTmp:          0 kB
CommitLimit:     4089608 kB
Committed_AS:   10300172 kB
VmallocTotal:   34359738367 kB
VmallocUsed:      358912 kB
VmallocChunk:   34359364084 kB
HardwareCorrupted:     0 kB
AnonHugePages:   1232896 kB
HugePages_Total:       0
HugePages_Free:        0
HugePages_Rsvd:        0
HugePages_Surp:        0
Hugepagesize:       2048 kB
DirectMap4k:     7286720 kB
DirectMap2M:     1099776 kB
DirectMap1G:           0 kB


CPU:total 4 (4 cores per cpu, 1 threads per core) family 16 model 4 stepping 3, cmov, cx8, fxsr, mmx, sse, sse2, sse3, popcnt, mmxext, 3dnowpref, lzcnt, sse4a, tsc, tscinvbit, tscinv

/proc/cpuinfo:
processor	: 0
vendor_id	: AuthenticAMD
cpu family	: 16
model		: 4
model name	: AMD Phenom(tm) II X4 955 Processor
stepping	: 3
microcode	: 0x10000c8
cpu MHz		: 3200.000
cache size	: 512 KB
physical id	: 0
siblings	: 4
core id		: 0
cpu cores	: 4
apicid		: 0
initial apicid	: 0
fpu		: yes
fpu_exception	: yes
cpuid level	: 5
wp		: yes
flags		: fpu vme de pse tsc msr pae mce cx8 apic sep mtrr pge mca cmov pat pse36 clflush mmx fxsr sse sse2 ht syscall nx mmxext fxsr_opt pdpe1gb rdtscp lm 3dnowext 3dnow constant_tsc rep_good nopl nonstop_tsc extd_apicid pni monitor cx16 popcnt lahf_lm cmp_legacy svm extapic cr8_legacy abm sse4a misalignsse 3dnowprefetch osvw ibs skinit wdt hw_pstate npt lbrv svm_lock nrip_save
bogomips	: 6431.12
TLB size	: 1024 4K pages
clflush size	: 64
cache_alignment	: 64
address sizes	: 48 bits physical, 48 bits virtual
power management: ts ttp tm stc 100mhzsteps hwpstate

processor	: 1
vendor_id	: AuthenticAMD
cpu family	: 16
model		: 4
model name	: AMD Phenom(tm) II X4 955 Processor
stepping	: 3
microcode	: 0x10000c8
cpu MHz		: 3200.000
cache size	: 512 KB
physical id	: 0
siblings	: 4
core id		: 1
cpu cores	: 4
apicid		: 1
initial apicid	: 1
fpu		: yes
fpu_exception	: yes
cpuid level	: 5
wp		: yes
flags		: fpu vme de pse tsc msr pae mce cx8 apic sep mtrr pge mca cmov pat pse36 clflush mmx fxsr sse sse2 ht syscall nx mmxext fxsr_opt pdpe1gb rdtscp lm 3dnowext 3dnow constant_tsc rep_good nopl nonstop_tsc extd_apicid pni monitor cx16 popcnt lahf_lm cmp_legacy svm extapic cr8_legacy abm sse4a misalignsse 3dnowprefetch osvw ibs skinit wdt hw_pstate npt lbrv svm_lock nrip_save
bogomips	: 6431.12
TLB size	: 1024 4K pages
clflush size	: 64
cache_alignment	: 64
address sizes	: 48 bits physical, 48 bits virtual
power management: ts ttp tm stc 100mhzsteps hwpstate

processor	: 2
vendor_id	: AuthenticAMD
cpu family	: 16
model		: 4
model name	: AMD Phenom(tm) II X4 955 Processor
stepping	: 3
microcode	: 0x10000c8
cpu MHz		: 3200.000
cache size	: 512 KB
physical id	: 0
siblings	: 4
core id		: 2
cpu cores	: 4
apicid		: 2
initial apicid	: 2
fpu		: yes
fpu_exception	: yes
cpuid level	: 5
wp		: yes
flags		: fpu vme de pse tsc msr pae mce cx8 apic sep mtrr pge mca cmov pat pse36 clflush mmx fxsr sse sse2 ht syscall nx mmxext fxsr_opt pdpe1gb rdtscp lm 3dnowext 3dnow constant_tsc rep_good nopl nonstop_tsc extd_apicid pni monitor cx16 popcnt lahf_lm cmp_legacy svm extapic cr8_legacy abm sse4a misalignsse 3dnowprefetch osvw ibs skinit wdt hw_pstate npt lbrv svm_lock nrip_save
bogomips	: 6431.12
TLB size	: 1024 4K pages
clflush size	: 64
cache_alignment	: 64
address sizes	: 48 bits physical, 48 bits virtual
power management: ts ttp tm stc 100mhzsteps hwpstate

processor	: 3
vendor_id	: AuthenticAMD
cpu family	: 16
model		: 4
model name	: AMD Phenom(tm) II X4 955 Processor
stepping	: 3
microcode	: 0x10000c8
cpu MHz		: 3200.000
cache size	: 512 KB
physical id	: 0
siblings	: 4
core id		: 3
cpu cores	: 4
apicid		: 3
initial apicid	: 3
fpu		: yes
fpu_exception	: yes
cpuid level	: 5
wp		: yes
flags		: fpu vme de pse tsc msr pae mce cx8 apic sep mtrr pge mca cmov pat pse36 clflush mmx fxsr sse sse2 ht syscall nx mmxext fxsr_opt pdpe1gb rdtscp lm 3dnowext 3dnow constant_tsc rep_good nopl nonstop_tsc extd_apicid pni monitor cx16 popcnt lahf_lm cmp_legacy svm extapic cr8_legacy abm sse4a misalignsse 3dnowprefetch osvw ibs skinit wdt hw_pstate npt lbrv svm_lock nrip_save
bogomips	: 6431.12
TLB size	: 1024 4K pages
clflush size	: 64
cache_alignment	: 64
address sizes	: 48 bits physical, 48 bits virtual
power management: ts ttp tm stc 100mhzsteps hwpstate



Memory: 4k page, physical 8179220k(139536k free), swap 0k(0k free)

vm_info: OpenJDK 64-Bit Server VM (24.51-b03) for linux-amd64 JRE (1.7.0_51-b31), built on Jan 29 2014 14:05:34 by "nobody" with gcc 4.8.2 20131219 (prerelease)

time: Sat Feb  8 16:13:11 2014
elapsed time: 3 seconds

