#
# There is insufficient memory for the Java Runtime Environment to continue.
# Native memory allocation (malloc) failed to allocate 271581184 bytes for committing reserved memory.
# Possible reasons:
#   The system is out of physical RAM or swap space
#   In 32 bit mode, the process size limit was hit
# Possible solutions:
#   Reduce memory load on the system
#   Increase physical memory or swap space
#   Check if swap backing store is full
#   Use 64 bit Java on a 64 bit OS
#   Decrease Java heap size (-Xmx/-Xms)
#   Decrease number of Java threads
#   Decrease Java thread stack sizes (-Xss)
#   Set larger code cache with -XX:ReservedCodeCacheSize=
# This output file may be truncated or incomplete.
#
#  Out of Memory Error (os_linux.cpp:2798), pid=16505, tid=140332558300928
#
# JRE version: OpenJDK Runtime Environment (7.0_75-b13) (build 1.7.0_75-b13)
# Java VM: OpenJDK 64-Bit Server VM (24.75-b04 mixed mode linux-amd64 compressed oops)
# Derivative: IcedTea 2.5.4
# Distribution: Custom build (Fri Jan 23 11:00:44 UTC 2015)
# Failed to write core dump. Core dumps have been disabled. To enable core dumping, try "ulimit -c unlimited" before starting Java again
#

---------------  T H R E A D  ---------------

Current thread (0x00007fa1c0074800):  VMThread [stack: 0x00007fa1b839b000,0x00007fa1b849c000] [id=16516]

Stack: [0x00007fa1b839b000,0x00007fa1b849c000],  sp=0x00007fa1b849a4e0,  free space=1021k
Native frames: (J=compiled Java code, j=interpreted, Vv=VM code, C=native code)
V  [libjvm.so+0x97dfb6]
V  [libjvm.so+0x48e252]
V  [libjvm.so+0x7f188b]
V  [libjvm.so+0x7ebffe]
V  [libjvm.so+0x85e83b]
V  [libjvm.so+0x85f6e3]
V  [libjvm.so+0x85fdfb]
V  [libjvm.so+0x85b809]
V  [libjvm.so+0x85bfe8]
V  [libjvm.so+0x813d53]
V  [libjvm.so+0x97f882]
V  [libjvm.so+0x984107]
V  [libjvm.so+0x9826fb]
V  [libjvm.so+0x982da6]
V  [libjvm.so+0x983271]
V  [libjvm.so+0x7ee7d2]

VM_Operation (0x00007fa1b23ecda0): ParallelGCFailedAllocation, mode: safepoint, requested by thread 0x00007fa1c0c7e800


---------------  P R O C E S S  ---------------

Java Threads: ( => current thread )
  0x00007fa16800a800 JavaThread "nREPL-worker-0" daemon [_thread_blocked, id=16548, stack(0x00007fa1b1be7000,0x00007fa1b1ce8000)]
  0x00007fa160001000 JavaThread "clojure-agent-send-off-pool-6" [_thread_in_native, id=16546, stack(0x00007fa1b1ce8000,0x00007fa1b1de9000)]
  0x00007fa168003000 JavaThread "clojure-agent-send-off-pool-5" [_thread_in_native, id=16545, stack(0x00007fa1b1de9000,0x00007fa1b1eea000)]
  0x00007fa168001000 JavaThread "clojure-agent-send-off-pool-4" [_thread_blocked, id=16544, stack(0x00007fa1b1eea000,0x00007fa1b1feb000)]
  0x00007fa1c0c91000 JavaThread "clojure-agent-send-off-pool-3" [_thread_blocked, id=16542, stack(0x00007fa1b1feb000,0x00007fa1b20ec000)]
  0x00007fa1c0c8e000 JavaThread "clojure-agent-send-off-pool-2" [_thread_blocked, id=16539, stack(0x00007fa1b20ec000,0x00007fa1b21ed000)]
  0x00007fa1c0c82800 JavaThread "clojure-agent-send-off-pool-1" [_thread_blocked, id=16538, stack(0x00007fa1b21ed000,0x00007fa1b22ee000)]
  0x00007fa1c0c7e800 JavaThread "clojure-agent-send-off-pool-0" [_thread_blocked, id=16537, stack(0x00007fa1b22ee000,0x00007fa1b23ef000)]
  0x00007fa1c00af800 JavaThread "Service Thread" daemon [_thread_blocked, id=16523, stack(0x00007fa1b3afb000,0x00007fa1b3bfc000)]
  0x00007fa1c00ad000 JavaThread "C1 CompilerThread2" daemon [_thread_blocked, id=16522, stack(0x00007fa1b3bfc000,0x00007fa1b3cfd000)]
  0x00007fa1c00ab000 JavaThread "C2 CompilerThread1" daemon [_thread_blocked, id=16521, stack(0x00007fa1b3cfd000,0x00007fa1b3dfe000)]
  0x00007fa1c00a8000 JavaThread "C2 CompilerThread0" daemon [_thread_blocked, id=16520, stack(0x00007fa1b3dfe000,0x00007fa1b3eff000)]
  0x00007fa1c00a6000 JavaThread "Signal Dispatcher" daemon [_thread_blocked, id=16519, stack(0x00007fa1b3eff000,0x00007fa1b4000000)]
  0x00007fa1c007b000 JavaThread "Finalizer" daemon [_thread_blocked, id=16518, stack(0x00007fa1b8199000,0x00007fa1b829a000)]
  0x00007fa1c0079000 JavaThread "Reference Handler" daemon [_thread_blocked, id=16517, stack(0x00007fa1b829a000,0x00007fa1b839b000)]
  0x00007fa1c0009000 JavaThread "main" [_thread_blocked, id=16508, stack(0x00007fa1c751e000,0x00007fa1c761f000)]

Other Threads:
=>0x00007fa1c0074800 VMThread [stack: 0x00007fa1b839b000,0x00007fa1b849c000] [id=16516]
  0x00007fa1c00ba000 WatcherThread [stack: 0x00007fa1b39fa000,0x00007fa1b3afb000] [id=16524]

VM state:at safepoint (normal execution)

VM Mutex/Monitor currently owned by a thread:  ([mutex/lock_event])
[0x00007fa1c0006da0] Threads_lock - owner thread: 0x00007fa1c0074800
[0x00007fa1c00072a0] Heap_lock - owner thread: 0x00007fa1c0c7e800

Heap
 PSYoungGen      total 269824K, used 8688K [0x00000007d6600000, 0x00000007e7700000, 0x0000000800000000)
  eden space 261120K, 0% used [0x00000007d6600000,0x00000007d6600000,0x00000007e6500000)
  from space 8704K, 99% used [0x00000007e6500000,0x00000007e6d7c010,0x00000007e6d80000)
  to   space 7680K, 0% used [0x00000007e6d80000,0x00000007e6d80000,0x00000007e7500000)
 ParOldGen       total 84992K, used 7623K [0x0000000783200000, 0x0000000788500000, 0x00000007d6600000)
  object space 84992K, 8% used [0x0000000783200000,0x0000000783971d10,0x0000000788500000)
 PSPermGen       total 21504K, used 17414K [0x0000000778c00000, 0x000000077a100000, 0x0000000783200000)
  object space 21504K, 80% used [0x0000000778c00000,0x0000000779d01b00,0x000000077a100000)

Card table byte_map: [0x00007fa1c41e5000,0x00007fa1c4620000] byte_map_base: 0x00007fa1c061f000

Polling page: 0x00007fa1c765f000

Code Cache  [0x00007fa1ba000000, 0x00007fa1ba470000, 0x00007fa1c0000000)
 total_blobs=2150 nmethods=1851 adapters=234 free_code_cache=93762Kb largest_free_block=96011968

Compilation events (10 events):
Event: 4.165 Thread 0x00007fa1c00ad000 1854       1       java.lang.Integer::toString (48 bytes)
Event: 4.166 Thread 0x00007fa1c00ad000 nmethod 1854 0x00007fa1ba46df50 code [0x00007fa1ba46e0e0, 0x00007fa1ba46e408]
Event: 4.187 Thread 0x00007fa1c00ad000 1855       1       clojure.core$keyword::invoke (110 bytes)
Event: 4.188 Thread 0x00007fa1c00ad000 nmethod 1855 0x00007fa1ba46e650 code [0x00007fa1ba46e820, 0x00007fa1ba46ec58]
Event: 4.711 Thread 0x00007fa1c00ad000 1856       1       clojure.lang.Numbers::shiftLeft (9 bytes)
Event: 4.711 Thread 0x00007fa1c00ad000 nmethod 1856 0x00007fa1ba46ee90 code [0x00007fa1ba46efe0, 0x00007fa1ba46f128]
Event: 4.711 Thread 0x00007fa1c00ad000 1857       1       clojure.lang.Numbers::shiftLeft (5 bytes)
Event: 4.711 Thread 0x00007fa1c00ad000 nmethod 1857 0x00007fa1ba46f190 code [0x00007fa1ba46f2e0, 0x00007fa1ba46f410]
Event: 4.711 Thread 0x00007fa1c00ad000 1858       1       clojure.core$maybe_min_hash$fn__4975::invoke (14 bytes)
Event: 4.712 Thread 0x00007fa1c00ad000 nmethod 1858 0x00007fa1ba46f450 code [0x00007fa1ba46f5c0, 0x00007fa1ba46f808]

GC Heap History (10 events):
Event: 2.119 GC heap after
Heap after GC invocations=2 (full 0):
 PSYoungGen      total 70656K, used 4801K [0x00000007d6600000, 0x00000007db000000, 0x0000000800000000)
  eden space 65536K, 0% used [0x00000007d6600000,0x00000007d6600000,0x00000007da600000)
  from space 5120K, 93% used [0x00000007dab00000,0x00000007dafb0700,0x00000007db000000)
  to   space 5120K, 0% used [0x00000007da600000,0x00000007da600000,0x00000007dab00000)
 ParOldGen       total 84992K, used 76K [0x0000000783200000, 0x0000000788500000, 0x00000007d6600000)
  object space 84992K, 0% used [0x0000000783200000,0x0000000783213370,0x0000000788500000)
 PSPermGen       total 21504K, used 12673K [0x0000000778c00000, 0x000000077a100000, 0x0000000783200000)
  object space 21504K, 58% used [0x0000000778c00000,0x00000007798605c0,0x000000077a100000)
}
Event: 2.992 GC heap before
{Heap before GC invocations=3 (full 0):
 PSYoungGen      total 70656K, used 70337K [0x00000007d6600000, 0x00000007db000000, 0x0000000800000000)
  eden space 65536K, 100% used [0x00000007d6600000,0x00000007da600000,0x00000007da600000)
  from space 5120K, 93% used [0x00000007dab00000,0x00000007dafb0700,0x00000007db000000)
  to   space 5120K, 0% used [0x00000007da600000,0x00000007da600000,0x00000007dab00000)
 ParOldGen       total 84992K, used 76K [0x0000000783200000, 0x0000000788500000, 0x00000007d6600000)
  object space 84992K, 0% used [0x0000000783200000,0x0000000783213370,0x0000000788500000)
 PSPermGen       total 21504K, used 14608K [0x0000000778c00000, 0x000000077a100000, 0x0000000783200000)
  object space 21504K, 67% used [0x0000000778c00000,0x0000000779a44228,0x000000077a100000)
Event: 3.024 GC heap after
Heap after GC invocations=3 (full 0):
 PSYoungGen      total 70656K, used 5091K [0x00000007d6600000, 0x00000007df000000, 0x0000000800000000)
  eden space 65536K, 0% used [0x00000007d6600000,0x00000007d6600000,0x00000007da600000)
  from space 5120K, 99% used [0x00000007da600000,0x00000007daaf8e10,0x00000007dab00000)
  to   space 5120K, 0% used [0x00000007deb00000,0x00000007deb00000,0x00000007df000000)
 ParOldGen       total 84992K, used 194K [0x0000000783200000, 0x0000000788500000, 0x00000007d6600000)
  object space 84992K, 0% used [0x0000000783200000,0x0000000783230ad0,0x0000000788500000)
 PSPermGen       total 21504K, used 14608K [0x0000000778c00000, 0x000000077a100000, 0x0000000783200000)
  object space 21504K, 67% used [0x0000000778c00000,0x0000000779a44228,0x000000077a100000)
}
Event: 3.458 GC heap before
{Heap before GC invocations=4 (full 0):
 PSYoungGen      total 70656K, used 70627K [0x00000007d6600000, 0x00000007df000000, 0x0000000800000000)
  eden space 65536K, 100% used [0x00000007d6600000,0x00000007da600000,0x00000007da600000)
  from space 5120K, 99% used [0x00000007da600000,0x00000007daaf8e10,0x00000007dab00000)
  to   space 5120K, 0% used [0x00000007deb00000,0x00000007deb00000,0x00000007df000000)
 ParOldGen       total 84992K, used 194K [0x0000000783200000, 0x0000000788500000, 0x00000007d6600000)
  object space 84992K, 0% used [0x0000000783200000,0x0000000783230ad0,0x0000000788500000)
 PSPermGen       total 21504K, used 16751K [0x0000000778c00000, 0x000000077a100000, 0x0000000783200000)
  object space 21504K, 77% used [0x0000000778c00000,0x0000000779c5bed8,0x000000077a100000)
Event: 3.571 GC heap after
Heap after GC invocations=4 (full 0):
 PSYoungGen      total 136192K, used 5120K [0x00000007d6600000, 0x00000007df000000, 0x0000000800000000)
  eden space 131072K, 0% used [0x00000007d6600000,0x00000007d6600000,0x00000007de600000)
  from space 5120K, 100% used [0x00000007deb00000,0x00000007df000000,0x00000007df000000)
  to   space 5120K, 0% used [0x00000007de600000,0x00000007de600000,0x00000007deb00000)
 ParOldGen       total 84992K, used 1683K [0x0000000783200000, 0x0000000788500000, 0x00000007d6600000)
  object space 84992K, 1% used [0x0000000783200000,0x00000007833a4d08,0x0000000788500000)
 PSPermGen       total 21504K, used 16751K [0x0000000778c00000, 0x000000077a100000, 0x0000000783200000)
  object space 21504K, 77% used [0x0000000778c00000,0x0000000779c5bed8,0x000000077a100000)
}
Event: 4.212 GC heap before
{Heap before GC invocations=5 (full 0):
 PSYoungGen      total 136192K, used 136192K [0x00000007d6600000, 0x00000007df000000, 0x0000000800000000)
  eden space 131072K, 100% used [0x00000007d6600000,0x00000007de600000,0x00000007de600000)
  from space 5120K, 100% used [0x00000007deb00000,0x00000007df000000,0x00000007df000000)
  to   space 5120K, 0% used [0x00000007de600000,0x00000007de600000,0x00000007deb00000)
 ParOldGen       total 84992K, used 1683K [0x0000000783200000, 0x0000000788500000, 0x00000007d6600000)
  object space 84992K, 1% used [0x0000000783200000,0x00000007833a4d08,0x0000000788500000)
 PSPermGen       total 21504K, used 17407K [0x0000000778c00000, 0x000000077a100000, 0x0000000783200000)
  object space 21504K, 80% used [0x0000000778c00000,0x0000000779cffeb0,0x000000077a100000)
Event: 4.300 GC heap after
Heap after GC invocations=5 (full 0):
 PSYoungGen      total 136192K, used 5104K [0x00000007d6600000, 0x00000007e7500000, 0x0000000800000000)
  eden space 131072K, 0% used [0x00000007d6600000,0x00000007d6600000,0x00000007de600000)
  from space 5120K, 99% used [0x00000007de600000,0x00000007deafc010,0x00000007deb00000)
  to   space 7680K, 0% used [0x00000007e6d80000,0x00000007e6d80000,0x00000007e7500000)
 ParOldGen       total 84992K, used 3860K [0x0000000783200000, 0x0000000788500000, 0x00000007d6600000)
  object space 84992K, 4% used [0x0000000783200000,0x00000007835c51b8,0x0000000788500000)
 PSPermGen       total 21504K, used 17407K [0x0000000778c00000, 0x000000077a100000, 0x0000000783200000)
  object space 21504K, 80% used [0x0000000778c00000,0x0000000779cffeb0,0x000000077a100000)
}
Event: 4.408 GC heap before
{Heap before GC invocations=6 (full 0):
 PSYoungGen      total 136192K, used 136176K [0x00000007d6600000, 0x00000007e7500000, 0x0000000800000000)
  eden space 131072K, 100% used [0x00000007d6600000,0x00000007de600000,0x00000007de600000)
  from space 5120K, 99% used [0x00000007de600000,0x00000007deafc010,0x00000007deb00000)
  to   space 7680K, 0% used [0x00000007e6d80000,0x00000007e6d80000,0x00000007e7500000)
 ParOldGen       total 84992K, used 3860K [0x0000000783200000, 0x0000000788500000, 0x00000007d6600000)
  object space 84992K, 4% used [0x0000000783200000,0x00000007835c51b8,0x0000000788500000)
 PSPermGen       total 21504K, used 17407K [0x0000000778c00000, 0x000000077a100000, 0x0000000783200000)
  object space 21504K, 80% used [0x0000000778c00000,0x0000000779cffeb0,0x000000077a100000)
Event: 4.469 GC heap after
Heap after GC invocations=6 (full 0):
 PSYoungGen      total 268800K, used 7664K [0x00000007d6600000, 0x00000007e7700000, 0x0000000800000000)
  eden space 261120K, 0% used [0x00000007d6600000,0x00000007d6600000,0x00000007e6500000)
  from space 7680K, 99% used [0x00000007e6d80000,0x00000007e74fc030,0x00000007e7500000)
  to   space 8704K, 0% used [0x00000007e6500000,0x00000007e6500000,0x00000007e6d80000)
 ParOldGen       total 84992K, used 3892K [0x0000000783200000, 0x0000000788500000, 0x00000007d6600000)
  object space 84992K, 4% used [0x0000000783200000,0x00000007835cd1b8,0x0000000788500000)
 PSPermGen       total 21504K, used 17407K [0x0000000778c00000, 0x000000077a100000, 0x0000000783200000)
  object space 21504K, 80% used [0x0000000778c00000,0x0000000779cffeb0,0x000000077a100000)
}
Event: 5.822 GC heap before
{Heap before GC invocations=7 (full 0):
 PSYoungGen      total 268800K, used 268784K [0x00000007d6600000, 0x00000007e7700000, 0x0000000800000000)
  eden space 261120K, 100% used [0x00000007d6600000,0x00000007e6500000,0x00000007e6500000)
  from space 7680K, 99% used [0x00000007e6d80000,0x00000007e74fc030,0x00000007e7500000)
  to   space 8704K, 0% used [0x00000007e6500000,0x00000007e6500000,0x00000007e6d80000)
 ParOldGen       total 84992K, used 3892K [0x0000000783200000, 0x0000000788500000, 0x00000007d6600000)
  object space 84992K, 4% used [0x0000000783200000,0x00000007835cd1b8,0x0000000788500000)
 PSPermGen       total 21504K, used 17414K [0x0000000778c00000, 0x000000077a100000, 0x0000000783200000)
  object space 21504K, 80% used [0x0000000778c00000,0x0000000779d01b00,0x000000077a100000)

Deoptimization events (0 events):
No events

Internal exceptions (10 events):
Event: 4.084 Thread 0x00007fa16800a800 Threw 0x00000007dc6966f0 at /build/java7-openjdk/src/icedtea-2.5.4/openjdk/hotspot/src/share/vm/prims/jvm.cpp:1284
Event: 4.084 Thread 0x00007fa16800a800 Threw 0x00000007dc696b98 at /build/java7-openjdk/src/icedtea-2.5.4/openjdk/hotspot/src/share/vm/prims/jvm.cpp:1284
Event: 4.084 Thread 0x00007fa16800a800 Threw 0x00000007dc697040 at /build/java7-openjdk/src/icedtea-2.5.4/openjdk/hotspot/src/share/vm/prims/jvm.cpp:1284
Event: 4.084 Thread 0x00007fa16800a800 Threw 0x00000007dc6974e8 at /build/java7-openjdk/src/icedtea-2.5.4/openjdk/hotspot/src/share/vm/prims/jvm.cpp:1284
Event: 4.084 Thread 0x00007fa16800a800 Threw 0x00000007dc697990 at /build/java7-openjdk/src/icedtea-2.5.4/openjdk/hotspot/src/share/vm/prims/jvm.cpp:1284
Event: 4.084 Thread 0x00007fa16800a800 Threw 0x00000007dc697e38 at /build/java7-openjdk/src/icedtea-2.5.4/openjdk/hotspot/src/share/vm/prims/jvm.cpp:1284
Event: 4.084 Thread 0x00007fa16800a800 Threw 0x00000007dc6982e0 at /build/java7-openjdk/src/icedtea-2.5.4/openjdk/hotspot/src/share/vm/prims/jvm.cpp:1284
Event: 4.105 Thread 0x00007fa16800a800 Threw 0x00000007dcd91d70 at /build/java7-openjdk/src/icedtea-2.5.4/openjdk/hotspot/src/share/vm/prims/jvm.cpp:1284
Event: 4.722 Thread 0x00007fa1c0c91000 Threw 0x00000007dfab1ea8 at /build/java7-openjdk/src/icedtea-2.5.4/openjdk/hotspot/src/share/vm/prims/jni.cpp:747
Event: 4.755 Thread 0x00007fa1c0009000 Threw 0x00000007df827b90 at /build/java7-openjdk/src/icedtea-2.5.4/openjdk/hotspot/src/share/vm/prims/jvm.cpp:1284

Events (10 events):
Event: 4.306 Executing VM operation: RevokeBias done
Event: 4.306 Executing VM operation: BulkRevokeBias
Event: 4.307 Executing VM operation: BulkRevokeBias done
Event: 4.408 Executing VM operation: ParallelGCFailedAllocation
Event: 4.469 Executing VM operation: ParallelGCFailedAllocation done
Event: 4.722 loading class 0x00007fa1c0cc8af0
Event: 4.722 loading class 0x00007fa1c0cc8af0 done
Event: 4.754 loading class 0x00007fa1c0aa94f0
Event: 4.754 loading class 0x00007fa1c0aa94f0 done
Event: 5.822 Executing VM operation: ParallelGCFailedAllocation


Dynamic libraries:
00400000-00401000 r-xp 00000000 08:01 1072338                            /usr/lib/jvm/java-7-openjdk/jre/bin/java
00600000-00601000 rw-p 00000000 08:01 1072338                            /usr/lib/jvm/java-7-openjdk/jre/bin/java
02533000-02554000 rw-p 00000000 00:00 0                                  [heap]
778c00000-77a100000 rw-p 00000000 00:00 0 
77a100000-783200000 rw-p 00000000 00:00 0 
783200000-788500000 rw-p 00000000 00:00 0 
788500000-7d6600000 rw-p 00000000 00:00 0 
7d6600000-7e7700000 rw-p 00000000 00:00 0 
7f7a00000-800000000 rw-p 00000000 00:00 0 
7fa158000000-7fa158021000 rw-p 00000000 00:00 0 
7fa158021000-7fa15c000000 ---p 00000000 00:00 0 
7fa15c000000-7fa15c0c3000 rw-p 00000000 00:00 0 
7fa15c0c3000-7fa160000000 ---p 00000000 00:00 0 
7fa160000000-7fa160021000 rw-p 00000000 00:00 0 
7fa160021000-7fa164000000 ---p 00000000 00:00 0 
7fa164000000-7fa164021000 rw-p 00000000 00:00 0 
7fa164021000-7fa168000000 ---p 00000000 00:00 0 
7fa168000000-7fa168021000 rw-p 00000000 00:00 0 
7fa168021000-7fa16c000000 ---p 00000000 00:00 0 
7fa16c000000-7fa16c021000 rw-p 00000000 00:00 0 
7fa16c021000-7fa170000000 ---p 00000000 00:00 0 
7fa170000000-7fa17009f000 rw-p 00000000 00:00 0 
7fa17009f000-7fa174000000 ---p 00000000 00:00 0 
7fa174000000-7fa174026000 rw-p 00000000 00:00 0 
7fa174026000-7fa178000000 ---p 00000000 00:00 0 
7fa178000000-7fa178021000 rw-p 00000000 00:00 0 
7fa178021000-7fa17c000000 ---p 00000000 00:00 0 
7fa17c000000-7fa17c021000 rw-p 00000000 00:00 0 
7fa17c021000-7fa180000000 ---p 00000000 00:00 0 
7fa180000000-7fa180021000 rw-p 00000000 00:00 0 
7fa180021000-7fa184000000 ---p 00000000 00:00 0 
7fa184000000-7fa184374000 rw-p 00000000 00:00 0 
7fa184374000-7fa188000000 ---p 00000000 00:00 0 
7fa188000000-7fa188021000 rw-p 00000000 00:00 0 
7fa188021000-7fa18c000000 ---p 00000000 00:00 0 
7fa18c000000-7fa18c021000 rw-p 00000000 00:00 0 
7fa18c021000-7fa190000000 ---p 00000000 00:00 0 
7fa190000000-7fa190021000 rw-p 00000000 00:00 0 
7fa190021000-7fa194000000 ---p 00000000 00:00 0 
7fa194000000-7fa194021000 rw-p 00000000 00:00 0 
7fa194021000-7fa198000000 ---p 00000000 00:00 0 
7fa198000000-7fa198021000 rw-p 00000000 00:00 0 
7fa198021000-7fa19c000000 ---p 00000000 00:00 0 
7fa19fc60000-7fa1a4000000 rw-p 00000000 00:00 0 
7fa1a4000000-7fa1a4021000 rw-p 00000000 00:00 0 
7fa1a4021000-7fa1a8000000 ---p 00000000 00:00 0 
7fa1a8000000-7fa1a8021000 rw-p 00000000 00:00 0 
7fa1a8021000-7fa1ac000000 ---p 00000000 00:00 0 
7fa1ac000000-7fa1ac021000 rw-p 00000000 00:00 0 
7fa1ac021000-7fa1b0000000 ---p 00000000 00:00 0 
7fa1b1be7000-7fa1b1bea000 ---p 00000000 00:00 0 
7fa1b1bea000-7fa1b1ce8000 rw-p 00000000 00:00 0                          [stack:16548]
7fa1b1ce8000-7fa1b1ceb000 ---p 00000000 00:00 0 
7fa1b1ceb000-7fa1b1de9000 rw-p 00000000 00:00 0                          [stack:16546]
7fa1b1de9000-7fa1b1dec000 ---p 00000000 00:00 0 
7fa1b1dec000-7fa1b1eea000 rw-p 00000000 00:00 0                          [stack:16545]
7fa1b1eea000-7fa1b1eed000 ---p 00000000 00:00 0 
7fa1b1eed000-7fa1b1feb000 rw-p 00000000 00:00 0                          [stack:16544]
7fa1b1feb000-7fa1b1fee000 ---p 00000000 00:00 0 
7fa1b1fee000-7fa1b20ec000 rw-p 00000000 00:00 0                          [stack:16542]
7fa1b20ec000-7fa1b20ef000 ---p 00000000 00:00 0 
7fa1b20ef000-7fa1b21ed000 rw-p 00000000 00:00 0                          [stack:16539]
7fa1b21ed000-7fa1b21f0000 ---p 00000000 00:00 0 
7fa1b21f0000-7fa1b22ee000 rw-p 00000000 00:00 0                          [stack:16538]
7fa1b22ee000-7fa1b22f1000 ---p 00000000 00:00 0 
7fa1b22f1000-7fa1b23ef000 rw-p 00000000 00:00 0                          [stack:16537]
7fa1b23ef000-7fa1b2403000 r-xp 00000000 08:01 394380                     /usr/lib/libresolv-2.20.so
7fa1b2403000-7fa1b2602000 ---p 00014000 08:01 394380                     /usr/lib/libresolv-2.20.so
7fa1b2602000-7fa1b2604000 r--p 00013000 08:01 394380                     /usr/lib/libresolv-2.20.so
7fa1b2604000-7fa1b2605000 rw-p 00015000 08:01 394380                     /usr/lib/libresolv-2.20.so
7fa1b2605000-7fa1b2607000 rw-p 00000000 00:00 0 
7fa1b2607000-7fa1b2675000 r-xp 00000000 08:01 401455                     /usr/lib/libpcre.so.1.2.4
7fa1b2675000-7fa1b2874000 ---p 0006e000 08:01 401455                     /usr/lib/libpcre.so.1.2.4
7fa1b2874000-7fa1b2875000 r--p 0006d000 08:01 401455                     /usr/lib/libpcre.so.1.2.4
7fa1b2875000-7fa1b2876000 rw-p 0006e000 08:01 401455                     /usr/lib/libpcre.so.1.2.4
7fa1b2876000-7fa1b2879000 r-xp 00000000 08:01 405880                     /usr/lib/libgmodule-2.0.so.0.4200.1
7fa1b2879000-7fa1b2a78000 ---p 00003000 08:01 405880                     /usr/lib/libgmodule-2.0.so.0.4200.1
7fa1b2a78000-7fa1b2a79000 r--p 00002000 08:01 405880                     /usr/lib/libgmodule-2.0.so.0.4200.1
7fa1b2a79000-7fa1b2a7a000 rw-p 00003000 08:01 405880                     /usr/lib/libgmodule-2.0.so.0.4200.1
7fa1b2a7a000-7fa1b2a82000 r-xp 00000000 08:01 417600                     /usr/lib/libffi.so.6.0.4
7fa1b2a82000-7fa1b2c81000 ---p 00008000 08:01 417600                     /usr/lib/libffi.so.6.0.4
7fa1b2c81000-7fa1b2c82000 r--p 00007000 08:01 417600                     /usr/lib/libffi.so.6.0.4
7fa1b2c82000-7fa1b2c83000 rw-p 00008000 08:01 417600                     /usr/lib/libffi.so.6.0.4
7fa1b2c83000-7fa1b2d8f000 r-xp 00000000 08:01 405335                     /usr/lib/libglib-2.0.so.0.4200.1
7fa1b2d8f000-7fa1b2f8e000 ---p 0010c000 08:01 405335                     /usr/lib/libglib-2.0.so.0.4200.1
7fa1b2f8e000-7fa1b2f8f000 r--p 0010b000 08:01 405335                     /usr/lib/libglib-2.0.so.0.4200.1
7fa1b2f8f000-7fa1b2f90000 rw-p 0010c000 08:01 405335                     /usr/lib/libglib-2.0.so.0.4200.1
7fa1b2f90000-7fa1b2f91000 rw-p 00000000 00:00 0 
7fa1b2f91000-7fa1b2fe1000 r-xp 00000000 08:01 405883                     /usr/lib/libgobject-2.0.so.0.4200.1
7fa1b2fe1000-7fa1b31e0000 ---p 00050000 08:01 405883                     /usr/lib/libgobject-2.0.so.0.4200.1
7fa1b31e0000-7fa1b31e1000 r--p 0004f000 08:01 405883                     /usr/lib/libgobject-2.0.so.0.4200.1
7fa1b31e1000-7fa1b31e2000 rw-p 00050000 08:01 405883                     /usr/lib/libgobject-2.0.so.0.4200.1
7fa1b31e2000-7fa1b3351000 r-xp 00000000 08:01 405884                     /usr/lib/libgio-2.0.so.0.4200.1
7fa1b3351000-7fa1b3551000 ---p 0016f000 08:01 405884                     /usr/lib/libgio-2.0.so.0.4200.1
7fa1b3551000-7fa1b3555000 r--p 0016f000 08:01 405884                     /usr/lib/libgio-2.0.so.0.4200.1
7fa1b3555000-7fa1b3557000 rw-p 00173000 08:01 405884                     /usr/lib/libgio-2.0.so.0.4200.1
7fa1b3557000-7fa1b3559000 rw-p 00000000 00:00 0 
7fa1b3596000-7fa1b35ad000 r-xp 00000000 08:01 1189400                    /usr/lib/jvm/java-7-openjdk/jre/lib/amd64/libnet.so
7fa1b35ad000-7fa1b37ac000 ---p 00017000 08:01 1189400                    /usr/lib/jvm/java-7-openjdk/jre/lib/amd64/libnet.so
7fa1b37ac000-7fa1b37ad000 rw-p 00016000 08:01 1189400                    /usr/lib/jvm/java-7-openjdk/jre/lib/amd64/libnet.so
7fa1b37ad000-7fa1b37bd000 r-xp 00000000 08:01 1189402                    /usr/lib/jvm/java-7-openjdk/jre/lib/amd64/libnio.so
7fa1b37bd000-7fa1b39bd000 ---p 00010000 08:01 1189402                    /usr/lib/jvm/java-7-openjdk/jre/lib/amd64/libnio.so
7fa1b39bd000-7fa1b39be000 rw-p 00010000 08:01 1189402                    /usr/lib/jvm/java-7-openjdk/jre/lib/amd64/libnio.so
7fa1b39be000-7fa1b39fa000 r--s 00308000 08:01 3693647                    /home/syc/.m2/repository/org/clojure/clojure/1.4.0/clojure-1.4.0.jar
7fa1b39fa000-7fa1b39fb000 ---p 00000000 00:00 0 
7fa1b39fb000-7fa1b3afb000 rw-p 00000000 00:00 0                          [stack:16524]
7fa1b3afb000-7fa1b3afe000 ---p 00000000 00:00 0 
7fa1b3afe000-7fa1b3bfc000 rw-p 00000000 00:00 0                          [stack:16523]
7fa1b3bfc000-7fa1b3bff000 ---p 00000000 00:00 0 
7fa1b3bff000-7fa1b3cfd000 rw-p 00000000 00:00 0                          [stack:16522]
7fa1b3cfd000-7fa1b3d00000 ---p 00000000 00:00 0 
7fa1b3d00000-7fa1b3dfe000 rw-p 00000000 00:00 0                          [stack:16521]
7fa1b3dfe000-7fa1b3e01000 ---p 00000000 00:00 0 
7fa1b3e01000-7fa1b3eff000 rw-p 00000000 00:00 0                          [stack:16520]
7fa1b3eff000-7fa1b3f02000 ---p 00000000 00:00 0 
7fa1b3f02000-7fa1b4000000 rw-p 00000000 00:00 0                          [stack:16519]
7fa1b4000000-7fa1b4021000 rw-p 00000000 00:00 0 
7fa1b4021000-7fa1b8000000 ---p 00000000 00:00 0 
7fa1b8010000-7fa1b8199000 r--p 00000000 08:01 431262                     /usr/lib/locale/locale-archive
7fa1b8199000-7fa1b819c000 ---p 00000000 00:00 0 
7fa1b819c000-7fa1b829a000 rw-p 00000000 00:00 0                          [stack:16518]
7fa1b829a000-7fa1b829d000 ---p 00000000 00:00 0 
7fa1b829d000-7fa1b839b000 rw-p 00000000 00:00 0                          [stack:16517]
7fa1b839b000-7fa1b839c000 ---p 00000000 00:00 0 
7fa1b839c000-7fa1b9478000 rw-p 00000000 00:00 0                          [stack:16516]
7fa1b9478000-7fa1b9629000 r--s 01d23000 08:01 1051577                    /usr/lib/jvm/java-7-openjdk/jre/lib/rt.jar
7fa1b9629000-7fa1b9a63000 rw-p 00000000 00:00 0 
7fa1b9a63000-7fa1b9a64000 ---p 00000000 00:00 0 
7fa1b9a64000-7fa1b9b64000 rw-p 00000000 00:00 0                          [stack:16515]
7fa1b9b64000-7fa1b9b65000 ---p 00000000 00:00 0 
7fa1b9b65000-7fa1b9c65000 rw-p 00000000 00:00 0                          [stack:16514]
7fa1b9c65000-7fa1b9c66000 ---p 00000000 00:00 0 
7fa1b9c66000-7fa1b9d90000 rw-p 00000000 00:00 0                          [stack:16513]
7fa1b9d90000-7fa1ba000000 rw-p 00000000 00:00 0 
7fa1ba000000-7fa1ba470000 rwxp 00000000 00:00 0 
7fa1ba470000-7fa1c0ed1000 rw-p 00000000 00:00 0 
7fa1c0ed1000-7fa1c4000000 ---p 00000000 00:00 0 
7fa1c4004000-7fa1c4008000 r--s 0004d000 08:01 1051579                    /usr/lib/jvm/java-7-openjdk/jre/lib/jsse.jar
7fa1c4008000-7fa1c400a000 r--s 0000a000 08:01 3693650                    /home/syc/.m2/repository/org/ow2/asm/asm/4.0/asm-4.0.jar
7fa1c400a000-7fa1c400c000 r--s 00010000 08:01 3693648                    /home/syc/.m2/repository/org/parboiled/parboiled-java/1.1.3/parboiled-java-1.1.3.jar
7fa1c400c000-7fa1c400f000 r--s 0000c000 08:01 3693651                    /home/syc/.m2/repository/org/pegdown/pegdown/1.2.0/pegdown-1.2.0.jar
7fa1c400f000-7fa1c4011000 r--s 00008000 08:01 3691966                    /home/syc/.m2/repository/org/clojure/tools.nrepl/0.2.6/tools.nrepl-0.2.6.jar
7fa1c4011000-7fa1c4013000 r--s 00008000 08:01 3693696                    /home/syc/.m2/repository/org/ow2/asm/asm-util/4.0/asm-util-4.0.jar
7fa1c4013000-7fa1c40e4000 rw-p 00000000 00:00 0 
7fa1c40e4000-7fa1c40e5000 ---p 00000000 00:00 0 
7fa1c40e5000-7fa1c41f0000 rw-p 00000000 00:00 0                          [stack:16512]
7fa1c41f0000-7fa1c4238000 rw-p 00000000 00:00 0 
7fa1c4238000-7fa1c4262000 rw-p 00000000 00:00 0 
7fa1c4262000-7fa1c44d2000 rw-p 00000000 00:00 0 
7fa1c44d2000-7fa1c455b000 rw-p 00000000 00:00 0 
7fa1c455b000-7fa1c461f000 rw-p 00000000 00:00 0 
7fa1c461f000-7fa1c4632000 rw-p 00000000 00:00 0 
7fa1c4632000-7fa1c47a0000 rw-p 00000000 00:00 0 
7fa1c47a0000-7fa1c47a8000 r-xp 00000000 08:01 1189399                    /usr/lib/jvm/java-7-openjdk/jre/lib/amd64/libzip.so
7fa1c47a8000-7fa1c49a7000 ---p 00008000 08:01 1189399                    /usr/lib/jvm/java-7-openjdk/jre/lib/amd64/libzip.so
7fa1c49a7000-7fa1c49a8000 rw-p 00007000 08:01 1189399                    /usr/lib/jvm/java-7-openjdk/jre/lib/amd64/libzip.so
7fa1c49a8000-7fa1c49b3000 r-xp 00000000 08:01 394386                     /usr/lib/libnss_files-2.20.so
7fa1c49b3000-7fa1c4bb3000 ---p 0000b000 08:01 394386                     /usr/lib/libnss_files-2.20.so
7fa1c4bb3000-7fa1c4bb4000 r--p 0000b000 08:01 394386                     /usr/lib/libnss_files-2.20.so
7fa1c4bb4000-7fa1c4bb5000 rw-p 0000c000 08:01 394386                     /usr/lib/libnss_files-2.20.so
7fa1c4bb5000-7fa1c4be1000 r-xp 00000000 08:01 1189397                    /usr/lib/jvm/java-7-openjdk/jre/lib/amd64/libjava.so
7fa1c4be1000-7fa1c4de0000 ---p 0002c000 08:01 1189397                    /usr/lib/jvm/java-7-openjdk/jre/lib/amd64/libjava.so
7fa1c4de0000-7fa1c4de2000 rw-p 0002b000 08:01 1189397                    /usr/lib/jvm/java-7-openjdk/jre/lib/amd64/libjava.so
7fa1c4de2000-7fa1c4def000 r-xp 00000000 08:01 1189396                    /usr/lib/jvm/java-7-openjdk/jre/lib/amd64/libverify.so
7fa1c4def000-7fa1c4fee000 ---p 0000d000 08:01 1189396                    /usr/lib/jvm/java-7-openjdk/jre/lib/amd64/libverify.so
7fa1c4fee000-7fa1c4ff0000 rw-p 0000c000 08:01 1189396                    /usr/lib/jvm/java-7-openjdk/jre/lib/amd64/libverify.so
7fa1c4ff0000-7fa1c4ff7000 r-xp 00000000 08:01 410659                     /usr/lib/librt-2.20.so
7fa1c4ff7000-7fa1c51f6000 ---p 00007000 08:01 410659                     /usr/lib/librt-2.20.so
7fa1c51f6000-7fa1c51f7000 r--p 00006000 08:01 410659                     /usr/lib/librt-2.20.so
7fa1c51f7000-7fa1c51f8000 rw-p 00007000 08:01 410659                     /usr/lib/librt-2.20.so
7fa1c51f8000-7fa1c520e000 r-xp 00000000 08:01 393670                     /usr/lib/libgcc_s.so.1
7fa1c520e000-7fa1c540d000 ---p 00016000 08:01 393670                     /usr/lib/libgcc_s.so.1
7fa1c540d000-7fa1c540e000 rw-p 00015000 08:01 393670                     /usr/lib/libgcc_s.so.1
7fa1c540e000-7fa1c5511000 r-xp 00000000 08:01 405346                     /usr/lib/libm-2.20.so
7fa1c5511000-7fa1c5711000 ---p 00103000 08:01 405346                     /usr/lib/libm-2.20.so
7fa1c5711000-7fa1c5712000 r--p 00103000 08:01 405346                     /usr/lib/libm-2.20.so
7fa1c5712000-7fa1c5713000 rw-p 00104000 08:01 405346                     /usr/lib/libm-2.20.so
7fa1c5713000-7fa1c5803000 r-xp 00000000 08:01 431283                     /usr/lib/libstdc++.so.6.0.20
7fa1c5803000-7fa1c5a03000 ---p 000f0000 08:01 431283                     /usr/lib/libstdc++.so.6.0.20
7fa1c5a03000-7fa1c5a0b000 r--p 000f0000 08:01 431283                     /usr/lib/libstdc++.so.6.0.20
7fa1c5a0b000-7fa1c5a0d000 rw-p 000f8000 08:01 431283                     /usr/lib/libstdc++.so.6.0.20
7fa1c5a0d000-7fa1c5a22000 rw-p 00000000 00:00 0 
7fa1c5a22000-7fa1c656c000 r-xp 00000000 08:01 1189434                    /usr/lib/jvm/java-7-openjdk/jre/lib/amd64/server/libjvm.so
7fa1c656c000-7fa1c676c000 ---p 00b4a000 08:01 1189434                    /usr/lib/jvm/java-7-openjdk/jre/lib/amd64/server/libjvm.so
7fa1c676c000-7fa1c682e000 rw-p 00b4a000 08:01 1189434                    /usr/lib/jvm/java-7-openjdk/jre/lib/amd64/server/libjvm.so
7fa1c682e000-7fa1c685a000 rw-p 00000000 00:00 0 
7fa1c685a000-7fa1c686f000 r-xp 00000000 08:01 399561                     /usr/lib/libz.so.1.2.8
7fa1c686f000-7fa1c6a6e000 ---p 00015000 08:01 399561                     /usr/lib/libz.so.1.2.8
7fa1c6a6e000-7fa1c6a6f000 r--p 00014000 08:01 399561                     /usr/lib/libz.so.1.2.8
7fa1c6a6f000-7fa1c6a70000 rw-p 00015000 08:01 399561                     /usr/lib/libz.so.1.2.8
7fa1c6a70000-7fa1c6c09000 r-xp 00000000 08:01 405347                     /usr/lib/libc-2.20.so
7fa1c6c09000-7fa1c6e09000 ---p 00199000 08:01 405347                     /usr/lib/libc-2.20.so
7fa1c6e09000-7fa1c6e0d000 r--p 00199000 08:01 405347                     /usr/lib/libc-2.20.so
7fa1c6e0d000-7fa1c6e0f000 rw-p 0019d000 08:01 405347                     /usr/lib/libc-2.20.so
7fa1c6e0f000-7fa1c6e13000 rw-p 00000000 00:00 0 
7fa1c6e13000-7fa1c6e16000 r-xp 00000000 08:01 394379                     /usr/lib/libdl-2.20.so
7fa1c6e16000-7fa1c7015000 ---p 00003000 08:01 394379                     /usr/lib/libdl-2.20.so
7fa1c7015000-7fa1c7016000 r--p 00002000 08:01 394379                     /usr/lib/libdl-2.20.so
7fa1c7016000-7fa1c7017000 rw-p 00003000 08:01 394379                     /usr/lib/libdl-2.20.so
7fa1c7017000-7fa1c7024000 r-xp 00000000 08:01 1189430                    /usr/lib/jvm/java-7-openjdk/jre/lib/amd64/jli/libjli.so
7fa1c7024000-7fa1c7223000 ---p 0000d000 08:01 1189430                    /usr/lib/jvm/java-7-openjdk/jre/lib/amd64/jli/libjli.so
7fa1c7223000-7fa1c7224000 rw-p 0000c000 08:01 1189430                    /usr/lib/jvm/java-7-openjdk/jre/lib/amd64/jli/libjli.so
7fa1c7224000-7fa1c723b000 r-xp 00000000 08:01 395343                     /usr/lib/libpthread-2.20.so
7fa1c723b000-7fa1c743a000 ---p 00017000 08:01 395343                     /usr/lib/libpthread-2.20.so
7fa1c743a000-7fa1c743b000 r--p 00016000 08:01 395343                     /usr/lib/libpthread-2.20.so
7fa1c743b000-7fa1c743c000 rw-p 00017000 08:01 395343                     /usr/lib/libpthread-2.20.so
7fa1c743c000-7fa1c7440000 rw-p 00000000 00:00 0 
7fa1c7440000-7fa1c7462000 r-xp 00000000 08:01 394420                     /usr/lib/ld-2.20.so
7fa1c7462000-7fa1c7468000 r--s 00028000 08:01 3693649                    /home/syc/.m2/repository/org/parboiled/parboiled-core/1.1.3/parboiled-core-1.1.3.jar
7fa1c7468000-7fa1c7476000 r--s 00193000 08:01 1094364                    /usr/lib/jvm/java-7-openjdk/jre/lib/ext/j3dutils.jar
7fa1c7476000-7fa1c7482000 r--s 002c7000 08:01 1094365                    /usr/lib/jvm/java-7-openjdk/jre/lib/ext/j3dcore.jar
7fa1c7482000-7fa1c74d6000 rw-p 00000000 00:00 0 
7fa1c74d6000-7fa1c751e000 rw-p 00000000 00:00 0 
7fa1c751e000-7fa1c7521000 ---p 00000000 00:00 0 
7fa1c7521000-7fa1c7624000 rw-p 00000000 00:00 0                          [stack:16508]
7fa1c7624000-7fa1c7625000 r--s 00004000 08:01 3693691                    /home/syc/.m2/repository/org/ow2/asm/asm-analysis/4.0/asm-analysis-4.0.jar
7fa1c7625000-7fa1c7627000 r--s 00004000 08:01 3693655                    /home/syc/.m2/repository/org/ow2/asm/asm-tree/4.0/asm-tree-4.0.jar
7fa1c7627000-7fa1c7628000 r--s 00000000 08:01 3690567                    /home/syc/.m2/repository/clojure-complete/clojure-complete/0.2.3/clojure-complete-0.2.3.jar
7fa1c7628000-7fa1c7629000 r--s 00002000 08:01 3693701                    /home/syc/.m2/repository/hiccup/hiccup/1.0.2/hiccup-1.0.2.jar
7fa1c7629000-7fa1c762b000 r--s 0004c000 08:01 1094363                    /usr/lib/jvm/java-7-openjdk/jre/lib/ext/vecmath.jar
7fa1c762b000-7fa1c7656000 rw-p 00000000 00:00 0 
7fa1c7656000-7fa1c765e000 rw-s 00000000 00:1e 16420365                   /tmp/hsperfdata_syc/16505
7fa1c765e000-7fa1c765f000 rw-p 00000000 00:00 0 
7fa1c765f000-7fa1c7660000 ---p 00000000 00:00 0 
7fa1c7660000-7fa1c7661000 rw-p 00000000 00:00 0 
7fa1c7661000-7fa1c7662000 r--p 00021000 08:01 394420                     /usr/lib/ld-2.20.so
7fa1c7662000-7fa1c7663000 rw-p 00022000 08:01 394420                     /usr/lib/ld-2.20.so
7fa1c7663000-7fa1c7664000 rw-p 00000000 00:00 0 
7fff8c0d3000-7fff8c0f4000 rw-p 00000000 00:00 0                          [stack]
7fff8c1fc000-7fff8c1fe000 r--p 00000000 00:00 0                          [vvar]
7fff8c1fe000-7fff8c200000 r-xp 00000000 00:00 0                          [vdso]
ffffffffff600000-ffffffffff601000 r-xp 00000000 00:00 0                  [vsyscall]

VM Arguments:
jvm_args: -Dfile.encoding=UTF-8 -XX:+TieredCompilation -XX:TieredStopAtLevel=1 -XX:-OmitStackTraceInFastThrow -Dclojure.compile.path=/home/syc/code/blockstorm.github.com/generator/target/classes -Dgenerator.version=0.1.0-SNAPSHOT -Dclojure.debug=false 
java_command: clojure.main -i /tmp/form-init7488684080102362450.clj
Launcher Type: SUN_STANDARD

Environment Variables:
CLASSPATH=/home/syc/.lein/self-installs/leiningen-2.5.0-standalone.jar
PATH=/usr/local/sbin:/usr/local/bin:/usr/bin:/opt/android-sdk/platform-tools:/opt/android-sdk/tools:/usr/share/java/gradle/bin:/usr/lib/jvm/default/bin:/usr/bin/site_perl:/usr/bin/vendor_perl:/usr/bin/core_perl
SHELL=/bin/bash
DISPLAY=:0.0

Signal Handlers:
SIGSEGV: [libjvm.so+0x97eaa0], sa_mask[0]=0x7ffbfeff, sa_flags=0x10000004
SIGBUS: [libjvm.so+0x97eaa0], sa_mask[0]=0x7ffbfeff, sa_flags=0x10000004
SIGFPE: [libjvm.so+0x7ece30], sa_mask[0]=0x7ffbfeff, sa_flags=0x10000004
SIGPIPE: [libjvm.so+0x7ece30], sa_mask[0]=0x7ffbfeff, sa_flags=0x10000004
SIGXFSZ: [libjvm.so+0x7ece30], sa_mask[0]=0x7ffbfeff, sa_flags=0x10000004
SIGILL: [libjvm.so+0x7ece30], sa_mask[0]=0x7ffbfeff, sa_flags=0x10000004
SIGUSR1: SIG_DFL, sa_mask[0]=0x00000000, sa_flags=0x00000000
SIGUSR2: [libjvm.so+0x7eccb0], sa_mask[0]=0x00000004, sa_flags=0x10000004
SIGHUP: [libjvm.so+0x7eceb0], sa_mask[0]=0x7ffbfeff, sa_flags=0x10000004
SIGINT: [libjvm.so+0x7eceb0], sa_mask[0]=0x7ffbfeff, sa_flags=0x10000004
SIGTERM: [libjvm.so+0x7eceb0], sa_mask[0]=0x7ffbfeff, sa_flags=0x10000004
SIGQUIT: [libjvm.so+0x7eceb0], sa_mask[0]=0x7ffbfeff, sa_flags=0x10000004
SIGTRAP: SIG_DFL, sa_mask[0]=0x00000000, sa_flags=0x00000000


---------------  S Y S T E M  ---------------

OS:Linux
uname:Linux 3.18.2-2-ARCH #1 SMP PREEMPT Fri Jan 9 07:37:51 CET 2015 x86_64
libc:glibc 2.20 NPTL 2.20 
rlimit: STACK 8192k, CORE 0k, NPROC 31668, NOFILE 4096, AS infinity
load average:2.06 1.49 1.18

/proc/meminfo:
MemTotal:        8178740 kB
MemFree:          146428 kB
MemAvailable:     175440 kB
Buffers:            4752 kB
Cached:           276932 kB
SwapCached:            0 kB
Active:          7380640 kB
Inactive:         174108 kB
Active(anon):    7295300 kB
Inactive(anon):    89016 kB
Active(file):      85340 kB
Inactive(file):    85092 kB
Unevictable:       15132 kB
Mlocked:           15132 kB
SwapTotal:             0 kB
SwapFree:              0 kB
Dirty:               824 kB
Writeback:             0 kB
AnonPages:       7288020 kB
Mapped:           346232 kB
Shmem:            105652 kB
Slab:              97836 kB
SReclaimable:      55032 kB
SUnreclaim:        42804 kB
KernelStack:       13088 kB
PageTables:        77984 kB
NFS_Unstable:          0 kB
Bounce:                0 kB
WritebackTmp:          0 kB
CommitLimit:     4089368 kB
Committed_AS:   15666872 kB
VmallocTotal:   34359738367 kB
VmallocUsed:      359448 kB
VmallocChunk:   34359375868 kB
HardwareCorrupted:     0 kB
AnonHugePages:   1730560 kB
HugePages_Total:       0
HugePages_Free:        0
HugePages_Rsvd:        0
HugePages_Surp:        0
Hugepagesize:       2048 kB
DirectMap4k:     3184576 kB
DirectMap2M:     5201920 kB
DirectMap1G:           0 kB


CPU:total 4 (4 cores per cpu, 1 threads per core) family 16 model 4 stepping 3, cmov, cx8, fxsr, mmx, sse, sse2, sse3, popcnt, mmxext, 3dnowpref, lzcnt, sse4a, tsc, tscinvbit, tscinv

/proc/cpuinfo:
processor	: 0
vendor_id	: AuthenticAMD
cpu family	: 16
model		: 4
model name	: AMD Phenom(tm) II X4 955 Processor
stepping	: 3
microcode	: 0x10000c8
cpu MHz		: 3200.000
cache size	: 512 KB
physical id	: 0
siblings	: 4
core id		: 0
cpu cores	: 4
apicid		: 0
initial apicid	: 0
fpu		: yes
fpu_exception	: yes
cpuid level	: 5
wp		: yes
flags		: fpu vme de pse tsc msr pae mce cx8 apic sep mtrr pge mca cmov pat pse36 clflush mmx fxsr sse sse2 ht syscall nx mmxext fxsr_opt pdpe1gb rdtscp lm 3dnowext 3dnow constant_tsc rep_good nopl nonstop_tsc extd_apicid pni monitor cx16 popcnt lahf_lm cmp_legacy svm extapic cr8_legacy abm sse4a misalignsse 3dnowprefetch osvw ibs skinit wdt hw_pstate npt lbrv svm_lock nrip_save vmmcall
bugs		: tlb_mmatch apic_c1e fxsave_leak
bogomips	: 6431.01
TLB size	: 1024 4K pages
clflush size	: 64
cache_alignment	: 64
address sizes	: 48 bits physical, 48 bits virtual
power management: ts ttp tm stc 100mhzsteps hwpstate

processor	: 1
vendor_id	: AuthenticAMD
cpu family	: 16
model		: 4
model name	: AMD Phenom(tm) II X4 955 Processor
stepping	: 3
microcode	: 0x10000c8
cpu MHz		: 3200.000
cache size	: 512 KB
physical id	: 0
siblings	: 4
core id		: 1
cpu cores	: 4
apicid		: 1
initial apicid	: 1
fpu		: yes
fpu_exception	: yes
cpuid level	: 5
wp		: yes
flags		: fpu vme de pse tsc msr pae mce cx8 apic sep mtrr pge mca cmov pat pse36 clflush mmx fxsr sse sse2 ht syscall nx mmxext fxsr_opt pdpe1gb rdtscp lm 3dnowext 3dnow constant_tsc rep_good nopl nonstop_tsc extd_apicid pni monitor cx16 popcnt lahf_lm cmp_legacy svm extapic cr8_legacy abm sse4a misalignsse 3dnowprefetch osvw ibs skinit wdt hw_pstate npt lbrv svm_lock nrip_save vmmcall
bugs		: tlb_mmatch apic_c1e fxsave_leak
bogomips	: 6431.01
TLB size	: 1024 4K pages
clflush size	: 64
cache_alignment	: 64
address sizes	: 48 bits physical, 48 bits virtual
power management: ts ttp tm stc 100mhzsteps hwpstate

processor	: 2
vendor_id	: AuthenticAMD
cpu family	: 16
model		: 4
model name	: AMD Phenom(tm) II X4 955 Processor
stepping	: 3
microcode	: 0x10000c8
cpu MHz		: 3200.000
cache size	: 512 KB
physical id	: 0
siblings	: 4
core id		: 3
cpu cores	: 4
apicid		: 2
initial apicid	: 3
fpu		: yes
fpu_exception	: yes
cpuid level	: 5
wp		: yes
flags		: fpu vme de pse tsc msr pae mce cx8 apic sep mtrr pge mca cmov pat pse36 clflush mmx fxsr sse sse2 ht syscall nx mmxext fxsr_opt pdpe1gb rdtscp lm 3dnowext 3dnow constant_tsc rep_good nopl nonstop_tsc extd_apicid pni monitor cx16 popcnt lahf_lm cmp_legacy svm extapic cr8_legacy abm sse4a misalignsse 3dnowprefetch osvw ibs skinit wdt hw_pstate npt lbrv svm_lock nrip_save vmmcall
bugs		: tlb_mmatch apic_c1e fxsave_leak
bogomips	: 6431.01
TLB size	: 1024 4K pages
clflush size	: 64
cache_alignment	: 64
address sizes	: 48 bits physical, 48 bits virtual
power management: ts ttp tm stc 100mhzsteps hwpstate

processor	: 3
vendor_id	: AuthenticAMD
cpu family	: 16
model		: 4
model name	: AMD Phenom(tm) II X4 955 Processor
stepping	: 3
microcode	: 0x10000c8
cpu MHz		: 3200.000
cache size	: 512 KB
physical id	: 0
siblings	: 4
core id		: 2
cpu cores	: 4
apicid		: 3
initial apicid	: 2
fpu		: yes
fpu_exception	: yes
cpuid level	: 5
wp		: yes
flags		: fpu vme de pse tsc msr pae mce cx8 apic sep mtrr pge mca cmov pat pse36 clflush mmx fxsr sse sse2 ht syscall nx mmxext fxsr_opt pdpe1gb rdtscp lm 3dnowext 3dnow constant_tsc rep_good nopl nonstop_tsc extd_apicid pni monitor cx16 popcnt lahf_lm cmp_legacy svm extapic cr8_legacy abm sse4a misalignsse 3dnowprefetch osvw ibs skinit wdt hw_pstate npt lbrv svm_lock nrip_save vmmcall
bugs		: tlb_mmatch apic_c1e fxsave_leak
bogomips	: 6431.01
TLB size	: 1024 4K pages
clflush size	: 64
cache_alignment	: 64
address sizes	: 48 bits physical, 48 bits virtual
power management: ts ttp tm stc 100mhzsteps hwpstate



Memory: 4k page, physical 8178740k(146428k free), swap 0k(0k free)

vm_info: OpenJDK 64-Bit Server VM (24.75-b04) for linux-amd64 JRE (1.7.0_75-b13), built on Jan 23 2015 11:04:40 by "builduser" with gcc 4.9.2 20141224 (prerelease)

time: Tue Feb  3 16:45:44 2015
elapsed time: 5 seconds

