#
# There is insufficient memory for the Java Runtime Environment to continue.
# Native memory allocation (malloc) failed to allocate 271581184 bytes for committing reserved memory.
# Possible reasons:
#   The system is out of physical RAM or swap space
#   In 32 bit mode, the process size limit was hit
# Possible solutions:
#   Reduce memory load on the system
#   Increase physical memory or swap space
#   Check if swap backing store is full
#   Use 64 bit Java on a 64 bit OS
#   Decrease Java heap size (-Xmx/-Xms)
#   Decrease number of Java threads
#   Decrease Java thread stack sizes (-Xss)
#   Set larger code cache with -XX:ReservedCodeCacheSize=
# This output file may be truncated or incomplete.
#
#  Out of Memory Error (os_linux.cpp:2769), pid=15703, tid=140652796966656
#
# JRE version: OpenJDK Runtime Environment (7.0_51-b31) (build 1.7.0_51-b31)
# Java VM: OpenJDK 64-Bit Server VM (24.51-b03 mixed mode linux-amd64 compressed oops)
# Failed to write core dump. Core dumps have been disabled. To enable core dumping, try "ulimit -c unlimited" before starting Java again
#

---------------  T H R E A D  ---------------

Current thread (0x00007fec60074800):  VMThread [stack: 0x00007fec47eff000,0x00007fec48000000] [id=15711]

Stack: [0x00007fec47eff000,0x00007fec48000000],  sp=0x00007fec47ffe4c0,  free space=1021k
Native frames: (J=compiled Java code, j=interpreted, Vv=VM code, C=native code)
V  [libjvm.so+0x917f29]  JVM_handle_linux_signal+0x177939
V  [libjvm.so+0x467d44]  dlerror+0x467d44
V  [libjvm.so+0x79a9db]  JVM_FindSignal+0x18cf6b
V  [libjvm.so+0x79534f]  JVM_FindSignal+0x1878df
V  [libjvm.so+0x8056ab]  JVM_handle_linux_signal+0x650bb
V  [libjvm.so+0x806500]  JVM_handle_linux_signal+0x65f10
V  [libjvm.so+0x806bfb]  JVM_handle_linux_signal+0x6660b
V  [libjvm.so+0x802edf]  JVM_handle_linux_signal+0x628ef
V  [libjvm.so+0x8036a8]  JVM_handle_linux_signal+0x630b8
V  [libjvm.so+0x7b9d93]  JVM_handle_linux_signal+0x197a3
V  [libjvm.so+0x919944]  JVM_handle_linux_signal+0x179354
V  [libjvm.so+0x91df97]  JVM_handle_linux_signal+0x17d9a7
V  [libjvm.so+0x91c968]  JVM_handle_linux_signal+0x17c378
V  [libjvm.so+0x91cdc9]  JVM_handle_linux_signal+0x17c7d9
V  [libjvm.so+0x91d212]  JVM_handle_linux_signal+0x17cc22
V  [libjvm.so+0x7976b2]  JVM_FindSignal+0x189c42

VM_Operation (0x00007fec45ed4770): ParallelGCFailedAllocation, mode: safepoint, requested by thread 0x00007fec608f5800


---------------  P R O C E S S  ---------------

Java Threads: ( => current thread )
  0x00007fec60009800 JavaThread "DestroyJavaVM" [_thread_blocked, id=15704, stack(0x00007fec673e0000,0x00007fec674e1000)]
  0x00007fec606fb000 JavaThread "clojure-agent-send-off-pool-2" [_thread_in_native, id=15728, stack(0x00007fec45cd5000,0x00007fec45dd6000)]
  0x00007fec608f5800 JavaThread "clojure-agent-send-off-pool-1" [_thread_blocked, id=15727, stack(0x00007fec45dd6000,0x00007fec45ed7000)]
  0x00007fec608f4800 JavaThread "clojure-agent-send-off-pool-0" [_thread_blocked, id=15726, stack(0x00007fec45ed7000,0x00007fec45fd8000)]
  0x00007fec600a7800 JavaThread "Service Thread" daemon [_thread_blocked, id=15721, stack(0x00007fec4766f000,0x00007fec47770000)]
  0x00007fec600a5000 JavaThread "C1 CompilerThread2" daemon [_thread_blocked, id=15720, stack(0x00007fec47770000,0x00007fec47871000)]
  0x00007fec600a3000 JavaThread "C2 CompilerThread1" daemon [_thread_blocked, id=15719, stack(0x00007fec47871000,0x00007fec47972000)]
  0x00007fec600a0000 JavaThread "C2 CompilerThread0" daemon [_thread_blocked, id=15718, stack(0x00007fec47972000,0x00007fec47a73000)]
  0x00007fec6009e000 JavaThread "Signal Dispatcher" daemon [_thread_blocked, id=15717, stack(0x00007fec47a73000,0x00007fec47b74000)]
  0x00007fec6007b000 JavaThread "Finalizer" daemon [_thread_blocked, id=15714, stack(0x00007fec47cfd000,0x00007fec47dfe000)]
  0x00007fec60079000 JavaThread "Reference Handler" daemon [_thread_blocked, id=15713, stack(0x00007fec47dfe000,0x00007fec47eff000)]

Other Threads:
=>0x00007fec60074800 VMThread [stack: 0x00007fec47eff000,0x00007fec48000000] [id=15711]
  0x00007fec600b2000 WatcherThread [stack: 0x00007fec4756e000,0x00007fec4766f000] [id=15722]

VM state:at safepoint (normal execution)

VM Mutex/Monitor currently owned by a thread:  ([mutex/lock_event])
[0x00007fec600072c0] Threads_lock - owner thread: 0x00007fec60074800
[0x00007fec600077c0] Heap_lock - owner thread: 0x00007fec608f5800

Heap
 PSYoungGen      total 268800K, used 7680K [0x00000007d6600000, 0x00000007e7500000, 0x0000000800000000)
  eden space 261120K, 0% used [0x00000007d6600000,0x00000007d6600000,0x00000007e6500000)
  from space 7680K, 100% used [0x00000007e6500000,0x00000007e6c80000,0x00000007e6c80000)
  to   space 6656K, 0% used [0x00000007e6c80000,0x00000007e6c80000,0x00000007e7300000)
 ParOldGen       total 84992K, used 7078K [0x0000000783200000, 0x0000000788500000, 0x00000007d6600000)
  object space 84992K, 8% used [0x0000000783200000,0x00000007838e9b80,0x0000000788500000)
 PSPermGen       total 21504K, used 15448K [0x0000000778c00000, 0x000000077a100000, 0x0000000783200000)
  object space 21504K, 71% used [0x0000000778c00000,0x0000000779b16198,0x000000077a100000)

Card table byte_map: [0x00007fec64119000,0x00007fec64554000] byte_map_base: 0x00007fec60553000

Polling page: 0x00007fec67515000

Code Cache  [0x00007fec5a000000, 0x00007fec5a440000, 0x00007fec60000000)
 total_blobs=2014 nmethods=1716 adapters=233 free_code_cache=93992Kb largest_free_block=96247296

Compilation events (10 events):
Event: 2.370 Thread 0x00007fec600a5000 1718       1       java.nio.ByteBuffer::arrayOffset (35 bytes)
Event: 2.371 Thread 0x00007fec600a5000 nmethod 1718 0x00007fec5a432fd0 code [0x00007fec5a433140, 0x00007fec5a4333d8]
Event: 2.377 Thread 0x00007fec600a5000 1719       1       java.util.regex.Pattern$Loop::match (143 bytes)
Event: 2.377 Thread 0x00007fec600a5000 nmethod 1719 0x00007fec5a4334d0 code [0x00007fec5a433680, 0x00007fec5a433a08]
Event: 2.418 Thread 0x00007fec600a5000 1720       1       complete.core$fn__971$iter__972__976::invoke (22 bytes)
Event: 2.418 Thread 0x00007fec600a5000 nmethod 1720 0x00007fec5a433dd0 code [0x00007fec5a433f20, 0x00007fec5a434150]
Event: 2.418 Thread 0x00007fec600a5000 1721       1       complete.core$fn__971$iter__972__976$fn__977::<init> (15 bytes)
Event: 2.418 Thread 0x00007fec600a5000 nmethod 1721 0x00007fec5a434210 code [0x00007fec5a434360, 0x00007fec5a4344d0]
Event: 2.418 Thread 0x00007fec600a5000 1722       1       complete.core$fn__971$iter__972__976$fn__977::invoke (391 bytes)
Event: 2.419 Thread 0x00007fec600a5000 nmethod 1722 0x00007fec5a434510 code [0x00007fec5a434880, 0x00007fec5a4356d8]

GC Heap History (10 events):
Event: 1.390 GC heap after
Heap after GC invocations=2 (full 0):
 PSYoungGen      total 70656K, used 4822K [0x00000007d6600000, 0x00000007db000000, 0x0000000800000000)
  eden space 65536K, 0% used [0x00000007d6600000,0x00000007d6600000,0x00000007da600000)
  from space 5120K, 94% used [0x00000007dab00000,0x00000007dafb58c8,0x00000007db000000)
  to   space 5120K, 0% used [0x00000007da600000,0x00000007da600000,0x00000007dab00000)
 ParOldGen       total 84992K, used 271K [0x0000000783200000, 0x0000000788500000, 0x00000007d6600000)
  object space 84992K, 0% used [0x0000000783200000,0x0000000783243e80,0x0000000788500000)
 PSPermGen       total 21504K, used 12629K [0x0000000778c00000, 0x000000077a100000, 0x0000000783200000)
  object space 21504K, 58% used [0x0000000778c00000,0x00000007798556a0,0x000000077a100000)
}
Event: 2.140 GC heap before
{Heap before GC invocations=3 (full 0):
 PSYoungGen      total 70656K, used 70358K [0x00000007d6600000, 0x00000007db000000, 0x0000000800000000)
  eden space 65536K, 100% used [0x00000007d6600000,0x00000007da600000,0x00000007da600000)
  from space 5120K, 94% used [0x00000007dab00000,0x00000007dafb58c8,0x00000007db000000)
  to   space 5120K, 0% used [0x00000007da600000,0x00000007da600000,0x00000007dab00000)
 ParOldGen       total 84992K, used 271K [0x0000000783200000, 0x0000000788500000, 0x00000007d6600000)
  object space 84992K, 0% used [0x0000000783200000,0x0000000783243e80,0x0000000788500000)
 PSPermGen       total 21504K, used 14626K [0x0000000778c00000, 0x000000077a100000, 0x0000000783200000)
  object space 21504K, 68% used [0x0000000778c00000,0x0000000779a488b0,0x000000077a100000)
Event: 2.153 GC heap after
Heap after GC invocations=3 (full 0):
 PSYoungGen      total 70656K, used 5091K [0x00000007d6600000, 0x00000007df000000, 0x0000000800000000)
  eden space 65536K, 0% used [0x00000007d6600000,0x00000007d6600000,0x00000007da600000)
  from space 5120K, 99% used [0x00000007da600000,0x00000007daaf8dd0,0x00000007dab00000)
  to   space 5120K, 0% used [0x00000007deb00000,0x00000007deb00000,0x00000007df000000)
 ParOldGen       total 84992K, used 469K [0x0000000783200000, 0x0000000788500000, 0x00000007d6600000)
  object space 84992K, 0% used [0x0000000783200000,0x0000000783275760,0x0000000788500000)
 PSPermGen       total 21504K, used 14626K [0x0000000778c00000, 0x000000077a100000, 0x0000000783200000)
  object space 21504K, 68% used [0x0000000778c00000,0x0000000779a488b0,0x000000077a100000)
}
Event: 2.384 GC heap before
{Heap before GC invocations=4 (full 0):
 PSYoungGen      total 70656K, used 70627K [0x00000007d6600000, 0x00000007df000000, 0x0000000800000000)
  eden space 65536K, 100% used [0x00000007d6600000,0x00000007da600000,0x00000007da600000)
  from space 5120K, 99% used [0x00000007da600000,0x00000007daaf8dd0,0x00000007dab00000)
  to   space 5120K, 0% used [0x00000007deb00000,0x00000007deb00000,0x00000007df000000)
 ParOldGen       total 84992K, used 469K [0x0000000783200000, 0x0000000788500000, 0x00000007d6600000)
  object space 84992K, 0% used [0x0000000783200000,0x0000000783275760,0x0000000788500000)
 PSPermGen       total 21504K, used 15445K [0x0000000778c00000, 0x000000077a100000, 0x0000000783200000)
  object space 21504K, 71% used [0x0000000778c00000,0x0000000779b157d0,0x000000077a100000)
Event: 2.413 GC heap after
Heap after GC invocations=4 (full 0):
 PSYoungGen      total 136192K, used 5120K [0x00000007d6600000, 0x00000007df000000, 0x0000000800000000)
  eden space 131072K, 0% used [0x00000007d6600000,0x00000007d6600000,0x00000007de600000)
  from space 5120K, 100% used [0x00000007deb00000,0x00000007df000000,0x00000007df000000)
  to   space 5120K, 0% used [0x00000007de600000,0x00000007de600000,0x00000007deb00000)
 ParOldGen       total 84992K, used 620K [0x0000000783200000, 0x0000000788500000, 0x00000007d6600000)
  object space 84992K, 0% used [0x0000000783200000,0x000000078329b0f0,0x0000000788500000)
 PSPermGen       total 21504K, used 15445K [0x0000000778c00000, 0x000000077a100000, 0x0000000783200000)
  object space 21504K, 71% used [0x0000000778c00000,0x0000000779b157d0,0x000000077a100000)
}
Event: 2.535 GC heap before
{Heap before GC invocations=5 (full 0):
 PSYoungGen      total 136192K, used 136192K [0x00000007d6600000, 0x00000007df000000, 0x0000000800000000)
  eden space 131072K, 100% used [0x00000007d6600000,0x00000007de600000,0x00000007de600000)
  from space 5120K, 100% used [0x00000007deb00000,0x00000007df000000,0x00000007df000000)
  to   space 5120K, 0% used [0x00000007de600000,0x00000007de600000,0x00000007deb00000)
 ParOldGen       total 84992K, used 620K [0x0000000783200000, 0x0000000788500000, 0x00000007d6600000)
  object space 84992K, 0% used [0x0000000783200000,0x000000078329b0f0,0x0000000788500000)
 PSPermGen       total 21504K, used 15445K [0x0000000778c00000, 0x000000077a100000, 0x0000000783200000)
  object space 21504K, 71% used [0x0000000778c00000,0x0000000779b157d0,0x000000077a100000)
Event: 2.548 GC heap after
Heap after GC invocations=5 (full 0):
 PSYoungGen      total 136192K, used 5088K [0x00000007d6600000, 0x00000007e7300000, 0x0000000800000000)
  eden space 131072K, 0% used [0x00000007d6600000,0x00000007d6600000,0x00000007de600000)
  from space 5120K, 99% used [0x00000007de600000,0x00000007deaf8020,0x00000007deb00000)
  to   space 6656K, 0% used [0x00000007e6c80000,0x00000007e6c80000,0x00000007e7300000)
 ParOldGen       total 84992K, used 2402K [0x0000000783200000, 0x0000000788500000, 0x00000007d6600000)
  object space 84992K, 2% used [0x0000000783200000,0x0000000783458bd0,0x0000000788500000)
 PSPermGen       total 21504K, used 15445K [0x0000000778c00000, 0x000000077a100000, 0x0000000783200000)
  object space 21504K, 71% used [0x0000000778c00000,0x0000000779b157d0,0x000000077a100000)
}
Event: 2.643 GC heap before
{Heap before GC invocations=6 (full 0):
 PSYoungGen      total 136192K, used 136160K [0x00000007d6600000, 0x00000007e7300000, 0x0000000800000000)
  eden space 131072K, 100% used [0x00000007d6600000,0x00000007de600000,0x00000007de600000)
  from space 5120K, 99% used [0x00000007de600000,0x00000007deaf8020,0x00000007deb00000)
  to   space 6656K, 0% used [0x00000007e6c80000,0x00000007e6c80000,0x00000007e7300000)
 ParOldGen       total 84992K, used 2402K [0x0000000783200000, 0x0000000788500000, 0x00000007d6600000)
  object space 84992K, 2% used [0x0000000783200000,0x0000000783458bd0,0x0000000788500000)
 PSPermGen       total 21504K, used 15445K [0x0000000778c00000, 0x000000077a100000, 0x0000000783200000)
  object space 21504K, 71% used [0x0000000778c00000,0x0000000779b157d0,0x000000077a100000)
Event: 2.659 GC heap after
Heap after GC invocations=6 (full 0):
 PSYoungGen      total 267776K, used 6640K [0x00000007d6600000, 0x00000007e7500000, 0x0000000800000000)
  eden space 261120K, 0% used [0x00000007d6600000,0x00000007d6600000,0x00000007e6500000)
  from space 6656K, 99% used [0x00000007e6c80000,0x00000007e72fc010,0x00000007e7300000)
  to   space 7680K, 0% used [0x00000007e6500000,0x00000007e6500000,0x00000007e6c80000)
 ParOldGen       total 84992K, used 3402K [0x0000000783200000, 0x0000000788500000, 0x00000007d6600000)
  object space 84992K, 4% used [0x0000000783200000,0x0000000783552bd0,0x0000000788500000)
 PSPermGen       total 21504K, used 15445K [0x0000000778c00000, 0x000000077a100000, 0x0000000783200000)
  object space 21504K, 71% used [0x0000000778c00000,0x0000000779b157d0,0x000000077a100000)
}
Event: 2.994 GC heap before
{Heap before GC invocations=7 (full 0):
 PSYoungGen      total 267776K, used 267760K [0x00000007d6600000, 0x00000007e7500000, 0x0000000800000000)
  eden space 261120K, 100% used [0x00000007d6600000,0x00000007e6500000,0x00000007e6500000)
  from space 6656K, 99% used [0x00000007e6c80000,0x00000007e72fc010,0x00000007e7300000)
  to   space 7680K, 0% used [0x00000007e6500000,0x00000007e6500000,0x00000007e6c80000)
 ParOldGen       total 84992K, used 3402K [0x0000000783200000, 0x0000000788500000, 0x00000007d6600000)
  object space 84992K, 4% used [0x0000000783200000,0x0000000783552bd0,0x0000000788500000)
 PSPermGen       total 21504K, used 15448K [0x0000000778c00000, 0x000000077a100000, 0x0000000783200000)
  object space 21504K, 71% used [0x0000000778c00000,0x0000000779b16198,0x000000077a100000)

Deoptimization events (0 events):
No events

Internal exceptions (10 events):
Event: 2.367 Thread 0x00007fec60009800 Threw 0x00000007d86a0ee0 at /build/java7-openjdk/src/icedtea-2.4.5/openjdk/hotspot/src/share/vm/prims/jni.cpp:717
Event: 2.367 Thread 0x00007fec60009800 Threw 0x00000007d86a1060 at /build/java7-openjdk/src/icedtea-2.4.5/openjdk/hotspot/src/share/vm/prims/jni.cpp:717
Event: 2.367 Thread 0x00007fec60009800 Threw 0x00000007d86a1588 at /build/java7-openjdk/src/icedtea-2.4.5/openjdk/hotspot/src/share/vm/prims/jni.cpp:717
Event: 2.367 Thread 0x00007fec60009800 Threw 0x00000007d86a1738 at /build/java7-openjdk/src/icedtea-2.4.5/openjdk/hotspot/src/share/vm/prims/jni.cpp:717
Event: 2.367 Thread 0x00007fec60009800 Threw 0x00000007d86a18b8 at /build/java7-openjdk/src/icedtea-2.4.5/openjdk/hotspot/src/share/vm/prims/jni.cpp:717
Event: 2.367 Thread 0x00007fec60009800 Threw 0x00000007d86a1d10 at /build/java7-openjdk/src/icedtea-2.4.5/openjdk/hotspot/src/share/vm/prims/jni.cpp:717
Event: 2.367 Thread 0x00007fec60009800 Threw 0x00000007d86a1ec0 at /build/java7-openjdk/src/icedtea-2.4.5/openjdk/hotspot/src/share/vm/prims/jni.cpp:717
Event: 2.367 Thread 0x00007fec60009800 Threw 0x00000007d86a2040 at /build/java7-openjdk/src/icedtea-2.4.5/openjdk/hotspot/src/share/vm/prims/jni.cpp:717
Event: 2.968 Thread 0x00007fec608f5800 Threw 0x00000007e538df60 at /build/java7-openjdk/src/icedtea-2.4.5/openjdk/hotspot/src/share/vm/prims/jni.cpp:717
Event: 2.968 Thread 0x00007fec608f5800 Threw 0x00000007e538e590 at /build/java7-openjdk/src/icedtea-2.4.5/openjdk/hotspot/src/share/vm/runtime/reflection.cpp:1030

Events (10 events):
Event: 2.367 Thread 0x00007fec60009800 Thread added: 0x00007fec60009800
Event: 2.377 Executing VM operation: ParallelGCFailedAllocation
Event: 2.413 Executing VM operation: ParallelGCFailedAllocation done
Event: 2.534 Executing VM operation: ParallelGCFailedAllocation
Event: 2.548 Executing VM operation: ParallelGCFailedAllocation done
Event: 2.643 Executing VM operation: ParallelGCFailedAllocation
Event: 2.659 Executing VM operation: ParallelGCFailedAllocation done
Event: 2.968 loading class 0x00007fec5522f250
Event: 2.968 loading class 0x00007fec5522f250 done
Event: 2.993 Executing VM operation: ParallelGCFailedAllocation


Dynamic libraries:
00400000-00401000 r-xp 00000000 08:01 1066915                            /usr/lib/jvm/java-7-openjdk/jre/bin/java
00600000-00601000 rw-p 00000000 08:01 1066915                            /usr/lib/jvm/java-7-openjdk/jre/bin/java
00d3b000-00d5c000 rw-p 00000000 00:00 0                                  [heap]
778c00000-77a100000 rw-p 00000000 00:00 0 
77a100000-783200000 rw-p 00000000 00:00 0 
783200000-788500000 rw-p 00000000 00:00 0 
788500000-7d6600000 rw-p 00000000 00:00 0 
7d6600000-7d9000000 rw-p 00000000 00:00 0 
7d9000000-7db000000 rw-p 00000000 00:00 0 
7db000000-7df000000 rw-p 00000000 00:00 0 
7df000000-7e7300000 rw-p 00000000 00:00 0 
7e7300000-7e7500000 rw-p 00000000 00:00 0 
7f7800000-800000000 rw-p 00000000 00:00 0 
7fec0c000000-7fec0c021000 rw-p 00000000 00:00 0 
7fec0c021000-7fec10000000 ---p 00000000 00:00 0 
7fec14000000-7fec14094000 rw-p 00000000 00:00 0 
7fec14094000-7fec18000000 ---p 00000000 00:00 0 
7fec18000000-7fec1803e000 rw-p 00000000 00:00 0 
7fec1803e000-7fec1c000000 ---p 00000000 00:00 0 
7fec1c000000-7fec1c021000 rw-p 00000000 00:00 0 
7fec1c021000-7fec20000000 ---p 00000000 00:00 0 
7fec20000000-7fec20021000 rw-p 00000000 00:00 0 
7fec20021000-7fec24000000 ---p 00000000 00:00 0 
7fec24000000-7fec24021000 rw-p 00000000 00:00 0 
7fec24021000-7fec28000000 ---p 00000000 00:00 0 
7fec28000000-7fec283a7000 rw-p 00000000 00:00 0 
7fec283a7000-7fec2c000000 ---p 00000000 00:00 0 
7fec2c000000-7fec2c021000 rw-p 00000000 00:00 0 
7fec2c021000-7fec30000000 ---p 00000000 00:00 0 
7fec30000000-7fec30021000 rw-p 00000000 00:00 0 
7fec30021000-7fec34000000 ---p 00000000 00:00 0 
7fec34000000-7fec34021000 rw-p 00000000 00:00 0 
7fec34021000-7fec38000000 ---p 00000000 00:00 0 
7fec38000000-7fec38021000 rw-p 00000000 00:00 0 
7fec38021000-7fec3c000000 ---p 00000000 00:00 0 
7fec3c000000-7fec3c021000 rw-p 00000000 00:00 0 
7fec3c021000-7fec40000000 ---p 00000000 00:00 0 
7fec40000000-7fec40021000 rw-p 00000000 00:00 0 
7fec40021000-7fec44000000 ---p 00000000 00:00 0 
7fec45cd5000-7fec45cd8000 ---p 00000000 00:00 0 
7fec45cd8000-7fec45dd6000 rw-p 00000000 00:00 0                          [stack:15728]
7fec45dd6000-7fec45dd9000 ---p 00000000 00:00 0 
7fec45dd9000-7fec45ed7000 rw-p 00000000 00:00 0                          [stack:15727]
7fec45ed7000-7fec45eda000 ---p 00000000 00:00 0 
7fec45eda000-7fec45fd8000 rw-p 00000000 00:00 0                          [stack:15726]
7fec45fd8000-7fec45fec000 r-xp 00000000 08:01 415986                     /usr/lib/libresolv-2.18.so
7fec45fec000-7fec461eb000 ---p 00014000 08:01 415986                     /usr/lib/libresolv-2.18.so
7fec461eb000-7fec461ec000 r--p 00013000 08:01 415986                     /usr/lib/libresolv-2.18.so
7fec461ec000-7fec461ed000 rw-p 00014000 08:01 415986                     /usr/lib/libresolv-2.18.so
7fec461ed000-7fec461ef000 rw-p 00000000 00:00 0 
7fec461ef000-7fec46255000 r-xp 00000000 08:01 401632                     /usr/lib/libpcre.so.1.2.2
7fec46255000-7fec46454000 ---p 00066000 08:01 401632                     /usr/lib/libpcre.so.1.2.2
7fec46454000-7fec46455000 r--p 00065000 08:01 401632                     /usr/lib/libpcre.so.1.2.2
7fec46455000-7fec46456000 rw-p 00066000 08:01 401632                     /usr/lib/libpcre.so.1.2.2
7fec46456000-7fec46459000 r-xp 00000000 08:01 401751                     /usr/lib/libgmodule-2.0.so.0.3800.2
7fec46459000-7fec46658000 ---p 00003000 08:01 401751                     /usr/lib/libgmodule-2.0.so.0.3800.2
7fec46658000-7fec46659000 r--p 00002000 08:01 401751                     /usr/lib/libgmodule-2.0.so.0.3800.2
7fec46659000-7fec4665a000 rw-p 00003000 08:01 401751                     /usr/lib/libgmodule-2.0.so.0.3800.2
7fec4665a000-7fec46661000 r-xp 00000000 08:01 426254                     /usr/lib/libffi.so.6.0.1
7fec46661000-7fec46860000 ---p 00007000 08:01 426254                     /usr/lib/libffi.so.6.0.1
7fec46860000-7fec46861000 r--p 00006000 08:01 426254                     /usr/lib/libffi.so.6.0.1
7fec46861000-7fec46862000 rw-p 00007000 08:01 426254                     /usr/lib/libffi.so.6.0.1
7fec46862000-7fec46960000 r-xp 00000000 08:01 401750                     /usr/lib/libglib-2.0.so.0.3800.2
7fec46960000-7fec46b5f000 ---p 000fe000 08:01 401750                     /usr/lib/libglib-2.0.so.0.3800.2
7fec46b5f000-7fec46b60000 r--p 000fd000 08:01 401750                     /usr/lib/libglib-2.0.so.0.3800.2
7fec46b60000-7fec46b61000 rw-p 000fe000 08:01 401750                     /usr/lib/libglib-2.0.so.0.3800.2
7fec46b61000-7fec46b62000 rw-p 00000000 00:00 0 
7fec46b62000-7fec46bb1000 r-xp 00000000 08:01 401753                     /usr/lib/libgobject-2.0.so.0.3800.2
7fec46bb1000-7fec46db1000 ---p 0004f000 08:01 401753                     /usr/lib/libgobject-2.0.so.0.3800.2
7fec46db1000-7fec46db2000 r--p 0004f000 08:01 401753                     /usr/lib/libgobject-2.0.so.0.3800.2
7fec46db2000-7fec46db3000 rw-p 00050000 08:01 401753                     /usr/lib/libgobject-2.0.so.0.3800.2
7fec46db3000-7fec46f0d000 r-xp 00000000 08:01 401754                     /usr/lib/libgio-2.0.so.0.3800.2
7fec46f0d000-7fec4710d000 ---p 0015a000 08:01 401754                     /usr/lib/libgio-2.0.so.0.3800.2
7fec4710d000-7fec47111000 r--p 0015a000 08:01 401754                     /usr/lib/libgio-2.0.so.0.3800.2
7fec47111000-7fec47113000 rw-p 0015e000 08:01 401754                     /usr/lib/libgio-2.0.so.0.3800.2
7fec47113000-7fec47115000 rw-p 00000000 00:00 0 
7fec47146000-7fec4715c000 r-xp 00000000 08:01 1189445                    /usr/lib/jvm/java-7-openjdk/jre/lib/amd64/libnet.so
7fec4715c000-7fec4735c000 ---p 00016000 08:01 1189445                    /usr/lib/jvm/java-7-openjdk/jre/lib/amd64/libnet.so
7fec4735c000-7fec4735d000 rw-p 00016000 08:01 1189445                    /usr/lib/jvm/java-7-openjdk/jre/lib/amd64/libnet.so
7fec4735d000-7fec4736d000 r-xp 00000000 08:01 1189461                    /usr/lib/jvm/java-7-openjdk/jre/lib/amd64/libnio.so
7fec4736d000-7fec4756d000 ---p 00010000 08:01 1189461                    /usr/lib/jvm/java-7-openjdk/jre/lib/amd64/libnio.so
7fec4756d000-7fec4756e000 rw-p 00010000 08:01 1189461                    /usr/lib/jvm/java-7-openjdk/jre/lib/amd64/libnio.so
7fec4756e000-7fec4756f000 ---p 00000000 00:00 0 
7fec4756f000-7fec4766f000 rw-p 00000000 00:00 0                          [stack:15722]
7fec4766f000-7fec47672000 ---p 00000000 00:00 0 
7fec47672000-7fec47770000 rw-p 00000000 00:00 0                          [stack:15721]
7fec47770000-7fec47773000 ---p 00000000 00:00 0 
7fec47773000-7fec47871000 rw-p 00000000 00:00 0                          [stack:15720]
7fec47871000-7fec47874000 ---p 00000000 00:00 0 
7fec47874000-7fec47972000 rw-p 00000000 00:00 0                          [stack:15719]
7fec47972000-7fec47975000 ---p 00000000 00:00 0 
7fec47975000-7fec47a73000 rw-p 00000000 00:00 0                          [stack:15718]
7fec47a73000-7fec47a76000 ---p 00000000 00:00 0 
7fec47a76000-7fec47b74000 rw-p 00000000 00:00 0                          [stack:15717]
7fec47b74000-7fec47cfd000 r--p 00000000 08:01 430481                     /usr/lib/locale/locale-archive
7fec47cfd000-7fec47d00000 ---p 00000000 00:00 0 
7fec47d00000-7fec47dfe000 rw-p 00000000 00:00 0                          [stack:15714]
7fec47dfe000-7fec47e01000 ---p 00000000 00:00 0 
7fec47e01000-7fec47eff000 rw-p 00000000 00:00 0                          [stack:15713]
7fec47eff000-7fec47f00000 ---p 00000000 00:00 0 
7fec47f00000-7fec48000000 rw-p 00000000 00:00 0                          [stack:15711]
7fec48000000-7fec48021000 rw-p 00000000 00:00 0 
7fec48021000-7fec4c000000 ---p 00000000 00:00 0 
7fec4c000000-7fec4c021000 rw-p 00000000 00:00 0 
7fec4c021000-7fec50000000 ---p 00000000 00:00 0 
7fec50000000-7fec50021000 rw-p 00000000 00:00 0 
7fec50021000-7fec54000000 ---p 00000000 00:00 0 
7fec54006000-7fec54011000 r--s 00203000 08:01 1049643                    /usr/lib/jvm/java-7-openjdk/jre/lib/charsets.jar
7fec54011000-7fec54014000 r--s 00017000 08:01 1049631                    /usr/lib/jvm/java-7-openjdk/jre/lib/jce.jar
7fec54014000-7fec54050000 r--s 00308000 08:01 3802825                    /home/arne/.m2/repository/org/clojure/clojure/1.4.0/clojure-1.4.0.jar
7fec54050000-7fec54151000 rw-p 00000000 00:00 0 
7fec54151000-7fec54252000 rw-p 00000000 00:00 0 
7fec54252000-7fec54353000 rw-p 00000000 00:00 0 
7fec54353000-7fec54454000 rw-p 00000000 00:00 0 
7fec54454000-7fec54555000 rw-p 00000000 00:00 0 
7fec54555000-7fec54576000 rw-p 00000000 00:00 0 
7fec54576000-7fec54677000 rw-p 00000000 00:00 0 
7fec54677000-7fec54698000 rw-p 00000000 00:00 0 
7fec54698000-7fec54799000 rw-p 00000000 00:00 0 
7fec54799000-7fec547ba000 rw-p 00000000 00:00 0 
7fec547ba000-7fec548bb000 rw-p 00000000 00:00 0 
7fec548bb000-7fec549bc000 rw-p 00000000 00:00 0 
7fec549bc000-7fec54abd000 rw-p 00000000 00:00 0 
7fec54abd000-7fec54bbe000 rw-p 00000000 00:00 0 
7fec54bbe000-7fec54cbf000 rw-p 00000000 00:00 0 
7fec54cbf000-7fec54dc0000 rw-p 00000000 00:00 0 
7fec54dc0000-7fec54ec1000 rw-p 00000000 00:00 0 
7fec54ec1000-7fec54fc2000 rw-p 00000000 00:00 0 
7fec54fc2000-7fec5500a000 rw-p 00000000 00:00 0 
7fec5500a000-7fec551b8000 r--s 01cf4000 08:01 1049644                    /usr/lib/jvm/java-7-openjdk/jre/lib/rt.jar
7fec551b8000-7fec5522e000 rw-p 00000000 00:00 0 
7fec5522e000-7fec55289000 rw-p 00000000 00:00 0 
7fec55289000-7fec556c3000 rw-p 00000000 00:00 0 
7fec556c3000-7fec59a63000 rw-p 00000000 00:00 0 
7fec59a63000-7fec59a64000 ---p 00000000 00:00 0 
7fec59a64000-7fec59b64000 rw-p 00000000 00:00 0                          [stack:15709]
7fec59b64000-7fec59b65000 ---p 00000000 00:00 0 
7fec59b65000-7fec59c65000 rw-p 00000000 00:00 0                          [stack:15708]
7fec59c65000-7fec59c66000 ---p 00000000 00:00 0 
7fec59c66000-7fec59d66000 rw-p 00000000 00:00 0                          [stack:15707]
7fec59d66000-7fec59d90000 rw-p 00000000 00:00 0 
7fec59d90000-7fec5a000000 rw-p 00000000 00:00 0 
7fec5a000000-7fec5a270000 rwxp 00000000 00:00 0 
7fec5a270000-7fec5a280000 rwxp 00000000 00:00 0 
7fec5a280000-7fec5a290000 rwxp 00000000 00:00 0 
7fec5a290000-7fec5a2a0000 rwxp 00000000 00:00 0 
7fec5a2a0000-7fec5a2b0000 rwxp 00000000 00:00 0 
7fec5a2b0000-7fec5a2c0000 rwxp 00000000 00:00 0 
7fec5a2c0000-7fec5a2d0000 rwxp 00000000 00:00 0 
7fec5a2d0000-7fec5a2e0000 rwxp 00000000 00:00 0 
7fec5a2e0000-7fec5a2f0000 rwxp 00000000 00:00 0 
7fec5a2f0000-7fec5a300000 rwxp 00000000 00:00 0 
7fec5a300000-7fec5a310000 rwxp 00000000 00:00 0 
7fec5a310000-7fec5a320000 rwxp 00000000 00:00 0 
7fec5a320000-7fec5a330000 rwxp 00000000 00:00 0 
7fec5a330000-7fec5a340000 rwxp 00000000 00:00 0 
7fec5a340000-7fec5a350000 rwxp 00000000 00:00 0 
7fec5a350000-7fec5a360000 rwxp 00000000 00:00 0 
7fec5a360000-7fec5a370000 rwxp 00000000 00:00 0 
7fec5a370000-7fec5a380000 rwxp 00000000 00:00 0 
7fec5a380000-7fec5a390000 rwxp 00000000 00:00 0 
7fec5a390000-7fec5a3a0000 rwxp 00000000 00:00 0 
7fec5a3a0000-7fec5a3b0000 rwxp 00000000 00:00 0 
7fec5a3b0000-7fec5a3c0000 rwxp 00000000 00:00 0 
7fec5a3c0000-7fec5a3d0000 rwxp 00000000 00:00 0 
7fec5a3d0000-7fec5a3e0000 rwxp 00000000 00:00 0 
7fec5a3e0000-7fec5a3f0000 rwxp 00000000 00:00 0 
7fec5a3f0000-7fec5a400000 rwxp 00000000 00:00 0 
7fec5a400000-7fec5a410000 rwxp 00000000 00:00 0 
7fec5a410000-7fec5a420000 rwxp 00000000 00:00 0 
7fec5a420000-7fec5a430000 rwxp 00000000 00:00 0 
7fec5a430000-7fec5a440000 rwxp 00000000 00:00 0 
7fec5a440000-7fec60000000 rw-p 00000000 00:00 0 
7fec60000000-7fec60a24000 rw-p 00000000 00:00 0 
7fec60a24000-7fec64000000 ---p 00000000 00:00 0 
7fec64000000-7fec64001000 rw-p 00000000 00:00 0 
7fec64001000-7fec64006000 r--s 0004c000 08:01 1050008                    /usr/lib/jvm/java-7-openjdk/jre/lib/jsse.jar
7fec64006000-7fec64008000 r--s 0000a000 08:01 3933958                    /home/arne/.m2/repository/org/ow2/asm/asm/4.0/asm-4.0.jar
7fec64008000-7fec6400a000 r--s 00008000 08:01 3933963                    /home/arne/.m2/repository/org/ow2/asm/asm-util/4.0/asm-util-4.0.jar
7fec6400a000-7fec6400c000 r--s 00004000 08:01 3933957                    /home/arne/.m2/repository/org/ow2/asm/asm-tree/4.0/asm-tree-4.0.jar
7fec6400c000-7fec6400d000 r--s 00000000 08:01 4075728                    /home/arne/.m2/repository/clojure-complete/clojure-complete/0.2.3/clojure-complete-0.2.3.jar
7fec6400d000-7fec64010000 r--s 0000c000 08:01 3933964                    /home/arne/.m2/repository/org/pegdown/pegdown/1.2.0/pegdown-1.2.0.jar
7fec64010000-7fec64012000 r--s 00008000 08:01 4075706                    /home/arne/.m2/repository/org/clojure/tools.nrepl/0.2.3/tools.nrepl-0.2.3.jar
7fec64012000-7fec64018000 r--s 00028000 08:01 3933965                    /home/arne/.m2/repository/org/parboiled/parboiled-core/1.1.3/parboiled-core-1.1.3.jar
7fec64018000-7fec64019000 ---p 00000000 00:00 0 
7fec64019000-7fec64119000 rw-p 00000000 00:00 0                          [stack:15706]
7fec64119000-7fec64124000 rw-p 00000000 00:00 0 
7fec64124000-7fec6416c000 rw-p 00000000 00:00 0 
7fec6416c000-7fec64196000 rw-p 00000000 00:00 0 
7fec64196000-7fec64406000 rw-p 00000000 00:00 0 
7fec64406000-7fec6441b000 rw-p 00000000 00:00 0 
7fec6441b000-7fec6442b000 rw-p 00000000 00:00 0 
7fec6442b000-7fec6444b000 rw-p 00000000 00:00 0 
7fec6444b000-7fec6448d000 rw-p 00000000 00:00 0 
7fec6448d000-7fec6448e000 rw-p 00000000 00:00 0 
7fec6448e000-7fec64553000 rw-p 00000000 00:00 0 
7fec64553000-7fec64554000 rw-p 00000000 00:00 0 
7fec64554000-7fec6455e000 rw-p 00000000 00:00 0 
7fec6455e000-7fec6455f000 rw-p 00000000 00:00 0 
7fec6455f000-7fec64560000 rw-p 00000000 00:00 0 
7fec64560000-7fec64561000 rw-p 00000000 00:00 0 
7fec64561000-7fec64562000 rw-p 00000000 00:00 0 
7fec64562000-7fec64563000 rw-p 00000000 00:00 0 
7fec64563000-7fec64564000 rw-p 00000000 00:00 0 
7fec64564000-7fec64565000 rw-p 00000000 00:00 0 
7fec64565000-7fec646d4000 rw-p 00000000 00:00 0 
7fec646d4000-7fec646dc000 r-xp 00000000 08:01 1189440                    /usr/lib/jvm/java-7-openjdk/jre/lib/amd64/libzip.so
7fec646dc000-7fec648db000 ---p 00008000 08:01 1189440                    /usr/lib/jvm/java-7-openjdk/jre/lib/amd64/libzip.so
7fec648db000-7fec648dc000 rw-p 00007000 08:01 1189440                    /usr/lib/jvm/java-7-openjdk/jre/lib/amd64/libzip.so
7fec648dc000-7fec648e7000 r-xp 00000000 08:01 395376                     /usr/lib/libnss_files-2.18.so
7fec648e7000-7fec64ae7000 ---p 0000b000 08:01 395376                     /usr/lib/libnss_files-2.18.so
7fec64ae7000-7fec64ae8000 r--p 0000b000 08:01 395376                     /usr/lib/libnss_files-2.18.so
7fec64ae8000-7fec64ae9000 rw-p 0000c000 08:01 395376                     /usr/lib/libnss_files-2.18.so
7fec64ae9000-7fec64b14000 r-xp 00000000 08:01 1189439                    /usr/lib/jvm/java-7-openjdk/jre/lib/amd64/libjava.so
7fec64b14000-7fec64d13000 ---p 0002b000 08:01 1189439                    /usr/lib/jvm/java-7-openjdk/jre/lib/amd64/libjava.so
7fec64d13000-7fec64d15000 rw-p 0002a000 08:01 1189439                    /usr/lib/jvm/java-7-openjdk/jre/lib/amd64/libjava.so
7fec64d15000-7fec64d22000 r-xp 00000000 08:01 1189438                    /usr/lib/jvm/java-7-openjdk/jre/lib/amd64/libverify.so
7fec64d22000-7fec64f21000 ---p 0000d000 08:01 1189438                    /usr/lib/jvm/java-7-openjdk/jre/lib/amd64/libverify.so
7fec64f21000-7fec64f23000 rw-p 0000c000 08:01 1189438                    /usr/lib/jvm/java-7-openjdk/jre/lib/amd64/libverify.so
7fec64f23000-7fec64f2a000 r-xp 00000000 08:01 424647                     /usr/lib/librt-2.18.so
7fec64f2a000-7fec65129000 ---p 00007000 08:01 424647                     /usr/lib/librt-2.18.so
7fec65129000-7fec6512a000 r--p 00006000 08:01 424647                     /usr/lib/librt-2.18.so
7fec6512a000-7fec6512b000 rw-p 00007000 08:01 424647                     /usr/lib/librt-2.18.so
7fec6512b000-7fec65140000 r-xp 00000000 08:01 418069                     /usr/lib/libgcc_s.so.1
7fec65140000-7fec65340000 ---p 00015000 08:01 418069                     /usr/lib/libgcc_s.so.1
7fec65340000-7fec65341000 rw-p 00015000 08:01 418069                     /usr/lib/libgcc_s.so.1
7fec65341000-7fec65442000 r-xp 00000000 08:01 410823                     /usr/lib/libm-2.18.so
7fec65442000-7fec65642000 ---p 00101000 08:01 410823                     /usr/lib/libm-2.18.so
7fec65642000-7fec65643000 r--p 00101000 08:01 410823                     /usr/lib/libm-2.18.so
7fec65643000-7fec65644000 rw-p 00102000 08:01 410823                     /usr/lib/libm-2.18.so
7fec65644000-7fec6572a000 r-xp 00000000 08:01 430533                     /usr/lib/libstdc++.so.6.0.19
7fec6572a000-7fec65929000 ---p 000e6000 08:01 430533                     /usr/lib/libstdc++.so.6.0.19
7fec65929000-7fec65931000 r--p 000e5000 08:01 430533                     /usr/lib/libstdc++.so.6.0.19
7fec65931000-7fec65933000 rw-p 000ed000 08:01 430533                     /usr/lib/libstdc++.so.6.0.19
7fec65933000-7fec65948000 rw-p 00000000 00:00 0 
7fec65948000-7fec66429000 r-xp 00000000 08:01 1205318                    /usr/lib/jvm/java-7-openjdk/jre/lib/amd64/server/libjvm.so
7fec66429000-7fec66628000 ---p 00ae1000 08:01 1205318                    /usr/lib/jvm/java-7-openjdk/jre/lib/amd64/server/libjvm.so
7fec66628000-7fec666dc000 rw-p 00ae0000 08:01 1205318                    /usr/lib/jvm/java-7-openjdk/jre/lib/amd64/server/libjvm.so
7fec666dc000-7fec6670a000 rw-p 00000000 00:00 0 
7fec6670a000-7fec6671f000 r-xp 00000000 08:01 399561                     /usr/lib/libz.so.1.2.8
7fec6671f000-7fec6691e000 ---p 00015000 08:01 399561                     /usr/lib/libz.so.1.2.8
7fec6691e000-7fec6691f000 r--p 00014000 08:01 399561                     /usr/lib/libz.so.1.2.8
7fec6691f000-7fec66920000 rw-p 00015000 08:01 399561                     /usr/lib/libz.so.1.2.8
7fec66920000-7fec66ac0000 r-xp 00000000 08:01 410978                     /usr/lib/libc-2.18.so
7fec66ac0000-7fec66cc0000 ---p 001a0000 08:01 410978                     /usr/lib/libc-2.18.so
7fec66cc0000-7fec66cc4000 r--p 001a0000 08:01 410978                     /usr/lib/libc-2.18.so
7fec66cc4000-7fec66cc6000 rw-p 001a4000 08:01 410978                     /usr/lib/libc-2.18.so
7fec66cc6000-7fec66cca000 rw-p 00000000 00:00 0 
7fec66cca000-7fec66ccd000 r-xp 00000000 08:01 424650                     /usr/lib/libdl-2.18.so
7fec66ccd000-7fec66ecc000 ---p 00003000 08:01 424650                     /usr/lib/libdl-2.18.so
7fec66ecc000-7fec66ecd000 r--p 00002000 08:01 424650                     /usr/lib/libdl-2.18.so
7fec66ecd000-7fec66ece000 rw-p 00003000 08:01 424650                     /usr/lib/libdl-2.18.so
7fec66ece000-7fec66edb000 r-xp 00000000 08:01 1200649                    /usr/lib/jvm/java-7-openjdk/jre/lib/amd64/jli/libjli.so
7fec66edb000-7fec670da000 ---p 0000d000 08:01 1200649                    /usr/lib/jvm/java-7-openjdk/jre/lib/amd64/jli/libjli.so
7fec670da000-7fec670db000 rw-p 0000c000 08:01 1200649                    /usr/lib/jvm/java-7-openjdk/jre/lib/amd64/jli/libjli.so
7fec670db000-7fec670f3000 r-xp 00000000 08:01 399754                     /usr/lib/libpthread-2.18.so
7fec670f3000-7fec672f2000 ---p 00018000 08:01 399754                     /usr/lib/libpthread-2.18.so
7fec672f2000-7fec672f3000 r--p 00017000 08:01 399754                     /usr/lib/libpthread-2.18.so
7fec672f3000-7fec672f4000 rw-p 00018000 08:01 399754                     /usr/lib/libpthread-2.18.so
7fec672f4000-7fec672f8000 rw-p 00000000 00:00 0 
7fec672f8000-7fec67318000 r-xp 00000000 08:01 401387                     /usr/lib/ld-2.18.so
7fec67318000-7fec67319000 r--s 00002000 08:01 3933971                    /home/arne/.m2/repository/hiccup/hiccup/1.0.2/hiccup-1.0.2.jar
7fec67319000-7fec6733a000 rw-p 00000000 00:00 0 
7fec6733a000-7fec67362000 rw-p 00000000 00:00 0 
7fec67362000-7fec6738d000 rw-p 00000000 00:00 0 
7fec6738d000-7fec67398000 rw-p 00000000 00:00 0 
7fec67398000-7fec673e0000 rw-p 00000000 00:00 0 
7fec673e0000-7fec673e3000 ---p 00000000 00:00 0 
7fec673e3000-7fec674e1000 rw-p 00000000 00:00 0                          [stack:15704]
7fec674e1000-7fec674e2000 rw-p 00000000 00:00 0 
7fec674e2000-7fec674e3000 rw-p 00000000 00:00 0 
7fec674e3000-7fec674e4000 rw-p 00000000 00:00 0 
7fec674e4000-7fec674e5000 rw-p 00000000 00:00 0 
7fec674e5000-7fec674e6000 r--s 00004000 08:01 3933962                    /home/arne/.m2/repository/org/ow2/asm/asm-analysis/4.0/asm-analysis-4.0.jar
7fec674e6000-7fec674e8000 r--s 00010000 08:01 3933959                    /home/arne/.m2/repository/org/parboiled/parboiled-java/1.1.3/parboiled-java-1.1.3.jar
7fec674e8000-7fec674eb000 r--s 0000f000 08:01 1051604                    /usr/lib/jvm/java-7-openjdk/jre/lib/ext/pulse-java.jar
7fec674eb000-7fec6750c000 rw-p 00000000 00:00 0 
7fec6750c000-7fec67514000 rw-s 00000000 00:1e 13682097                   /tmp/hsperfdata_arne/15703
7fec67514000-7fec67515000 rw-p 00000000 00:00 0 
7fec67515000-7fec67516000 ---p 00000000 00:00 0 
7fec67516000-7fec67517000 rw-p 00000000 00:00 0 
7fec67517000-7fec67518000 r--p 0001f000 08:01 401387                     /usr/lib/ld-2.18.so
7fec67518000-7fec67519000 rw-p 00020000 08:01 401387                     /usr/lib/ld-2.18.so
7fec67519000-7fec6751a000 rw-p 00000000 00:00 0 
7fffaf998000-7fffaf9b9000 rw-p 00000000 00:00 0                          [stack]
7fffaf9fe000-7fffafa00000 r-xp 00000000 00:00 0                          [vdso]
ffffffffff600000-ffffffffff601000 r-xp 00000000 00:00 0                  [vsyscall]

VM Arguments:
jvm_args: -XX:+TieredCompilation -XX:TieredStopAtLevel=1 -Dclojure.compile.path=/home/arne/code/blockstorm.github.com/generator/target/classes -Dgenerator.version=0.1.0-SNAPSHOT -Dfile.encoding=UTF-8 -Dclojure.debug=false -Dawt.useSystemAAFontSettings=on -Dswing.aatext=true -Dswing.defaultlaf=com.sun.java.swing.plaf.gtk.GTKLookAndFeel -Dswing.crossplatformlaf=com.sun.java.swing.plaf.gtk.GTKLookAndFeel 
java_command: clojure.main -i /tmp/form-init179569114051816893.clj
Launcher Type: SUN_STANDARD

Environment Variables:
JAVA_HOME=/usr/lib/jvm/java-7-openjdk
_JAVA_OPTIONS=-Dawt.useSystemAAFontSettings=on -Dswing.aatext=true -Dswing.defaultlaf=com.sun.java.swing.plaf.gtk.GTKLookAndFeel -Dswing.crossplatformlaf=com.sun.java.swing.plaf.gtk.GTKLookAndFeel
CLASSPATH=:/home/arne/.lein/self-installs/leiningen-2.3.4-standalone.jar
PATH=/usr/local/sbin:/usr/local/bin:/usr/bin:/opt/android-sdk/platform-tools:/opt/android-sdk/tools:/usr/bin/vendor_perl:/usr/bin/core_perl
SHELL=/bin/bash
DISPLAY=:0.0

Signal Handlers:
SIGSEGV: [libjvm.so+0x918a20], sa_mask[0]=0x7ffbfeff, sa_flags=0x10000004
SIGBUS: [libjvm.so+0x918a20], sa_mask[0]=0x7ffbfeff, sa_flags=0x10000004
SIGFPE: [libjvm.so+0x796090], sa_mask[0]=0x7ffbfeff, sa_flags=0x10000004
SIGPIPE: [libjvm.so+0x796090], sa_mask[0]=0x7ffbfeff, sa_flags=0x10000004
SIGXFSZ: [libjvm.so+0x796090], sa_mask[0]=0x7ffbfeff, sa_flags=0x10000004
SIGILL: [libjvm.so+0x796090], sa_mask[0]=0x7ffbfeff, sa_flags=0x10000004
SIGUSR1: SIG_DFL, sa_mask[0]=0x00000000, sa_flags=0x00000000
SIGUSR2: [libjvm.so+0x795f30], sa_mask[0]=0x00000004, sa_flags=0x10000004
SIGHUP: [libjvm.so+0x796110], sa_mask[0]=0x7ffbfeff, sa_flags=0x10000004
SIGINT: [libjvm.so+0x796110], sa_mask[0]=0x7ffbfeff, sa_flags=0x10000004
SIGTERM: [libjvm.so+0x796110], sa_mask[0]=0x7ffbfeff, sa_flags=0x10000004
SIGQUIT: [libjvm.so+0x796110], sa_mask[0]=0x7ffbfeff, sa_flags=0x10000004


---------------  S Y S T E M  ---------------

OS:Linux
uname:Linux 3.12.7-2-ARCH #1 SMP PREEMPT Sun Jan 12 13:09:09 CET 2014 x86_64
libc:glibc 2.18 NPTL 2.18 
rlimit: STACK 8192k, CORE 0k, NPROC 63340, NOFILE 4096, AS infinity
load average:1.67 1.87 2.38

/proc/meminfo:
MemTotal:        8179220 kB
MemFree:          155756 kB
Buffers:            7852 kB
Cached:          1415248 kB
SwapCached:            0 kB
Active:          6283688 kB
Inactive:        1326264 kB
Active(anon):    6192932 kB
Inactive(anon):  1244052 kB
Active(file):      90756 kB
Inactive(file):    82212 kB
Unevictable:          20 kB
Mlocked:              20 kB
SwapTotal:             0 kB
SwapFree:              0 kB
Dirty:                 0 kB
Writeback:             0 kB
AnonPages:       6187184 kB
Mapped:           260308 kB
Shmem:           1250132 kB
Slab:              95768 kB
SReclaimable:      37960 kB
SUnreclaim:        57808 kB
KernelStack:        4112 kB
PageTables:        67028 kB
NFS_Unstable:          0 kB
Bounce:                0 kB
WritebackTmp:          0 kB
CommitLimit:     4089608 kB
Committed_AS:   10025228 kB
VmallocTotal:   34359738367 kB
VmallocUsed:      358912 kB
VmallocChunk:   34359364084 kB
HardwareCorrupted:     0 kB
AnonHugePages:   1232896 kB
HugePages_Total:       0
HugePages_Free:        0
HugePages_Rsvd:        0
HugePages_Surp:        0
Hugepagesize:       2048 kB
DirectMap4k:     7286720 kB
DirectMap2M:     1099776 kB
DirectMap1G:           0 kB


CPU:total 4 (4 cores per cpu, 1 threads per core) family 16 model 4 stepping 3, cmov, cx8, fxsr, mmx, sse, sse2, sse3, popcnt, mmxext, 3dnowpref, lzcnt, sse4a, tsc, tscinvbit, tscinv

/proc/cpuinfo:
processor	: 0
vendor_id	: AuthenticAMD
cpu family	: 16
model		: 4
model name	: AMD Phenom(tm) II X4 955 Processor
stepping	: 3
microcode	: 0x10000c8
cpu MHz		: 3200.000
cache size	: 512 KB
physical id	: 0
siblings	: 4
core id		: 0
cpu cores	: 4
apicid		: 0
initial apicid	: 0
fpu		: yes
fpu_exception	: yes
cpuid level	: 5
wp		: yes
flags		: fpu vme de pse tsc msr pae mce cx8 apic sep mtrr pge mca cmov pat pse36 clflush mmx fxsr sse sse2 ht syscall nx mmxext fxsr_opt pdpe1gb rdtscp lm 3dnowext 3dnow constant_tsc rep_good nopl nonstop_tsc extd_apicid pni monitor cx16 popcnt lahf_lm cmp_legacy svm extapic cr8_legacy abm sse4a misalignsse 3dnowprefetch osvw ibs skinit wdt hw_pstate npt lbrv svm_lock nrip_save
bogomips	: 6431.12
TLB size	: 1024 4K pages
clflush size	: 64
cache_alignment	: 64
address sizes	: 48 bits physical, 48 bits virtual
power management: ts ttp tm stc 100mhzsteps hwpstate

processor	: 1
vendor_id	: AuthenticAMD
cpu family	: 16
model		: 4
model name	: AMD Phenom(tm) II X4 955 Processor
stepping	: 3
microcode	: 0x10000c8
cpu MHz		: 3200.000
cache size	: 512 KB
physical id	: 0
siblings	: 4
core id		: 1
cpu cores	: 4
apicid		: 1
initial apicid	: 1
fpu		: yes
fpu_exception	: yes
cpuid level	: 5
wp		: yes
flags		: fpu vme de pse tsc msr pae mce cx8 apic sep mtrr pge mca cmov pat pse36 clflush mmx fxsr sse sse2 ht syscall nx mmxext fxsr_opt pdpe1gb rdtscp lm 3dnowext 3dnow constant_tsc rep_good nopl nonstop_tsc extd_apicid pni monitor cx16 popcnt lahf_lm cmp_legacy svm extapic cr8_legacy abm sse4a misalignsse 3dnowprefetch osvw ibs skinit wdt hw_pstate npt lbrv svm_lock nrip_save
bogomips	: 6431.12
TLB size	: 1024 4K pages
clflush size	: 64
cache_alignment	: 64
address sizes	: 48 bits physical, 48 bits virtual
power management: ts ttp tm stc 100mhzsteps hwpstate

processor	: 2
vendor_id	: AuthenticAMD
cpu family	: 16
model		: 4
model name	: AMD Phenom(tm) II X4 955 Processor
stepping	: 3
microcode	: 0x10000c8
cpu MHz		: 3200.000
cache size	: 512 KB
physical id	: 0
siblings	: 4
core id		: 2
cpu cores	: 4
apicid		: 2
initial apicid	: 2
fpu		: yes
fpu_exception	: yes
cpuid level	: 5
wp		: yes
flags		: fpu vme de pse tsc msr pae mce cx8 apic sep mtrr pge mca cmov pat pse36 clflush mmx fxsr sse sse2 ht syscall nx mmxext fxsr_opt pdpe1gb rdtscp lm 3dnowext 3dnow constant_tsc rep_good nopl nonstop_tsc extd_apicid pni monitor cx16 popcnt lahf_lm cmp_legacy svm extapic cr8_legacy abm sse4a misalignsse 3dnowprefetch osvw ibs skinit wdt hw_pstate npt lbrv svm_lock nrip_save
bogomips	: 6431.12
TLB size	: 1024 4K pages
clflush size	: 64
cache_alignment	: 64
address sizes	: 48 bits physical, 48 bits virtual
power management: ts ttp tm stc 100mhzsteps hwpstate

processor	: 3
vendor_id	: AuthenticAMD
cpu family	: 16
model		: 4
model name	: AMD Phenom(tm) II X4 955 Processor
stepping	: 3
microcode	: 0x10000c8
cpu MHz		: 3200.000
cache size	: 512 KB
physical id	: 0
siblings	: 4
core id		: 3
cpu cores	: 4
apicid		: 3
initial apicid	: 3
fpu		: yes
fpu_exception	: yes
cpuid level	: 5
wp		: yes
flags		: fpu vme de pse tsc msr pae mce cx8 apic sep mtrr pge mca cmov pat pse36 clflush mmx fxsr sse sse2 ht syscall nx mmxext fxsr_opt pdpe1gb rdtscp lm 3dnowext 3dnow constant_tsc rep_good nopl nonstop_tsc extd_apicid pni monitor cx16 popcnt lahf_lm cmp_legacy svm extapic cr8_legacy abm sse4a misalignsse 3dnowprefetch osvw ibs skinit wdt hw_pstate npt lbrv svm_lock nrip_save
bogomips	: 6431.12
TLB size	: 1024 4K pages
clflush size	: 64
cache_alignment	: 64
address sizes	: 48 bits physical, 48 bits virtual
power management: ts ttp tm stc 100mhzsteps hwpstate



Memory: 4k page, physical 8179220k(155756k free), swap 0k(0k free)

vm_info: OpenJDK 64-Bit Server VM (24.51-b03) for linux-amd64 JRE (1.7.0_51-b31), built on Jan 29 2014 14:05:34 by "nobody" with gcc 4.8.2 20131219 (prerelease)

time: Sat Feb  8 16:12:59 2014
elapsed time: 3 seconds

