#
# There is insufficient memory for the Java Runtime Environment to continue.
# Native memory allocation (malloc) failed to allocate 271581184 bytes for committing reserved memory.
# Possible reasons:
#   The system is out of physical RAM or swap space
#   In 32 bit mode, the process size limit was hit
# Possible solutions:
#   Reduce memory load on the system
#   Increase physical memory or swap space
#   Check if swap backing store is full
#   Use 64 bit Java on a 64 bit OS
#   Decrease Java heap size (-Xmx/-Xms)
#   Decrease number of Java threads
#   Decrease Java thread stack sizes (-Xss)
#   Set larger code cache with -XX:ReservedCodeCacheSize=
# This output file may be truncated or incomplete.
#
#  Out of Memory Error (os_linux.cpp:2769), pid=1002, tid=140174976591616
#
# JRE version: OpenJDK Runtime Environment (7.0_51-b31) (build 1.7.0_51-b31)
# Java VM: OpenJDK 64-Bit Server VM (24.51-b03 mixed mode linux-amd64 compressed oops)
# Failed to write core dump. Core dumps have been disabled. To enable core dumping, try "ulimit -c unlimited" before starting Java again
#

---------------  T H R E A D  ---------------

Current thread (0x00007f7d20074800):  VMThread [stack: 0x00007f7d079fa000,0x00007f7d07afb000] [id=1009]

Stack: [0x00007f7d079fa000,0x00007f7d07afb000],  sp=0x00007f7d07af94c0,  free space=1021k
Native frames: (J=compiled Java code, j=interpreted, Vv=VM code, C=native code)
V  [libjvm.so+0x917f29]  JVM_handle_linux_signal+0x177939
V  [libjvm.so+0x467d44]  dlerror+0x467d44
V  [libjvm.so+0x79a9db]  JVM_FindSignal+0x18cf6b
V  [libjvm.so+0x79534f]  JVM_FindSignal+0x1878df
V  [libjvm.so+0x8056ab]  JVM_handle_linux_signal+0x650bb
V  [libjvm.so+0x806500]  JVM_handle_linux_signal+0x65f10
V  [libjvm.so+0x806bfb]  JVM_handle_linux_signal+0x6660b
V  [libjvm.so+0x802edf]  JVM_handle_linux_signal+0x628ef
V  [libjvm.so+0x8036a8]  JVM_handle_linux_signal+0x630b8
V  [libjvm.so+0x7b9d93]  JVM_handle_linux_signal+0x197a3
V  [libjvm.so+0x919944]  JVM_handle_linux_signal+0x179354
V  [libjvm.so+0x91df97]  JVM_handle_linux_signal+0x17d9a7
V  [libjvm.so+0x91c968]  JVM_handle_linux_signal+0x17c378
V  [libjvm.so+0x91cdc9]  JVM_handle_linux_signal+0x17c7d9
V  [libjvm.so+0x91d212]  JVM_handle_linux_signal+0x17cc22
V  [libjvm.so+0x7976b2]  JVM_FindSignal+0x189c42

VM_Operation (0x00007f7d05a00d90): ParallelGCFailedAllocation, mode: safepoint, requested by thread 0x00007f7d20e24800


---------------  P R O C E S S  ---------------

Java Threads: ( => current thread )
  0x00007f7ccc00b000 JavaThread "nREPL-worker-0" daemon [_thread_blocked, id=1031, stack(0x00007f7d052fc000,0x00007f7d053fd000)]
  0x00007f7cc4001000 JavaThread "clojure-agent-send-off-pool-6" [_thread_in_native, id=1029, stack(0x00007f7d053fd000,0x00007f7d054fe000)]
  0x00007f7ccc003000 JavaThread "clojure-agent-send-off-pool-5" [_thread_in_native, id=1028, stack(0x00007f7d054fe000,0x00007f7d055ff000)]
  0x00007f7ccc001000 JavaThread "clojure-agent-send-off-pool-4" [_thread_blocked, id=1027, stack(0x00007f7d055ff000,0x00007f7d05700000)]
  0x00007f7d20bb7000 JavaThread "clojure-agent-send-off-pool-3" [_thread_in_native, id=1025, stack(0x00007f7d05700000,0x00007f7d05801000)]
  0x00007f7d20bb6000 JavaThread "clojure-agent-send-off-pool-2" [_thread_blocked, id=1024, stack(0x00007f7d05801000,0x00007f7d05902000)]
  0x00007f7d20e24800 JavaThread "clojure-agent-send-off-pool-1" [_thread_blocked, id=1023, stack(0x00007f7d05902000,0x00007f7d05a03000)]
  0x00007f7d20e23800 JavaThread "clojure-agent-send-off-pool-0" [_thread_blocked, id=1022, stack(0x00007f7d05a03000,0x00007f7d05b04000)]
  0x00007f7d200a7800 JavaThread "Service Thread" daemon [_thread_blocked, id=1020, stack(0x00007f7d0716a000,0x00007f7d0726b000)]
  0x00007f7d200a5000 JavaThread "C1 CompilerThread2" daemon [_thread_blocked, id=1019, stack(0x00007f7d0726b000,0x00007f7d0736c000)]
  0x00007f7d200a3000 JavaThread "C2 CompilerThread1" daemon [_thread_blocked, id=1018, stack(0x00007f7d0736c000,0x00007f7d0746d000)]
  0x00007f7d200a0000 JavaThread "C2 CompilerThread0" daemon [_thread_blocked, id=1017, stack(0x00007f7d0746d000,0x00007f7d0756e000)]
  0x00007f7d2009e000 JavaThread "Signal Dispatcher" daemon [_thread_blocked, id=1016, stack(0x00007f7d0756e000,0x00007f7d0766f000)]
  0x00007f7d2007b000 JavaThread "Finalizer" daemon [_thread_blocked, id=1011, stack(0x00007f7d077f8000,0x00007f7d078f9000)]
  0x00007f7d20079000 JavaThread "Reference Handler" daemon [_thread_blocked, id=1010, stack(0x00007f7d078f9000,0x00007f7d079fa000)]
  0x00007f7d20009800 JavaThread "main" [_thread_blocked, id=1003, stack(0x00007f7d26f43000,0x00007f7d27044000)]

Other Threads:
=>0x00007f7d20074800 VMThread [stack: 0x00007f7d079fa000,0x00007f7d07afb000] [id=1009]
  0x00007f7d200b2800 WatcherThread [stack: 0x00007f7d07069000,0x00007f7d0716a000] [id=1021]

VM state:at safepoint (normal execution)

VM Mutex/Monitor currently owned by a thread:  ([mutex/lock_event])
[0x00007f7d200072c0] Threads_lock - owner thread: 0x00007f7d20074800
[0x00007f7d200077c0] Heap_lock - owner thread: 0x00007f7d20e24800

Heap
 PSYoungGen      total 269824K, used 9200K [0x00000007d6600000, 0x00000007e7800000, 0x0000000800000000)
  eden space 260608K, 0% used [0x00000007d6600000,0x00000007d6600000,0x00000007e6480000)
  from space 9216K, 99% used [0x00000007e6480000,0x00000007e6d7c010,0x00000007e6d80000)
  to   space 7680K, 0% used [0x00000007e6d80000,0x00000007e6d80000,0x00000007e7500000)
 ParOldGen       total 84992K, used 8847K [0x0000000783200000, 0x0000000788500000, 0x00000007d6600000)
  object space 84992K, 10% used [0x0000000783200000,0x0000000783aa3e38,0x0000000788500000)
 PSPermGen       total 21504K, used 17225K [0x0000000778c00000, 0x000000077a100000, 0x0000000783200000)
  object space 21504K, 80% used [0x0000000778c00000,0x0000000779cd2658,0x000000077a100000)

Card table byte_map: [0x00007f7d19bc5000,0x00007f7d1a000000] byte_map_base: 0x00007f7d15fff000

Polling page: 0x00007f7d27078000

Code Cache  [0x00007f7d1a000000, 0x00007f7d1a480000, 0x00007f7d20000000)
 total_blobs=2173 nmethods=1875 adapters=233 free_code_cache=93733Kb largest_free_block=95982272

Compilation events (10 events):
Event: 3.987 Thread 0x00007f7d200a5000 1875       1       clojure.lang.ChunkBuffer::chunk (24 bytes)
Event: 3.988 Thread 0x00007f7d200a5000 nmethod 1875 0x00007f7d1a475290 code [0x00007f7d1a4753e0, 0x00007f7d1a4755b0]
Event: 3.990 Thread 0x00007f7d200a5000 1876       1       java.lang.Integer::toString (8 bytes)
Event: 3.990 Thread 0x00007f7d200a5000 nmethod 1876 0x00007f7d1a475610 code [0x00007f7d1a475760, 0x00007f7d1a4758c8]
Event: 3.990 Thread 0x00007f7d200a5000 1877       1       java.lang.Integer::toString (48 bytes)
Event: 3.991 Thread 0x00007f7d200a5000 nmethod 1877 0x00007f7d1a475950 code [0x00007f7d1a475ae0, 0x00007f7d1a475e08]
Event: 3.994 Thread 0x00007f7d200a5000 1878       1       clojure.core$keyword::invoke (110 bytes)
Event: 3.994 Thread 0x00007f7d200a5000 nmethod 1878 0x00007f7d1a476050 code [0x00007f7d1a476220, 0x00007f7d1a476658]
Event: 3.997 Thread 0x00007f7d200a5000 1879   !   1       clojure.lang.RT::classForName (15 bytes)
Event: 3.998 Thread 0x00007f7d200a5000 nmethod 1879 0x00007f7d1a476890 code [0x00007f7d1a476a00, 0x00007f7d1a476c28]

GC Heap History (10 events):
Event: 2.283 GC heap after
Heap after GC invocations=2 (full 0):
 PSYoungGen      total 70656K, used 4790K [0x00000007d6600000, 0x00000007db000000, 0x0000000800000000)
  eden space 65536K, 0% used [0x00000007d6600000,0x00000007d6600000,0x00000007da600000)
  from space 5120K, 93% used [0x00000007dab00000,0x00000007dafad8e8,0x00000007db000000)
  to   space 5120K, 0% used [0x00000007da600000,0x00000007da600000,0x00000007dab00000)
 ParOldGen       total 84992K, used 238K [0x0000000783200000, 0x0000000788500000, 0x00000007d6600000)
  object space 84992K, 0% used [0x0000000783200000,0x000000078323b980,0x0000000788500000)
 PSPermGen       total 21504K, used 12526K [0x0000000778c00000, 0x000000077a100000, 0x0000000783200000)
  object space 21504K, 58% used [0x0000000778c00000,0x000000077983b968,0x000000077a100000)
}
Event: 2.883 GC heap before
{Heap before GC invocations=3 (full 0):
 PSYoungGen      total 70656K, used 70326K [0x00000007d6600000, 0x00000007db000000, 0x0000000800000000)
  eden space 65536K, 100% used [0x00000007d6600000,0x00000007da600000,0x00000007da600000)
  from space 5120K, 93% used [0x00000007dab00000,0x00000007dafad8e8,0x00000007db000000)
  to   space 5120K, 0% used [0x00000007da600000,0x00000007da600000,0x00000007dab00000)
 ParOldGen       total 84992K, used 238K [0x0000000783200000, 0x0000000788500000, 0x00000007d6600000)
  object space 84992K, 0% used [0x0000000783200000,0x000000078323b980,0x0000000788500000)
 PSPermGen       total 21504K, used 14515K [0x0000000778c00000, 0x000000077a100000, 0x0000000783200000)
  object space 21504K, 67% used [0x0000000778c00000,0x0000000779a2ce78,0x000000077a100000)
Event: 2.898 GC heap after
Heap after GC invocations=3 (full 0):
 PSYoungGen      total 70656K, used 5107K [0x00000007d6600000, 0x00000007df000000, 0x0000000800000000)
  eden space 65536K, 0% used [0x00000007d6600000,0x00000007d6600000,0x00000007da600000)
  from space 5120K, 99% used [0x00000007da600000,0x00000007daafcde0,0x00000007dab00000)
  to   space 5120K, 0% used [0x00000007deb00000,0x00000007deb00000,0x00000007df000000)
 ParOldGen       total 84992K, used 399K [0x0000000783200000, 0x0000000788500000, 0x00000007d6600000)
  object space 84992K, 0% used [0x0000000783200000,0x0000000783263d78,0x0000000788500000)
 PSPermGen       total 21504K, used 14515K [0x0000000778c00000, 0x000000077a100000, 0x0000000783200000)
  object space 21504K, 67% used [0x0000000778c00000,0x0000000779a2ce78,0x000000077a100000)
}
Event: 3.130 GC heap before
{Heap before GC invocations=4 (full 0):
 PSYoungGen      total 70656K, used 70643K [0x00000007d6600000, 0x00000007df000000, 0x0000000800000000)
  eden space 65536K, 100% used [0x00000007d6600000,0x00000007da600000,0x00000007da600000)
  from space 5120K, 99% used [0x00000007da600000,0x00000007daafcde0,0x00000007dab00000)
  to   space 5120K, 0% used [0x00000007deb00000,0x00000007deb00000,0x00000007df000000)
 ParOldGen       total 84992K, used 399K [0x0000000783200000, 0x0000000788500000, 0x00000007d6600000)
  object space 84992K, 0% used [0x0000000783200000,0x0000000783263d78,0x0000000788500000)
 PSPermGen       total 21504K, used 15380K [0x0000000778c00000, 0x000000077a100000, 0x0000000783200000)
  object space 21504K, 71% used [0x0000000778c00000,0x0000000779b052e8,0x000000077a100000)
Event: 3.144 GC heap after
Heap after GC invocations=4 (full 0):
 PSYoungGen      total 136192K, used 5088K [0x00000007d6600000, 0x00000007df000000, 0x0000000800000000)
  eden space 131072K, 0% used [0x00000007d6600000,0x00000007d6600000,0x00000007de600000)
  from space 5120K, 99% used [0x00000007deb00000,0x00000007deff8020,0x00000007df000000)
  to   space 5120K, 0% used [0x00000007de600000,0x00000007de600000,0x00000007deb00000)
 ParOldGen       total 84992K, used 699K [0x0000000783200000, 0x0000000788500000, 0x00000007d6600000)
  object space 84992K, 0% used [0x0000000783200000,0x00000007832aeeb0,0x0000000788500000)
 PSPermGen       total 21504K, used 15380K [0x0000000778c00000, 0x000000077a100000, 0x0000000783200000)
  object space 21504K, 71% used [0x0000000778c00000,0x0000000779b052e8,0x000000077a100000)
}
Event: 3.410 GC heap before
{Heap before GC invocations=5 (full 0):
 PSYoungGen      total 136192K, used 136160K [0x00000007d6600000, 0x00000007df000000, 0x0000000800000000)
  eden space 131072K, 100% used [0x00000007d6600000,0x00000007de600000,0x00000007de600000)
  from space 5120K, 99% used [0x00000007deb00000,0x00000007deff8020,0x00000007df000000)
  to   space 5120K, 0% used [0x00000007de600000,0x00000007de600000,0x00000007deb00000)
 ParOldGen       total 84992K, used 699K [0x0000000783200000, 0x0000000788500000, 0x00000007d6600000)
  object space 84992K, 0% used [0x0000000783200000,0x00000007832aeeb0,0x0000000788500000)
 PSPermGen       total 21504K, used 16219K [0x0000000778c00000, 0x000000077a100000, 0x0000000783200000)
  object space 21504K, 75% used [0x0000000778c00000,0x0000000779bd6c40,0x000000077a100000)
Event: 3.466 GC heap after
Heap after GC invocations=5 (full 0):
 PSYoungGen      total 136192K, used 5104K [0x00000007d6600000, 0x00000007e7500000, 0x0000000800000000)
  eden space 131072K, 0% used [0x00000007d6600000,0x00000007d6600000,0x00000007de600000)
  from space 5120K, 99% used [0x00000007de600000,0x00000007deafc010,0x00000007deb00000)
  to   space 7680K, 0% used [0x00000007e6d80000,0x00000007e6d80000,0x00000007e7500000)
 ParOldGen       total 84992K, used 3316K [0x0000000783200000, 0x0000000788500000, 0x00000007d6600000)
  object space 84992K, 3% used [0x0000000783200000,0x000000078353d1b0,0x0000000788500000)
 PSPermGen       total 21504K, used 16219K [0x0000000778c00000, 0x000000077a100000, 0x0000000783200000)
  object space 21504K, 75% used [0x0000000778c00000,0x0000000779bd6c40,0x000000077a100000)
}
Event: 3.643 GC heap before
{Heap before GC invocations=6 (full 0):
 PSYoungGen      total 136192K, used 136176K [0x00000007d6600000, 0x00000007e7500000, 0x0000000800000000)
  eden space 131072K, 100% used [0x00000007d6600000,0x00000007de600000,0x00000007de600000)
  from space 5120K, 99% used [0x00000007de600000,0x00000007deafc010,0x00000007deb00000)
  to   space 7680K, 0% used [0x00000007e6d80000,0x00000007e6d80000,0x00000007e7500000)
 ParOldGen       total 84992K, used 3316K [0x0000000783200000, 0x0000000788500000, 0x00000007d6600000)
  object space 84992K, 3% used [0x0000000783200000,0x000000078353d1b0,0x0000000788500000)
 PSPermGen       total 21504K, used 16917K [0x0000000778c00000, 0x000000077a100000, 0x0000000783200000)
  object space 21504K, 78% used [0x0000000778c00000,0x0000000779c857c8,0x000000077a100000)
Event: 3.688 GC heap after
Heap after GC invocations=6 (full 0):
 PSYoungGen      total 268288K, used 7648K [0x00000007d6600000, 0x00000007e7800000, 0x0000000800000000)
  eden space 260608K, 0% used [0x00000007d6600000,0x00000007d6600000,0x00000007e6480000)
  from space 7680K, 99% used [0x00000007e6d80000,0x00000007e74f8020,0x00000007e7500000)
  to   space 9216K, 0% used [0x00000007e6480000,0x00000007e6480000,0x00000007e6d80000)
 ParOldGen       total 84992K, used 4492K [0x0000000783200000, 0x0000000788500000, 0x00000007d6600000)
  object space 84992K, 5% used [0x0000000783200000,0x00000007836632c8,0x0000000788500000)
 PSPermGen       total 21504K, used 16917K [0x0000000778c00000, 0x000000077a100000, 0x0000000783200000)
  object space 21504K, 78% used [0x0000000778c00000,0x0000000779c857c8,0x000000077a100000)
}
Event: 4.030 GC heap before
{Heap before GC invocations=7 (full 0):
 PSYoungGen      total 268288K, used 268256K [0x00000007d6600000, 0x00000007e7800000, 0x0000000800000000)
  eden space 260608K, 100% used [0x00000007d6600000,0x00000007e6480000,0x00000007e6480000)
  from space 7680K, 99% used [0x00000007e6d80000,0x00000007e74f8020,0x00000007e7500000)
  to   space 9216K, 0% used [0x00000007e6480000,0x00000007e6480000,0x00000007e6d80000)
 ParOldGen       total 84992K, used 4492K [0x0000000783200000, 0x0000000788500000, 0x00000007d6600000)
  object space 84992K, 5% used [0x0000000783200000,0x00000007836632c8,0x0000000788500000)
 PSPermGen       total 21504K, used 17225K [0x0000000778c00000, 0x000000077a100000, 0x0000000783200000)
  object space 21504K, 80% used [0x0000000778c00000,0x0000000779cd2658,0x000000077a100000)

Deoptimization events (0 events):
No events

Internal exceptions (10 events):
Event: 3.920 Thread 0x00007f7ccc00b000 Threw 0x00000007e225f728 at /build/java7-openjdk/src/icedtea-2.4.5/openjdk/hotspot/src/share/vm/prims/jvm.cpp:1244
Event: 3.920 Thread 0x00007f7ccc00b000 Threw 0x00000007e22622b8 at /build/java7-openjdk/src/icedtea-2.4.5/openjdk/hotspot/src/share/vm/prims/jvm.cpp:1244
Event: 3.920 Thread 0x00007f7ccc00b000 Threw 0x00000007e2262960 at /build/java7-openjdk/src/icedtea-2.4.5/openjdk/hotspot/src/share/vm/prims/jvm.cpp:1244
Event: 3.920 Thread 0x00007f7ccc00b000 Threw 0x00000007e2262f08 at /build/java7-openjdk/src/icedtea-2.4.5/openjdk/hotspot/src/share/vm/prims/jvm.cpp:1244
Event: 3.920 Thread 0x00007f7ccc00b000 Threw 0x00000007e22633b0 at /build/java7-openjdk/src/icedtea-2.4.5/openjdk/hotspot/src/share/vm/prims/jvm.cpp:1244
Event: 3.920 Thread 0x00007f7ccc00b000 Threw 0x00000007e2263858 at /build/java7-openjdk/src/icedtea-2.4.5/openjdk/hotspot/src/share/vm/prims/jvm.cpp:1244
Event: 3.920 Thread 0x00007f7ccc00b000 Threw 0x00000007e2263d00 at /build/java7-openjdk/src/icedtea-2.4.5/openjdk/hotspot/src/share/vm/prims/jvm.cpp:1244
Event: 3.920 Thread 0x00007f7ccc00b000 Threw 0x00000007e22641a8 at /build/java7-openjdk/src/icedtea-2.4.5/openjdk/hotspot/src/share/vm/prims/jvm.cpp:1244
Event: 3.920 Thread 0x00007f7ccc00b000 Threw 0x00000007e2264650 at /build/java7-openjdk/src/icedtea-2.4.5/openjdk/hotspot/src/share/vm/prims/jvm.cpp:1244
Event: 3.929 Thread 0x00007f7ccc00b000 Threw 0x00000007e25cac68 at /build/java7-openjdk/src/icedtea-2.4.5/openjdk/hotspot/src/share/vm/prims/jvm.cpp:1244

Events (10 events):
Event: 3.886 loading class 0x00007f7cc0024490 done
Event: 3.887 loading class 0x00007f7d20a3fb70
Event: 3.887 loading class 0x00007f7d20a3fb70 done
Event: 3.919 loading class 0x00007f7d240aeba0
Event: 3.919 loading class 0x00007f7d240aeba0 done
Event: 3.920 loading class 0x00007f7d240aeba0
Event: 3.920 loading class 0x00007f7d240aeba0 done
Event: 3.929 loading class 0x00007f7d20cd2840
Event: 3.929 loading class 0x00007f7d20cd2840 done
Event: 4.029 Executing VM operation: ParallelGCFailedAllocation


Dynamic libraries:
00400000-00401000 r-xp 00000000 08:01 1066915                            /usr/lib/jvm/java-7-openjdk/jre/bin/java
00600000-00601000 rw-p 00000000 08:01 1066915                            /usr/lib/jvm/java-7-openjdk/jre/bin/java
007e0000-00801000 rw-p 00000000 00:00 0                                  [heap]
778c00000-77a100000 rw-p 00000000 00:00 0 
77a100000-783200000 rw-p 00000000 00:00 0 
783200000-788500000 rw-p 00000000 00:00 0 
788500000-7d6600000 rw-p 00000000 00:00 0 
7d6600000-7d9000000 rw-p 00000000 00:00 0 
7d9000000-7db000000 rw-p 00000000 00:00 0 
7db000000-7df000000 rw-p 00000000 00:00 0 
7df000000-7e7500000 rw-p 00000000 00:00 0 
7e7500000-7e7800000 rw-p 00000000 00:00 0 
7f7b00000-800000000 rw-p 00000000 00:00 0 
7f7cbc000000-7f7cbc021000 rw-p 00000000 00:00 0 
7f7cbc021000-7f7cc0000000 ---p 00000000 00:00 0 
7f7cc0000000-7f7cc01ff000 rw-p 00000000 00:00 0 
7f7cc01ff000-7f7cc4000000 ---p 00000000 00:00 0 
7f7cc4000000-7f7cc4021000 rw-p 00000000 00:00 0 
7f7cc4021000-7f7cc8000000 ---p 00000000 00:00 0 
7f7cc8000000-7f7cc8021000 rw-p 00000000 00:00 0 
7f7cc8021000-7f7ccc000000 ---p 00000000 00:00 0 
7f7ccc000000-7f7ccc021000 rw-p 00000000 00:00 0 
7f7ccc021000-7f7cd0000000 ---p 00000000 00:00 0 
7f7cd0000000-7f7cd0021000 rw-p 00000000 00:00 0 
7f7cd0021000-7f7cd4000000 ---p 00000000 00:00 0 
7f7cd4000000-7f7cd403c000 rw-p 00000000 00:00 0 
7f7cd403c000-7f7cd8000000 ---p 00000000 00:00 0 
7f7cd8000000-7f7cd8021000 rw-p 00000000 00:00 0 
7f7cd8021000-7f7cdc000000 ---p 00000000 00:00 0 
7f7cdc000000-7f7cdc021000 rw-p 00000000 00:00 0 
7f7cdc021000-7f7ce0000000 ---p 00000000 00:00 0 
7f7ce0000000-7f7ce0021000 rw-p 00000000 00:00 0 
7f7ce0021000-7f7ce4000000 ---p 00000000 00:00 0 
7f7ce4000000-7f7ce4021000 rw-p 00000000 00:00 0 
7f7ce4021000-7f7ce8000000 ---p 00000000 00:00 0 
7f7ce8000000-7f7ce83d3000 rw-p 00000000 00:00 0 
7f7ce83d3000-7f7cec000000 ---p 00000000 00:00 0 
7f7cec000000-7f7cec021000 rw-p 00000000 00:00 0 
7f7cec021000-7f7cf0000000 ---p 00000000 00:00 0 
7f7cf0000000-7f7cf0021000 rw-p 00000000 00:00 0 
7f7cf0021000-7f7cf4000000 ---p 00000000 00:00 0 
7f7cf4000000-7f7cf4021000 rw-p 00000000 00:00 0 
7f7cf4021000-7f7cf8000000 ---p 00000000 00:00 0 
7f7cf8000000-7f7cf8021000 rw-p 00000000 00:00 0 
7f7cf8021000-7f7cfc000000 ---p 00000000 00:00 0 
7f7cfc000000-7f7cfc021000 rw-p 00000000 00:00 0 
7f7cfc021000-7f7d00000000 ---p 00000000 00:00 0 
7f7d00000000-7f7d00021000 rw-p 00000000 00:00 0 
7f7d00021000-7f7d04000000 ---p 00000000 00:00 0 
7f7d052fc000-7f7d052ff000 ---p 00000000 00:00 0 
7f7d052ff000-7f7d053fd000 rw-p 00000000 00:00 0                          [stack:1031]
7f7d053fd000-7f7d05400000 ---p 00000000 00:00 0 
7f7d05400000-7f7d054fe000 rw-p 00000000 00:00 0                          [stack:1029]
7f7d054fe000-7f7d05501000 ---p 00000000 00:00 0 
7f7d05501000-7f7d055ff000 rw-p 00000000 00:00 0                          [stack:1028]
7f7d055ff000-7f7d05602000 ---p 00000000 00:00 0 
7f7d05602000-7f7d05700000 rw-p 00000000 00:00 0                          [stack:1027]
7f7d05700000-7f7d05703000 ---p 00000000 00:00 0 
7f7d05703000-7f7d05801000 rw-p 00000000 00:00 0                          [stack:1025]
7f7d05801000-7f7d05804000 ---p 00000000 00:00 0 
7f7d05804000-7f7d05902000 rw-p 00000000 00:00 0                          [stack:1024]
7f7d05902000-7f7d05905000 ---p 00000000 00:00 0 
7f7d05905000-7f7d05a03000 rw-p 00000000 00:00 0                          [stack:1023]
7f7d05a03000-7f7d05a06000 ---p 00000000 00:00 0 
7f7d05a06000-7f7d05b04000 rw-p 00000000 00:00 0                          [stack:1022]
7f7d05b04000-7f7d05b18000 r-xp 00000000 08:01 415986                     /usr/lib/libresolv-2.18.so
7f7d05b18000-7f7d05d17000 ---p 00014000 08:01 415986                     /usr/lib/libresolv-2.18.so
7f7d05d17000-7f7d05d18000 r--p 00013000 08:01 415986                     /usr/lib/libresolv-2.18.so
7f7d05d18000-7f7d05d19000 rw-p 00014000 08:01 415986                     /usr/lib/libresolv-2.18.so
7f7d05d19000-7f7d05d1b000 rw-p 00000000 00:00 0 
7f7d05d1b000-7f7d05d81000 r-xp 00000000 08:01 401632                     /usr/lib/libpcre.so.1.2.2
7f7d05d81000-7f7d05f80000 ---p 00066000 08:01 401632                     /usr/lib/libpcre.so.1.2.2
7f7d05f80000-7f7d05f81000 r--p 00065000 08:01 401632                     /usr/lib/libpcre.so.1.2.2
7f7d05f81000-7f7d05f82000 rw-p 00066000 08:01 401632                     /usr/lib/libpcre.so.1.2.2
7f7d05f82000-7f7d05f85000 r-xp 00000000 08:01 401751                     /usr/lib/libgmodule-2.0.so.0.3800.2
7f7d05f85000-7f7d06184000 ---p 00003000 08:01 401751                     /usr/lib/libgmodule-2.0.so.0.3800.2
7f7d06184000-7f7d06185000 r--p 00002000 08:01 401751                     /usr/lib/libgmodule-2.0.so.0.3800.2
7f7d06185000-7f7d06186000 rw-p 00003000 08:01 401751                     /usr/lib/libgmodule-2.0.so.0.3800.2
7f7d06186000-7f7d0618d000 r-xp 00000000 08:01 426254                     /usr/lib/libffi.so.6.0.1
7f7d0618d000-7f7d0638c000 ---p 00007000 08:01 426254                     /usr/lib/libffi.so.6.0.1
7f7d0638c000-7f7d0638d000 r--p 00006000 08:01 426254                     /usr/lib/libffi.so.6.0.1
7f7d0638d000-7f7d0638e000 rw-p 00007000 08:01 426254                     /usr/lib/libffi.so.6.0.1
7f7d0638e000-7f7d0648c000 r-xp 00000000 08:01 401750                     /usr/lib/libglib-2.0.so.0.3800.2
7f7d0648c000-7f7d0668b000 ---p 000fe000 08:01 401750                     /usr/lib/libglib-2.0.so.0.3800.2
7f7d0668b000-7f7d0668c000 r--p 000fd000 08:01 401750                     /usr/lib/libglib-2.0.so.0.3800.2
7f7d0668c000-7f7d0668d000 rw-p 000fe000 08:01 401750                     /usr/lib/libglib-2.0.so.0.3800.2
7f7d0668d000-7f7d0668e000 rw-p 00000000 00:00 0 
7f7d0668e000-7f7d066dd000 r-xp 00000000 08:01 401753                     /usr/lib/libgobject-2.0.so.0.3800.2
7f7d066dd000-7f7d068dd000 ---p 0004f000 08:01 401753                     /usr/lib/libgobject-2.0.so.0.3800.2
7f7d068dd000-7f7d068de000 r--p 0004f000 08:01 401753                     /usr/lib/libgobject-2.0.so.0.3800.2
7f7d068de000-7f7d068df000 rw-p 00050000 08:01 401753                     /usr/lib/libgobject-2.0.so.0.3800.2
7f7d068df000-7f7d06a39000 r-xp 00000000 08:01 401754                     /usr/lib/libgio-2.0.so.0.3800.2
7f7d06a39000-7f7d06c39000 ---p 0015a000 08:01 401754                     /usr/lib/libgio-2.0.so.0.3800.2
7f7d06c39000-7f7d06c3d000 r--p 0015a000 08:01 401754                     /usr/lib/libgio-2.0.so.0.3800.2
7f7d06c3d000-7f7d06c3f000 rw-p 0015e000 08:01 401754                     /usr/lib/libgio-2.0.so.0.3800.2
7f7d06c3f000-7f7d06c41000 rw-p 00000000 00:00 0 
7f7d06c41000-7f7d06c57000 r-xp 00000000 08:01 1189445                    /usr/lib/jvm/java-7-openjdk/jre/lib/amd64/libnet.so
7f7d06c57000-7f7d06e57000 ---p 00016000 08:01 1189445                    /usr/lib/jvm/java-7-openjdk/jre/lib/amd64/libnet.so
7f7d06e57000-7f7d06e58000 rw-p 00016000 08:01 1189445                    /usr/lib/jvm/java-7-openjdk/jre/lib/amd64/libnet.so
7f7d06e58000-7f7d06e68000 r-xp 00000000 08:01 1189461                    /usr/lib/jvm/java-7-openjdk/jre/lib/amd64/libnio.so
7f7d06e68000-7f7d07068000 ---p 00010000 08:01 1189461                    /usr/lib/jvm/java-7-openjdk/jre/lib/amd64/libnio.so
7f7d07068000-7f7d07069000 rw-p 00010000 08:01 1189461                    /usr/lib/jvm/java-7-openjdk/jre/lib/amd64/libnio.so
7f7d07069000-7f7d0706a000 ---p 00000000 00:00 0 
7f7d0706a000-7f7d0716a000 rw-p 00000000 00:00 0                          [stack:1021]
7f7d0716a000-7f7d0716d000 ---p 00000000 00:00 0 
7f7d0716d000-7f7d0726b000 rw-p 00000000 00:00 0                          [stack:1020]
7f7d0726b000-7f7d0726e000 ---p 00000000 00:00 0 
7f7d0726e000-7f7d0736c000 rw-p 00000000 00:00 0                          [stack:1019]
7f7d0736c000-7f7d0736f000 ---p 00000000 00:00 0 
7f7d0736f000-7f7d0746d000 rw-p 00000000 00:00 0                          [stack:1018]
7f7d0746d000-7f7d07470000 ---p 00000000 00:00 0 
7f7d07470000-7f7d0756e000 rw-p 00000000 00:00 0                          [stack:1017]
7f7d0756e000-7f7d07571000 ---p 00000000 00:00 0 
7f7d07571000-7f7d0766f000 rw-p 00000000 00:00 0                          [stack:1016]
7f7d0766f000-7f7d077f8000 r--p 00000000 08:01 430481                     /usr/lib/locale/locale-archive
7f7d077f8000-7f7d077fb000 ---p 00000000 00:00 0 
7f7d077fb000-7f7d078f9000 rw-p 00000000 00:00 0                          [stack:1011]
7f7d078f9000-7f7d078fc000 ---p 00000000 00:00 0 
7f7d078fc000-7f7d079fa000 rw-p 00000000 00:00 0                          [stack:1010]
7f7d079fa000-7f7d079fb000 ---p 00000000 00:00 0 
7f7d079fb000-7f7d07afb000 rw-p 00000000 00:00 0                          [stack:1009]
7f7d07afb000-7f7d07bfc000 rw-p 00000000 00:00 0 
7f7d07bfc000-7f7d07cfd000 rw-p 00000000 00:00 0 
7f7d07cfd000-7f7d07dfe000 rw-p 00000000 00:00 0 
7f7d07dfe000-7f7d07eff000 rw-p 00000000 00:00 0 
7f7d07eff000-7f7d08000000 rw-p 00000000 00:00 0 
7f7d08000000-7f7d08021000 rw-p 00000000 00:00 0 
7f7d08021000-7f7d0c000000 ---p 00000000 00:00 0 
7f7d0c000000-7f7d0c021000 rw-p 00000000 00:00 0 
7f7d0c021000-7f7d10000000 ---p 00000000 00:00 0 
7f7d10000000-7f7d10021000 rw-p 00000000 00:00 0 
7f7d10021000-7f7d14000000 ---p 00000000 00:00 0 
7f7d1407b000-7f7d14080000 r--s 0004c000 08:01 1050008                    /usr/lib/jvm/java-7-openjdk/jre/lib/jsse.jar
7f7d14080000-7f7d140bc000 r--s 00308000 08:01 3802825                    /home/arne/.m2/repository/org/clojure/clojure/1.4.0/clojure-1.4.0.jar
7f7d140bc000-7f7d140dd000 rw-p 00000000 00:00 0 
7f7d140dd000-7f7d141de000 rw-p 00000000 00:00 0 
7f7d141de000-7f7d141ff000 rw-p 00000000 00:00 0 
7f7d141ff000-7f7d14300000 rw-p 00000000 00:00 0 
7f7d14300000-7f7d14321000 rw-p 00000000 00:00 0 
7f7d14321000-7f7d14422000 rw-p 00000000 00:00 0 
7f7d14422000-7f7d14523000 rw-p 00000000 00:00 0 
7f7d14523000-7f7d14624000 rw-p 00000000 00:00 0 
7f7d14624000-7f7d14725000 rw-p 00000000 00:00 0 
7f7d14725000-7f7d14826000 rw-p 00000000 00:00 0 
7f7d14826000-7f7d14927000 rw-p 00000000 00:00 0 
7f7d14927000-7f7d14a28000 rw-p 00000000 00:00 0 
7f7d14a28000-7f7d14b29000 rw-p 00000000 00:00 0 
7f7d14b29000-7f7d14cd7000 r--s 01cf4000 08:01 1049644                    /usr/lib/jvm/java-7-openjdk/jre/lib/rt.jar
7f7d14cd7000-7f7d14d4d000 rw-p 00000000 00:00 0 
7f7d14d4d000-7f7d15187000 rw-p 00000000 00:00 0 
7f7d15187000-7f7d19527000 rw-p 00000000 00:00 0 
7f7d19527000-7f7d19528000 ---p 00000000 00:00 0 
7f7d19528000-7f7d19628000 rw-p 00000000 00:00 0                          [stack:1007]
7f7d19628000-7f7d19629000 ---p 00000000 00:00 0 
7f7d19629000-7f7d19729000 rw-p 00000000 00:00 0                          [stack:1006]
7f7d19729000-7f7d1972a000 ---p 00000000 00:00 0 
7f7d1972a000-7f7d1982a000 rw-p 00000000 00:00 0                          [stack:1005]
7f7d1982a000-7f7d1982b000 ---p 00000000 00:00 0 
7f7d1982b000-7f7d1992b000 rw-p 00000000 00:00 0                          [stack:1004]
7f7d1992b000-7f7d19955000 rw-p 00000000 00:00 0 
7f7d19955000-7f7d19bc5000 rw-p 00000000 00:00 0 
7f7d19bc5000-7f7d19bd0000 rw-p 00000000 00:00 0 
7f7d19bd0000-7f7d19c18000 rw-p 00000000 00:00 0 
7f7d19c18000-7f7d19c42000 rw-p 00000000 00:00 0 
7f7d19c42000-7f7d19eb2000 rw-p 00000000 00:00 0 
7f7d19eb2000-7f7d19ec7000 rw-p 00000000 00:00 0 
7f7d19ec7000-7f7d19ed7000 rw-p 00000000 00:00 0 
7f7d19ed7000-7f7d19ef7000 rw-p 00000000 00:00 0 
7f7d19ef7000-7f7d19f3a000 rw-p 00000000 00:00 0 
7f7d19f3a000-7f7d19f3b000 rw-p 00000000 00:00 0 
7f7d19f3b000-7f7d19fff000 rw-p 00000000 00:00 0 
7f7d19fff000-7f7d1a000000 rw-p 00000000 00:00 0 
7f7d1a000000-7f7d1a270000 rwxp 00000000 00:00 0 
7f7d1a270000-7f7d1a280000 rwxp 00000000 00:00 0 
7f7d1a280000-7f7d1a290000 rwxp 00000000 00:00 0 
7f7d1a290000-7f7d1a2a0000 rwxp 00000000 00:00 0 
7f7d1a2a0000-7f7d1a2b0000 rwxp 00000000 00:00 0 
7f7d1a2b0000-7f7d1a2c0000 rwxp 00000000 00:00 0 
7f7d1a2c0000-7f7d1a2d0000 rwxp 00000000 00:00 0 
7f7d1a2d0000-7f7d1a2e0000 rwxp 00000000 00:00 0 
7f7d1a2e0000-7f7d1a2f0000 rwxp 00000000 00:00 0 
7f7d1a2f0000-7f7d1a300000 rwxp 00000000 00:00 0 
7f7d1a300000-7f7d1a310000 rwxp 00000000 00:00 0 
7f7d1a310000-7f7d1a320000 rwxp 00000000 00:00 0 
7f7d1a320000-7f7d1a330000 rwxp 00000000 00:00 0 
7f7d1a330000-7f7d1a340000 rwxp 00000000 00:00 0 
7f7d1a340000-7f7d1a350000 rwxp 00000000 00:00 0 
7f7d1a350000-7f7d1a360000 rwxp 00000000 00:00 0 
7f7d1a360000-7f7d1a370000 rwxp 00000000 00:00 0 
7f7d1a370000-7f7d1a380000 rwxp 00000000 00:00 0 
7f7d1a380000-7f7d1a390000 rwxp 00000000 00:00 0 
7f7d1a390000-7f7d1a3a0000 rwxp 00000000 00:00 0 
7f7d1a3a0000-7f7d1a3b0000 rwxp 00000000 00:00 0 
7f7d1a3b0000-7f7d1a3c0000 rwxp 00000000 00:00 0 
7f7d1a3c0000-7f7d1a3d0000 rwxp 00000000 00:00 0 
7f7d1a3d0000-7f7d1a3e0000 rwxp 00000000 00:00 0 
7f7d1a3e0000-7f7d1a3f0000 rwxp 00000000 00:00 0 
7f7d1a3f0000-7f7d1a400000 rwxp 00000000 00:00 0 
7f7d1a400000-7f7d1a410000 rwxp 00000000 00:00 0 
7f7d1a410000-7f7d1a420000 rwxp 00000000 00:00 0 
7f7d1a420000-7f7d1a430000 rwxp 00000000 00:00 0 
7f7d1a430000-7f7d1a440000 rwxp 00000000 00:00 0 
7f7d1a440000-7f7d1a450000 rwxp 00000000 00:00 0 
7f7d1a450000-7f7d1a460000 rwxp 00000000 00:00 0 
7f7d1a460000-7f7d1a470000 rwxp 00000000 00:00 0 
7f7d1a470000-7f7d1a480000 rwxp 00000000 00:00 0 
7f7d1a480000-7f7d20000000 rw-p 00000000 00:00 0 
7f7d20000000-7f7d20e62000 rw-p 00000000 00:00 0 
7f7d20e62000-7f7d24000000 ---p 00000000 00:00 0 
7f7d24001000-7f7d24002000 rw-p 00000000 00:00 0 
7f7d24002000-7f7d24004000 r--s 0000a000 08:01 3933958                    /home/arne/.m2/repository/org/ow2/asm/asm/4.0/asm-4.0.jar
7f7d24004000-7f7d24006000 r--s 00008000 08:01 3933963                    /home/arne/.m2/repository/org/ow2/asm/asm-util/4.0/asm-util-4.0.jar
7f7d24006000-7f7d24008000 r--s 00004000 08:01 3933957                    /home/arne/.m2/repository/org/ow2/asm/asm-tree/4.0/asm-tree-4.0.jar
7f7d24008000-7f7d24009000 r--s 00000000 08:01 4075728                    /home/arne/.m2/repository/clojure-complete/clojure-complete/0.2.3/clojure-complete-0.2.3.jar
7f7d24009000-7f7d2400c000 r--s 0000c000 08:01 3933964                    /home/arne/.m2/repository/org/pegdown/pegdown/1.2.0/pegdown-1.2.0.jar
7f7d2400c000-7f7d2400e000 r--s 00008000 08:01 4075706                    /home/arne/.m2/repository/org/clojure/tools.nrepl/0.2.3/tools.nrepl-0.2.3.jar
7f7d2400e000-7f7d24014000 r--s 00028000 08:01 3933965                    /home/arne/.m2/repository/org/parboiled/parboiled-core/1.1.3/parboiled-core-1.1.3.jar
7f7d24014000-7f7d2405c000 rw-p 00000000 00:00 0 
7f7d2405c000-7f7d240b7000 rw-p 00000000 00:00 0 
7f7d240b7000-7f7d240c1000 rw-p 00000000 00:00 0 
7f7d240c1000-7f7d240c2000 rw-p 00000000 00:00 0 
7f7d240c2000-7f7d240c3000 rw-p 00000000 00:00 0 
7f7d240c3000-7f7d240c4000 rw-p 00000000 00:00 0 
7f7d240c4000-7f7d240c5000 rw-p 00000000 00:00 0 
7f7d240c5000-7f7d240c6000 rw-p 00000000 00:00 0 
7f7d240c6000-7f7d240c7000 rw-p 00000000 00:00 0 
7f7d240c7000-7f7d240c8000 rw-p 00000000 00:00 0 
7f7d240c8000-7f7d240c9000 rw-p 00000000 00:00 0 
7f7d240c9000-7f7d24237000 rw-p 00000000 00:00 0 
7f7d24237000-7f7d2423f000 r-xp 00000000 08:01 1189440                    /usr/lib/jvm/java-7-openjdk/jre/lib/amd64/libzip.so
7f7d2423f000-7f7d2443e000 ---p 00008000 08:01 1189440                    /usr/lib/jvm/java-7-openjdk/jre/lib/amd64/libzip.so
7f7d2443e000-7f7d2443f000 rw-p 00007000 08:01 1189440                    /usr/lib/jvm/java-7-openjdk/jre/lib/amd64/libzip.so
7f7d2443f000-7f7d2444a000 r-xp 00000000 08:01 395376                     /usr/lib/libnss_files-2.18.so
7f7d2444a000-7f7d2464a000 ---p 0000b000 08:01 395376                     /usr/lib/libnss_files-2.18.so
7f7d2464a000-7f7d2464b000 r--p 0000b000 08:01 395376                     /usr/lib/libnss_files-2.18.so
7f7d2464b000-7f7d2464c000 rw-p 0000c000 08:01 395376                     /usr/lib/libnss_files-2.18.so
7f7d2464c000-7f7d24677000 r-xp 00000000 08:01 1189439                    /usr/lib/jvm/java-7-openjdk/jre/lib/amd64/libjava.so
7f7d24677000-7f7d24876000 ---p 0002b000 08:01 1189439                    /usr/lib/jvm/java-7-openjdk/jre/lib/amd64/libjava.so
7f7d24876000-7f7d24878000 rw-p 0002a000 08:01 1189439                    /usr/lib/jvm/java-7-openjdk/jre/lib/amd64/libjava.so
7f7d24878000-7f7d24885000 r-xp 00000000 08:01 1189438                    /usr/lib/jvm/java-7-openjdk/jre/lib/amd64/libverify.so
7f7d24885000-7f7d24a84000 ---p 0000d000 08:01 1189438                    /usr/lib/jvm/java-7-openjdk/jre/lib/amd64/libverify.so
7f7d24a84000-7f7d24a86000 rw-p 0000c000 08:01 1189438                    /usr/lib/jvm/java-7-openjdk/jre/lib/amd64/libverify.so
7f7d24a86000-7f7d24a8d000 r-xp 00000000 08:01 424647                     /usr/lib/librt-2.18.so
7f7d24a8d000-7f7d24c8c000 ---p 00007000 08:01 424647                     /usr/lib/librt-2.18.so
7f7d24c8c000-7f7d24c8d000 r--p 00006000 08:01 424647                     /usr/lib/librt-2.18.so
7f7d24c8d000-7f7d24c8e000 rw-p 00007000 08:01 424647                     /usr/lib/librt-2.18.so
7f7d24c8e000-7f7d24ca3000 r-xp 00000000 08:01 418069                     /usr/lib/libgcc_s.so.1
7f7d24ca3000-7f7d24ea3000 ---p 00015000 08:01 418069                     /usr/lib/libgcc_s.so.1
7f7d24ea3000-7f7d24ea4000 rw-p 00015000 08:01 418069                     /usr/lib/libgcc_s.so.1
7f7d24ea4000-7f7d24fa5000 r-xp 00000000 08:01 410823                     /usr/lib/libm-2.18.so
7f7d24fa5000-7f7d251a5000 ---p 00101000 08:01 410823                     /usr/lib/libm-2.18.so
7f7d251a5000-7f7d251a6000 r--p 00101000 08:01 410823                     /usr/lib/libm-2.18.so
7f7d251a6000-7f7d251a7000 rw-p 00102000 08:01 410823                     /usr/lib/libm-2.18.so
7f7d251a7000-7f7d2528d000 r-xp 00000000 08:01 430533                     /usr/lib/libstdc++.so.6.0.19
7f7d2528d000-7f7d2548c000 ---p 000e6000 08:01 430533                     /usr/lib/libstdc++.so.6.0.19
7f7d2548c000-7f7d25494000 r--p 000e5000 08:01 430533                     /usr/lib/libstdc++.so.6.0.19
7f7d25494000-7f7d25496000 rw-p 000ed000 08:01 430533                     /usr/lib/libstdc++.so.6.0.19
7f7d25496000-7f7d254ab000 rw-p 00000000 00:00 0 
7f7d254ab000-7f7d25f8c000 r-xp 00000000 08:01 1205318                    /usr/lib/jvm/java-7-openjdk/jre/lib/amd64/server/libjvm.so
7f7d25f8c000-7f7d2618b000 ---p 00ae1000 08:01 1205318                    /usr/lib/jvm/java-7-openjdk/jre/lib/amd64/server/libjvm.so
7f7d2618b000-7f7d2623f000 rw-p 00ae0000 08:01 1205318                    /usr/lib/jvm/java-7-openjdk/jre/lib/amd64/server/libjvm.so
7f7d2623f000-7f7d2626d000 rw-p 00000000 00:00 0 
7f7d2626d000-7f7d26282000 r-xp 00000000 08:01 399561                     /usr/lib/libz.so.1.2.8
7f7d26282000-7f7d26481000 ---p 00015000 08:01 399561                     /usr/lib/libz.so.1.2.8
7f7d26481000-7f7d26482000 r--p 00014000 08:01 399561                     /usr/lib/libz.so.1.2.8
7f7d26482000-7f7d26483000 rw-p 00015000 08:01 399561                     /usr/lib/libz.so.1.2.8
7f7d26483000-7f7d26623000 r-xp 00000000 08:01 410978                     /usr/lib/libc-2.18.so
7f7d26623000-7f7d26823000 ---p 001a0000 08:01 410978                     /usr/lib/libc-2.18.so
7f7d26823000-7f7d26827000 r--p 001a0000 08:01 410978                     /usr/lib/libc-2.18.so
7f7d26827000-7f7d26829000 rw-p 001a4000 08:01 410978                     /usr/lib/libc-2.18.so
7f7d26829000-7f7d2682d000 rw-p 00000000 00:00 0 
7f7d2682d000-7f7d26830000 r-xp 00000000 08:01 424650                     /usr/lib/libdl-2.18.so
7f7d26830000-7f7d26a2f000 ---p 00003000 08:01 424650                     /usr/lib/libdl-2.18.so
7f7d26a2f000-7f7d26a30000 r--p 00002000 08:01 424650                     /usr/lib/libdl-2.18.so
7f7d26a30000-7f7d26a31000 rw-p 00003000 08:01 424650                     /usr/lib/libdl-2.18.so
7f7d26a31000-7f7d26a3e000 r-xp 00000000 08:01 1200649                    /usr/lib/jvm/java-7-openjdk/jre/lib/amd64/jli/libjli.so
7f7d26a3e000-7f7d26c3d000 ---p 0000d000 08:01 1200649                    /usr/lib/jvm/java-7-openjdk/jre/lib/amd64/jli/libjli.so
7f7d26c3d000-7f7d26c3e000 rw-p 0000c000 08:01 1200649                    /usr/lib/jvm/java-7-openjdk/jre/lib/amd64/jli/libjli.so
7f7d26c3e000-7f7d26c56000 r-xp 00000000 08:01 399754                     /usr/lib/libpthread-2.18.so
7f7d26c56000-7f7d26e55000 ---p 00018000 08:01 399754                     /usr/lib/libpthread-2.18.so
7f7d26e55000-7f7d26e56000 r--p 00017000 08:01 399754                     /usr/lib/libpthread-2.18.so
7f7d26e56000-7f7d26e57000 rw-p 00018000 08:01 399754                     /usr/lib/libpthread-2.18.so
7f7d26e57000-7f7d26e5b000 rw-p 00000000 00:00 0 
7f7d26e5b000-7f7d26e7b000 r-xp 00000000 08:01 401387                     /usr/lib/ld-2.18.so
7f7d26e7b000-7f7d26e7c000 r--s 00002000 08:01 3933971                    /home/arne/.m2/repository/hiccup/hiccup/1.0.2/hiccup-1.0.2.jar
7f7d26e7c000-7f7d26e9d000 rw-p 00000000 00:00 0 
7f7d26e9d000-7f7d26ec5000 rw-p 00000000 00:00 0 
7f7d26ec5000-7f7d26ef0000 rw-p 00000000 00:00 0 
7f7d26ef0000-7f7d26efb000 rw-p 00000000 00:00 0 
7f7d26efb000-7f7d26f43000 rw-p 00000000 00:00 0 
7f7d26f43000-7f7d26f46000 ---p 00000000 00:00 0 
7f7d26f46000-7f7d27044000 rw-p 00000000 00:00 0                          [stack:1003]
7f7d27044000-7f7d27045000 rw-p 00000000 00:00 0 
7f7d27045000-7f7d27046000 rw-p 00000000 00:00 0 
7f7d27046000-7f7d27047000 rw-p 00000000 00:00 0 
7f7d27047000-7f7d27048000 rw-p 00000000 00:00 0 
7f7d27048000-7f7d27049000 r--s 00004000 08:01 3933962                    /home/arne/.m2/repository/org/ow2/asm/asm-analysis/4.0/asm-analysis-4.0.jar
7f7d27049000-7f7d2704b000 r--s 00010000 08:01 3933959                    /home/arne/.m2/repository/org/parboiled/parboiled-java/1.1.3/parboiled-java-1.1.3.jar
7f7d2704b000-7f7d2704e000 r--s 0000f000 08:01 1051604                    /usr/lib/jvm/java-7-openjdk/jre/lib/ext/pulse-java.jar
7f7d2704e000-7f7d2706f000 rw-p 00000000 00:00 0 
7f7d2706f000-7f7d27077000 rw-s 00000000 00:1e 16808712                   /tmp/hsperfdata_arne/1002
7f7d27077000-7f7d27078000 rw-p 00000000 00:00 0 
7f7d27078000-7f7d27079000 ---p 00000000 00:00 0 
7f7d27079000-7f7d2707a000 rw-p 00000000 00:00 0 
7f7d2707a000-7f7d2707b000 r--p 0001f000 08:01 401387                     /usr/lib/ld-2.18.so
7f7d2707b000-7f7d2707c000 rw-p 00020000 08:01 401387                     /usr/lib/ld-2.18.so
7f7d2707c000-7f7d2707d000 rw-p 00000000 00:00 0 
7fffc52c1000-7fffc52e2000 rw-p 00000000 00:00 0                          [stack]
7fffc5358000-7fffc535a000 r-xp 00000000 00:00 0                          [vdso]
ffffffffff600000-ffffffffff601000 r-xp 00000000 00:00 0                  [vsyscall]

VM Arguments:
jvm_args: -XX:+TieredCompilation -XX:TieredStopAtLevel=1 -Dclojure.compile.path=/home/arne/code/blockstorm.github.com/generator/target/classes -Dgenerator.version=0.1.0-SNAPSHOT -Dfile.encoding=UTF-8 -Dclojure.debug=false -Dawt.useSystemAAFontSettings=on -Dswing.aatext=true -Dswing.defaultlaf=com.sun.java.swing.plaf.gtk.GTKLookAndFeel -Dswing.crossplatformlaf=com.sun.java.swing.plaf.gtk.GTKLookAndFeel 
java_command: clojure.main -i /tmp/form-init8884088833690314215.clj
Launcher Type: SUN_STANDARD

Environment Variables:
JAVA_HOME=/usr/lib/jvm/java-7-openjdk
_JAVA_OPTIONS=-Dawt.useSystemAAFontSettings=on -Dswing.aatext=true -Dswing.defaultlaf=com.sun.java.swing.plaf.gtk.GTKLookAndFeel -Dswing.crossplatformlaf=com.sun.java.swing.plaf.gtk.GTKLookAndFeel
CLASSPATH=:/home/arne/.lein/self-installs/leiningen-2.3.4-standalone.jar
PATH=/usr/local/sbin:/usr/local/bin:/usr/bin:/opt/android-sdk/platform-tools:/opt/android-sdk/tools:/usr/bin/vendor_perl:/usr/bin/core_perl
SHELL=/bin/bash
DISPLAY=:0.0

Signal Handlers:
SIGSEGV: [libjvm.so+0x918a20], sa_mask[0]=0x7ffbfeff, sa_flags=0x10000004
SIGBUS: [libjvm.so+0x918a20], sa_mask[0]=0x7ffbfeff, sa_flags=0x10000004
SIGFPE: [libjvm.so+0x796090], sa_mask[0]=0x7ffbfeff, sa_flags=0x10000004
SIGPIPE: [libjvm.so+0x796090], sa_mask[0]=0x7ffbfeff, sa_flags=0x10000004
SIGXFSZ: [libjvm.so+0x796090], sa_mask[0]=0x7ffbfeff, sa_flags=0x10000004
SIGILL: [libjvm.so+0x796090], sa_mask[0]=0x7ffbfeff, sa_flags=0x10000004
SIGUSR1: SIG_DFL, sa_mask[0]=0x00000000, sa_flags=0x00000000
SIGUSR2: [libjvm.so+0x795f30], sa_mask[0]=0x00000004, sa_flags=0x10000004
SIGHUP: [libjvm.so+0x796110], sa_mask[0]=0x7ffbfeff, sa_flags=0x10000004
SIGINT: [libjvm.so+0x796110], sa_mask[0]=0x7ffbfeff, sa_flags=0x10000004
SIGTERM: [libjvm.so+0x796110], sa_mask[0]=0x7ffbfeff, sa_flags=0x10000004
SIGQUIT: [libjvm.so+0x796110], sa_mask[0]=0x7ffbfeff, sa_flags=0x10000004


---------------  S Y S T E M  ---------------

OS:Linux
uname:Linux 3.12.7-2-ARCH #1 SMP PREEMPT Sun Jan 12 13:09:09 CET 2014 x86_64
libc:glibc 2.18 NPTL 2.18 
rlimit: STACK 8192k, CORE 0k, NPROC 63340, NOFILE 4096, AS infinity
load average:7.47 3.80 2.74

/proc/meminfo:
MemTotal:        8179220 kB
MemFree:          164052 kB
Buffers:            1848 kB
Cached:          1363996 kB
SwapCached:            0 kB
Active:          6224172 kB
Inactive:        1281064 kB
Active(anon):    6145692 kB
Inactive(anon):  1202536 kB
Active(file):      78480 kB
Inactive(file):    78528 kB
Unevictable:          20 kB
Mlocked:              20 kB
SwapTotal:             0 kB
SwapFree:              0 kB
Dirty:                 0 kB
Writeback:             0 kB
AnonPages:       6140008 kB
Mapped:           256732 kB
Shmem:           1208312 kB
Slab:              93300 kB
SReclaimable:      35632 kB
SUnreclaim:        57668 kB
KernelStack:        4824 kB
PageTables:        70784 kB
NFS_Unstable:          0 kB
Bounce:                0 kB
WritebackTmp:          0 kB
CommitLimit:     4089608 kB
Committed_AS:   11306112 kB
VmallocTotal:   34359738367 kB
VmallocUsed:      359064 kB
VmallocChunk:   34359364084 kB
HardwareCorrupted:     0 kB
AnonHugePages:   1116160 kB
HugePages_Total:       0
HugePages_Free:        0
HugePages_Rsvd:        0
HugePages_Surp:        0
Hugepagesize:       2048 kB
DirectMap4k:     7327680 kB
DirectMap2M:     1058816 kB
DirectMap1G:           0 kB


CPU:total 4 (4 cores per cpu, 1 threads per core) family 16 model 4 stepping 3, cmov, cx8, fxsr, mmx, sse, sse2, sse3, popcnt, mmxext, 3dnowpref, lzcnt, sse4a, tsc, tscinvbit, tscinv

/proc/cpuinfo:
processor	: 0
vendor_id	: AuthenticAMD
cpu family	: 16
model		: 4
model name	: AMD Phenom(tm) II X4 955 Processor
stepping	: 3
microcode	: 0x10000c8
cpu MHz		: 3200.000
cache size	: 512 KB
physical id	: 0
siblings	: 4
core id		: 0
cpu cores	: 4
apicid		: 0
initial apicid	: 0
fpu		: yes
fpu_exception	: yes
cpuid level	: 5
wp		: yes
flags		: fpu vme de pse tsc msr pae mce cx8 apic sep mtrr pge mca cmov pat pse36 clflush mmx fxsr sse sse2 ht syscall nx mmxext fxsr_opt pdpe1gb rdtscp lm 3dnowext 3dnow constant_tsc rep_good nopl nonstop_tsc extd_apicid pni monitor cx16 popcnt lahf_lm cmp_legacy svm extapic cr8_legacy abm sse4a misalignsse 3dnowprefetch osvw ibs skinit wdt hw_pstate npt lbrv svm_lock nrip_save
bogomips	: 6431.12
TLB size	: 1024 4K pages
clflush size	: 64
cache_alignment	: 64
address sizes	: 48 bits physical, 48 bits virtual
power management: ts ttp tm stc 100mhzsteps hwpstate

processor	: 1
vendor_id	: AuthenticAMD
cpu family	: 16
model		: 4
model name	: AMD Phenom(tm) II X4 955 Processor
stepping	: 3
microcode	: 0x10000c8
cpu MHz		: 3200.000
cache size	: 512 KB
physical id	: 0
siblings	: 4
core id		: 1
cpu cores	: 4
apicid		: 1
initial apicid	: 1
fpu		: yes
fpu_exception	: yes
cpuid level	: 5
wp		: yes
flags		: fpu vme de pse tsc msr pae mce cx8 apic sep mtrr pge mca cmov pat pse36 clflush mmx fxsr sse sse2 ht syscall nx mmxext fxsr_opt pdpe1gb rdtscp lm 3dnowext 3dnow constant_tsc rep_good nopl nonstop_tsc extd_apicid pni monitor cx16 popcnt lahf_lm cmp_legacy svm extapic cr8_legacy abm sse4a misalignsse 3dnowprefetch osvw ibs skinit wdt hw_pstate npt lbrv svm_lock nrip_save
bogomips	: 6431.12
TLB size	: 1024 4K pages
clflush size	: 64
cache_alignment	: 64
address sizes	: 48 bits physical, 48 bits virtual
power management: ts ttp tm stc 100mhzsteps hwpstate

processor	: 2
vendor_id	: AuthenticAMD
cpu family	: 16
model		: 4
model name	: AMD Phenom(tm) II X4 955 Processor
stepping	: 3
microcode	: 0x10000c8
cpu MHz		: 2500.000
cache size	: 512 KB
physical id	: 0
siblings	: 4
core id		: 3
cpu cores	: 4
apicid		: 2
initial apicid	: 3
fpu		: yes
fpu_exception	: yes
cpuid level	: 5
wp		: yes
flags		: fpu vme de pse tsc msr pae mce cx8 apic sep mtrr pge mca cmov pat pse36 clflush mmx fxsr sse sse2 ht syscall nx mmxext fxsr_opt pdpe1gb rdtscp lm 3dnowext 3dnow constant_tsc rep_good nopl nonstop_tsc extd_apicid pni monitor cx16 popcnt lahf_lm cmp_legacy svm extapic cr8_legacy abm sse4a misalignsse 3dnowprefetch osvw ibs skinit wdt hw_pstate npt lbrv svm_lock nrip_save
bogomips	: 6431.12
TLB size	: 1024 4K pages
clflush size	: 64
cache_alignment	: 64
address sizes	: 48 bits physical, 48 bits virtual
power management: ts ttp tm stc 100mhzsteps hwpstate

processor	: 3
vendor_id	: AuthenticAMD
cpu family	: 16
model		: 4
model name	: AMD Phenom(tm) II X4 955 Processor
stepping	: 3
microcode	: 0x10000c8
cpu MHz		: 3200.000
cache size	: 512 KB
physical id	: 0
siblings	: 4
core id		: 2
cpu cores	: 4
apicid		: 3
initial apicid	: 2
fpu		: yes
fpu_exception	: yes
cpuid level	: 5
wp		: yes
flags		: fpu vme de pse tsc msr pae mce cx8 apic sep mtrr pge mca cmov pat pse36 clflush mmx fxsr sse sse2 ht syscall nx mmxext fxsr_opt pdpe1gb rdtscp lm 3dnowext 3dnow constant_tsc rep_good nopl nonstop_tsc extd_apicid pni monitor cx16 popcnt lahf_lm cmp_legacy svm extapic cr8_legacy abm sse4a misalignsse 3dnowprefetch osvw ibs skinit wdt hw_pstate npt lbrv svm_lock nrip_save
bogomips	: 6431.12
TLB size	: 1024 4K pages
clflush size	: 64
cache_alignment	: 64
address sizes	: 48 bits physical, 48 bits virtual
power management: ts ttp tm stc 100mhzsteps hwpstate



Memory: 4k page, physical 8179220k(164052k free), swap 0k(0k free)

vm_info: OpenJDK 64-Bit Server VM (24.51-b03) for linux-amd64 JRE (1.7.0_51-b31), built on Jan 29 2014 14:05:34 by "nobody" with gcc 4.8.2 20131219 (prerelease)

time: Mon Feb 10 16:09:07 2014
elapsed time: 4 seconds

