#
# There is insufficient memory for the Java Runtime Environment to continue.
# Native memory allocation (malloc) failed to allocate 270532608 bytes for committing reserved memory.
# Possible reasons:
#   The system is out of physical RAM or swap space
#   In 32 bit mode, the process size limit was hit
# Possible solutions:
#   Reduce memory load on the system
#   Increase physical memory or swap space
#   Check if swap backing store is full
#   Use 64 bit Java on a 64 bit OS
#   Decrease Java heap size (-Xmx/-Xms)
#   Decrease number of Java threads
#   Decrease Java thread stack sizes (-Xss)
#   Set larger code cache with -XX:ReservedCodeCacheSize=
# This output file may be truncated or incomplete.
#
#  Out of Memory Error (os_linux.cpp:2798), pid=16607, tid=139886701504256
#
# JRE version: OpenJDK Runtime Environment (7.0_75-b13) (build 1.7.0_75-b13)
# Java VM: OpenJDK 64-Bit Server VM (24.75-b04 mixed mode linux-amd64 compressed oops)
# Derivative: IcedTea 2.5.4
# Distribution: Custom build (Fri Jan 23 11:00:44 UTC 2015)
# Failed to write core dump. Core dumps have been disabled. To enable core dumping, try "ulimit -c unlimited" before starting Java again
#

---------------  T H R E A D  ---------------

Current thread (0x00007f39f0074800):  VMThread [stack: 0x00007f39e916e000,0x00007f39e926f000] [id=16618]

Stack: [0x00007f39e916e000,0x00007f39e926f000],  sp=0x00007f39e926d4e0,  free space=1021k
Native frames: (J=compiled Java code, j=interpreted, Vv=VM code, C=native code)
V  [libjvm.so+0x97dfb6]
V  [libjvm.so+0x48e252]
V  [libjvm.so+0x7f188b]
V  [libjvm.so+0x7ebffe]
V  [libjvm.so+0x85e83b]
V  [libjvm.so+0x85f6e3]
V  [libjvm.so+0x85fdfb]
V  [libjvm.so+0x85b809]
V  [libjvm.so+0x85bfe8]
V  [libjvm.so+0x813d53]
V  [libjvm.so+0x97f882]
V  [libjvm.so+0x984107]
V  [libjvm.so+0x9826fb]
V  [libjvm.so+0x982da6]
V  [libjvm.so+0x983271]
V  [libjvm.so+0x7ee7d2]

VM_Operation (0x00007f39e2fe34b0): ParallelGCFailedAllocation, mode: safepoint, requested by thread 0x00007f39f0bb3000


---------------  P R O C E S S  ---------------

Java Threads: ( => current thread )
  0x00007f399c00a800 JavaThread "nREPL-worker-0" daemon [_thread_blocked, id=16640, stack(0x00007f39e28df000,0x00007f39e29e0000)]
  0x00007f3994001000 JavaThread "clojure-agent-send-off-pool-6" [_thread_in_native, id=16638, stack(0x00007f39e29e0000,0x00007f39e2ae1000)]
  0x00007f399c003000 JavaThread "clojure-agent-send-off-pool-5" [_thread_in_native, id=16637, stack(0x00007f39e2ae1000,0x00007f39e2be2000)]
  0x00007f399c001000 JavaThread "clojure-agent-send-off-pool-4" [_thread_blocked, id=16636, stack(0x00007f39e2be2000,0x00007f39e2ce3000)]
  0x00007f39f0bcc800 JavaThread "clojure-agent-send-off-pool-3" [_thread_in_native, id=16633, stack(0x00007f39e2ce3000,0x00007f39e2de4000)]
  0x00007f39f0bc9800 JavaThread "clojure-agent-send-off-pool-2" [_thread_blocked, id=16631, stack(0x00007f39e2de4000,0x00007f39e2ee5000)]
  0x00007f39f0bb3000 JavaThread "clojure-agent-send-off-pool-1" [_thread_blocked, id=16630, stack(0x00007f39e2ee5000,0x00007f39e2fe6000)]
  0x00007f39f0bb6800 JavaThread "clojure-agent-send-off-pool-0" [_thread_blocked, id=16629, stack(0x00007f39e2fe6000,0x00007f39e30e7000)]
  0x00007f39f00af800 JavaThread "Service Thread" daemon [_thread_blocked, id=16625, stack(0x00007f39e88de000,0x00007f39e89df000)]
  0x00007f39f00ad000 JavaThread "C1 CompilerThread2" daemon [_thread_blocked, id=16624, stack(0x00007f39e89df000,0x00007f39e8ae0000)]
  0x00007f39f00ab000 JavaThread "C2 CompilerThread1" daemon [_thread_blocked, id=16623, stack(0x00007f39e8ae0000,0x00007f39e8be1000)]
  0x00007f39f00a8000 JavaThread "C2 CompilerThread0" daemon [_thread_blocked, id=16622, stack(0x00007f39e8be1000,0x00007f39e8ce2000)]
  0x00007f39f00a6000 JavaThread "Signal Dispatcher" daemon [_thread_blocked, id=16621, stack(0x00007f39e8ce2000,0x00007f39e8de3000)]
  0x00007f39f007b000 JavaThread "Finalizer" daemon [_thread_blocked, id=16620, stack(0x00007f39e8f6c000,0x00007f39e906d000)]
  0x00007f39f0079000 JavaThread "Reference Handler" daemon [_thread_blocked, id=16619, stack(0x00007f39e906d000,0x00007f39e916e000)]
  0x00007f39f0009000 JavaThread "main" [_thread_blocked, id=16611, stack(0x00007f39f82e9000,0x00007f39f83ea000)]

Other Threads:
=>0x00007f39f0074800 VMThread [stack: 0x00007f39e916e000,0x00007f39e926f000] [id=16618]
  0x00007f39f00ba000 WatcherThread [stack: 0x00007f39e87dd000,0x00007f39e88de000] [id=16626]

VM state:at safepoint (normal execution)

VM Mutex/Monitor currently owned by a thread:  ([mutex/lock_event])
[0x00007f39f0006da0] Threads_lock - owner thread: 0x00007f39f0074800
[0x00007f39f00072a0] Heap_lock - owner thread: 0x00007f39f0bb3000

Heap
 PSYoungGen      total 269824K, used 8704K [0x00000007d6600000, 0x00000007e7700000, 0x0000000800000000)
  eden space 261120K, 0% used [0x00000007d6600000,0x00000007d6600000,0x00000007e6500000)
  from space 8704K, 100% used [0x00000007e6500000,0x00000007e6d80000,0x00000007e6d80000)
  to   space 7680K, 0% used [0x00000007e6d80000,0x00000007e6d80000,0x00000007e7500000)
 ParOldGen       total 84992K, used 6677K [0x0000000783200000, 0x0000000788500000, 0x00000007d6600000)
  object space 84992K, 7% used [0x0000000783200000,0x00000007838855f8,0x0000000788500000)
 PSPermGen       total 21504K, used 17368K [0x0000000778c00000, 0x000000077a100000, 0x0000000783200000)
  object space 21504K, 80% used [0x0000000778c00000,0x0000000779cf62a8,0x000000077a100000)

Card table byte_map: [0x00007f39f4fb0000,0x00007f39f53eb000] byte_map_base: 0x00007f39f13ea000

Polling page: 0x00007f39f842a000

Code Cache  [0x00007f39ea000000, 0x00007f39ea470000, 0x00007f39f0000000)
 total_blobs=2133 nmethods=1834 adapters=234 free_code_cache=93782Kb largest_free_block=96031680

Compilation events (10 events):
Event: 2.801 Thread 0x00007f39f00ad000 1835       1       clojure.lang.PersistentArrayMap$Iter::hasNext (20 bytes)
Event: 2.801 Thread 0x00007f39f00ad000 nmethod 1835 0x00007f39ea4691d0 code [0x00007f39ea469320, 0x00007f39ea469490]
Event: 2.829 Thread 0x00007f39f00ad000 1836   !   1       clojure.lang.RT::classForName (15 bytes)
Event: 2.829 Thread 0x00007f39f00ad000 nmethod 1836 0x00007f39ea469510 code [0x00007f39ea469680, 0x00007f39ea4698a8]
Event: 2.829 Thread 0x00007f39f00ad000 1837       1       java.lang.Integer::toString (8 bytes)
Event: 2.830 Thread 0x00007f39f00ad000 nmethod 1837 0x00007f39ea4699d0 code [0x00007f39ea469b20, 0x00007f39ea469c88]
Event: 2.830 Thread 0x00007f39f00ad000 1838       1       java.lang.Integer::toString (48 bytes)
Event: 2.830 Thread 0x00007f39f00ad000 nmethod 1838 0x00007f39ea469d10 code [0x00007f39ea469ea0, 0x00007f39ea46a1c8]
Event: 2.835 Thread 0x00007f39f00ad000 1839       1       clojure.core$keyword::invoke (110 bytes)
Event: 2.835 Thread 0x00007f39f00ad000 nmethod 1839 0x00007f39ea46a410 code [0x00007f39ea46a5e0, 0x00007f39ea46aa18]

GC Heap History (10 events):
Event: 1.413 GC heap after
Heap after GC invocations=2 (full 0):
 PSYoungGen      total 70656K, used 4801K [0x00000007d6600000, 0x00000007db000000, 0x0000000800000000)
  eden space 65536K, 0% used [0x00000007d6600000,0x00000007d6600000,0x00000007da600000)
  from space 5120K, 93% used [0x00000007dab00000,0x00000007dafb0700,0x00000007db000000)
  to   space 5120K, 0% used [0x00000007da600000,0x00000007da600000,0x00000007dab00000)
 ParOldGen       total 84992K, used 108K [0x0000000783200000, 0x0000000788500000, 0x00000007d6600000)
  object space 84992K, 0% used [0x0000000783200000,0x000000078321b238,0x0000000788500000)
 PSPermGen       total 21504K, used 12646K [0x0000000778c00000, 0x000000077a100000, 0x0000000783200000)
  object space 21504K, 58% used [0x0000000778c00000,0x00000007798599f8,0x000000077a100000)
}
Event: 2.006 GC heap before
{Heap before GC invocations=3 (full 0):
 PSYoungGen      total 70656K, used 70337K [0x00000007d6600000, 0x00000007db000000, 0x0000000800000000)
  eden space 65536K, 100% used [0x00000007d6600000,0x00000007da600000,0x00000007da600000)
  from space 5120K, 93% used [0x00000007dab00000,0x00000007dafb0700,0x00000007db000000)
  to   space 5120K, 0% used [0x00000007da600000,0x00000007da600000,0x00000007dab00000)
 ParOldGen       total 84992K, used 108K [0x0000000783200000, 0x0000000788500000, 0x00000007d6600000)
  object space 84992K, 0% used [0x0000000783200000,0x000000078321b238,0x0000000788500000)
 PSPermGen       total 21504K, used 14574K [0x0000000778c00000, 0x000000077a100000, 0x0000000783200000)
  object space 21504K, 67% used [0x0000000778c00000,0x0000000779a3baf0,0x000000077a100000)
Event: 2.021 GC heap after
Heap after GC invocations=3 (full 0):
 PSYoungGen      total 70656K, used 5091K [0x00000007d6600000, 0x00000007df000000, 0x0000000800000000)
  eden space 65536K, 0% used [0x00000007d6600000,0x00000007d6600000,0x00000007da600000)
  from space 5120K, 99% used [0x00000007da600000,0x00000007daaf8e10,0x00000007dab00000)
  to   space 5120K, 0% used [0x00000007deb00000,0x00000007deb00000,0x00000007df000000)
 ParOldGen       total 84992K, used 227K [0x0000000783200000, 0x0000000788500000, 0x00000007d6600000)
  object space 84992K, 0% used [0x0000000783200000,0x0000000783238f40,0x0000000788500000)
 PSPermGen       total 21504K, used 14574K [0x0000000778c00000, 0x000000077a100000, 0x0000000783200000)
  object space 21504K, 67% used [0x0000000778c00000,0x0000000779a3baf0,0x000000077a100000)
}
Event: 2.478 GC heap before
{Heap before GC invocations=4 (full 0):
 PSYoungGen      total 70656K, used 70627K [0x00000007d6600000, 0x00000007df000000, 0x0000000800000000)
  eden space 65536K, 100% used [0x00000007d6600000,0x00000007da600000,0x00000007da600000)
  from space 5120K, 99% used [0x00000007da600000,0x00000007daaf8e10,0x00000007dab00000)
  to   space 5120K, 0% used [0x00000007deb00000,0x00000007deb00000,0x00000007df000000)
 ParOldGen       total 84992K, used 227K [0x0000000783200000, 0x0000000788500000, 0x00000007d6600000)
  object space 84992K, 0% used [0x0000000783200000,0x0000000783238f40,0x0000000788500000)
 PSPermGen       total 21504K, used 16712K [0x0000000778c00000, 0x000000077a100000, 0x0000000783200000)
  object space 21504K, 77% used [0x0000000778c00000,0x0000000779c523c8,0x000000077a100000)
Event: 2.504 GC heap after
Heap after GC invocations=4 (full 0):
 PSYoungGen      total 136192K, used 5120K [0x00000007d6600000, 0x00000007df000000, 0x0000000800000000)
  eden space 131072K, 0% used [0x00000007d6600000,0x00000007d6600000,0x00000007de600000)
  from space 5120K, 100% used [0x00000007deb00000,0x00000007df000000,0x00000007df000000)
  to   space 5120K, 0% used [0x00000007de600000,0x00000007de600000,0x00000007deb00000)
 ParOldGen       total 84992K, used 1650K [0x0000000783200000, 0x0000000788500000, 0x00000007d6600000)
  object space 84992K, 1% used [0x0000000783200000,0x000000078339ca40,0x0000000788500000)
 PSPermGen       total 21504K, used 16712K [0x0000000778c00000, 0x000000077a100000, 0x0000000783200000)
  object space 21504K, 77% used [0x0000000778c00000,0x0000000779c523c8,0x000000077a100000)
}
Event: 2.684 GC heap before
{Heap before GC invocations=5 (full 0):
 PSYoungGen      total 136192K, used 136192K [0x00000007d6600000, 0x00000007df000000, 0x0000000800000000)
  eden space 131072K, 100% used [0x00000007d6600000,0x00000007de600000,0x00000007de600000)
  from space 5120K, 100% used [0x00000007deb00000,0x00000007df000000,0x00000007df000000)
  to   space 5120K, 0% used [0x00000007de600000,0x00000007de600000,0x00000007deb00000)
 ParOldGen       total 84992K, used 1650K [0x0000000783200000, 0x0000000788500000, 0x00000007d6600000)
  object space 84992K, 1% used [0x0000000783200000,0x000000078339ca40,0x0000000788500000)
 PSPermGen       total 21504K, used 17227K [0x0000000778c00000, 0x000000077a100000, 0x0000000783200000)
  object space 21504K, 80% used [0x0000000778c00000,0x0000000779cd2da0,0x000000077a100000)
Event: 2.700 GC heap after
Heap after GC invocations=5 (full 0):
 PSYoungGen      total 136192K, used 5088K [0x00000007d6600000, 0x00000007e7500000, 0x0000000800000000)
  eden space 131072K, 0% used [0x00000007d6600000,0x00000007d6600000,0x00000007de600000)
  from space 5120K, 99% used [0x00000007de600000,0x00000007deaf8020,0x00000007deb00000)
  to   space 7680K, 0% used [0x00000007e6d80000,0x00000007e6d80000,0x00000007e7500000)
 ParOldGen       total 84992K, used 3816K [0x0000000783200000, 0x0000000788500000, 0x00000007d6600000)
  object space 84992K, 4% used [0x0000000783200000,0x00000007835ba0b8,0x0000000788500000)
 PSPermGen       total 21504K, used 17227K [0x0000000778c00000, 0x000000077a100000, 0x0000000783200000)
  object space 21504K, 80% used [0x0000000778c00000,0x0000000779cd2da0,0x000000077a100000)
}
Event: 2.803 GC heap before
{Heap before GC invocations=6 (full 0):
 PSYoungGen      total 136192K, used 136160K [0x00000007d6600000, 0x00000007e7500000, 0x0000000800000000)
  eden space 131072K, 100% used [0x00000007d6600000,0x00000007de600000,0x00000007de600000)
  from space 5120K, 99% used [0x00000007de600000,0x00000007deaf8020,0x00000007deb00000)
  to   space 7680K, 0% used [0x00000007e6d80000,0x00000007e6d80000,0x00000007e7500000)
 ParOldGen       total 84992K, used 3816K [0x0000000783200000, 0x0000000788500000, 0x00000007d6600000)
  object space 84992K, 4% used [0x0000000783200000,0x00000007835ba0b8,0x0000000788500000)
 PSPermGen       total 21504K, used 17345K [0x0000000778c00000, 0x000000077a100000, 0x0000000783200000)
  object space 21504K, 80% used [0x0000000778c00000,0x0000000779cf0408,0x000000077a100000)
Event: 2.822 GC heap after
Heap after GC invocations=6 (full 0):
 PSYoungGen      total 268800K, used 7621K [0x00000007d6600000, 0x00000007e7700000, 0x0000000800000000)
  eden space 261120K, 0% used [0x00000007d6600000,0x00000007d6600000,0x00000007e6500000)
  from space 7680K, 99% used [0x00000007e6d80000,0x00000007e74f1738,0x00000007e7500000)
  to   space 8704K, 0% used [0x00000007e6500000,0x00000007e6500000,0x00000007e6d80000)
 ParOldGen       total 84992K, used 3816K [0x0000000783200000, 0x0000000788500000, 0x00000007d6600000)
  object space 84992K, 4% used [0x0000000783200000,0x00000007835ba0b8,0x0000000788500000)
 PSPermGen       total 21504K, used 17345K [0x0000000778c00000, 0x000000077a100000, 0x0000000783200000)
  object space 21504K, 80% used [0x0000000778c00000,0x0000000779cf0408,0x000000077a100000)
}
Event: 3.108 GC heap before
{Heap before GC invocations=7 (full 0):
 PSYoungGen      total 268800K, used 268741K [0x00000007d6600000, 0x00000007e7700000, 0x0000000800000000)
  eden space 261120K, 100% used [0x00000007d6600000,0x00000007e6500000,0x00000007e6500000)
  from space 7680K, 99% used [0x00000007e6d80000,0x00000007e74f1738,0x00000007e7500000)
  to   space 8704K, 0% used [0x00000007e6500000,0x00000007e6500000,0x00000007e6d80000)
 ParOldGen       total 84992K, used 3816K [0x0000000783200000, 0x0000000788500000, 0x00000007d6600000)
  object space 84992K, 4% used [0x0000000783200000,0x00000007835ba0b8,0x0000000788500000)
 PSPermGen       total 21504K, used 17368K [0x0000000778c00000, 0x000000077a100000, 0x0000000783200000)
  object space 21504K, 80% used [0x0000000778c00000,0x0000000779cf62a8,0x000000077a100000)

Deoptimization events (0 events):
No events

Internal exceptions (10 events):
Event: 2.776 Thread 0x00007f399c00a800 Threw 0x00000007dbb9f860 at /build/java7-openjdk/src/icedtea-2.5.4/openjdk/hotspot/src/share/vm/prims/jvm.cpp:1284
Event: 2.776 Thread 0x00007f399c00a800 Threw 0x00000007dbb9ff08 at /build/java7-openjdk/src/icedtea-2.5.4/openjdk/hotspot/src/share/vm/prims/jvm.cpp:1284
Event: 2.776 Thread 0x00007f399c00a800 Threw 0x00000007dbba04b0 at /build/java7-openjdk/src/icedtea-2.5.4/openjdk/hotspot/src/share/vm/prims/jvm.cpp:1284
Event: 2.777 Thread 0x00007f399c00a800 Threw 0x00000007dbba0958 at /build/java7-openjdk/src/icedtea-2.5.4/openjdk/hotspot/src/share/vm/prims/jvm.cpp:1284
Event: 2.777 Thread 0x00007f399c00a800 Threw 0x00000007dbba0e00 at /build/java7-openjdk/src/icedtea-2.5.4/openjdk/hotspot/src/share/vm/prims/jvm.cpp:1284
Event: 2.777 Thread 0x00007f399c00a800 Threw 0x00000007dbba12a8 at /build/java7-openjdk/src/icedtea-2.5.4/openjdk/hotspot/src/share/vm/prims/jvm.cpp:1284
Event: 2.777 Thread 0x00007f399c00a800 Threw 0x00000007dbba1750 at /build/java7-openjdk/src/icedtea-2.5.4/openjdk/hotspot/src/share/vm/prims/jvm.cpp:1284
Event: 2.777 Thread 0x00007f399c00a800 Threw 0x00000007dbba1bf8 at /build/java7-openjdk/src/icedtea-2.5.4/openjdk/hotspot/src/share/vm/prims/jvm.cpp:1284
Event: 2.777 Thread 0x00007f399c00a800 Threw 0x00000007dbba20a0 at /build/java7-openjdk/src/icedtea-2.5.4/openjdk/hotspot/src/share/vm/prims/jvm.cpp:1284
Event: 2.786 Thread 0x00007f399c00a800 Threw 0x00000007dc80ed50 at /build/java7-openjdk/src/icedtea-2.5.4/openjdk/hotspot/src/share/vm/prims/jvm.cpp:1284

Events (10 events):
Event: 2.700 Executing VM operation: ParallelGCFailedAllocation done
Event: 2.776 loading class 0x00007f39f005ec60
Event: 2.776 loading class 0x00007f39f005ec60 done
Event: 2.776 loading class 0x00007f39f005ec60
Event: 2.776 loading class 0x00007f39f005ec60 done
Event: 2.785 loading class 0x00007f39f0c21e90
Event: 2.786 loading class 0x00007f39f0c21e90 done
Event: 2.802 Executing VM operation: ParallelGCFailedAllocation
Event: 2.822 Executing VM operation: ParallelGCFailedAllocation done
Event: 3.106 Executing VM operation: ParallelGCFailedAllocation


Dynamic libraries:
00400000-00401000 r-xp 00000000 08:01 1072338                            /usr/lib/jvm/java-7-openjdk/jre/bin/java
00600000-00601000 rw-p 00000000 08:01 1072338                            /usr/lib/jvm/java-7-openjdk/jre/bin/java
0089d000-008be000 rw-p 00000000 00:00 0                                  [heap]
778c00000-77a100000 rw-p 00000000 00:00 0 
77a100000-783200000 rw-p 00000000 00:00 0 
783200000-788500000 rw-p 00000000 00:00 0 
788500000-7d6600000 rw-p 00000000 00:00 0 
7d6600000-7e7700000 rw-p 00000000 00:00 0 
7f7900000-800000000 rw-p 00000000 00:00 0 
7f3980000000-7f39800c5000 rw-p 00000000 00:00 0 
7f39800c5000-7f3984000000 ---p 00000000 00:00 0 
7f3988000000-7f3988021000 rw-p 00000000 00:00 0 
7f3988021000-7f398c000000 ---p 00000000 00:00 0 
7f398c000000-7f398c021000 rw-p 00000000 00:00 0 
7f398c021000-7f3990000000 ---p 00000000 00:00 0 
7f3990000000-7f3990021000 rw-p 00000000 00:00 0 
7f3990021000-7f3994000000 ---p 00000000 00:00 0 
7f3994000000-7f3994021000 rw-p 00000000 00:00 0 
7f3994021000-7f3998000000 ---p 00000000 00:00 0 
7f3998000000-7f3998047000 rw-p 00000000 00:00 0 
7f3998047000-7f399c000000 ---p 00000000 00:00 0 
7f399c000000-7f399c021000 rw-p 00000000 00:00 0 
7f399c021000-7f39a0000000 ---p 00000000 00:00 0 
7f39a0000000-7f39a0021000 rw-p 00000000 00:00 0 
7f39a0021000-7f39a4000000 ---p 00000000 00:00 0 
7f39a4000000-7f39a408e000 rw-p 00000000 00:00 0 
7f39a408e000-7f39a8000000 ---p 00000000 00:00 0 
7f39a8000000-7f39a8353000 rw-p 00000000 00:00 0 
7f39a8353000-7f39ac000000 ---p 00000000 00:00 0 
7f39ac000000-7f39ac021000 rw-p 00000000 00:00 0 
7f39ac021000-7f39b0000000 ---p 00000000 00:00 0 
7f39b0000000-7f39b0021000 rw-p 00000000 00:00 0 
7f39b0021000-7f39b4000000 ---p 00000000 00:00 0 
7f39b4000000-7f39b4021000 rw-p 00000000 00:00 0 
7f39b4021000-7f39b8000000 ---p 00000000 00:00 0 
7f39b8000000-7f39b8021000 rw-p 00000000 00:00 0 
7f39b8021000-7f39bc000000 ---p 00000000 00:00 0 
7f39bc000000-7f39bc021000 rw-p 00000000 00:00 0 
7f39bc021000-7f39c0000000 ---p 00000000 00:00 0 
7f39c0000000-7f39c0021000 rw-p 00000000 00:00 0 
7f39c0021000-7f39c4000000 ---p 00000000 00:00 0 
7f39c7c60000-7f39cc000000 rw-p 00000000 00:00 0 
7f39cc000000-7f39cc021000 rw-p 00000000 00:00 0 
7f39cc021000-7f39d0000000 ---p 00000000 00:00 0 
7f39d0000000-7f39d0021000 rw-p 00000000 00:00 0 
7f39d0021000-7f39d4000000 ---p 00000000 00:00 0 
7f39d4000000-7f39d4021000 rw-p 00000000 00:00 0 
7f39d4021000-7f39d8000000 ---p 00000000 00:00 0 
7f39dc000000-7f39dc021000 rw-p 00000000 00:00 0 
7f39dc021000-7f39e0000000 ---p 00000000 00:00 0 
7f39e28df000-7f39e28e2000 ---p 00000000 00:00 0 
7f39e28e2000-7f39e29e0000 rw-p 00000000 00:00 0                          [stack:16640]
7f39e29e0000-7f39e29e3000 ---p 00000000 00:00 0 
7f39e29e3000-7f39e2ae1000 rw-p 00000000 00:00 0                          [stack:16638]
7f39e2ae1000-7f39e2ae4000 ---p 00000000 00:00 0 
7f39e2ae4000-7f39e2be2000 rw-p 00000000 00:00 0                          [stack:16637]
7f39e2be2000-7f39e2be5000 ---p 00000000 00:00 0 
7f39e2be5000-7f39e2ce3000 rw-p 00000000 00:00 0                          [stack:16636]
7f39e2ce3000-7f39e2ce6000 ---p 00000000 00:00 0 
7f39e2ce6000-7f39e2de4000 rw-p 00000000 00:00 0                          [stack:16633]
7f39e2de4000-7f39e2de7000 ---p 00000000 00:00 0 
7f39e2de7000-7f39e2ee5000 rw-p 00000000 00:00 0                          [stack:16631]
7f39e2ee5000-7f39e2ee8000 ---p 00000000 00:00 0 
7f39e2ee8000-7f39e2fe6000 rw-p 00000000 00:00 0                          [stack:16630]
7f39e2fe6000-7f39e2fe9000 ---p 00000000 00:00 0 
7f39e2fe9000-7f39e30e7000 rw-p 00000000 00:00 0                          [stack:16629]
7f39e30e7000-7f39e30fb000 r-xp 00000000 08:01 394380                     /usr/lib/libresolv-2.20.so
7f39e30fb000-7f39e32fa000 ---p 00014000 08:01 394380                     /usr/lib/libresolv-2.20.so
7f39e32fa000-7f39e32fc000 r--p 00013000 08:01 394380                     /usr/lib/libresolv-2.20.so
7f39e32fc000-7f39e32fd000 rw-p 00015000 08:01 394380                     /usr/lib/libresolv-2.20.so
7f39e32fd000-7f39e32ff000 rw-p 00000000 00:00 0 
7f39e32ff000-7f39e336d000 r-xp 00000000 08:01 401455                     /usr/lib/libpcre.so.1.2.4
7f39e336d000-7f39e356c000 ---p 0006e000 08:01 401455                     /usr/lib/libpcre.so.1.2.4
7f39e356c000-7f39e356d000 r--p 0006d000 08:01 401455                     /usr/lib/libpcre.so.1.2.4
7f39e356d000-7f39e356e000 rw-p 0006e000 08:01 401455                     /usr/lib/libpcre.so.1.2.4
7f39e356e000-7f39e3571000 r-xp 00000000 08:01 405880                     /usr/lib/libgmodule-2.0.so.0.4200.1
7f39e3571000-7f39e3770000 ---p 00003000 08:01 405880                     /usr/lib/libgmodule-2.0.so.0.4200.1
7f39e3770000-7f39e3771000 r--p 00002000 08:01 405880                     /usr/lib/libgmodule-2.0.so.0.4200.1
7f39e3771000-7f39e3772000 rw-p 00003000 08:01 405880                     /usr/lib/libgmodule-2.0.so.0.4200.1
7f39e3772000-7f39e377a000 r-xp 00000000 08:01 417600                     /usr/lib/libffi.so.6.0.4
7f39e377a000-7f39e3979000 ---p 00008000 08:01 417600                     /usr/lib/libffi.so.6.0.4
7f39e3979000-7f39e397a000 r--p 00007000 08:01 417600                     /usr/lib/libffi.so.6.0.4
7f39e397a000-7f39e397b000 rw-p 00008000 08:01 417600                     /usr/lib/libffi.so.6.0.4
7f39e397b000-7f39e3a87000 r-xp 00000000 08:01 405335                     /usr/lib/libglib-2.0.so.0.4200.1
7f39e3a87000-7f39e3c86000 ---p 0010c000 08:01 405335                     /usr/lib/libglib-2.0.so.0.4200.1
7f39e3c86000-7f39e3c87000 r--p 0010b000 08:01 405335                     /usr/lib/libglib-2.0.so.0.4200.1
7f39e3c87000-7f39e3c88000 rw-p 0010c000 08:01 405335                     /usr/lib/libglib-2.0.so.0.4200.1
7f39e3c88000-7f39e3c89000 rw-p 00000000 00:00 0 
7f39e3c89000-7f39e3df8000 r-xp 00000000 08:01 405884                     /usr/lib/libgio-2.0.so.0.4200.1
7f39e3df8000-7f39e3ff8000 ---p 0016f000 08:01 405884                     /usr/lib/libgio-2.0.so.0.4200.1
7f39e3ff8000-7f39e3ffc000 r--p 0016f000 08:01 405884                     /usr/lib/libgio-2.0.so.0.4200.1
7f39e3ffc000-7f39e3ffe000 rw-p 00173000 08:01 405884                     /usr/lib/libgio-2.0.so.0.4200.1
7f39e3ffe000-7f39e4000000 rw-p 00000000 00:00 0 
7f39e4000000-7f39e4021000 rw-p 00000000 00:00 0 
7f39e4021000-7f39e8000000 ---p 00000000 00:00 0 
7f39e80eb000-7f39e813b000 r-xp 00000000 08:01 405883                     /usr/lib/libgobject-2.0.so.0.4200.1
7f39e813b000-7f39e833a000 ---p 00050000 08:01 405883                     /usr/lib/libgobject-2.0.so.0.4200.1
7f39e833a000-7f39e833b000 r--p 0004f000 08:01 405883                     /usr/lib/libgobject-2.0.so.0.4200.1
7f39e833b000-7f39e833c000 rw-p 00050000 08:01 405883                     /usr/lib/libgobject-2.0.so.0.4200.1
7f39e8375000-7f39e8379000 r--s 0004d000 08:01 1051579                    /usr/lib/jvm/java-7-openjdk/jre/lib/jsse.jar
7f39e8379000-7f39e8390000 r-xp 00000000 08:01 1189400                    /usr/lib/jvm/java-7-openjdk/jre/lib/amd64/libnet.so
7f39e8390000-7f39e858f000 ---p 00017000 08:01 1189400                    /usr/lib/jvm/java-7-openjdk/jre/lib/amd64/libnet.so
7f39e858f000-7f39e8590000 rw-p 00016000 08:01 1189400                    /usr/lib/jvm/java-7-openjdk/jre/lib/amd64/libnet.so
7f39e8590000-7f39e85a0000 r-xp 00000000 08:01 1189402                    /usr/lib/jvm/java-7-openjdk/jre/lib/amd64/libnio.so
7f39e85a0000-7f39e87a0000 ---p 00010000 08:01 1189402                    /usr/lib/jvm/java-7-openjdk/jre/lib/amd64/libnio.so
7f39e87a0000-7f39e87a1000 rw-p 00010000 08:01 1189402                    /usr/lib/jvm/java-7-openjdk/jre/lib/amd64/libnio.so
7f39e87a1000-7f39e87dd000 r--s 00308000 08:01 3693647                    /home/syc/.m2/repository/org/clojure/clojure/1.4.0/clojure-1.4.0.jar
7f39e87dd000-7f39e87de000 ---p 00000000 00:00 0 
7f39e87de000-7f39e88de000 rw-p 00000000 00:00 0                          [stack:16626]
7f39e88de000-7f39e88e1000 ---p 00000000 00:00 0 
7f39e88e1000-7f39e89df000 rw-p 00000000 00:00 0                          [stack:16625]
7f39e89df000-7f39e89e2000 ---p 00000000 00:00 0 
7f39e89e2000-7f39e8ae0000 rw-p 00000000 00:00 0                          [stack:16624]
7f39e8ae0000-7f39e8ae3000 ---p 00000000 00:00 0 
7f39e8ae3000-7f39e8be1000 rw-p 00000000 00:00 0                          [stack:16623]
7f39e8be1000-7f39e8be4000 ---p 00000000 00:00 0 
7f39e8be4000-7f39e8ce2000 rw-p 00000000 00:00 0                          [stack:16622]
7f39e8ce2000-7f39e8ce5000 ---p 00000000 00:00 0 
7f39e8ce5000-7f39e8de3000 rw-p 00000000 00:00 0                          [stack:16621]
7f39e8de3000-7f39e8f6c000 r--p 00000000 08:01 431262                     /usr/lib/locale/locale-archive
7f39e8f6c000-7f39e8f6f000 ---p 00000000 00:00 0 
7f39e8f6f000-7f39e906d000 rw-p 00000000 00:00 0                          [stack:16620]
7f39e906d000-7f39e9070000 ---p 00000000 00:00 0 
7f39e9070000-7f39e916e000 rw-p 00000000 00:00 0                          [stack:16619]
7f39e916e000-7f39e916f000 ---p 00000000 00:00 0 
7f39e916f000-7f39ea000000 rw-p 00000000 00:00 0                          [stack:16618]
7f39ea000000-7f39ea470000 rwxp 00000000 00:00 0 
7f39ea470000-7f39f0f29000 rw-p 00000000 00:00 0 
7f39f0f29000-7f39f4000000 ---p 00000000 00:00 0 
7f39f4000000-7f39f4002000 r--s 0000a000 08:01 3693650                    /home/syc/.m2/repository/org/ow2/asm/asm/4.0/asm-4.0.jar
7f39f4002000-7f39f4004000 r--s 00010000 08:01 3693648                    /home/syc/.m2/repository/org/parboiled/parboiled-java/1.1.3/parboiled-java-1.1.3.jar
7f39f4004000-7f39f4007000 r--s 0000c000 08:01 3693651                    /home/syc/.m2/repository/org/pegdown/pegdown/1.2.0/pegdown-1.2.0.jar
7f39f4007000-7f39f4009000 r--s 00008000 08:01 3691966                    /home/syc/.m2/repository/org/clojure/tools.nrepl/0.2.6/tools.nrepl-0.2.6.jar
7f39f4009000-7f39f400b000 r--s 00008000 08:01 3693696                    /home/syc/.m2/repository/org/ow2/asm/asm-util/4.0/asm-util-4.0.jar
7f39f400b000-7f39f4256000 rw-p 00000000 00:00 0 
7f39f4256000-7f39f4407000 r--s 01d23000 08:01 1051577                    /usr/lib/jvm/java-7-openjdk/jre/lib/rt.jar
7f39f4407000-7f39f4912000 rw-p 00000000 00:00 0 
7f39f4912000-7f39f4913000 ---p 00000000 00:00 0 
7f39f4913000-7f39f4a13000 rw-p 00000000 00:00 0                          [stack:16617]
7f39f4a13000-7f39f4a14000 ---p 00000000 00:00 0 
7f39f4a14000-7f39f4b14000 rw-p 00000000 00:00 0                          [stack:16616]
7f39f4b14000-7f39f4b15000 ---p 00000000 00:00 0 
7f39f4b15000-7f39f4c15000 rw-p 00000000 00:00 0                          [stack:16615]
7f39f4c15000-7f39f4c16000 ---p 00000000 00:00 0 
7f39f4c16000-7f39f4d40000 rw-p 00000000 00:00 0                          [stack:16614]
7f39f4d40000-7f39f4fb0000 rw-p 00000000 00:00 0 
7f39f4fb0000-7f39f4fbb000 rw-p 00000000 00:00 0 
7f39f4fbb000-7f39f5003000 rw-p 00000000 00:00 0 
7f39f5003000-7f39f502d000 rw-p 00000000 00:00 0 
7f39f502d000-7f39f529d000 rw-p 00000000 00:00 0 
7f39f529d000-7f39f5326000 rw-p 00000000 00:00 0 
7f39f5326000-7f39f53ea000 rw-p 00000000 00:00 0 
7f39f53ea000-7f39f53fd000 rw-p 00000000 00:00 0 
7f39f53fd000-7f39f556b000 rw-p 00000000 00:00 0 
7f39f556b000-7f39f5573000 r-xp 00000000 08:01 1189399                    /usr/lib/jvm/java-7-openjdk/jre/lib/amd64/libzip.so
7f39f5573000-7f39f5772000 ---p 00008000 08:01 1189399                    /usr/lib/jvm/java-7-openjdk/jre/lib/amd64/libzip.so
7f39f5772000-7f39f5773000 rw-p 00007000 08:01 1189399                    /usr/lib/jvm/java-7-openjdk/jre/lib/amd64/libzip.so
7f39f5773000-7f39f577e000 r-xp 00000000 08:01 394386                     /usr/lib/libnss_files-2.20.so
7f39f577e000-7f39f597e000 ---p 0000b000 08:01 394386                     /usr/lib/libnss_files-2.20.so
7f39f597e000-7f39f597f000 r--p 0000b000 08:01 394386                     /usr/lib/libnss_files-2.20.so
7f39f597f000-7f39f5980000 rw-p 0000c000 08:01 394386                     /usr/lib/libnss_files-2.20.so
7f39f5980000-7f39f59ac000 r-xp 00000000 08:01 1189397                    /usr/lib/jvm/java-7-openjdk/jre/lib/amd64/libjava.so
7f39f59ac000-7f39f5bab000 ---p 0002c000 08:01 1189397                    /usr/lib/jvm/java-7-openjdk/jre/lib/amd64/libjava.so
7f39f5bab000-7f39f5bad000 rw-p 0002b000 08:01 1189397                    /usr/lib/jvm/java-7-openjdk/jre/lib/amd64/libjava.so
7f39f5bad000-7f39f5bba000 r-xp 00000000 08:01 1189396                    /usr/lib/jvm/java-7-openjdk/jre/lib/amd64/libverify.so
7f39f5bba000-7f39f5db9000 ---p 0000d000 08:01 1189396                    /usr/lib/jvm/java-7-openjdk/jre/lib/amd64/libverify.so
7f39f5db9000-7f39f5dbb000 rw-p 0000c000 08:01 1189396                    /usr/lib/jvm/java-7-openjdk/jre/lib/amd64/libverify.so
7f39f5dbb000-7f39f5dc2000 r-xp 00000000 08:01 410659                     /usr/lib/librt-2.20.so
7f39f5dc2000-7f39f5fc1000 ---p 00007000 08:01 410659                     /usr/lib/librt-2.20.so
7f39f5fc1000-7f39f5fc2000 r--p 00006000 08:01 410659                     /usr/lib/librt-2.20.so
7f39f5fc2000-7f39f5fc3000 rw-p 00007000 08:01 410659                     /usr/lib/librt-2.20.so
7f39f5fc3000-7f39f5fd9000 r-xp 00000000 08:01 393670                     /usr/lib/libgcc_s.so.1
7f39f5fd9000-7f39f61d8000 ---p 00016000 08:01 393670                     /usr/lib/libgcc_s.so.1
7f39f61d8000-7f39f61d9000 rw-p 00015000 08:01 393670                     /usr/lib/libgcc_s.so.1
7f39f61d9000-7f39f62dc000 r-xp 00000000 08:01 405346                     /usr/lib/libm-2.20.so
7f39f62dc000-7f39f64dc000 ---p 00103000 08:01 405346                     /usr/lib/libm-2.20.so
7f39f64dc000-7f39f64dd000 r--p 00103000 08:01 405346                     /usr/lib/libm-2.20.so
7f39f64dd000-7f39f64de000 rw-p 00104000 08:01 405346                     /usr/lib/libm-2.20.so
7f39f64de000-7f39f65ce000 r-xp 00000000 08:01 431283                     /usr/lib/libstdc++.so.6.0.20
7f39f65ce000-7f39f67ce000 ---p 000f0000 08:01 431283                     /usr/lib/libstdc++.so.6.0.20
7f39f67ce000-7f39f67d6000 r--p 000f0000 08:01 431283                     /usr/lib/libstdc++.so.6.0.20
7f39f67d6000-7f39f67d8000 rw-p 000f8000 08:01 431283                     /usr/lib/libstdc++.so.6.0.20
7f39f67d8000-7f39f67ed000 rw-p 00000000 00:00 0 
7f39f67ed000-7f39f7337000 r-xp 00000000 08:01 1189434                    /usr/lib/jvm/java-7-openjdk/jre/lib/amd64/server/libjvm.so
7f39f7337000-7f39f7537000 ---p 00b4a000 08:01 1189434                    /usr/lib/jvm/java-7-openjdk/jre/lib/amd64/server/libjvm.so
7f39f7537000-7f39f75f9000 rw-p 00b4a000 08:01 1189434                    /usr/lib/jvm/java-7-openjdk/jre/lib/amd64/server/libjvm.so
7f39f75f9000-7f39f7625000 rw-p 00000000 00:00 0 
7f39f7625000-7f39f763a000 r-xp 00000000 08:01 399561                     /usr/lib/libz.so.1.2.8
7f39f763a000-7f39f7839000 ---p 00015000 08:01 399561                     /usr/lib/libz.so.1.2.8
7f39f7839000-7f39f783a000 r--p 00014000 08:01 399561                     /usr/lib/libz.so.1.2.8
7f39f783a000-7f39f783b000 rw-p 00015000 08:01 399561                     /usr/lib/libz.so.1.2.8
7f39f783b000-7f39f79d4000 r-xp 00000000 08:01 405347                     /usr/lib/libc-2.20.so
7f39f79d4000-7f39f7bd4000 ---p 00199000 08:01 405347                     /usr/lib/libc-2.20.so
7f39f7bd4000-7f39f7bd8000 r--p 00199000 08:01 405347                     /usr/lib/libc-2.20.so
7f39f7bd8000-7f39f7bda000 rw-p 0019d000 08:01 405347                     /usr/lib/libc-2.20.so
7f39f7bda000-7f39f7bde000 rw-p 00000000 00:00 0 
7f39f7bde000-7f39f7be1000 r-xp 00000000 08:01 394379                     /usr/lib/libdl-2.20.so
7f39f7be1000-7f39f7de0000 ---p 00003000 08:01 394379                     /usr/lib/libdl-2.20.so
7f39f7de0000-7f39f7de1000 r--p 00002000 08:01 394379                     /usr/lib/libdl-2.20.so
7f39f7de1000-7f39f7de2000 rw-p 00003000 08:01 394379                     /usr/lib/libdl-2.20.so
7f39f7de2000-7f39f7def000 r-xp 00000000 08:01 1189430                    /usr/lib/jvm/java-7-openjdk/jre/lib/amd64/jli/libjli.so
7f39f7def000-7f39f7fee000 ---p 0000d000 08:01 1189430                    /usr/lib/jvm/java-7-openjdk/jre/lib/amd64/jli/libjli.so
7f39f7fee000-7f39f7fef000 rw-p 0000c000 08:01 1189430                    /usr/lib/jvm/java-7-openjdk/jre/lib/amd64/jli/libjli.so
7f39f7fef000-7f39f8006000 r-xp 00000000 08:01 395343                     /usr/lib/libpthread-2.20.so
7f39f8006000-7f39f8205000 ---p 00017000 08:01 395343                     /usr/lib/libpthread-2.20.so
7f39f8205000-7f39f8206000 r--p 00016000 08:01 395343                     /usr/lib/libpthread-2.20.so
7f39f8206000-7f39f8207000 rw-p 00017000 08:01 395343                     /usr/lib/libpthread-2.20.so
7f39f8207000-7f39f820b000 rw-p 00000000 00:00 0 
7f39f820b000-7f39f822d000 r-xp 00000000 08:01 394420                     /usr/lib/ld-2.20.so
7f39f822d000-7f39f8233000 r--s 00028000 08:01 3693649                    /home/syc/.m2/repository/org/parboiled/parboiled-core/1.1.3/parboiled-core-1.1.3.jar
7f39f8233000-7f39f8241000 r--s 00193000 08:01 1094364                    /usr/lib/jvm/java-7-openjdk/jre/lib/ext/j3dutils.jar
7f39f8241000-7f39f824d000 r--s 002c7000 08:01 1094365                    /usr/lib/jvm/java-7-openjdk/jre/lib/ext/j3dcore.jar
7f39f824d000-7f39f82a1000 rw-p 00000000 00:00 0 
7f39f82a1000-7f39f82e9000 rw-p 00000000 00:00 0 
7f39f82e9000-7f39f82ec000 ---p 00000000 00:00 0 
7f39f82ec000-7f39f83ef000 rw-p 00000000 00:00 0                          [stack:16611]
7f39f83ef000-7f39f83f0000 r--s 00004000 08:01 3693691                    /home/syc/.m2/repository/org/ow2/asm/asm-analysis/4.0/asm-analysis-4.0.jar
7f39f83f0000-7f39f83f2000 r--s 00004000 08:01 3693655                    /home/syc/.m2/repository/org/ow2/asm/asm-tree/4.0/asm-tree-4.0.jar
7f39f83f2000-7f39f83f3000 r--s 00000000 08:01 3690567                    /home/syc/.m2/repository/clojure-complete/clojure-complete/0.2.3/clojure-complete-0.2.3.jar
7f39f83f3000-7f39f83f4000 r--s 00002000 08:01 3693701                    /home/syc/.m2/repository/hiccup/hiccup/1.0.2/hiccup-1.0.2.jar
7f39f83f4000-7f39f83f6000 r--s 0004c000 08:01 1094363                    /usr/lib/jvm/java-7-openjdk/jre/lib/ext/vecmath.jar
7f39f83f6000-7f39f8421000 rw-p 00000000 00:00 0 
7f39f8421000-7f39f8429000 rw-s 00000000 00:1e 16421419                   /tmp/hsperfdata_syc/16607
7f39f8429000-7f39f842a000 rw-p 00000000 00:00 0 
7f39f842a000-7f39f842b000 ---p 00000000 00:00 0 
7f39f842b000-7f39f842c000 rw-p 00000000 00:00 0 
7f39f842c000-7f39f842d000 r--p 00021000 08:01 394420                     /usr/lib/ld-2.20.so
7f39f842d000-7f39f842e000 rw-p 00022000 08:01 394420                     /usr/lib/ld-2.20.so
7f39f842e000-7f39f842f000 rw-p 00000000 00:00 0 
7fffa020c000-7fffa022d000 rw-p 00000000 00:00 0                          [stack]
7fffa03fc000-7fffa03fe000 r--p 00000000 00:00 0                          [vvar]
7fffa03fe000-7fffa0400000 r-xp 00000000 00:00 0                          [vdso]
ffffffffff600000-ffffffffff601000 r-xp 00000000 00:00 0                  [vsyscall]

VM Arguments:
jvm_args: -Dfile.encoding=UTF-8 -XX:+TieredCompilation -XX:TieredStopAtLevel=1 -XX:-OmitStackTraceInFastThrow -Dclojure.compile.path=/home/syc/code/blockstorm.github.com/generator/target/classes -Dgenerator.version=0.1.0-SNAPSHOT -Dclojure.debug=false 
java_command: clojure.main -i /tmp/form-init2776763991975772684.clj
Launcher Type: SUN_STANDARD

Environment Variables:
CLASSPATH=/home/syc/.lein/self-installs/leiningen-2.5.0-standalone.jar
PATH=/usr/local/sbin:/usr/local/bin:/usr/bin:/opt/android-sdk/platform-tools:/opt/android-sdk/tools:/usr/share/java/gradle/bin:/usr/lib/jvm/default/bin:/usr/bin/site_perl:/usr/bin/vendor_perl:/usr/bin/core_perl
SHELL=/bin/bash
DISPLAY=:0.0

Signal Handlers:
SIGSEGV: [libjvm.so+0x97eaa0], sa_mask[0]=0x7ffbfeff, sa_flags=0x10000004
SIGBUS: [libjvm.so+0x97eaa0], sa_mask[0]=0x7ffbfeff, sa_flags=0x10000004
SIGFPE: [libjvm.so+0x7ece30], sa_mask[0]=0x7ffbfeff, sa_flags=0x10000004
SIGPIPE: [libjvm.so+0x7ece30], sa_mask[0]=0x7ffbfeff, sa_flags=0x10000004
SIGXFSZ: [libjvm.so+0x7ece30], sa_mask[0]=0x7ffbfeff, sa_flags=0x10000004
SIGILL: [libjvm.so+0x7ece30], sa_mask[0]=0x7ffbfeff, sa_flags=0x10000004
SIGUSR1: SIG_DFL, sa_mask[0]=0x00000000, sa_flags=0x00000000
SIGUSR2: [libjvm.so+0x7eccb0], sa_mask[0]=0x00000004, sa_flags=0x10000004
SIGHUP: [libjvm.so+0x7eceb0], sa_mask[0]=0x7ffbfeff, sa_flags=0x10000004
SIGINT: [libjvm.so+0x7eceb0], sa_mask[0]=0x7ffbfeff, sa_flags=0x10000004
SIGTERM: [libjvm.so+0x7eceb0], sa_mask[0]=0x7ffbfeff, sa_flags=0x10000004
SIGQUIT: [libjvm.so+0x7eceb0], sa_mask[0]=0x7ffbfeff, sa_flags=0x10000004
SIGTRAP: SIG_DFL, sa_mask[0]=0x00000000, sa_flags=0x00000000


---------------  S Y S T E M  ---------------

OS:Linux
uname:Linux 3.18.2-2-ARCH #1 SMP PREEMPT Fri Jan 9 07:37:51 CET 2015 x86_64
libc:glibc 2.20 NPTL 2.20 
rlimit: STACK 8192k, CORE 0k, NPROC 31668, NOFILE 4096, AS infinity
load average:1.92 1.50 1.19

/proc/meminfo:
MemTotal:        8178740 kB
MemFree:          148088 kB
MemAvailable:     186924 kB
Buffers:            5136 kB
Cached:           289580 kB
SwapCached:            0 kB
Active:          7383584 kB
Inactive:         168992 kB
Active(anon):    7282068 kB
Inactive(anon):    90100 kB
Active(file):     101516 kB
Inactive(file):    78892 kB
Unevictable:       15132 kB
Mlocked:           15132 kB
SwapTotal:             0 kB
SwapFree:              0 kB
Dirty:               776 kB
Writeback:             0 kB
AnonPages:       7273288 kB
Mapped:           341596 kB
Shmem:            108320 kB
Slab:              97536 kB
SReclaimable:      54728 kB
SUnreclaim:        42808 kB
KernelStack:       12896 kB
PageTables:        78088 kB
NFS_Unstable:          0 kB
Bounce:                0 kB
WritebackTmp:          0 kB
CommitLimit:     4089368 kB
Committed_AS:   15660520 kB
VmallocTotal:   34359738367 kB
VmallocUsed:      359448 kB
VmallocChunk:   34359375868 kB
HardwareCorrupted:     0 kB
AnonHugePages:   1794048 kB
HugePages_Total:       0
HugePages_Free:        0
HugePages_Rsvd:        0
HugePages_Surp:        0
Hugepagesize:       2048 kB
DirectMap4k:     3184576 kB
DirectMap2M:     5201920 kB
DirectMap1G:           0 kB


CPU:total 4 (4 cores per cpu, 1 threads per core) family 16 model 4 stepping 3, cmov, cx8, fxsr, mmx, sse, sse2, sse3, popcnt, mmxext, 3dnowpref, lzcnt, sse4a, tsc, tscinvbit, tscinv

/proc/cpuinfo:
processor	: 0
vendor_id	: AuthenticAMD
cpu family	: 16
model		: 4
model name	: AMD Phenom(tm) II X4 955 Processor
stepping	: 3
microcode	: 0x10000c8
cpu MHz		: 3200.000
cache size	: 512 KB
physical id	: 0
siblings	: 4
core id		: 0
cpu cores	: 4
apicid		: 0
initial apicid	: 0
fpu		: yes
fpu_exception	: yes
cpuid level	: 5
wp		: yes
flags		: fpu vme de pse tsc msr pae mce cx8 apic sep mtrr pge mca cmov pat pse36 clflush mmx fxsr sse sse2 ht syscall nx mmxext fxsr_opt pdpe1gb rdtscp lm 3dnowext 3dnow constant_tsc rep_good nopl nonstop_tsc extd_apicid pni monitor cx16 popcnt lahf_lm cmp_legacy svm extapic cr8_legacy abm sse4a misalignsse 3dnowprefetch osvw ibs skinit wdt hw_pstate npt lbrv svm_lock nrip_save vmmcall
bugs		: tlb_mmatch apic_c1e fxsave_leak
bogomips	: 6431.01
TLB size	: 1024 4K pages
clflush size	: 64
cache_alignment	: 64
address sizes	: 48 bits physical, 48 bits virtual
power management: ts ttp tm stc 100mhzsteps hwpstate

processor	: 1
vendor_id	: AuthenticAMD
cpu family	: 16
model		: 4
model name	: AMD Phenom(tm) II X4 955 Processor
stepping	: 3
microcode	: 0x10000c8
cpu MHz		: 3200.000
cache size	: 512 KB
physical id	: 0
siblings	: 4
core id		: 1
cpu cores	: 4
apicid		: 1
initial apicid	: 1
fpu		: yes
fpu_exception	: yes
cpuid level	: 5
wp		: yes
flags		: fpu vme de pse tsc msr pae mce cx8 apic sep mtrr pge mca cmov pat pse36 clflush mmx fxsr sse sse2 ht syscall nx mmxext fxsr_opt pdpe1gb rdtscp lm 3dnowext 3dnow constant_tsc rep_good nopl nonstop_tsc extd_apicid pni monitor cx16 popcnt lahf_lm cmp_legacy svm extapic cr8_legacy abm sse4a misalignsse 3dnowprefetch osvw ibs skinit wdt hw_pstate npt lbrv svm_lock nrip_save vmmcall
bugs		: tlb_mmatch apic_c1e fxsave_leak
bogomips	: 6431.01
TLB size	: 1024 4K pages
clflush size	: 64
cache_alignment	: 64
address sizes	: 48 bits physical, 48 bits virtual
power management: ts ttp tm stc 100mhzsteps hwpstate

processor	: 2
vendor_id	: AuthenticAMD
cpu family	: 16
model		: 4
model name	: AMD Phenom(tm) II X4 955 Processor
stepping	: 3
microcode	: 0x10000c8
cpu MHz		: 3200.000
cache size	: 512 KB
physical id	: 0
siblings	: 4
core id		: 3
cpu cores	: 4
apicid		: 2
initial apicid	: 3
fpu		: yes
fpu_exception	: yes
cpuid level	: 5
wp		: yes
flags		: fpu vme de pse tsc msr pae mce cx8 apic sep mtrr pge mca cmov pat pse36 clflush mmx fxsr sse sse2 ht syscall nx mmxext fxsr_opt pdpe1gb rdtscp lm 3dnowext 3dnow constant_tsc rep_good nopl nonstop_tsc extd_apicid pni monitor cx16 popcnt lahf_lm cmp_legacy svm extapic cr8_legacy abm sse4a misalignsse 3dnowprefetch osvw ibs skinit wdt hw_pstate npt lbrv svm_lock nrip_save vmmcall
bugs		: tlb_mmatch apic_c1e fxsave_leak
bogomips	: 6431.01
TLB size	: 1024 4K pages
clflush size	: 64
cache_alignment	: 64
address sizes	: 48 bits physical, 48 bits virtual
power management: ts ttp tm stc 100mhzsteps hwpstate

processor	: 3
vendor_id	: AuthenticAMD
cpu family	: 16
model		: 4
model name	: AMD Phenom(tm) II X4 955 Processor
stepping	: 3
microcode	: 0x10000c8
cpu MHz		: 3200.000
cache size	: 512 KB
physical id	: 0
siblings	: 4
core id		: 2
cpu cores	: 4
apicid		: 3
initial apicid	: 2
fpu		: yes
fpu_exception	: yes
cpuid level	: 5
wp		: yes
flags		: fpu vme de pse tsc msr pae mce cx8 apic sep mtrr pge mca cmov pat pse36 clflush mmx fxsr sse sse2 ht syscall nx mmxext fxsr_opt pdpe1gb rdtscp lm 3dnowext 3dnow constant_tsc rep_good nopl nonstop_tsc extd_apicid pni monitor cx16 popcnt lahf_lm cmp_legacy svm extapic cr8_legacy abm sse4a misalignsse 3dnowprefetch osvw ibs skinit wdt hw_pstate npt lbrv svm_lock nrip_save vmmcall
bugs		: tlb_mmatch apic_c1e fxsave_leak
bogomips	: 6431.01
TLB size	: 1024 4K pages
clflush size	: 64
cache_alignment	: 64
address sizes	: 48 bits physical, 48 bits virtual
power management: ts ttp tm stc 100mhzsteps hwpstate



Memory: 4k page, physical 8178740k(148088k free), swap 0k(0k free)

vm_info: OpenJDK 64-Bit Server VM (24.75-b04) for linux-amd64 JRE (1.7.0_75-b13), built on Jan 23 2015 11:04:40 by "builduser" with gcc 4.9.2 20141224 (prerelease)

time: Tue Feb  3 16:46:01 2015
elapsed time: 3 seconds

